<?xml version="1.0" encoding="UTF-8"?>
<testsuite name="org.apache.kafka.snapshot.SnapshotWriterReaderTest" tests="4" skipped="0" failures="0" errors="0" timestamp="2024-04-09T11:20:41" hostname="ip-192-168-1-113.eu-central-1.compute.internal" time="2.686">
  <properties/>
  <testcase name="testAbortedSnapshot()" classname="org.apache.kafka.snapshot.SnapshotWriterReaderTest" time="2.259"/>
  <testcase name="testSnapshotDelimiters()" classname="org.apache.kafka.snapshot.SnapshotWriterReaderTest" time="0.194"/>
  <testcase name="testAppendToFrozenSnapshot()" classname="org.apache.kafka.snapshot.SnapshotWriterReaderTest" time="0.027"/>
  <testcase name="testWritingSnapshot()" classname="org.apache.kafka.snapshot.SnapshotWriterReaderTest" time="0.167"/>
  <system-out><![CDATA[]]></system-out>
  <system-err><![CDATA[]]></system-err>
</testsuite>
