<?xml version="1.0" encoding="UTF-8"?>
<testsuite name="org.apache.kafka.raft.QuorumStateTest" tests="57" skipped="0" failures="0" errors="0" timestamp="2024-04-09T11:21:04" hostname="ip-192-168-1-113.eu-central-1.compute.internal" time="4.509">
  <properties/>
  <testcase name="testVotedToCandidate()" classname="org.apache.kafka.raft.QuorumStateTest" time="0.394"/>
  <testcase name="testInitializeAsUnattached()" classname="org.apache.kafka.raft.QuorumStateTest" time="0.039"/>
  <testcase name="testVotedToInvalidLeaderOrResigned()" classname="org.apache.kafka.raft.QuorumStateTest" time="0.022"/>
  <testcase name="testUnattachedToUnattached()" classname="org.apache.kafka.raft.QuorumStateTest" time="0.013"/>
  <testcase name="testCandidateToUnattached()" classname="org.apache.kafka.raft.QuorumStateTest" time="0.202"/>
  <testcase name="testObserverInitializationFailsIfElectionStateHasVotedCandidate()" classname="org.apache.kafka.raft.QuorumStateTest" time="0.015"/>
  <testcase name="testUnattachedToVotedHigherEpoch()" classname="org.apache.kafka.raft.QuorumStateTest" time="0.005"/>
  <testcase name="testFollowerToVotedHigherEpoch()" classname="org.apache.kafka.raft.QuorumStateTest" time="0.084"/>
  <testcase name="testCandidateToFollower()" classname="org.apache.kafka.raft.QuorumStateTest" time="0.001"/>
  <testcase name="testVotedToFollowerSameEpoch()" classname="org.apache.kafka.raft.QuorumStateTest" time="0.002"/>
  <testcase name="testLeaderToCandidate()" classname="org.apache.kafka.raft.QuorumStateTest" time="0.118"/>
  <testcase name="testUnattachedToLeaderOrResigned()" classname="org.apache.kafka.raft.QuorumStateTest" time="0.026"/>
  <testcase name="testFollowerToUnattachedHigherEpoch()" classname="org.apache.kafka.raft.QuorumStateTest" time="0.005"/>
  <testcase name="testFollowerToLeaderOrResigned()" classname="org.apache.kafka.raft.QuorumStateTest" time="0.008"/>
  <testcase name="testFollowerToVotedSameEpoch()" classname="org.apache.kafka.raft.QuorumStateTest" time="0.006"/>
  <testcase name="testObserverFollowerToUnattached()" classname="org.apache.kafka.raft.QuorumStateTest" time="0.014"/>
  <testcase name="testFollowerToFollowerSameEpoch()" classname="org.apache.kafka.raft.QuorumStateTest" time="0.006"/>
  <testcase name="testCandidateToAnyStateLowerEpoch()" classname="org.apache.kafka.raft.QuorumStateTest" time="0.004"/>
  <testcase name="testVotedToUnattachedHigherEpoch()" classname="org.apache.kafka.raft.QuorumStateTest" time="0.001"/>
  <testcase name="testUnattachedToVotedSameEpoch()" classname="org.apache.kafka.raft.QuorumStateTest" time="0.006"/>
  <testcase name="testVotedToAnyStateLowerEpoch()" classname="org.apache.kafka.raft.QuorumStateTest" time="0.015"/>
  <testcase name="testCandidateToCandidate()" classname="org.apache.kafka.raft.QuorumStateTest" time="0.002"/>
  <testcase name="testLeaderToAnyStateLowerEpoch()" classname="org.apache.kafka.raft.QuorumStateTest" time="0.009"/>
  <testcase name="testFollowerToCandidate()" classname="org.apache.kafka.raft.QuorumStateTest" time="0.0"/>
  <testcase name="testLeaderToVoted()" classname="org.apache.kafka.raft.QuorumStateTest" time="0.604"/>
  <testcase name="testLeaderToResigned()" classname="org.apache.kafka.raft.QuorumStateTest" time="0.041"/>
  <testcase name="testInitializePrimordialEpoch()" classname="org.apache.kafka.raft.QuorumStateTest" time="0.002"/>
  <testcase name="testFollowerToAnyStateLowerEpoch()" classname="org.apache.kafka.raft.QuorumStateTest" time="0.004"/>
  <testcase name="testInitializeWithCorruptedStore()" classname="org.apache.kafka.raft.QuorumStateTest" time="1.223"/>
  <testcase name="testObserverUnattachedToFollower()" classname="org.apache.kafka.raft.QuorumStateTest" time="0.03"/>
  <testcase name="testCannotBecomeFollowerOfNonVoter()" classname="org.apache.kafka.raft.QuorumStateTest" time="0.107"/>
  <testcase name="testObserverCannotBecomeCandidateOrLeaderOrVoted()" classname="org.apache.kafka.raft.QuorumStateTest" time="0.035"/>
  <testcase name="testUnattachedToAnyStateLowerEpoch()" classname="org.apache.kafka.raft.QuorumStateTest" time="0.011"/>
  <testcase name="testInconsistentVotersBetweenConfigAndState()" classname="org.apache.kafka.raft.QuorumStateTest" time="0.001"/>
  <testcase name="testCandidateToLeader()" classname="org.apache.kafka.raft.QuorumStateTest" time="0.162"/>
  <testcase name="testVotedToFollowerHigherEpoch()" classname="org.apache.kafka.raft.QuorumStateTest" time="0.001"/>
  <testcase name="testLeaderToFollower()" classname="org.apache.kafka.raft.QuorumStateTest" time="0.015"/>
  <testcase name="testInitializeAsFollower()" classname="org.apache.kafka.raft.QuorumStateTest" time="0.002"/>
  <testcase name="testInitializeAsResignedCandidate()" classname="org.apache.kafka.raft.QuorumStateTest" time="0.001"/>
  <testcase name="testCandidateToLeaderWithoutGrantedVote()" classname="org.apache.kafka.raft.QuorumStateTest" time="0.046"/>
  <testcase name="testFollowerToFollowerHigherEpoch()" classname="org.apache.kafka.raft.QuorumStateTest" time="0.003"/>
  <testcase name="testHighWatermarkRetained()" classname="org.apache.kafka.raft.QuorumStateTest" time="0.196"/>
  <testcase name="testVotedToVotedSameEpoch()" classname="org.apache.kafka.raft.QuorumStateTest" time="0.01"/>
  <testcase name="testLeaderToLeader()" classname="org.apache.kafka.raft.QuorumStateTest" time="0.006"/>
  <testcase name="testHasRemoteLeader()" classname="org.apache.kafka.raft.QuorumStateTest" time="0.035"/>
  <testcase name="testUnattachedToFollowerHigherEpoch()" classname="org.apache.kafka.raft.QuorumStateTest" time="0.038"/>
  <testcase name="testVotedToUnattachedSameEpoch()" classname="org.apache.kafka.raft.QuorumStateTest" time="0.009"/>
  <testcase name="testLeaderToUnattached()" classname="org.apache.kafka.raft.QuorumStateTest" time="0.007"/>
  <testcase name="testInitializeAsVoted()" classname="org.apache.kafka.raft.QuorumStateTest" time="0.001"/>
  <testcase name="testUnattachedToCandidate()" classname="org.apache.kafka.raft.QuorumStateTest" time="0.002"/>
  <testcase name="testUnattachedToFollowerSameEpoch()" classname="org.apache.kafka.raft.QuorumStateTest" time="0.001"/>
  <testcase name="testFollowerToUnattachedSameEpoch()" classname="org.apache.kafka.raft.QuorumStateTest" time="0.04"/>
  <testcase name="testInitializeAsResignedLeader()" classname="org.apache.kafka.raft.QuorumStateTest" time="0.003"/>
  <testcase name="testCandidateToVoted()" classname="org.apache.kafka.raft.QuorumStateTest" time="0.0"/>
  <testcase name="testInitializeWithEmptyLocalId()" classname="org.apache.kafka.raft.QuorumStateTest" time="0.008"/>
  <testcase name="testCandidateToResigned()" classname="org.apache.kafka.raft.QuorumStateTest" time="0.006"/>
  <testcase name="testCannotFollowOrVoteForSelf()" classname="org.apache.kafka.raft.QuorumStateTest" time="0.002"/>
  <system-out><![CDATA[]]></system-out>
  <system-err><![CDATA[]]></system-err>
</testsuite>
