<?xml version="1.0" encoding="UTF-8"?>
<testsuite name="org.apache.kafka.raft.ControlRecordTest" tests="2" skipped="0" failures="0" errors="0" timestamp="2024-04-09T11:20:57" hostname="ip-192-168-1-113.eu-central-1.compute.internal" time="4.895">
  <properties/>
  <testcase name="testCtr()" classname="org.apache.kafka.raft.ControlRecordTest" time="4.833"/>
  <testcase name="testControlRecordTypeValues()" classname="org.apache.kafka.raft.ControlRecordTest" time="0.031"/>
  <system-out><![CDATA[]]></system-out>
  <system-err><![CDATA[]]></system-err>
</testsuite>
