<?xml version="1.0" encoding="UTF-8"?>
<testsuite name="org.apache.kafka.raft.LeaderStateTest" tests="22" skipped="0" failures="0" errors="0" timestamp="2024-04-09T11:21:01" hostname="ip-192-168-1-113.eu-central-1.compute.internal" time="2.186">
  <properties/>
  <testcase name="testUpdateHighWatermarkMetadata()" classname="org.apache.kafka.raft.LeaderStateTest" time="0.125"/>
  <testcase name="testObserverStateExpiration()" classname="org.apache.kafka.raft.LeaderStateTest" time="0.968"/>
  <testcase name="testNonFollowerAcknowledgement()" classname="org.apache.kafka.raft.LeaderStateTest" time="0.006"/>
  <testcase name="testUpdateHighWatermarkQuorumSizeOne()" classname="org.apache.kafka.raft.LeaderStateTest" time="0.002"/>
  <testcase name="testUpdateHighWatermarkQuorumSizeTwo()" classname="org.apache.kafka.raft.LeaderStateTest" time="0.001"/>
  <testcase name="testNoOpForNegativeRemoteNodeId()" classname="org.apache.kafka.raft.LeaderStateTest" time="0.0"/>
  <testcase name="testCheckQuorumWithOneVoter()" classname="org.apache.kafka.raft.LeaderStateTest" time="0.0"/>
  <testcase name="testUpdateHighWatermarkQuorumSizeThree()" classname="org.apache.kafka.raft.LeaderStateTest" time="0.001"/>
  <testcase name="testDescribeQuorumWithMultipleVoters()" classname="org.apache.kafka.raft.LeaderStateTest" time="0.006"/>
  <testcase name="[1] isLogUpToDate=true" classname="org.apache.kafka.raft.LeaderStateTest" time="0.259"/>
  <testcase name="[2] isLogUpToDate=false" classname="org.apache.kafka.raft.LeaderStateTest" time="0.005"/>
  <testcase name="testNonMonotonicHighWatermarkUpdate()" classname="org.apache.kafka.raft.LeaderStateTest" time="0.032"/>
  <testcase name="testFollowerAcknowledgement()" classname="org.apache.kafka.raft.LeaderStateTest" time="0.0"/>
  <testcase name="testCheckQuorum()" classname="org.apache.kafka.raft.LeaderStateTest" time="0.001"/>
  <testcase name="testDescribeQuorumWithObservers()" classname="org.apache.kafka.raft.LeaderStateTest" time="0.03"/>
  <testcase name="testIdempotentEndOffsetUpdate()" classname="org.apache.kafka.raft.LeaderStateTest" time="0.004"/>
  <testcase name="testLastCaughtUpTimeVoters()" classname="org.apache.kafka.raft.LeaderStateTest" time="0.008"/>
  <testcase name="testNonMonotonicLocalEndOffsetUpdate()" classname="org.apache.kafka.raft.LeaderStateTest" time="0.007"/>
  <testcase name="testLastCaughtUpTimeObserver()" classname="org.apache.kafka.raft.LeaderStateTest" time="0.003"/>
  <testcase name="testDescribeQuorumWithSingleVoter()" classname="org.apache.kafka.raft.LeaderStateTest" time="0.001"/>
  <testcase name="testGetNonLeaderFollowersByFetchOffsetDescending()" classname="org.apache.kafka.raft.LeaderStateTest" time="0.015"/>
  <testcase name="testRequireNonNullAccumulator()" classname="org.apache.kafka.raft.LeaderStateTest" time="0.007"/>
  <system-out><![CDATA[[2024-04-09 14:21:03,883] ERROR The latest computed high watermark 5 is smaller than the current value 10, which suggests that one of the voters has lost committed data. Full voter replication state: [ReplicaState(nodeId=0, endOffset=Optional[LogOffsetMetadata(offset=10, metadata=Optional.empty)], lastFetchTimestamp=-1, lastCaughtUpTimestamp=-1, hasAcknowledgedLeader=true), ReplicaState(nodeId=1, endOffset=Optional[LogOffsetMetadata(offset=5, metadata=Optional.empty)], lastFetchTimestamp=1712661663878, lastCaughtUpTimestamp=1712661663878, hasAcknowledgedLeader=true)] (org.apache.kafka.raft.LeaderState:245)
]]></system-out>
  <system-err><![CDATA[]]></system-err>
</testsuite>
