<?xml version="1.0" encoding="UTF-8"?>
<testsuite name="org.apache.kafka.raft.FileBasedStateStoreTest" tests="4" skipped="0" failures="0" errors="0" timestamp="2024-04-09T11:20:55" hostname="ip-192-168-1-113.eu-central-1.compute.internal" time="3.007">
  <properties/>
  <testcase name="testCantReadVersionQuorumState()" classname="org.apache.kafka.raft.FileBasedStateStoreTest" time="2.47"/>
  <testcase name="testReadElectionState()" classname="org.apache.kafka.raft.FileBasedStateStoreTest" time="0.495"/>
  <testcase name="testSupportedVersion()" classname="org.apache.kafka.raft.FileBasedStateStoreTest" time="0.007"/>
  <testcase name="testWriteElectionState()" classname="org.apache.kafka.raft.FileBasedStateStoreTest" time="0.014"/>
  <system-out><![CDATA[]]></system-out>
  <system-err><![CDATA[]]></system-err>
</testsuite>
