<?xml version="1.0" encoding="UTF-8"?>
<testsuite name="org.apache.kafka.snapshot.SnapshotsTest" tests="6" skipped="0" failures="0" errors="0" timestamp="2024-04-09T11:20:00" hostname="ip-192-168-1-113.eu-central-1.compute.internal" time="0.458">
  <properties/>
  <testcase name="testValidSnapshotFilename()" classname="org.apache.kafka.snapshot.SnapshotsTest" time="0.122"/>
  <testcase name="testValidPartialSnapshotFilename()" classname="org.apache.kafka.snapshot.SnapshotsTest" time="0.032"/>
  <testcase name="[1] renameBeforeDeleting=true" classname="org.apache.kafka.snapshot.SnapshotsTest" time="0.039"/>
  <testcase name="[2] renameBeforeDeleting=false" classname="org.apache.kafka.snapshot.SnapshotsTest" time="0.006"/>
  <testcase name="testValidDeletedSnapshotFilename()" classname="org.apache.kafka.snapshot.SnapshotsTest" time="0.002"/>
  <testcase name="testInvalidSnapshotFilenames()" classname="org.apache.kafka.snapshot.SnapshotsTest" time="0.001"/>
  <system-out><![CDATA[]]></system-out>
  <system-err><![CDATA[]]></system-err>
</testsuite>
