<?xml version="1.0" encoding="UTF-8"?>
<testsuite name="org.apache.kafka.raft.internals.KafkaRaftMetricsTest" tests="7" skipped="0" failures="0" errors="0" timestamp="2024-04-09T11:20:39" hostname="ip-192-168-1-113.eu-central-1.compute.internal" time="2.227">
  <properties/>
  <testcase name="shouldRecordVoterQuorumState()" classname="org.apache.kafka.raft.internals.KafkaRaftMetricsTest" time="1.854"/>
  <testcase name="shouldRecordNonVoterQuorumState()" classname="org.apache.kafka.raft.internals.KafkaRaftMetricsTest" time="0.005"/>
  <testcase name="shouldRecordRate()" classname="org.apache.kafka.raft.internals.KafkaRaftMetricsTest" time="0.041"/>
  <testcase name="shouldRecordLogEnd()" classname="org.apache.kafka.raft.internals.KafkaRaftMetricsTest" time="0.028"/>
  <testcase name="shouldRecordNumUnknownVoterConnections()" classname="org.apache.kafka.raft.internals.KafkaRaftMetricsTest" time="0.007"/>
  <testcase name="shouldRecordLatency()" classname="org.apache.kafka.raft.internals.KafkaRaftMetricsTest" time="0.009"/>
  <testcase name="shouldRecordPollIdleRatio()" classname="org.apache.kafka.raft.internals.KafkaRaftMetricsTest" time="0.008"/>
  <system-out><![CDATA[]]></system-out>
  <system-err><![CDATA[]]></system-err>
</testsuite>
