<?xml version="1.0" encoding="UTF-8"?>
<testsuite name="org.apache.kafka.raft.RequestManagerTest" tests="5" skipped="0" failures="0" errors="0" timestamp="2024-04-09T11:20:22" hostname="ip-192-168-1-113.eu-central-1.compute.internal" time="0.091">
  <properties/>
  <testcase name="testResetAllConnections()" classname="org.apache.kafka.raft.RequestManagerTest" time="0.071"/>
  <testcase name="testSuccessfulResponse()" classname="org.apache.kafka.raft.RequestManagerTest" time="0.006"/>
  <testcase name="testRequestTimeout()" classname="org.apache.kafka.raft.RequestManagerTest" time="0.0"/>
  <testcase name="testBackoffAfterFailure()" classname="org.apache.kafka.raft.RequestManagerTest" time="0.002"/>
  <testcase name="testIgnoreUnexpectedResponse()" classname="org.apache.kafka.raft.RequestManagerTest" time="0.001"/>
  <system-out><![CDATA[]]></system-out>
  <system-err><![CDATA[]]></system-err>
</testsuite>
