<?xml version="1.0" encoding="UTF-8"?>
<testsuite name="org.apache.kafka.raft.FollowerStateTest" tests="4" skipped="0" failures="0" errors="0" timestamp="2024-04-09T11:20:31" hostname="ip-192-168-1-113.eu-central-1.compute.internal" time="1.04">
  <properties/>
  <testcase name="[1] isLogUpToDate=true" classname="org.apache.kafka.raft.FollowerStateTest" time="0.649"/>
  <testcase name="[2] isLogUpToDate=false" classname="org.apache.kafka.raft.FollowerStateTest" time="0.008"/>
  <testcase name="testFetchTimeoutExpiration()" classname="org.apache.kafka.raft.FollowerStateTest" time="0.008"/>
  <testcase name="testMonotonicHighWatermark()" classname="org.apache.kafka.raft.FollowerStateTest" time="0.171"/>
  <system-out><![CDATA[]]></system-out>
  <system-err><![CDATA[]]></system-err>
</testsuite>
