<?xml version="1.0" encoding="UTF-8"?>
<testsuite name="org.apache.kafka.raft.ValidOffsetAndEpochTest" tests="4" skipped="0" failures="0" errors="0" timestamp="2024-04-09T11:21:29" hostname="ip-192-168-1-113.eu-central-1.compute.internal" time="0.014">
  <properties/>
  <testcase name="diverging()" classname="org.apache.kafka.raft.ValidOffsetAndEpochTest" time="0.009"/>
  <testcase name="testValidWithoutSpecifyingOffsetAndEpoch()" classname="org.apache.kafka.raft.ValidOffsetAndEpochTest" time="0.002"/>
  <testcase name="valid()" classname="org.apache.kafka.raft.ValidOffsetAndEpochTest" time="0.001"/>
  <testcase name="snapshot()" classname="org.apache.kafka.raft.ValidOffsetAndEpochTest" time="0.0"/>
  <system-out><![CDATA[]]></system-out>
  <system-err><![CDATA[]]></system-err>
</testsuite>
