<?xml version="1.0" encoding="UTF-8"?>
<testsuite name="org.apache.kafka.raft.internals.ThresholdPurgatoryTest" tests="5" skipped="0" failures="0" errors="0" timestamp="2024-04-09T11:21:31" hostname="ip-192-168-1-113.eu-central-1.compute.internal" time="0.018">
  <properties/>
  <testcase name="testExpiration()" classname="org.apache.kafka.raft.internals.ThresholdPurgatoryTest" time="0.001"/>
  <testcase name="testExternalCompletion()" classname="org.apache.kafka.raft.internals.ThresholdPurgatoryTest" time="0.001"/>
  <testcase name="testCompleteAllExceptionally()" classname="org.apache.kafka.raft.internals.ThresholdPurgatoryTest" time="0.003"/>
  <testcase name="testThresholdCompletion()" classname="org.apache.kafka.raft.internals.ThresholdPurgatoryTest" time="0.004"/>
  <testcase name="testCompleteAll()" classname="org.apache.kafka.raft.internals.ThresholdPurgatoryTest" time="0.0"/>
  <system-out><![CDATA[]]></system-out>
  <system-err><![CDATA[]]></system-err>
</testsuite>
