<?xml version="1.0" encoding="UTF-8"?>
<testsuite name="org.apache.kafka.raft.internals.BatchMemoryPoolTest" tests="4" skipped="0" failures="0" errors="0" timestamp="2024-04-09T11:21:10" hostname="ip-192-168-1-113.eu-central-1.compute.internal" time="0.052">
  <properties/>
  <testcase name="testOversizeAllocation()" classname="org.apache.kafka.raft.internals.BatchMemoryPoolTest" time="0.009"/>
  <testcase name="testReleaseBufferNotMatchingBatchSize()" classname="org.apache.kafka.raft.internals.BatchMemoryPoolTest" time="0.008"/>
  <testcase name="testAllocateAndRelease()" classname="org.apache.kafka.raft.internals.BatchMemoryPoolTest" time="0.008"/>
  <testcase name="testMultipleAllocations()" classname="org.apache.kafka.raft.internals.BatchMemoryPoolTest" time="0.001"/>
  <system-out><![CDATA[]]></system-out>
  <system-err><![CDATA[]]></system-err>
</testsuite>
