<?xml version="1.0" encoding="UTF-8"?>
<testsuite name="org.apache.kafka.raft.KafkaRaftClientSnapshotTest" tests="38" skipped="0" failures="0" errors="0" timestamp="2024-04-09T11:19:47" hostname="ip-192-168-1-113.eu-central-1.compute.internal" time="8.983">
  <properties/>
  <testcase name="testPartialFetchSnapshotRequestAsLeader()" classname="org.apache.kafka.raft.KafkaRaftClientSnapshotTest" time="2.51"/>
  <testcase name="testLatestSnapshotId()" classname="org.apache.kafka.raft.KafkaRaftClientSnapshotTest" time="0.003"/>
  <testcase name="testFetchSnapshotResponsePartialData()" classname="org.apache.kafka.raft.KafkaRaftClientSnapshotTest" time="0.366"/>
  <testcase name="testFetchRequestOffsetLessThanLogStart()" classname="org.apache.kafka.raft.KafkaRaftClientSnapshotTest" time="0.183"/>
  <testcase name="testLeaderShouldResignLeadershipIfNotGetFetchSnapshotRequestFromMajorityVoters()" classname="org.apache.kafka.raft.KafkaRaftClientSnapshotTest" time="0.329"/>
  <testcase name="testListenerRenotified()" classname="org.apache.kafka.raft.KafkaRaftClientSnapshotTest" time="0.122"/>
  <testcase name="testFetchSnapshotRequestWithNewerEpoch()" classname="org.apache.kafka.raft.KafkaRaftClientSnapshotTest" time="0.235"/>
  <testcase name="testFetchRequestTruncateToLogStart()" classname="org.apache.kafka.raft.KafkaRaftClientSnapshotTest" time="0.223"/>
  <testcase name="testFetchSnapshotResponseToNotFollower()" classname="org.apache.kafka.raft.KafkaRaftClientSnapshotTest" time="0.234"/>
  <testcase name="testFetchRequestOffsetAtZero()" classname="org.apache.kafka.raft.KafkaRaftClientSnapshotTest" time="0.118"/>
  <testcase name="testFetchSnapshotResponseFromOlderEpoch()" classname="org.apache.kafka.raft.KafkaRaftClientSnapshotTest" time="0.224"/>
  <testcase name="testFetchSnapshotRequestUnknownPartition()" classname="org.apache.kafka.raft.KafkaRaftClientSnapshotTest" time="0.167"/>
  <testcase name="testLatestSnapshotIdMissing()" classname="org.apache.kafka.raft.KafkaRaftClientSnapshotTest" time="0.002"/>
  <testcase name="testFetchSnapshotResponseFromNewerEpochNotLeader()" classname="org.apache.kafka.raft.KafkaRaftClientSnapshotTest" time="0.215"/>
  <testcase name="testFetchRequestWithLastFetchedEpochLessThanOldestSnapshot()" classname="org.apache.kafka.raft.KafkaRaftClientSnapshotTest" time="0.252"/>
  <testcase name="testFetchResponseWithSnapshotId()" classname="org.apache.kafka.raft.KafkaRaftClientSnapshotTest" time="0.219"/>
  <testcase name="testFetchSnapshotRequestClusterIdValidation()" classname="org.apache.kafka.raft.KafkaRaftClientSnapshotTest" time="0.117"/>
  <testcase name="testCreateSnapshotAsFollowerWithInvalidSnapshotId()" classname="org.apache.kafka.raft.KafkaRaftClientSnapshotTest" time="0.016"/>
  <testcase name="testFetchRequestAtLogStartOffsetWithValidEpoch()" classname="org.apache.kafka.raft.KafkaRaftClientSnapshotTest" time="0.23"/>
  <testcase name="testFetchSnapshotRequestWithOlderEpoch()" classname="org.apache.kafka.raft.KafkaRaftClientSnapshotTest" time="0.122"/>
  <testcase name="testFetchRequestAtLogStartOffsetWithInvalidEpoch()" classname="org.apache.kafka.raft.KafkaRaftClientSnapshotTest" time="0.231"/>
  <testcase name="testFetchSnapshotRequestAsFollower()" classname="org.apache.kafka.raft.KafkaRaftClientSnapshotTest" time="0.014"/>
  <testcase name="testFetchRequestWithLargerLastFetchedEpoch()" classname="org.apache.kafka.raft.KafkaRaftClientSnapshotTest" time="0.135"/>
  <testcase name="testFetchSnapshotRequestAsLeader()" classname="org.apache.kafka.raft.KafkaRaftClientSnapshotTest" time="0.121"/>
  <testcase name="testCreateSnapshotAsLeaderWithInvalidSnapshotId()" classname="org.apache.kafka.raft.KafkaRaftClientSnapshotTest" time="0.144"/>
  <testcase name="testFetchSnapshotResponseFromNewerEpochLeader()" classname="org.apache.kafka.raft.KafkaRaftClientSnapshotTest" time="0.221"/>
  <testcase name="[1] entireLog=true" classname="org.apache.kafka.raft.KafkaRaftClientSnapshotTest" time="0.179"/>
  <testcase name="[2] entireLog=false" classname="org.apache.kafka.raft.KafkaRaftClientSnapshotTest" time="0.105"/>
  <testcase name="testFetchSnapshotResponseMissingSnapshot()" classname="org.apache.kafka.raft.KafkaRaftClientSnapshotTest" time="0.208"/>
  <testcase name="[1] entireLog=true" classname="org.apache.kafka.raft.KafkaRaftClientSnapshotTest" time="0.146"/>
  <testcase name="[2] entireLog=false" classname="org.apache.kafka.raft.KafkaRaftClientSnapshotTest" time="0.114"/>
  <testcase name="testFetchResponseWithInvalidSnapshotId()" classname="org.apache.kafka.raft.KafkaRaftClientSnapshotTest" time="0.135"/>
  <testcase name="testLeaderImmediatelySendsSnapshotId()" classname="org.apache.kafka.raft.KafkaRaftClientSnapshotTest" time="0.117"/>
  <testcase name="testFetchSnapshotRequestMissingSnapshot()" classname="org.apache.kafka.raft.KafkaRaftClientSnapshotTest" time="0.11"/>
  <testcase name="[1] entireLog=true" classname="org.apache.kafka.raft.KafkaRaftClientSnapshotTest" time="0.112"/>
  <testcase name="[2] entireLog=false" classname="org.apache.kafka.raft.KafkaRaftClientSnapshotTest" time="0.124"/>
  <testcase name="testFetchSnapshotResponseWithInvalidId()" classname="org.apache.kafka.raft.KafkaRaftClientSnapshotTest" time="0.431"/>
  <testcase name="testFetchSnapshotRequestWithInvalidPosition()" classname="org.apache.kafka.raft.KafkaRaftClientSnapshotTest" time="0.122"/>
  <system-out><![CDATA[[2024-04-09 14:19:55,049] ERROR The leader sent a snapshot id with a valid end offset 100 but with an invalid epoch -1 (org.apache.kafka.raft.KafkaRaftClient:1146)
[2024-04-09 14:19:55,063] ERROR The leader sent a snapshot id with a valid epoch 1 but with an invalid end offset -1 (org.apache.kafka.raft.KafkaRaftClient:1153)
]]></system-out>
  <system-err><![CDATA[]]></system-err>
</testsuite>
