<?xml version="1.0" encoding="UTF-8"?>
<testsuite name="org.apache.kafka.coordinator.group.consumer.SubscribedTopicMetadataTest" tests="5" skipped="0" failures="0" errors="0" timestamp="2024-04-09T11:19:26" hostname="ip-192-168-1-113.eu-central-1.compute.internal" time="0.151">
  <properties/>
  <testcase name="testRacksForPartition()" classname="org.apache.kafka.coordinator.group.consumer.SubscribedTopicMetadataTest" time="0.127"/>
  <testcase name="testNumberOfPartitions()" classname="org.apache.kafka.coordinator.group.consumer.SubscribedTopicMetadataTest" time="0.002"/>
  <testcase name="testAttribute()" classname="org.apache.kafka.coordinator.group.consumer.SubscribedTopicMetadataTest" time="0.004"/>
  <testcase name="testEquals()" classname="org.apache.kafka.coordinator.group.consumer.SubscribedTopicMetadataTest" time="0.004"/>
  <testcase name="testTopicMetadataCannotBeNull()" classname="org.apache.kafka.coordinator.group.consumer.SubscribedTopicMetadataTest" time="0.003"/>
  <system-out><![CDATA[]]></system-out>
  <system-err><![CDATA[]]></system-err>
</testsuite>
