<?xml version="1.0" encoding="UTF-8"?>
<testsuite name="org.apache.kafka.coordinator.group.runtime.MultiThreadedEventProcessorTest" tests="7" skipped="0" failures="0" errors="0" timestamp="2024-04-09T11:19:37" hostname="ip-192-168-1-113.eu-central-1.compute.internal" time="3.858">
  <properties/>
  <testcase name="testCreateAndClose()" classname="org.apache.kafka.coordinator.group.runtime.MultiThreadedEventProcessorTest" time="2.12"/>
  <testcase name="testEventsAreDrainedWhenClosed()" classname="org.apache.kafka.coordinator.group.runtime.MultiThreadedEventProcessorTest" time="0.255"/>
  <testcase name="testProcessingGuarantees()" classname="org.apache.kafka.coordinator.group.runtime.MultiThreadedEventProcessorTest" time="0.099"/>
  <testcase name="testMetrics()" classname="org.apache.kafka.coordinator.group.runtime.MultiThreadedEventProcessorTest" time="0.167"/>
  <testcase name="testEventsAreProcessed()" classname="org.apache.kafka.coordinator.group.runtime.MultiThreadedEventProcessorTest" time="0.026"/>
  <testcase name="testEventsAreRejectedWhenClosed()" classname="org.apache.kafka.coordinator.group.runtime.MultiThreadedEventProcessorTest" time="0.009"/>
  <testcase name="testRecordThreadIdleRatioTwoThreads()" classname="org.apache.kafka.coordinator.group.runtime.MultiThreadedEventProcessorTest" time="1.013"/>
  <system-out><![CDATA[[2024-04-09 14:19:39,485] INFO [event-processor-1]: Starting (org.apache.kafka.coordinator.group.runtime.MultiThreadedEventProcessor$EventProcessorThread:169)
[2024-04-09 14:19:39,547] INFO Shutting down event processor. (org.apache.kafka.coordinator.group.runtime.MultiThreadedEventProcessor:223)
[2024-04-09 14:19:39,485] INFO [event-processor-0]: Starting (org.apache.kafka.coordinator.group.runtime.MultiThreadedEventProcessor$EventProcessorThread:169)
[2024-04-09 14:19:39,617] INFO [event-processor-0]: Shutting down. Draining the remaining events. (org.apache.kafka.coordinator.group.runtime.MultiThreadedEventProcessor$EventProcessorThread:180)
[2024-04-09 14:19:39,617] INFO [event-processor-0]: Shutdown completed (org.apache.kafka.coordinator.group.runtime.MultiThreadedEventProcessor$EventProcessorThread:186)
[2024-04-09 14:19:39,621] INFO [event-processor-1]: Shutting down. Draining the remaining events. (org.apache.kafka.coordinator.group.runtime.MultiThreadedEventProcessor$EventProcessorThread:180)
[2024-04-09 14:19:39,621] INFO [event-processor-1]: Shutdown completed (org.apache.kafka.coordinator.group.runtime.MultiThreadedEventProcessor$EventProcessorThread:186)
[2024-04-09 14:19:39,622] INFO Event processor closed. (org.apache.kafka.coordinator.group.runtime.MultiThreadedEventProcessor:240)
[2024-04-09 14:19:39,938] INFO [event-processor-0]: Starting (org.apache.kafka.coordinator.group.runtime.MultiThreadedEventProcessor$EventProcessorThread:169)
[2024-04-09 14:19:39,979] DEBUG [event-processor-0]: Executing event: FutureEvent(key=foo-0). (org.apache.kafka.coordinator.group.runtime.MultiThreadedEventProcessor$EventProcessorThread:135)
[2024-04-09 14:19:40,055] INFO Shutting down event processor. (org.apache.kafka.coordinator.group.runtime.MultiThreadedEventProcessor:223)
[2024-04-09 14:19:40,065] INFO [event-processor-0]: Shutting down. Draining the remaining events. (org.apache.kafka.coordinator.group.runtime.MultiThreadedEventProcessor$EventProcessorThread:180)
[2024-04-09 14:19:40,066] DEBUG [event-processor-0]: Draining event: FutureEvent(key=foo-0). (org.apache.kafka.coordinator.group.runtime.MultiThreadedEventProcessor$EventProcessorThread:154)
[2024-04-09 14:19:40,067] DEBUG [event-processor-0]: Draining event: FutureEvent(key=foo-0). (org.apache.kafka.coordinator.group.runtime.MultiThreadedEventProcessor$EventProcessorThread:154)
[2024-04-09 14:19:40,068] DEBUG [event-processor-0]: Draining event: FutureEvent(key=foo-0). (org.apache.kafka.coordinator.group.runtime.MultiThreadedEventProcessor$EventProcessorThread:154)
[2024-04-09 14:19:40,068] DEBUG [event-processor-0]: Draining event: FutureEvent(key=foo-0). (org.apache.kafka.coordinator.group.runtime.MultiThreadedEventProcessor$EventProcessorThread:154)
[2024-04-09 14:19:40,068] DEBUG [event-processor-0]: Draining event: FutureEvent(key=foo-0). (org.apache.kafka.coordinator.group.runtime.MultiThreadedEventProcessor$EventProcessorThread:154)
[2024-04-09 14:19:40,068] DEBUG [event-processor-0]: Draining event: FutureEvent(key=foo-0). (org.apache.kafka.coordinator.group.runtime.MultiThreadedEventProcessor$EventProcessorThread:154)
[2024-04-09 14:19:40,068] INFO [event-processor-0]: Shutdown completed (org.apache.kafka.coordinator.group.runtime.MultiThreadedEventProcessor$EventProcessorThread:186)
[2024-04-09 14:19:40,076] DEBUG Event processor is already shutting down. (org.apache.kafka.coordinator.group.runtime.MultiThreadedEventProcessor:219)
[2024-04-09 14:19:40,077] INFO Event processor closed. (org.apache.kafka.coordinator.group.runtime.MultiThreadedEventProcessor:240)
[2024-04-09 14:19:40,119] INFO [event-processor-0]: Starting (org.apache.kafka.coordinator.group.runtime.MultiThreadedEventProcessor$EventProcessorThread:169)
[2024-04-09 14:19:40,120] INFO [event-processor-1]: Starting (org.apache.kafka.coordinator.group.runtime.MultiThreadedEventProcessor$EventProcessorThread:169)
[2024-04-09 14:19:40,151] DEBUG [event-processor-1]: Executing event: FutureEvent(key=foo-1). (org.apache.kafka.coordinator.group.runtime.MultiThreadedEventProcessor$EventProcessorThread:135)
[2024-04-09 14:19:40,151] DEBUG [event-processor-0]: Executing event: FutureEvent(key=foo-0). (org.apache.kafka.coordinator.group.runtime.MultiThreadedEventProcessor$EventProcessorThread:135)
[2024-04-09 14:19:40,155] DEBUG [event-processor-0]: Executing event: FutureEvent(key=foo-0). (org.apache.kafka.coordinator.group.runtime.MultiThreadedEventProcessor$EventProcessorThread:135)
[2024-04-09 14:19:40,159] DEBUG [event-processor-0]: Executing event: FutureEvent(key=foo-0). (org.apache.kafka.coordinator.group.runtime.MultiThreadedEventProcessor$EventProcessorThread:135)
[2024-04-09 14:19:40,169] DEBUG [event-processor-1]: Executing event: FutureEvent(key=foo-1). (org.apache.kafka.coordinator.group.runtime.MultiThreadedEventProcessor$EventProcessorThread:135)
[2024-04-09 14:19:40,172] DEBUG [event-processor-1]: Executing event: FutureEvent(key=foo-1). (org.apache.kafka.coordinator.group.runtime.MultiThreadedEventProcessor$EventProcessorThread:135)
[2024-04-09 14:19:40,190] INFO Shutting down event processor. (org.apache.kafka.coordinator.group.runtime.MultiThreadedEventProcessor:223)
[2024-04-09 14:19:40,196] INFO [event-processor-1]: Shutting down. Draining the remaining events. (org.apache.kafka.coordinator.group.runtime.MultiThreadedEventProcessor$EventProcessorThread:180)
[2024-04-09 14:19:40,197] INFO [event-processor-1]: Shutdown completed (org.apache.kafka.coordinator.group.runtime.MultiThreadedEventProcessor$EventProcessorThread:186)
[2024-04-09 14:19:40,196] INFO [event-processor-0]: Shutting down. Draining the remaining events. (org.apache.kafka.coordinator.group.runtime.MultiThreadedEventProcessor$EventProcessorThread:180)
[2024-04-09 14:19:40,200] INFO [event-processor-0]: Shutdown completed (org.apache.kafka.coordinator.group.runtime.MultiThreadedEventProcessor$EventProcessorThread:186)
[2024-04-09 14:19:40,201] INFO Event processor closed. (org.apache.kafka.coordinator.group.runtime.MultiThreadedEventProcessor:240)
[2024-04-09 14:19:40,219] INFO [event-processor-0]: Starting (org.apache.kafka.coordinator.group.runtime.MultiThreadedEventProcessor$EventProcessorThread:169)
[2024-04-09 14:19:40,240] DEBUG [event-processor-0]: Executing event: FutureEvent(key=foo-0). (org.apache.kafka.coordinator.group.runtime.MultiThreadedEventProcessor$EventProcessorThread:135)
[2024-04-09 14:19:40,360] DEBUG [event-processor-0]: Executing event: FutureEvent(key=foo-0). (org.apache.kafka.coordinator.group.runtime.MultiThreadedEventProcessor$EventProcessorThread:135)
[2024-04-09 14:19:40,372] INFO Shutting down event processor. (org.apache.kafka.coordinator.group.runtime.MultiThreadedEventProcessor:223)
[2024-04-09 14:19:40,373] INFO [event-processor-0]: Shutting down. Draining the remaining events. (org.apache.kafka.coordinator.group.runtime.MultiThreadedEventProcessor$EventProcessorThread:180)
[2024-04-09 14:19:40,373] INFO [event-processor-0]: Shutdown completed (org.apache.kafka.coordinator.group.runtime.MultiThreadedEventProcessor$EventProcessorThread:186)
[2024-04-09 14:19:40,373] INFO Event processor closed. (org.apache.kafka.coordinator.group.runtime.MultiThreadedEventProcessor:240)
[2024-04-09 14:19:40,382] INFO [event-processor-0]: Starting (org.apache.kafka.coordinator.group.runtime.MultiThreadedEventProcessor$EventProcessorThread:169)
[2024-04-09 14:19:40,382] INFO [event-processor-1]: Starting (org.apache.kafka.coordinator.group.runtime.MultiThreadedEventProcessor$EventProcessorThread:169)
[2024-04-09 14:19:40,396] DEBUG [event-processor-1]: Executing event: FutureEvent(key=foo-1). (org.apache.kafka.coordinator.group.runtime.MultiThreadedEventProcessor$EventProcessorThread:135)
[2024-04-09 14:19:40,398] DEBUG [event-processor-1]: Executing event: FutureEvent(key=foo-1). (org.apache.kafka.coordinator.group.runtime.MultiThreadedEventProcessor$EventProcessorThread:135)
[2024-04-09 14:19:40,398] DEBUG [event-processor-0]: Executing event: FutureEvent(key=foo-2). (org.apache.kafka.coordinator.group.runtime.MultiThreadedEventProcessor$EventProcessorThread:135)
[2024-04-09 14:19:40,399] DEBUG [event-processor-0]: Executing event: FutureEvent(key=foo-2). (org.apache.kafka.coordinator.group.runtime.MultiThreadedEventProcessor$EventProcessorThread:135)
[2024-04-09 14:19:40,398] DEBUG [event-processor-1]: Executing event: FutureEvent(key=foo-0). (org.apache.kafka.coordinator.group.runtime.MultiThreadedEventProcessor$EventProcessorThread:135)
[2024-04-09 14:19:40,399] DEBUG [event-processor-1]: Executing event: FutureEvent(key=foo-0). (org.apache.kafka.coordinator.group.runtime.MultiThreadedEventProcessor$EventProcessorThread:135)
[2024-04-09 14:19:40,400] INFO Shutting down event processor. (org.apache.kafka.coordinator.group.runtime.MultiThreadedEventProcessor:223)
[2024-04-09 14:19:40,400] INFO [event-processor-1]: Shutting down. Draining the remaining events. (org.apache.kafka.coordinator.group.runtime.MultiThreadedEventProcessor$EventProcessorThread:180)
[2024-04-09 14:19:40,400] INFO [event-processor-1]: Shutdown completed (org.apache.kafka.coordinator.group.runtime.MultiThreadedEventProcessor$EventProcessorThread:186)
[2024-04-09 14:19:40,400] INFO [event-processor-0]: Shutting down. Draining the remaining events. (org.apache.kafka.coordinator.group.runtime.MultiThreadedEventProcessor$EventProcessorThread:180)
[2024-04-09 14:19:40,400] INFO [event-processor-0]: Shutdown completed (org.apache.kafka.coordinator.group.runtime.MultiThreadedEventProcessor$EventProcessorThread:186)
[2024-04-09 14:19:40,403] INFO Event processor closed. (org.apache.kafka.coordinator.group.runtime.MultiThreadedEventProcessor:240)
[2024-04-09 14:19:40,406] INFO [event-processor-0]: Starting (org.apache.kafka.coordinator.group.runtime.MultiThreadedEventProcessor$EventProcessorThread:169)
[2024-04-09 14:19:40,406] INFO Shutting down event processor. (org.apache.kafka.coordinator.group.runtime.MultiThreadedEventProcessor:223)
[2024-04-09 14:19:40,407] INFO [event-processor-1]: Starting (org.apache.kafka.coordinator.group.runtime.MultiThreadedEventProcessor$EventProcessorThread:169)
[2024-04-09 14:19:40,407] INFO [event-processor-1]: Shutting down. Draining the remaining events. (org.apache.kafka.coordinator.group.runtime.MultiThreadedEventProcessor$EventProcessorThread:180)
[2024-04-09 14:19:40,407] INFO [event-processor-1]: Shutdown completed (org.apache.kafka.coordinator.group.runtime.MultiThreadedEventProcessor$EventProcessorThread:186)
[2024-04-09 14:19:40,412] INFO [event-processor-0]: Shutting down. Draining the remaining events. (org.apache.kafka.coordinator.group.runtime.MultiThreadedEventProcessor$EventProcessorThread:180)
[2024-04-09 14:19:40,412] INFO [event-processor-0]: Shutdown completed (org.apache.kafka.coordinator.group.runtime.MultiThreadedEventProcessor$EventProcessorThread:186)
[2024-04-09 14:19:40,413] INFO Event processor closed. (org.apache.kafka.coordinator.group.runtime.MultiThreadedEventProcessor:240)
[2024-04-09 14:19:40,416] INFO [event-processor-0]: Starting (org.apache.kafka.coordinator.group.runtime.MultiThreadedEventProcessor$EventProcessorThread:169)
[2024-04-09 14:19:40,416] INFO [event-processor-1]: Starting (org.apache.kafka.coordinator.group.runtime.MultiThreadedEventProcessor$EventProcessorThread:169)
[2024-04-09 14:19:40,589] DEBUG [event-processor-1]: Executing event: FutureEvent(key=foo-0). (org.apache.kafka.coordinator.group.runtime.MultiThreadedEventProcessor$EventProcessorThread:135)
[2024-04-09 14:19:40,654] DEBUG [event-processor-0]: Executing event: FutureEvent(key=foo-1). (org.apache.kafka.coordinator.group.runtime.MultiThreadedEventProcessor$EventProcessorThread:135)
[2024-04-09 14:19:40,758] DEBUG [event-processor-1]: Executing event: FutureEvent(key=foo-2). (org.apache.kafka.coordinator.group.runtime.MultiThreadedEventProcessor$EventProcessorThread:135)
[2024-04-09 14:19:40,861] DEBUG [event-processor-0]: Executing event: FutureEvent(key=foo-0). (org.apache.kafka.coordinator.group.runtime.MultiThreadedEventProcessor$EventProcessorThread:135)
[2024-04-09 14:19:40,963] DEBUG [event-processor-1]: Executing event: FutureEvent(key=foo-1). (org.apache.kafka.coordinator.group.runtime.MultiThreadedEventProcessor$EventProcessorThread:135)
[2024-04-09 14:19:41,067] DEBUG [event-processor-0]: Executing event: FutureEvent(key=foo-2). (org.apache.kafka.coordinator.group.runtime.MultiThreadedEventProcessor$EventProcessorThread:135)
[2024-04-09 14:19:41,173] DEBUG [event-processor-1]: Executing event: FutureEvent(key=foo-2). (org.apache.kafka.coordinator.group.runtime.MultiThreadedEventProcessor$EventProcessorThread:135)
[2024-04-09 14:19:41,211] INFO Shutting down event processor. (org.apache.kafka.coordinator.group.runtime.MultiThreadedEventProcessor:223)
[2024-04-09 14:19:41,317] INFO [event-processor-1]: Shutting down. Draining the remaining events. (org.apache.kafka.coordinator.group.runtime.MultiThreadedEventProcessor$EventProcessorThread:180)
[2024-04-09 14:19:41,317] INFO [event-processor-1]: Shutdown completed (org.apache.kafka.coordinator.group.runtime.MultiThreadedEventProcessor$EventProcessorThread:186)
[2024-04-09 14:19:41,420] INFO [event-processor-0]: Shutting down. Draining the remaining events. (org.apache.kafka.coordinator.group.runtime.MultiThreadedEventProcessor$EventProcessorThread:180)
[2024-04-09 14:19:41,420] INFO [event-processor-0]: Shutdown completed (org.apache.kafka.coordinator.group.runtime.MultiThreadedEventProcessor$EventProcessorThread:186)
[2024-04-09 14:19:41,420] INFO Event processor closed. (org.apache.kafka.coordinator.group.runtime.MultiThreadedEventProcessor:240)
]]></system-out>
  <system-err><![CDATA[]]></system-err>
</testsuite>
