<?xml version="1.0" encoding="UTF-8"?>
<testsuite name="org.apache.kafka.coordinator.group.GroupMetadataManagerTest" tests="181" skipped="0" failures="0" errors="0" timestamp="2024-04-09T11:19:17" hostname="ip-192-168-1-113.eu-central-1.compute.internal" time="14.103">
  <properties/>
  <testcase name="testJoinGroupWithEmptyProtocolType()" classname="org.apache.kafka.coordinator.group.GroupMetadataManagerTest" time="4.498"/>
  <testcase name="testStaticMemberJoinWithUnknownInstanceIdAndKnownMemberId()" classname="org.apache.kafka.coordinator.group.GroupMetadataManagerTest" time="0.389"/>
  <testcase name="testPendingMembersLeaveGroup()" classname="org.apache.kafka.coordinator.group.GroupMetadataManagerTest" time="0.059"/>
  <testcase name="testDescribeGroupStable()" classname="org.apache.kafka.coordinator.group.GroupMetadataManagerTest" time="0.07"/>
  <testcase name="testStaticMemberRejoinAsFollowerWithKnownMemberIdAndNoProtocolChange()" classname="org.apache.kafka.coordinator.group.GroupMetadataManagerTest" time="0.044"/>
  <testcase name="testHeartbeatIllegalGeneration()" classname="org.apache.kafka.coordinator.group.GroupMetadataManagerTest" time="0.046"/>
  <testcase name="testJoinGroupUnknownMemberNewGroup()" classname="org.apache.kafka.coordinator.group.GroupMetadataManagerTest" time="0.044"/>
  <testcase name="testStaticMemberFenceDuplicateSyncingFollowerAfterMemberIdChanged()" classname="org.apache.kafka.coordinator.group.GroupMetadataManagerTest" time="0.04"/>
  <testcase name="testUnknownGroupId()" classname="org.apache.kafka.coordinator.group.GroupMetadataManagerTest" time="0.006"/>
  <testcase name="testRebalanceCompletesBeforeMemberJoins()" classname="org.apache.kafka.coordinator.group.GroupMetadataManagerTest" time="0.027"/>
  <testcase name="testReplaceStaticMemberInCompletingRebalanceStateTriggersRebalance()" classname="org.apache.kafka.coordinator.group.GroupMetadataManagerTest" time="0.012"/>
  <testcase name="testHeartbeatExpirationShouldRemovePendingMember()" classname="org.apache.kafka.coordinator.group.GroupMetadataManagerTest" time="0.009"/>
  <testcase name="testGetDifferentStaticMemberIdAfterEachRejoin()" classname="org.apache.kafka.coordinator.group.GroupMetadataManagerTest" time="0.174"/>
  <testcase name="testConsumerGroupDelete()" classname="org.apache.kafka.coordinator.group.GroupMetadataManagerTest" time="0.15"/>
  <testcase name="testLeaveGroupStaticMemberWithUnknownMemberId()" classname="org.apache.kafka.coordinator.group.GroupMetadataManagerTest" time="0.11"/>
  <testcase name="testStaticMemberRejoinWithLeaderIdAndUnexpectedEmptyGroup()" classname="org.apache.kafka.coordinator.group.GroupMetadataManagerTest" time="0.022"/>
  <testcase name="testHeartbeatEmptyGroup()" classname="org.apache.kafka.coordinator.group.GroupMetadataManagerTest" time="0.017"/>
  <testcase name="testHeartbeatDuringPreparingRebalance()" classname="org.apache.kafka.coordinator.group.GroupMetadataManagerTest" time="0.011"/>
  <testcase name="testDescribeGroupRebalancing()" classname="org.apache.kafka.coordinator.group.GroupMetadataManagerTest" time="0.055"/>
  <testcase name="testShouldThrowFencedInstanceIdExceptionWhenStaticMemberWithDifferentMemberIdJoins()" classname="org.apache.kafka.coordinator.group.GroupMetadataManagerTest" time="0.158"/>
  <testcase name="testConsumerGroupDescribeNoErrors()" classname="org.apache.kafka.coordinator.group.GroupMetadataManagerTest" time="0.027"/>
  <testcase name="[1] useDefaultRebalanceTimeout=true" classname="org.apache.kafka.coordinator.group.GroupMetadataManagerTest" time="0.119"/>
  <testcase name="[2] useDefaultRebalanceTimeout=false" classname="org.apache.kafka.coordinator.group.GroupMetadataManagerTest" time="0.006"/>
  <testcase name="testConsumerGroupMemberEpochValidation()" classname="org.apache.kafka.coordinator.group.GroupMetadataManagerTest" time="0.105"/>
  <testcase name="testLeaderFailureInSyncGroup()" classname="org.apache.kafka.coordinator.group.GroupMetadataManagerTest" time="0.162"/>
  <testcase name="testGenerationIdIncrementsOnRebalance()" classname="org.apache.kafka.coordinator.group.GroupMetadataManagerTest" time="0.013"/>
  <testcase name="testJoinGroupExistingMemberDoesNotTriggerRebalanceInStableState()" classname="org.apache.kafka.coordinator.group.GroupMetadataManagerTest" time="0.012"/>
  <testcase name="testJoinGroupSecondJoinInconsistentProtocol()" classname="org.apache.kafka.coordinator.group.GroupMetadataManagerTest" time="0.024"/>
  <testcase name="testStaticMembersValidBatchLeaveGroup()" classname="org.apache.kafka.coordinator.group.GroupMetadataManagerTest" time="0.038"/>
  <testcase name="testPendingMemberBatchLeaveGroup()" classname="org.apache.kafka.coordinator.group.GroupMetadataManagerTest" time="0.015"/>
  <testcase name="testHeartbeatDeadGroup()" classname="org.apache.kafka.coordinator.group.GroupMetadataManagerTest" time="0.009"/>
  <testcase name="testSyncGroupFromIllegalGeneration()" classname="org.apache.kafka.coordinator.group.GroupMetadataManagerTest" time="0.008"/>
  <testcase name="testShouldThrownUnreleasedInstanceIdExceptionWhenNewMemberJoinsWithInUseInstanceId()" classname="org.apache.kafka.coordinator.group.GroupMetadataManagerTest" time="0.011"/>
  <testcase name="testRebalanceTimesOutWhenSyncRequestIsNotReceivedFromFollowers()" classname="org.apache.kafka.coordinator.group.GroupMetadataManagerTest" time="0.091"/>
  <testcase name="testResetRebalanceDelayWhenNewMemberJoinsGroupDuringInitialRebalance()" classname="org.apache.kafka.coordinator.group.GroupMetadataManagerTest" time="0.004"/>
  <testcase name="testConsumerGroupStates()" classname="org.apache.kafka.coordinator.group.GroupMetadataManagerTest" time="0.032"/>
  <testcase name="testGroupIdsByTopics()" classname="org.apache.kafka.coordinator.group.GroupMetadataManagerTest" time="0.033"/>
  <testcase name="testRebalanceTimesOutWhenSyncRequestIsNotReceived()" classname="org.apache.kafka.coordinator.group.GroupMetadataManagerTest" time="0.028"/>
  <testcase name="testJoinGroupWithEmptyGroupProtocol()" classname="org.apache.kafka.coordinator.group.GroupMetadataManagerTest" time="0.002"/>
  <testcase name="testClassicGroupMemberSessionTimeout()" classname="org.apache.kafka.coordinator.group.GroupMetadataManagerTest" time="0.036"/>
  <testcase name="testHeartbeatUnknownGroup()" classname="org.apache.kafka.coordinator.group.GroupMetadataManagerTest" time="0.002"/>
  <testcase name="testJoinGroupUnknownConsumerNewDeadGroup()" classname="org.apache.kafka.coordinator.group.GroupMetadataManagerTest" time="0.023"/>
  <testcase name="testClassicGroupCompletedRebalanceSensor()" classname="org.apache.kafka.coordinator.group.GroupMetadataManagerTest" time="0.031"/>
  <testcase name="testDynamicMembersJoinGroupWithMaxSizeAndRequiredKnownMember()" classname="org.apache.kafka.coordinator.group.GroupMetadataManagerTest" time="0.083"/>
  <testcase name="testRevocationTimeoutExpiration()" classname="org.apache.kafka.coordinator.group.GroupMetadataManagerTest" time="0.12"/>
  <testcase name="testNewMemberIsRejectedWithMaximumMembersIsReached()" classname="org.apache.kafka.coordinator.group.GroupMetadataManagerTest" time="0.033"/>
  <testcase name="testHeartbeatDuringRebalanceCausesRebalanceInProgress()" classname="org.apache.kafka.coordinator.group.GroupMetadataManagerTest" time="0.013"/>
  <testcase name="testStaticMemberRejoinWithKnownMemberId()" classname="org.apache.kafka.coordinator.group.GroupMetadataManagerTest" time="0.052"/>
  <testcase name="testGenerateRecordsOnNewClassicGroup()" classname="org.apache.kafka.coordinator.group.GroupMetadataManagerTest" time="0.013"/>
  <testcase name="testLastJoiningMembersAreKickedOutWhenRejoiningGroupWithMaxSize()" classname="org.apache.kafka.coordinator.group.GroupMetadataManagerTest" time="0.05"/>
  <testcase name="testMemberIdGeneration()" classname="org.apache.kafka.coordinator.group.GroupMetadataManagerTest" time="0.008"/>
  <testcase name="testDelayRebalanceUptoRebalanceTimeout()" classname="org.apache.kafka.coordinator.group.GroupMetadataManagerTest" time="0.053"/>
  <testcase name="testDynamicMembersCanRejoinGroupWithMaxSizeWhileRebalancing()" classname="org.apache.kafka.coordinator.group.GroupMetadataManagerTest" time="0.031"/>
  <testcase name="testSecondMemberPartiallyJoinAndTimeout()" classname="org.apache.kafka.coordinator.group.GroupMetadataManagerTest" time="0.015"/>
  <testcase name="testOnClassicGroupStateTransitionOnLoading()" classname="org.apache.kafka.coordinator.group.GroupMetadataManagerTest" time="0.018"/>
  <testcase name="testUpdatingSubscriptionTriggersNewTargetAssignment()" classname="org.apache.kafka.coordinator.group.GroupMetadataManagerTest" time="0.113"/>
  <testcase name="testStaticMemberSyncAsLeaderWithInvalidMemberId()" classname="org.apache.kafka.coordinator.group.GroupMetadataManagerTest" time="0.014"/>
  <testcase name="testNewMemberTimeoutCompletion()" classname="org.apache.kafka.coordinator.group.GroupMetadataManagerTest" time="0.023"/>
  <testcase name="testJoinGroupInconsistentGroupProtocol()" classname="org.apache.kafka.coordinator.group.GroupMetadataManagerTest" time="0.002"/>
  <testcase name="testStaticMemberRejoinWithUnknownMemberIdAndChangeOfProtocolWithSelectedProtocolChanged()" classname="org.apache.kafka.coordinator.group.GroupMetadataManagerTest" time="0.007"/>
  <testcase name="testJoinGroupSessionTimeoutTooLarge()" classname="org.apache.kafka.coordinator.group.GroupMetadataManagerTest" time="0.0"/>
  <testcase name="testJoinGroupSessionTimeoutTooSmall()" classname="org.apache.kafka.coordinator.group.GroupMetadataManagerTest" time="0.0"/>
  <testcase name="testSyncGroupEmptyAssignment()" classname="org.apache.kafka.coordinator.group.GroupMetadataManagerTest" time="0.009"/>
  <testcase name="testJoinGroupShouldReceiveErrorIfGroupOverMaxSize()" classname="org.apache.kafka.coordinator.group.GroupMetadataManagerTest" time="0.017"/>
  <testcase name="testCompleteJoinRemoveNotYetRejoinedDynamicMembers()" classname="org.apache.kafka.coordinator.group.GroupMetadataManagerTest" time="0.045"/>
  <testcase name="testMemberJoinsEmptyConsumerGroup()" classname="org.apache.kafka.coordinator.group.GroupMetadataManagerTest" time="0.06"/>
  <testcase name="testListGroups()" classname="org.apache.kafka.coordinator.group.GroupMetadataManagerTest" time="0.019"/>
  <testcase name="testPartitionAssignorExceptionOnRegularHeartbeat()" classname="org.apache.kafka.coordinator.group.GroupMetadataManagerTest" time="1.773"/>
  <testcase name="testCompleteJoinPhaseNoMembersRejoinedExtendsJoinPhase()" classname="org.apache.kafka.coordinator.group.GroupMetadataManagerTest" time="0.201"/>
  <testcase name="testOnNewMetadataImageWithEmptyDelta()" classname="org.apache.kafka.coordinator.group.GroupMetadataManagerTest" time="0.048"/>
  <testcase name="testJoinGroupAsExistingMemberWithUpdatedMetadataTriggersRebalanceInStableState()" classname="org.apache.kafka.coordinator.group.GroupMetadataManagerTest" time="0.04"/>
  <testcase name="testOnClassicGroupStateTransition()" classname="org.apache.kafka.coordinator.group.GroupMetadataManagerTest" time="0.013"/>
  <testcase name="testConsumerGroupDescribeWithErrors()" classname="org.apache.kafka.coordinator.group.GroupMetadataManagerTest" time="0.006"/>
  <testcase name="testJoinGroupFromUnchangedLeaderShouldRebalance()" classname="org.apache.kafka.coordinator.group.GroupMetadataManagerTest" time="0.009"/>
  <testcase name="testClassicGroupMaybeDelete()" classname="org.apache.kafka.coordinator.group.GroupMetadataManagerTest" time="0.001"/>
  <testcase name="testJoinGroupCompletionWhenPendingMemberTimesOut()" classname="org.apache.kafka.coordinator.group.GroupMetadataManagerTest" time="0.01"/>
  <testcase name="testStaticMemberHeartbeatLeaderWithInvalidMemberId()" classname="org.apache.kafka.coordinator.group.GroupMetadataManagerTest" time="0.116"/>
  <testcase name="testJoinedMemberPendingMemberBatchLeaveGroup()" classname="org.apache.kafka.coordinator.group.GroupMetadataManagerTest" time="0.05"/>
  <testcase name="testConsumerGroupRebalanceSensor()" classname="org.apache.kafka.coordinator.group.GroupMetadataManagerTest" time="0.183"/>
  <testcase name="testLeaveGroupUnknownGroup()" classname="org.apache.kafka.coordinator.group.GroupMetadataManagerTest" time="0.012"/>
  <testcase name="testSyncGroupFollowerAfterLeader()" classname="org.apache.kafka.coordinator.group.GroupMetadataManagerTest" time="0.026"/>
  <testcase name="testNoGroupEpochBumpWhenStaticMemberTemporarilyLeaves()" classname="org.apache.kafka.coordinator.group.GroupMetadataManagerTest" time="0.009"/>
  <testcase name="testOnLoadedSchedulesClassicGroupMemberHeartbeats()" classname="org.apache.kafka.coordinator.group.GroupMetadataManagerTest" time="0.009"/>
  <testcase name="testSessionTimeoutLifecycle()" classname="org.apache.kafka.coordinator.group.GroupMetadataManagerTest" time="0.025"/>
  <testcase name="testStaticMemberRejoinWithKnownLeaderIdToTriggerRebalanceAndFollowerWithChangeofProtocol()" classname="org.apache.kafka.coordinator.group.GroupMetadataManagerTest" time="0.02"/>
  <testcase name="testReplaceStaticMemberInStableStateWithUpdatedProtocolTriggersRebalance()" classname="org.apache.kafka.coordinator.group.GroupMetadataManagerTest" time="0.003"/>
  <testcase name="testHeartbeatUnknownMemberExistingGroup()" classname="org.apache.kafka.coordinator.group.GroupMetadataManagerTest" time="0.071"/>
  <testcase name="testJoinGroupUnknownConsumerExistingGroup()" classname="org.apache.kafka.coordinator.group.GroupMetadataManagerTest" time="0.006"/>
  <testcase name="testLeavingStaticMemberBumpsGroupEpoch()" classname="org.apache.kafka.coordinator.group.GroupMetadataManagerTest" time="0.049"/>
  <testcase name="testLeaveGroupUnknownMemberIdExistingGroup()" classname="org.apache.kafka.coordinator.group.GroupMetadataManagerTest" time="0.007"/>
  <testcase name="testSubscriptionMetadataRefreshedAgainAfterWriteFailure()" classname="org.apache.kafka.coordinator.group.GroupMetadataManagerTest" time="0.021"/>
  <testcase name="testSyncGroupFromUnknownGroup()" classname="org.apache.kafka.coordinator.group.GroupMetadataManagerTest" time="0.006"/>
  <testcase name="testJoinGroupReplaceStaticMember()" classname="org.apache.kafka.coordinator.group.GroupMetadataManagerTest" time="0.005"/>
  <testcase name="testDescribeGroupsGroupIdNotFoundException()" classname="org.apache.kafka.coordinator.group.GroupMetadataManagerTest" time="0.002"/>
  <testcase name="testStaticMembersUnknownInstanceBatchLeaveGroup()" classname="org.apache.kafka.coordinator.group.GroupMetadataManagerTest" time="0.005"/>
  <testcase name="testClassicGroupJoinInconsistentProtocolType()" classname="org.apache.kafka.coordinator.group.GroupMetadataManagerTest" time="0.004"/>
  <testcase name="testNewMemberFailureAfterJoinGroupCompletion()" classname="org.apache.kafka.coordinator.group.GroupMetadataManagerTest" time="0.01"/>
  <testcase name="testJoinGroupCompletionWhenPendingMemberJoins()" classname="org.apache.kafka.coordinator.group.GroupMetadataManagerTest" time="0.008"/>
  <testcase name="testStaticMemberFenceDuplicateRejoinedFollower()" classname="org.apache.kafka.coordinator.group.GroupMetadataManagerTest" time="0.006"/>
  <testcase name="testGroupEpochBumpWhenNewStaticMemberJoins()" classname="org.apache.kafka.coordinator.group.GroupMetadataManagerTest" time="0.038"/>
  <testcase name="testStaticMemberRejoinWithLeaderIdAndKnownMemberId()" classname="org.apache.kafka.coordinator.group.GroupMetadataManagerTest" time="0.016"/>
  <testcase name="testStaticMemberFollowerFailToRejoinBeforeRebalanceTimeout()" classname="org.apache.kafka.coordinator.group.GroupMetadataManagerTest" time="0.008"/>
  <testcase name="testStaticMembersJoinGroupWithMaxSize()" classname="org.apache.kafka.coordinator.group.GroupMetadataManagerTest" time="0.051"/>
  <testcase name="testStaticMemberReJoinWithIllegalStateAsUnknownMember()" classname="org.apache.kafka.coordinator.group.GroupMetadataManagerTest" time="0.01"/>
  <testcase name="testStaticMemberRejoinWithFollowerIdAndChangeOfProtocol()" classname="org.apache.kafka.coordinator.group.GroupMetadataManagerTest" time="0.144"/>
  <testcase name="testExistingMemberJoinDeadGroup()" classname="org.apache.kafka.coordinator.group.GroupMetadataManagerTest" time="0.013"/>
  <testcase name="testLeaveDeadGroup()" classname="org.apache.kafka.coordinator.group.GroupMetadataManagerTest" time="0.001"/>
  <testcase name="testNewJoiningMemberTriggersNewTargetAssignment()" classname="org.apache.kafka.coordinator.group.GroupMetadataManagerTest" time="0.018"/>
  <testcase name="testHeartbeatExpirationShouldRemoveMember()" classname="org.apache.kafka.coordinator.group.GroupMetadataManagerTest" time="0.003"/>
  <testcase name="testLeaveGroupWithFencedInstanceId()" classname="org.apache.kafka.coordinator.group.GroupMetadataManagerTest" time="0.01"/>
  <testcase name="testConsumerHeartbeatRequestValidation()" classname="org.apache.kafka.coordinator.group.GroupMetadataManagerTest" time="0.01"/>
  <testcase name="testJoinGroupProtocolTypeIsNotProvidedWhenAnErrorOccurs()" classname="org.apache.kafka.coordinator.group.GroupMetadataManagerTest" time="0.003"/>
  <testcase name="testJoinGroupExistingMemberInEmptyState()" classname="org.apache.kafka.coordinator.group.GroupMetadataManagerTest" time="0.008"/>
  <testcase name="[1] supportSkippingAssignment=true" classname="org.apache.kafka.coordinator.group.GroupMetadataManagerTest" time="0.142"/>
  <testcase name="[2] supportSkippingAssignment=false" classname="org.apache.kafka.coordinator.group.GroupMetadataManagerTest" time="0.027"/>
  <testcase name="testStaticMemberRejoinWithUnknownMemberIdAndChangeOfProtocolWhileSelectProtocolUnchanged()" classname="org.apache.kafka.coordinator.group.GroupMetadataManagerTest" time="0.01"/>
  <testcase name="testCompleteJoinPhaseInEmptyStateSkipsRebalance()" classname="org.apache.kafka.coordinator.group.GroupMetadataManagerTest" time="0.009"/>
  <testcase name="testSessionTimeoutExpirationStaticMember()" classname="org.apache.kafka.coordinator.group.GroupMetadataManagerTest" time="0.02"/>
  <testcase name="testSubscriptionMetadataRefreshedAfterGroupIsLoaded()" classname="org.apache.kafka.coordinator.group.GroupMetadataManagerTest" time="0.163"/>
  <testcase name="testOnLoadedExceedGroupMaxSizeTriggersRebalance()" classname="org.apache.kafka.coordinator.group.GroupMetadataManagerTest" time="0.015"/>
  <testcase name="testSessionTimeoutExpiration()" classname="org.apache.kafka.coordinator.group.GroupMetadataManagerTest" time="0.006"/>
  <testcase name="testJoinGroupExistingMemberUpdatedMetadataTriggersRebalance()" classname="org.apache.kafka.coordinator.group.GroupMetadataManagerTest" time="0.007"/>
  <testcase name="testDynamicMembersJoinGroupWithMaxSizeAndNotRequiredKnownMember()" classname="org.apache.kafka.coordinator.group.GroupMetadataManagerTest" time="0.017"/>
  <testcase name="testClassicGroupDelete()" classname="org.apache.kafka.coordinator.group.GroupMetadataManagerTest" time="0.002"/>
  <testcase name="testSyncGroupReturnsAnErrorWhenProtocolTypeIsInconsistent()" classname="org.apache.kafka.coordinator.group.GroupMetadataManagerTest" time="0.007"/>
  <testcase name="testOnConsumerGroupStateTransition()" classname="org.apache.kafka.coordinator.group.GroupMetadataManagerTest" time="0.103"/>
  <testcase name="testHeartbeatDuringCompletingRebalance()" classname="org.apache.kafka.coordinator.group.GroupMetadataManagerTest" time="0.005"/>
  <testcase name="testConsumerGroupMemberEpochValidationForStaticMember()" classname="org.apache.kafka.coordinator.group.GroupMetadataManagerTest" time="0.011"/>
  <testcase name="testShouldThrowFencedInstanceIdExceptionWhenStaticMemberWithDifferentMemberIdLeaves()" classname="org.apache.kafka.coordinator.group.GroupMetadataManagerTest" time="0.015"/>
  <testcase name="testJoinGroupFromUnchangedFollowerDoesNotRebalance()" classname="org.apache.kafka.coordinator.group.GroupMetadataManagerTest" time="0.003"/>
  <testcase name="testOnConsumerGroupStateTransitionOnLoading()" classname="org.apache.kafka.coordinator.group.GroupMetadataManagerTest" time="0.009"/>
  <testcase name="[1] supportSkippingAssignment=true" classname="org.apache.kafka.coordinator.group.GroupMetadataManagerTest" time="0.003"/>
  <testcase name="[2] supportSkippingAssignment=false" classname="org.apache.kafka.coordinator.group.GroupMetadataManagerTest" time="0.004"/>
  <testcase name="testStaticMemberRejoinAsFollowerWithUnknownMemberId()" classname="org.apache.kafka.coordinator.group.GroupMetadataManagerTest" time="0.006"/>
  <testcase name="testJoinedMemberPendingMemberBatchLeaveGroupWithUnknownMember()" classname="org.apache.kafka.coordinator.group.GroupMetadataManagerTest" time="0.01"/>
  <testcase name="[1] supportSkippingAssignment=true" classname="org.apache.kafka.coordinator.group.GroupMetadataManagerTest" time="0.005"/>
  <testcase name="[2] supportSkippingAssignment=false" classname="org.apache.kafka.coordinator.group.GroupMetadataManagerTest" time="0.005"/>
  <testcase name="testLeavingMemberBumpsGroupEpoch()" classname="org.apache.kafka.coordinator.group.GroupMetadataManagerTest" time="0.009"/>
  <testcase name="testNewMemberJoinExpiration()" classname="org.apache.kafka.coordinator.group.GroupMetadataManagerTest" time="0.007"/>
  <testcase name="testStaticMemberRejoinWithUnknownMemberIdAndChangeOfProtocolWhileSelectProtocolUnchangedPersistenceFailure()" classname="org.apache.kafka.coordinator.group.GroupMetadataManagerTest" time="0.009"/>
  <testcase name="testShouldThrowUnknownMemberIdExceptionWhenUnknownStaticMemberLeaves()" classname="org.apache.kafka.coordinator.group.GroupMetadataManagerTest" time="0.16"/>
  <testcase name="testSyncGroupLeaderAfterFollower()" classname="org.apache.kafka.coordinator.group.GroupMetadataManagerTest" time="0.019"/>
  <testcase name="testGenerateRecordsOnNewClassicGroupFailureTransformsError()" classname="org.apache.kafka.coordinator.group.GroupMetadataManagerTest" time="0.006"/>
  <testcase name="testSyncGroupFromUnknownMember()" classname="org.apache.kafka.coordinator.group.GroupMetadataManagerTest" time="0.042"/>
  <testcase name="testShouldThrownUnknownMemberIdExceptionWhenUnknownStaticMemberJoins()" classname="org.apache.kafka.coordinator.group.GroupMetadataManagerTest" time="0.015"/>
  <testcase name="testStaticMemberLeaderFailToRejoinBeforeRebalanceTimeout()" classname="org.apache.kafka.coordinator.group.GroupMetadataManagerTest" time="0.162"/>
  <testcase name="testJoinGroupReturnsTheProtocolType()" classname="org.apache.kafka.coordinator.group.GroupMetadataManagerTest" time="0.048"/>
  <testcase name="testJoinGroupAppendErrorConversion()" classname="org.apache.kafka.coordinator.group.GroupMetadataManagerTest" time="0.001"/>
  <testcase name="testValidLeaveGroup()" classname="org.apache.kafka.coordinator.group.GroupMetadataManagerTest" time="0.007"/>
  <testcase name="testClassicGroupMemberSessionTimeoutDuringRebalance()" classname="org.apache.kafka.coordinator.group.GroupMetadataManagerTest" time="0.117"/>
  <testcase name="testLeaveGroupInvalidGroup()" classname="org.apache.kafka.coordinator.group.GroupMetadataManagerTest" time="0.043"/>
  <testcase name="testSyncGroupAsLeaderAppendFailureTransformsError()" classname="org.apache.kafka.coordinator.group.GroupMetadataManagerTest" time="0.007"/>
  <testcase name="testSyncGroupSucceedWhenProtocolTypeAndNameAreNotProvided()" classname="org.apache.kafka.coordinator.group.GroupMetadataManagerTest" time="0.003"/>
  <testcase name="testStaticMemberRejoinAsFollowerWithMismatchedInstanceId()" classname="org.apache.kafka.coordinator.group.GroupMetadataManagerTest" time="0.003"/>
  <testcase name="testStaticMemberGetsBackAssignmentUponRejoin()" classname="org.apache.kafka.coordinator.group.GroupMetadataManagerTest" time="0.024"/>
  <testcase name="testConsumerGroupMaybeDelete()" classname="org.apache.kafka.coordinator.group.GroupMetadataManagerTest" time="0.0"/>
  <testcase name="testJoinGroupAsExistingLeaderTriggersRebalanceInStableState()" classname="org.apache.kafka.coordinator.group.GroupMetadataManagerTest" time="0.005"/>
  <testcase name="testOnNewMetadataImage()" classname="org.apache.kafka.coordinator.group.GroupMetadataManagerTest" time="0.216"/>
  <testcase name="testReconciliationRestartsWhenNewTargetAssignmentIsInstalled()" classname="org.apache.kafka.coordinator.group.GroupMetadataManagerTest" time="0.024"/>
  <testcase name="testSyncGroupReturnsAnErrorWhenProtocolNameIsInconsistent()" classname="org.apache.kafka.coordinator.group.GroupMetadataManagerTest" time="0.004"/>
  <testcase name="testStaticMembersLeaveUnknownGroup()" classname="org.apache.kafka.coordinator.group.GroupMetadataManagerTest" time="0.004"/>
  <testcase name="testStaticMemberRejoinWithExplicitUnknownMemberId()" classname="org.apache.kafka.coordinator.group.GroupMetadataManagerTest" time="0.004"/>
  <testcase name="testStaticMemberFenceDuplicateRejoiningFollowerAfterMemberIdChanged()" classname="org.apache.kafka.coordinator.group.GroupMetadataManagerTest" time="0.005"/>
  <testcase name="testGroupStuckInRebalanceTimeoutDueToNonjoinedStaticMember()" classname="org.apache.kafka.coordinator.group.GroupMetadataManagerTest" time="0.011"/>
  <testcase name="testStaticMembersFencedInstanceBatchLeaveGroup()" classname="org.apache.kafka.coordinator.group.GroupMetadataManagerTest" time="0.007"/>
  <testcase name="testRevocationTimeoutLifecycle()" classname="org.apache.kafka.coordinator.group.GroupMetadataManagerTest" time="0.288"/>
  <testcase name="testValidHeartbeat()" classname="org.apache.kafka.coordinator.group.GroupMetadataManagerTest" time="0.006"/>
  <testcase name="testStaticMemberJoinAsFirstMember()" classname="org.apache.kafka.coordinator.group.GroupMetadataManagerTest" time="0.002"/>
  <testcase name="testSyncGroupSucceedWhenProtocolTypeAndNameAreConsistent()" classname="org.apache.kafka.coordinator.group.GroupMetadataManagerTest" time="0.004"/>
  <testcase name="testStaticMemberRejoinAsLeaderWithMismatchedInstanceId()" classname="org.apache.kafka.coordinator.group.GroupMetadataManagerTest" time="0.013"/>
  <testcase name="testRebalanceTimesOutWhenSyncRequestIsNotReceivedFromLeaders()" classname="org.apache.kafka.coordinator.group.GroupMetadataManagerTest" time="0.007"/>
  <testcase name="testStaticMemberRejoinWithLeaderIdAndUnexpectedDeadGroup()" classname="org.apache.kafka.coordinator.group.GroupMetadataManagerTest" time="0.013"/>
  <testcase name="testReplaceStaticMemberInStableStateErrors()" classname="org.apache.kafka.coordinator.group.GroupMetadataManagerTest" time="0.005"/>
  <testcase name="testClassicGroupMemberHeartbeatMaintainsSession()" classname="org.apache.kafka.coordinator.group.GroupMetadataManagerTest" time="0.007"/>
  <testcase name="testUnknownMemberIdJoinsConsumerGroup()" classname="org.apache.kafka.coordinator.group.GroupMetadataManagerTest" time="0.012"/>
  <testcase name="testOnLoaded()" classname="org.apache.kafka.coordinator.group.GroupMetadataManagerTest" time="0.008"/>
  <testcase name="testJoinGroupExistingPendingMemberWithGroupInstanceIdThrowsException()" classname="org.apache.kafka.coordinator.group.GroupMetadataManagerTest" time="0.013"/>
  <testcase name="testReconciliationProcess()" classname="org.apache.kafka.coordinator.group.GroupMetadataManagerTest" time="0.265"/>
  <testcase name="testDelayInitialRebalanceByGroupInitialRebalanceDelayOnEmptyGroup()" classname="org.apache.kafka.coordinator.group.GroupMetadataManagerTest" time="0.006"/>
  <testcase name="testRebalanceDoesNotTimeOutWhenAllSyncAreReceived()" classname="org.apache.kafka.coordinator.group.GroupMetadataManagerTest" time="0.01"/>
  <testcase name="testConsumerGroupDescribeBeforeAndAfterCommittingOffset()" classname="org.apache.kafka.coordinator.group.GroupMetadataManagerTest" time="0.005"/>
  <system-out><![CDATA[[2024-04-09 14:19:20,351] DEBUG Creating in-memory snapshot 0 (org.apache.kafka.timeline.SnapshotRegistry:203)
[2024-04-09 14:19:21,548] DEBUG Creating in-memory snapshot 0 (org.apache.kafka.timeline.SnapshotRegistry:203)
[2024-04-09 14:19:21,558] INFO Static member with groupInstanceId=leader-instance-id and unknown member id joins group group-id in Empty state. Created a new member id leader-instance-id-ce044db1-d2ed-44e0-9ba6-35cda5d1dfd3 for this member and added to the group. (org.apache.kafka.coordinator.group.GroupMetadataManager:2072)
[2024-04-09 14:19:21,704] INFO Preparing to rebalance group group-id in state PreparingRebalance with old generation 0 (reason: Adding new member leader-instance-id-ce044db1-d2ed-44e0-9ba6-35cda5d1dfd3 with group instance id leader-instance-id; client reason: not provided). (org.apache.kafka.coordinator.group.GroupMetadataManager:2642)
[2024-04-09 14:19:21,708] INFO Static member with groupInstanceId=follower-instance-id and unknown member id joins group group-id in PreparingRebalance state. Created a new member id follower-instance-id-241c8722-d925-4def-8644-c6c578c9d71b for this member and added to the group. (org.apache.kafka.coordinator.group.GroupMetadataManager:2072)
[2024-04-09 14:19:21,756] INFO Stabilized group group-id generation 1 with 2 members. (org.apache.kafka.coordinator.group.GroupMetadataManager:2361)
[2024-04-09 14:19:21,760] INFO Assignment received from leader leader-instance-id-ce044db1-d2ed-44e0-9ba6-35cda5d1dfd3 for group group-id for generation 1. The group has 2 members, 2 of which are static. (org.apache.kafka.coordinator.group.GroupMetadataManager:3068)
[2024-04-09 14:19:21,941] DEBUG Creating in-memory snapshot 0 (org.apache.kafka.timeline.SnapshotRegistry:203)
[2024-04-09 14:19:21,942] INFO Dynamic member with unknown member id joins group group-id in Empty state. Created a new member id client-c39f15ce-ed27-4dac-9568-03bcc78e6186 and requesting the member to rejoin with this id. (org.apache.kafka.coordinator.group.GroupMetadataManager:2105)
[2024-04-09 14:19:21,945] DEBUG Pending dynamic member with id client-c39f15ce-ed27-4dac-9568-03bcc78e6186 joins group group-id in Empty state. Adding to the group now. (org.apache.kafka.coordinator.group.GroupMetadataManager:2175)
[2024-04-09 14:19:21,946] INFO Preparing to rebalance group group-id in state PreparingRebalance with old generation 0 (reason: Adding new member client-c39f15ce-ed27-4dac-9568-03bcc78e6186 with group instance id null; client reason: not provided). (org.apache.kafka.coordinator.group.GroupMetadataManager:2642)
[2024-04-09 14:19:21,948] INFO Stabilized group group-id generation 1 with 1 members. (org.apache.kafka.coordinator.group.GroupMetadataManager:2361)
[2024-04-09 14:19:21,948] INFO Assignment received from leader client-c39f15ce-ed27-4dac-9568-03bcc78e6186 for group group-id for generation 1. The group has 1 members, 0 of which are static. (org.apache.kafka.coordinator.group.GroupMetadataManager:3068)
[2024-04-09 14:19:21,953] WARN Sending empty assignment to member client-c39f15ce-ed27-4dac-9568-03bcc78e6186 of group-id for generation 1 with no errors (org.apache.kafka.coordinator.group.GroupMetadataManager:2758)
[2024-04-09 14:19:21,956] INFO Dynamic member with unknown member id joins group group-id in state Stable. Created a new member id client-4e8e5982-b8ee-4632-9ec3-e65a46c2e058 and added the member to the group. (org.apache.kafka.coordinator.group.GroupMetadataManager:2125)
[2024-04-09 14:19:21,957] INFO Preparing to rebalance group group-id in state PreparingRebalance with old generation 1 (reason: Adding new member client-4e8e5982-b8ee-4632-9ec3-e65a46c2e058 with group instance id null; client reason: not provided). (org.apache.kafka.coordinator.group.GroupMetadataManager:2642)
[2024-04-09 14:19:21,969] INFO Stabilized group group-id generation 2 with 2 members. (org.apache.kafka.coordinator.group.GroupMetadataManager:2361)
[2024-04-09 14:19:21,970] INFO Assignment received from leader client-c39f15ce-ed27-4dac-9568-03bcc78e6186 for group group-id for generation 2. The group has 2 members, 0 of which are static. (org.apache.kafka.coordinator.group.GroupMetadataManager:3068)
[2024-04-09 14:19:21,970] WARN Setting empty assignments for members {client-4e8e5982-b8ee-4632-9ec3-e65a46c2e058=[B@66434cc8} of group-id for generation 2. (org.apache.kafka.coordinator.group.GroupMetadataManager:3088)
[2024-04-09 14:19:21,971] WARN Sending empty assignment to member client-4e8e5982-b8ee-4632-9ec3-e65a46c2e058 of group-id for generation 2 with no errors (org.apache.kafka.coordinator.group.GroupMetadataManager:2758)
[2024-04-09 14:19:21,971] WARN Sending empty assignment to member client-c39f15ce-ed27-4dac-9568-03bcc78e6186 of group-id for generation 2 with no errors (org.apache.kafka.coordinator.group.GroupMetadataManager:2758)
[2024-04-09 14:19:21,979] INFO Preparing to rebalance group group-id in state PreparingRebalance with old generation 2 (reason: Leader client-c39f15ce-ed27-4dac-9568-03bcc78e6186 re-joining group during Stable; client reason: not provided). (org.apache.kafka.coordinator.group.GroupMetadataManager:2642)
[2024-04-09 14:19:21,980] INFO Dynamic member with unknown member id joins group group-id in PreparingRebalance state. Created a new member id client-e68e3175-56ad-494b-be9d-d8675c0e7a09 and requesting the member to rejoin with this id. (org.apache.kafka.coordinator.group.GroupMetadataManager:2105)
[2024-04-09 14:19:21,980] INFO [Group group-id] Pending member client-e68e3175-56ad-494b-be9d-d8675c0e7a09 has left group through explicit `LeaveGroup` request; client reason: not provided (org.apache.kafka.coordinator.group.GroupMetadataManager:3333)
[2024-04-09 14:19:21,984] INFO Stabilized group group-id generation 3 with 2 members. (org.apache.kafka.coordinator.group.GroupMetadataManager:2361)
[2024-04-09 14:19:22,039] DEBUG Creating in-memory snapshot 0 (org.apache.kafka.timeline.SnapshotRegistry:203)
[2024-04-09 14:19:22,044] WARN Failed to parse Consumer Protocol consumer:range of group group-id. Consumer group coordinator is not aware of the subscribed topics. (org.apache.kafka.coordinator.group.classic.ClassicGroup:1175)
org.apache.kafka.common.protocol.types.SchemaException: Buffer underflow while parsing consumer protocol's subscription
	at org.apache.kafka.clients.consumer.internals.ConsumerProtocol.deserializeSubscription(ConsumerProtocol.java:120)
	at org.apache.kafka.coordinator.group.classic.ClassicGroup.lambda$computeSubscribedTopics$17(ClassicGroup.java:1170)
	at java.util.HashMap$Values.forEach(HashMap.java:981)
	at org.apache.kafka.coordinator.group.classic.ClassicGroup.computeSubscribedTopics(ClassicGroup.java:1163)
	at org.apache.kafka.coordinator.group.GroupMetadataManager.replay(GroupMetadataManager.java:1867)
	at org.apache.kafka.coordinator.group.GroupMetadataManagerTest$GroupMetadataManagerTestContext.replay(GroupMetadataManagerTest.java:1195)
	at org.apache.kafka.coordinator.group.GroupMetadataManagerTest$GroupMetadataManagerTestContext.access$000(GroupMetadataManagerTest.java:312)
	at org.apache.kafka.coordinator.group.GroupMetadataManagerTest.testDescribeGroupStable(GroupMetadataManagerTest.java:9794)
	at sun.reflect.NativeMethodAccessorImpl.invoke0(Native Method)
	at sun.reflect.NativeMethodAccessorImpl.invoke(NativeMethodAccessorImpl.java:62)
	at sun.reflect.DelegatingMethodAccessorImpl.invoke(DelegatingMethodAccessorImpl.java:43)
	at java.lang.reflect.Method.invoke(Method.java:498)
	at org.junit.platform.commons.util.ReflectionUtils.invokeMethod(ReflectionUtils.java:728)
	at org.junit.jupiter.engine.execution.MethodInvocation.proceed(MethodInvocation.java:60)
	at org.junit.jupiter.engine.execution.InvocationInterceptorChain$ValidatingInvocation.proceed(InvocationInterceptorChain.java:131)
	at org.junit.jupiter.engine.extension.TimeoutExtension.intercept(TimeoutExtension.java:156)
	at org.junit.jupiter.engine.extension.TimeoutExtension.interceptTestableMethod(TimeoutExtension.java:147)
	at org.junit.jupiter.engine.extension.TimeoutExtension.interceptTestMethod(TimeoutExtension.java:86)
	at org.junit.jupiter.engine.execution.InterceptingExecutableInvoker$ReflectiveInterceptorCall.lambda$ofVoidMethod$0(InterceptingExecutableInvoker.java:103)
	at org.junit.jupiter.engine.execution.InterceptingExecutableInvoker.lambda$invoke$0(InterceptingExecutableInvoker.java:93)
	at org.junit.jupiter.engine.execution.InvocationInterceptorChain$InterceptedInvocation.proceed(InvocationInterceptorChain.java:106)
	at org.junit.jupiter.engine.execution.InvocationInterceptorChain.proceed(InvocationInterceptorChain.java:64)
	at org.junit.jupiter.engine.execution.InvocationInterceptorChain.chainAndInvoke(InvocationInterceptorChain.java:45)
	at org.junit.jupiter.engine.execution.InvocationInterceptorChain.invoke(InvocationInterceptorChain.java:37)
	at org.junit.jupiter.engine.execution.InterceptingExecutableInvoker.invoke(InterceptingExecutableInvoker.java:92)
	at org.junit.jupiter.engine.execution.InterceptingExecutableInvoker.invoke(InterceptingExecutableInvoker.java:86)
	at org.junit.jupiter.engine.descriptor.TestMethodTestDescriptor.lambda$invokeTestMethod$7(TestMethodTestDescriptor.java:218)
	at org.junit.platform.engine.support.hierarchical.ThrowableCollector.execute(ThrowableCollector.java:73)
	at org.junit.jupiter.engine.descriptor.TestMethodTestDescriptor.invokeTestMethod(TestMethodTestDescriptor.java:214)
	at org.junit.jupiter.engine.descriptor.TestMethodTestDescriptor.execute(TestMethodTestDescriptor.java:139)
	at org.junit.jupiter.engine.descriptor.TestMethodTestDescriptor.execute(TestMethodTestDescriptor.java:69)
	at org.junit.platform.engine.support.hierarchical.NodeTestTask.lambda$executeRecursively$6(NodeTestTask.java:151)
	at org.junit.platform.engine.support.hierarchical.ThrowableCollector.execute(ThrowableCollector.java:73)
	at org.junit.platform.engine.support.hierarchical.NodeTestTask.lambda$executeRecursively$8(NodeTestTask.java:141)
	at org.junit.platform.engine.support.hierarchical.Node.around(Node.java:137)
	at org.junit.platform.engine.support.hierarchical.NodeTestTask.lambda$executeRecursively$9(NodeTestTask.java:139)
	at org.junit.platform.engine.support.hierarchical.ThrowableCollector.execute(ThrowableCollector.java:73)
	at org.junit.platform.engine.support.hierarchical.NodeTestTask.executeRecursively(NodeTestTask.java:138)
	at org.junit.platform.engine.support.hierarchical.NodeTestTask.execute(NodeTestTask.java:95)
	at java.util.ArrayList.forEach(ArrayList.java:1259)
	at org.junit.platform.engine.support.hierarchical.SameThreadHierarchicalTestExecutorService.invokeAll(SameThreadHierarchicalTestExecutorService.java:41)
	at org.junit.platform.engine.support.hierarchical.NodeTestTask.lambda$executeRecursively$6(NodeTestTask.java:155)
	at org.junit.platform.engine.support.hierarchical.ThrowableCollector.execute(ThrowableCollector.java:73)
	at org.junit.platform.engine.support.hierarchical.NodeTestTask.lambda$executeRecursively$8(NodeTestTask.java:141)
	at org.junit.platform.engine.support.hierarchical.Node.around(Node.java:137)
	at org.junit.platform.engine.support.hierarchical.NodeTestTask.lambda$executeRecursively$9(NodeTestTask.java:139)
	at org.junit.platform.engine.support.hierarchical.ThrowableCollector.execute(ThrowableCollector.java:73)
	at org.junit.platform.engine.support.hierarchical.NodeTestTask.executeRecursively(NodeTestTask.java:138)
	at org.junit.platform.engine.support.hierarchical.NodeTestTask.execute(NodeTestTask.java:95)
	at java.util.ArrayList.forEach(ArrayList.java:1259)
	at org.junit.platform.engine.support.hierarchical.SameThreadHierarchicalTestExecutorService.invokeAll(SameThreadHierarchicalTestExecutorService.java:41)
	at org.junit.platform.engine.support.hierarchical.NodeTestTask.lambda$executeRecursively$6(NodeTestTask.java:155)
	at org.junit.platform.engine.support.hierarchical.ThrowableCollector.execute(ThrowableCollector.java:73)
	at org.junit.platform.engine.support.hierarchical.NodeTestTask.lambda$executeRecursively$8(NodeTestTask.java:141)
	at org.junit.platform.engine.support.hierarchical.Node.around(Node.java:137)
	at org.junit.platform.engine.support.hierarchical.NodeTestTask.lambda$executeRecursively$9(NodeTestTask.java:139)
	at org.junit.platform.engine.support.hierarchical.ThrowableCollector.execute(ThrowableCollector.java:73)
	at org.junit.platform.engine.support.hierarchical.NodeTestTask.executeRecursively(NodeTestTask.java:138)
	at org.junit.platform.engine.support.hierarchical.NodeTestTask.execute(NodeTestTask.java:95)
	at org.junit.platform.engine.support.hierarchical.SameThreadHierarchicalTestExecutorService.submit(SameThreadHierarchicalTestExecutorService.java:35)
	at org.junit.platform.engine.support.hierarchical.HierarchicalTestExecutor.execute(HierarchicalTestExecutor.java:57)
	at org.junit.platform.engine.support.hierarchical.HierarchicalTestEngine.execute(HierarchicalTestEngine.java:54)
	at org.junit.platform.launcher.core.EngineExecutionOrchestrator.execute(EngineExecutionOrchestrator.java:107)
	at org.junit.platform.launcher.core.EngineExecutionOrchestrator.execute(EngineExecutionOrchestrator.java:88)
	at org.junit.platform.launcher.core.EngineExecutionOrchestrator.lambda$execute$0(EngineExecutionOrchestrator.java:54)
	at org.junit.platform.launcher.core.EngineExecutionOrchestrator.withInterceptedStreams(EngineExecutionOrchestrator.java:67)
	at org.junit.platform.launcher.core.EngineExecutionOrchestrator.execute(EngineExecutionOrchestrator.java:52)
	at org.junit.platform.launcher.core.DefaultLauncher.execute(DefaultLauncher.java:114)
	at org.junit.platform.launcher.core.DefaultLauncher.execute(DefaultLauncher.java:86)
	at org.junit.platform.launcher.core.DefaultLauncherSession$DelegatingLauncher.execute(DefaultLauncherSession.java:86)
	at org.gradle.api.internal.tasks.testing.junitplatform.JUnitPlatformTestClassProcessor$CollectAllTestClassesExecutor.processAllTestClasses(JUnitPlatformTestClassProcessor.java:119)
	at org.gradle.api.internal.tasks.testing.junitplatform.JUnitPlatformTestClassProcessor$CollectAllTestClassesExecutor.access$000(JUnitPlatformTestClassProcessor.java:94)
	at org.gradle.api.internal.tasks.testing.junitplatform.JUnitPlatformTestClassProcessor.stop(JUnitPlatformTestClassProcessor.java:89)
	at org.gradle.api.internal.tasks.testing.SuiteTestClassProcessor.stop(SuiteTestClassProcessor.java:62)
	at sun.reflect.NativeMethodAccessorImpl.invoke0(Native Method)
	at sun.reflect.NativeMethodAccessorImpl.invoke(NativeMethodAccessorImpl.java:62)
	at sun.reflect.DelegatingMethodAccessorImpl.invoke(DelegatingMethodAccessorImpl.java:43)
	at java.lang.reflect.Method.invoke(Method.java:498)
	at org.gradle.internal.dispatch.ReflectionDispatch.dispatch(ReflectionDispatch.java:36)
	at org.gradle.internal.dispatch.ReflectionDispatch.dispatch(ReflectionDispatch.java:24)
	at org.gradle.internal.dispatch.ContextClassLoaderDispatch.dispatch(ContextClassLoaderDispatch.java:33)
	at org.gradle.internal.dispatch.ProxyDispatchAdapter$DispatchingInvocationHandler.invoke(ProxyDispatchAdapter.java:94)
	at com.sun.proxy.$Proxy2.stop(Unknown Source)
	at org.gradle.api.internal.tasks.testing.worker.TestWorker$3.run(TestWorker.java:193)
	at org.gradle.api.internal.tasks.testing.worker.TestWorker.executeAndMaintainThreadName(TestWorker.java:129)
	at org.gradle.api.internal.tasks.testing.worker.TestWorker.execute(TestWorker.java:100)
	at org.gradle.api.internal.tasks.testing.worker.TestWorker.execute(TestWorker.java:60)
	at org.gradle.process.internal.worker.child.ActionExecutionWorker.execute(ActionExecutionWorker.java:56)
	at org.gradle.process.internal.worker.child.SystemApplicationClassLoaderWorker.call(SystemApplicationClassLoaderWorker.java:113)
	at org.gradle.process.internal.worker.child.SystemApplicationClassLoaderWorker.call(SystemApplicationClassLoaderWorker.java:65)
	at worker.org.gradle.process.internal.worker.GradleWorkerMain.run(GradleWorkerMain.java:69)
	at worker.org.gradle.process.internal.worker.GradleWorkerMain.main(GradleWorkerMain.java:74)
Caused by: java.nio.BufferUnderflowException
	at java.nio.Buffer.nextGetIndex(Buffer.java:510)
	at java.nio.HeapByteBuffer.getInt(HeapByteBuffer.java:375)
	at org.apache.kafka.common.protocol.ByteBufferAccessor.readInt(ByteBufferAccessor.java:43)
	at org.apache.kafka.common.message.ConsumerProtocolSubscription.read(ConsumerProtocolSubscription.java:126)
	at org.apache.kafka.common.message.ConsumerProtocolSubscription.<init>(ConsumerProtocolSubscription.java:96)
	at org.apache.kafka.clients.consumer.internals.ConsumerProtocol.deserializeSubscription(ConsumerProtocol.java:103)
	... 91 more
[2024-04-09 14:19:22,049] DEBUG Creating in-memory snapshot 1 (org.apache.kafka.timeline.SnapshotRegistry:203)
[2024-04-09 14:19:22,108] DEBUG Creating in-memory snapshot 0 (org.apache.kafka.timeline.SnapshotRegistry:203)
[2024-04-09 14:19:22,114] INFO Static member with groupInstanceId=leader-instance-id and unknown member id joins group group-id in Empty state. Created a new member id leader-instance-id-eeaacf91-39fe-476d-ae7a-7bd27d71ad9b for this member and added to the group. (org.apache.kafka.coordinator.group.GroupMetadataManager:2072)
[2024-04-09 14:19:22,116] INFO Preparing to rebalance group group-id in state PreparingRebalance with old generation 0 (reason: Adding new member leader-instance-id-eeaacf91-39fe-476d-ae7a-7bd27d71ad9b with group instance id leader-instance-id; client reason: not provided). (org.apache.kafka.coordinator.group.GroupMetadataManager:2642)
[2024-04-09 14:19:22,116] INFO Static member with groupInstanceId=follower-instance-id and unknown member id joins group group-id in PreparingRebalance state. Created a new member id follower-instance-id-c738b3df-0d35-403f-82eb-276a4366870c for this member and added to the group. (org.apache.kafka.coordinator.group.GroupMetadataManager:2072)
[2024-04-09 14:19:22,119] INFO Stabilized group group-id generation 1 with 2 members. (org.apache.kafka.coordinator.group.GroupMetadataManager:2361)
[2024-04-09 14:19:22,122] INFO Assignment received from leader leader-instance-id-eeaacf91-39fe-476d-ae7a-7bd27d71ad9b for group group-id for generation 1. The group has 2 members, 2 of which are static. (org.apache.kafka.coordinator.group.GroupMetadataManager:3068)
[2024-04-09 14:19:22,160] DEBUG Creating in-memory snapshot 0 (org.apache.kafka.timeline.SnapshotRegistry:203)
[2024-04-09 14:19:22,182] INFO Dynamic member with unknown member id joins group group-id in Empty state. Created a new member id client-2bd5dea7-89ef-4034-b268-364115d5a312 and requesting the member to rejoin with this id. (org.apache.kafka.coordinator.group.GroupMetadataManager:2105)
[2024-04-09 14:19:22,183] DEBUG Pending dynamic member with id client-2bd5dea7-89ef-4034-b268-364115d5a312 joins group group-id in Empty state. Adding to the group now. (org.apache.kafka.coordinator.group.GroupMetadataManager:2175)
[2024-04-09 14:19:22,183] INFO Preparing to rebalance group group-id in state PreparingRebalance with old generation 0 (reason: Adding new member client-2bd5dea7-89ef-4034-b268-364115d5a312 with group instance id null; client reason: not provided). (org.apache.kafka.coordinator.group.GroupMetadataManager:2642)
[2024-04-09 14:19:22,188] INFO Stabilized group group-id generation 1 with 1 members. (org.apache.kafka.coordinator.group.GroupMetadataManager:2361)
[2024-04-09 14:19:22,188] INFO Assignment received from leader client-2bd5dea7-89ef-4034-b268-364115d5a312 for group group-id for generation 1. The group has 1 members, 0 of which are static. (org.apache.kafka.coordinator.group.GroupMetadataManager:3068)
[2024-04-09 14:19:22,188] WARN Setting empty assignments for members {client-2bd5dea7-89ef-4034-b268-364115d5a312=[B@66434cc8} of group-id for generation 1. (org.apache.kafka.coordinator.group.GroupMetadataManager:3088)
[2024-04-09 14:19:22,189] WARN Sending empty assignment to member client-2bd5dea7-89ef-4034-b268-364115d5a312 of group-id for generation 1 with no errors (org.apache.kafka.coordinator.group.GroupMetadataManager:2758)
[2024-04-09 14:19:22,218] DEBUG Creating in-memory snapshot 0 (org.apache.kafka.timeline.SnapshotRegistry:203)
[2024-04-09 14:19:22,272] DEBUG Creating in-memory snapshot 0 (org.apache.kafka.timeline.SnapshotRegistry:203)
[2024-04-09 14:19:22,275] INFO Static member with groupInstanceId=leader-instance-id and unknown member id joins group group-id in Empty state. Created a new member id leader-instance-id-c399d927-3682-4948-ae16-991254b15dfe for this member and added to the group. (org.apache.kafka.coordinator.group.GroupMetadataManager:2072)
[2024-04-09 14:19:22,277] INFO Preparing to rebalance group group-id in state PreparingRebalance with old generation 0 (reason: Adding new member leader-instance-id-c399d927-3682-4948-ae16-991254b15dfe with group instance id leader-instance-id; client reason: not provided). (org.apache.kafka.coordinator.group.GroupMetadataManager:2642)
[2024-04-09 14:19:22,277] INFO Static member with groupInstanceId=follower-instance-id and unknown member id joins group group-id in PreparingRebalance state. Created a new member id follower-instance-id-222b9be2-e591-4d7f-8a04-344f9b395e50 for this member and added to the group. (org.apache.kafka.coordinator.group.GroupMetadataManager:2072)
[2024-04-09 14:19:22,278] INFO Stabilized group group-id generation 1 with 2 members. (org.apache.kafka.coordinator.group.GroupMetadataManager:2361)
[2024-04-09 14:19:22,278] INFO Assignment received from leader leader-instance-id-c399d927-3682-4948-ae16-991254b15dfe for group group-id for generation 1. The group has 2 members, 2 of which are static. (org.apache.kafka.coordinator.group.GroupMetadataManager:3068)
[2024-04-09 14:19:22,279] INFO Preparing to rebalance group group-id in state PreparingRebalance with old generation 1 (reason: Leader leader-instance-id-c399d927-3682-4948-ae16-991254b15dfe re-joining group during Stable; client reason: not provided). (org.apache.kafka.coordinator.group.GroupMetadataManager:2642)
[2024-04-09 14:19:22,282] INFO Stabilized group group-id generation 2 with 2 members. (org.apache.kafka.coordinator.group.GroupMetadataManager:2361)
[2024-04-09 14:19:22,292] INFO Static member with groupInstanceId=follower-instance-id and unknown member id joins group group-id in CompletingRebalance state. Replacing previously mapped member follower-instance-id-222b9be2-e591-4d7f-8a04-344f9b395e50 with this groupInstanceId. (org.apache.kafka.coordinator.group.GroupMetadataManager:2059)
[2024-04-09 14:19:22,293] INFO Preparing to rebalance group group-id in state PreparingRebalance with old generation 2 (reason: Updating metadata for static member follower-instance-id-8c1b0ab5-2612-4f30-be20-8bc04469df60 with instance id follower-instance-id; client reason: not provided). (org.apache.kafka.coordinator.group.GroupMetadataManager:2642)
[2024-04-09 14:19:22,293] INFO Member leader-instance-id-c399d927-3682-4948-ae16-991254b15dfe in group group-id has failed, removing it from the group. (org.apache.kafka.coordinator.group.GroupMetadataManager:2436)
[2024-04-09 14:19:22,296] INFO Stabilized group group-id generation 3 with 1 members. (org.apache.kafka.coordinator.group.GroupMetadataManager:2361)
[2024-04-09 14:19:22,309] DEBUG Member follower-instance-id-222b9be2-e591-4d7f-8a04-344f9b395e50 has already been removed from the group. (org.apache.kafka.coordinator.group.GroupMetadataManager:2432)
[2024-04-09 14:19:22,317] DEBUG Creating in-memory snapshot 0 (org.apache.kafka.timeline.SnapshotRegistry:203)
[2024-04-09 14:19:22,336] DEBUG Creating in-memory snapshot 0 (org.apache.kafka.timeline.SnapshotRegistry:203)
[2024-04-09 14:19:22,340] INFO Static member with groupInstanceId=leader-instance-id and unknown member id joins group group-id in Empty state. Created a new member id leader-instance-id-393e9ea7-9bfa-4c4c-89bf-ea0142717486 for this member and added to the group. (org.apache.kafka.coordinator.group.GroupMetadataManager:2072)
[2024-04-09 14:19:22,344] INFO Preparing to rebalance group group-id in state PreparingRebalance with old generation 0 (reason: Adding new member leader-instance-id-393e9ea7-9bfa-4c4c-89bf-ea0142717486 with group instance id leader-instance-id; client reason: not provided). (org.apache.kafka.coordinator.group.GroupMetadataManager:2642)
[2024-04-09 14:19:22,345] INFO Stabilized group group-id generation 1 with 1 members. (org.apache.kafka.coordinator.group.GroupMetadataManager:2361)
[2024-04-09 14:19:22,345] INFO Assignment received from leader leader-instance-id-393e9ea7-9bfa-4c4c-89bf-ea0142717486 for group group-id for generation 1. The group has 1 members, 1 of which are static. (org.apache.kafka.coordinator.group.GroupMetadataManager:3068)
[2024-04-09 14:19:22,345] WARN Setting empty assignments for members {leader-instance-id-393e9ea7-9bfa-4c4c-89bf-ea0142717486=[B@66434cc8} of group-id for generation 1. (org.apache.kafka.coordinator.group.GroupMetadataManager:3088)
[2024-04-09 14:19:22,346] WARN Sending empty assignment to member leader-instance-id-393e9ea7-9bfa-4c4c-89bf-ea0142717486 of group-id for generation 1 with no errors (org.apache.kafka.coordinator.group.GroupMetadataManager:2758)
[2024-04-09 14:19:22,346] INFO Dynamic member with unknown member id joins group group-id in state Stable. Created a new member id client-349ec5cc-2a6c-4553-971e-8bbbc49f3e59 and added the member to the group. (org.apache.kafka.coordinator.group.GroupMetadataManager:2125)
[2024-04-09 14:19:22,346] INFO Preparing to rebalance group group-id in state PreparingRebalance with old generation 1 (reason: Adding new member client-349ec5cc-2a6c-4553-971e-8bbbc49f3e59 with group instance id null; client reason: not provided). (org.apache.kafka.coordinator.group.GroupMetadataManager:2642)
[2024-04-09 14:19:22,347] INFO Group leader [memberId: leader-instance-id-393e9ea7-9bfa-4c4c-89bf-ea0142717486, groupInstanceId: leader-instance-id] failed to join before the rebalance timeout. Member ClassicGroupMember(memberId='client-349ec5cc-2a6c-4553-971e-8bbbc49f3e59', groupInstanceId='', clientId='client', clientHost='localhost/127.0.0.1', rebalanceTimeoutMs=10000, sessionTimeoutMs=2500, protocolType='consumer', supportedProtocols=[range]) was elected as the new leader. (org.apache.kafka.coordinator.group.classic.ClassicGroup:501)
[2024-04-09 14:19:22,349] INFO Stabilized group group-id generation 2 with 2 members. (org.apache.kafka.coordinator.group.GroupMetadataManager:2361)
[2024-04-09 14:19:22,350] INFO Assignment received from leader client-349ec5cc-2a6c-4553-971e-8bbbc49f3e59 for group group-id for generation 2. The group has 2 members, 1 of which are static. (org.apache.kafka.coordinator.group.GroupMetadataManager:3068)
[2024-04-09 14:19:22,350] WARN Setting empty assignments for members {leader-instance-id-393e9ea7-9bfa-4c4c-89bf-ea0142717486=[B@66434cc8, client-349ec5cc-2a6c-4553-971e-8bbbc49f3e59=[B@66434cc8} of group-id for generation 2. (org.apache.kafka.coordinator.group.GroupMetadataManager:3088)
[2024-04-09 14:19:22,350] WARN Sending empty assignment to member leader-instance-id-393e9ea7-9bfa-4c4c-89bf-ea0142717486 of group-id for generation 2 with no errors (org.apache.kafka.coordinator.group.GroupMetadataManager:2758)
[2024-04-09 14:19:22,350] WARN Sending empty assignment to member client-349ec5cc-2a6c-4553-971e-8bbbc49f3e59 of group-id for generation 2 with no errors (org.apache.kafka.coordinator.group.GroupMetadataManager:2758)
[2024-04-09 14:19:22,351] INFO Member leader-instance-id-393e9ea7-9bfa-4c4c-89bf-ea0142717486 in group group-id has failed, removing it from the group. (org.apache.kafka.coordinator.group.GroupMetadataManager:2436)
[2024-04-09 14:19:22,352] INFO Preparing to rebalance group group-id in state PreparingRebalance with old generation 2 (reason: removing member leader-instance-id-393e9ea7-9bfa-4c4c-89bf-ea0142717486 on heartbeat expiration.). (org.apache.kafka.coordinator.group.GroupMetadataManager:2642)
[2024-04-09 14:19:22,355] INFO Stabilized group group-id generation 3 with 1 members. (org.apache.kafka.coordinator.group.GroupMetadataManager:2361)
[2024-04-09 14:19:22,355] INFO Assignment received from leader client-349ec5cc-2a6c-4553-971e-8bbbc49f3e59 for group group-id for generation 3. The group has 1 members, 0 of which are static. (org.apache.kafka.coordinator.group.GroupMetadataManager:3068)
[2024-04-09 14:19:22,355] WARN Setting empty assignments for members {client-349ec5cc-2a6c-4553-971e-8bbbc49f3e59=[B@66434cc8} of group-id for generation 3. (org.apache.kafka.coordinator.group.GroupMetadataManager:3088)
[2024-04-09 14:19:22,355] WARN Sending empty assignment to member client-349ec5cc-2a6c-4553-971e-8bbbc49f3e59 of group-id for generation 3 with no errors (org.apache.kafka.coordinator.group.GroupMetadataManager:2758)
[2024-04-09 14:19:22,364] DEBUG Creating in-memory snapshot 0 (org.apache.kafka.timeline.SnapshotRegistry:203)
[2024-04-09 14:19:22,368] INFO Static member with groupInstanceId=group-instance-id and unknown member id joins group group-id in Empty state. Created a new member id group-instance-id-42222d7b-a9c3-4359-a30a-12b3852d9b78 for this member and added to the group. (org.apache.kafka.coordinator.group.GroupMetadataManager:2072)
[2024-04-09 14:19:22,369] INFO Preparing to rebalance group group-id in state PreparingRebalance with old generation 0 (reason: Adding new member group-instance-id-42222d7b-a9c3-4359-a30a-12b3852d9b78 with group instance id group-instance-id; client reason: not provided). (org.apache.kafka.coordinator.group.GroupMetadataManager:2642)
[2024-04-09 14:19:22,370] INFO Stabilized group group-id generation 1 with 1 members. (org.apache.kafka.coordinator.group.GroupMetadataManager:2361)
[2024-04-09 14:19:22,371] INFO Static member with groupInstanceId=group-instance-id and unknown member id joins group group-id in CompletingRebalance state. Replacing previously mapped member group-instance-id-42222d7b-a9c3-4359-a30a-12b3852d9b78 with this groupInstanceId. (org.apache.kafka.coordinator.group.GroupMetadataManager:2059)
[2024-04-09 14:19:22,372] INFO Preparing to rebalance group group-id in state PreparingRebalance with old generation 1 (reason: Updating metadata for static member group-instance-id-1fb01c28-59cf-4e14-839e-3116c71b4dc0 with instance id group-instance-id; client reason: not provided). (org.apache.kafka.coordinator.group.GroupMetadataManager:2642)
[2024-04-09 14:19:22,373] INFO Stabilized group group-id generation 2 with 1 members. (org.apache.kafka.coordinator.group.GroupMetadataManager:2361)
[2024-04-09 14:19:22,394] DEBUG Creating in-memory snapshot 0 (org.apache.kafka.timeline.SnapshotRegistry:203)
[2024-04-09 14:19:22,396] INFO Dynamic member with unknown member id joins group group-id in Empty state. Created a new member id client-8b56b9be-d2e1-41ff-8d7f-07002f5b82ac and requesting the member to rejoin with this id. (org.apache.kafka.coordinator.group.GroupMetadataManager:2105)
[2024-04-09 14:19:22,396] INFO Pending member client-8b56b9be-d2e1-41ff-8d7f-07002f5b82ac in group group-id has been removed after session timeout expiration. (org.apache.kafka.coordinator.group.GroupMetadataManager:2427)
[2024-04-09 14:19:22,408] DEBUG Creating in-memory snapshot 0 (org.apache.kafka.timeline.SnapshotRegistry:203)
[2024-04-09 14:19:22,414] INFO Static member with groupInstanceId=leader-instance-id and unknown member id joins group group-id in Empty state. Created a new member id leader-instance-id-fda3e9b9-d8ce-4781-985d-825a7b05380d for this member and added to the group. (org.apache.kafka.coordinator.group.GroupMetadataManager:2072)
[2024-04-09 14:19:22,415] INFO Preparing to rebalance group group-id in state PreparingRebalance with old generation 0 (reason: Adding new member leader-instance-id-fda3e9b9-d8ce-4781-985d-825a7b05380d with group instance id leader-instance-id; client reason: not provided). (org.apache.kafka.coordinator.group.GroupMetadataManager:2642)
[2024-04-09 14:19:22,415] INFO Static member with groupInstanceId=follower-instance-id and unknown member id joins group group-id in PreparingRebalance state. Created a new member id follower-instance-id-ea8cc832-3a82-4b8e-be43-4f9e5125971b for this member and added to the group. (org.apache.kafka.coordinator.group.GroupMetadataManager:2072)
[2024-04-09 14:19:22,416] INFO Stabilized group group-id generation 1 with 2 members. (org.apache.kafka.coordinator.group.GroupMetadataManager:2361)
[2024-04-09 14:19:22,418] INFO Assignment received from leader leader-instance-id-fda3e9b9-d8ce-4781-985d-825a7b05380d for group group-id for generation 1. The group has 2 members, 2 of which are static. (org.apache.kafka.coordinator.group.GroupMetadataManager:3068)
[2024-04-09 14:19:22,428] INFO Static member with groupInstanceId=leader-instance-id and unknown member id joins group group-id in Stable state. Replacing previously mapped member leader-instance-id-fda3e9b9-d8ce-4781-985d-825a7b05380d with this groupInstanceId. (org.apache.kafka.coordinator.group.GroupMetadataManager:2059)
[2024-04-09 14:19:22,429] INFO Static member which joins during Stable stage and doesn't affect the selected protocol will not trigger a rebalance. (org.apache.kafka.coordinator.group.GroupMetadataManager:2943)
[2024-04-09 14:19:22,562] INFO Static member with groupInstanceId=leader-instance-id and unknown member id joins group group-id in Stable state. Replacing previously mapped member leader-instance-id-b52d400e-0b22-4a3b-98e9-1da63ff32f6e with this groupInstanceId. (org.apache.kafka.coordinator.group.GroupMetadataManager:2059)
[2024-04-09 14:19:22,564] INFO Static member which joins during Stable stage and doesn't affect the selected protocol will not trigger a rebalance. (org.apache.kafka.coordinator.group.GroupMetadataManager:2943)
[2024-04-09 14:19:22,564] INFO Static member with groupInstanceId=leader-instance-id and unknown member id joins group group-id in Stable state. Replacing previously mapped member leader-instance-id-d768944e-68e0-4e80-a81f-e574f20ee23d with this groupInstanceId. (org.apache.kafka.coordinator.group.GroupMetadataManager:2059)
[2024-04-09 14:19:22,564] INFO Static member which joins during Stable stage and doesn't affect the selected protocol will not trigger a rebalance. (org.apache.kafka.coordinator.group.GroupMetadataManager:2943)
[2024-04-09 14:19:22,565] INFO Static member with groupInstanceId=leader-instance-id and unknown member id joins group group-id in Stable state. Replacing previously mapped member leader-instance-id-53b70751-add2-4295-ad60-d3272eaeecbf with this groupInstanceId. (org.apache.kafka.coordinator.group.GroupMetadataManager:2059)
[2024-04-09 14:19:22,565] INFO Static member which joins during Stable stage and doesn't affect the selected protocol will not trigger a rebalance. (org.apache.kafka.coordinator.group.GroupMetadataManager:2943)
[2024-04-09 14:19:22,565] INFO Static member with groupInstanceId=leader-instance-id and unknown member id joins group group-id in Stable state. Replacing previously mapped member leader-instance-id-24780f82-6c3f-43d5-8fcb-9f408770abbf with this groupInstanceId. (org.apache.kafka.coordinator.group.GroupMetadataManager:2059)
[2024-04-09 14:19:22,571] INFO Static member which joins during Stable stage and doesn't affect the selected protocol will not trigger a rebalance. (org.apache.kafka.coordinator.group.GroupMetadataManager:2943)
[2024-04-09 14:19:22,581] DEBUG Creating in-memory snapshot 0 (org.apache.kafka.timeline.SnapshotRegistry:203)
[2024-04-09 14:19:22,832] DEBUG Creating in-memory snapshot 0 (org.apache.kafka.timeline.SnapshotRegistry:203)
[2024-04-09 14:19:22,833] INFO Static member with groupInstanceId=group-instance-id and unknown member id joins group group-id in Empty state. Created a new member id group-instance-id-8c92e362-8872-4bb4-b62c-1f23e77bb95f for this member and added to the group. (org.apache.kafka.coordinator.group.GroupMetadataManager:2072)
[2024-04-09 14:19:22,834] INFO Preparing to rebalance group group-id in state PreparingRebalance with old generation 0 (reason: Adding new member group-instance-id-8c92e362-8872-4bb4-b62c-1f23e77bb95f with group instance id group-instance-id; client reason: not provided). (org.apache.kafka.coordinator.group.GroupMetadataManager:2642)
[2024-04-09 14:19:22,836] INFO Stabilized group group-id generation 1 with 1 members. (org.apache.kafka.coordinator.group.GroupMetadataManager:2361)
[2024-04-09 14:19:22,836] INFO [Group group-id] Member group-instance-id-8c92e362-8872-4bb4-b62c-1f23e77bb95f has left group through explicit `LeaveGroup` request; client reason: not provided (org.apache.kafka.coordinator.group.GroupMetadataManager:3410)
[2024-04-09 14:19:22,837] INFO Preparing to rebalance group group-id in state PreparingRebalance with old generation 1 (reason: explicit `LeaveGroup` request for () members.). (org.apache.kafka.coordinator.group.GroupMetadataManager:2642)
[2024-04-09 14:19:22,839] INFO Group group-id with generation 2 is now empty. (org.apache.kafka.coordinator.group.GroupMetadataManager:2342)
[2024-04-09 14:19:22,853] DEBUG Creating in-memory snapshot 0 (org.apache.kafka.timeline.SnapshotRegistry:203)
[2024-04-09 14:19:22,854] INFO Static member with groupInstanceId=leader-instance-id and unknown member id joins group group-id in Empty state. Created a new member id leader-instance-id-7b3df8fb-0384-4412-b2c1-1f9cf57525f1 for this member and added to the group. (org.apache.kafka.coordinator.group.GroupMetadataManager:2072)
[2024-04-09 14:19:22,854] INFO Preparing to rebalance group group-id in state PreparingRebalance with old generation 0 (reason: Adding new member leader-instance-id-7b3df8fb-0384-4412-b2c1-1f9cf57525f1 with group instance id leader-instance-id; client reason: not provided). (org.apache.kafka.coordinator.group.GroupMetadataManager:2642)
[2024-04-09 14:19:22,854] INFO Static member with groupInstanceId=follower-instance-id and unknown member id joins group group-id in PreparingRebalance state. Created a new member id follower-instance-id-7f0afb0e-665c-4838-8f89-3ac226165d4f for this member and added to the group. (org.apache.kafka.coordinator.group.GroupMetadataManager:2072)
[2024-04-09 14:19:22,856] INFO Stabilized group group-id generation 1 with 2 members. (org.apache.kafka.coordinator.group.GroupMetadataManager:2361)
[2024-04-09 14:19:22,862] INFO Assignment received from leader leader-instance-id-7b3df8fb-0384-4412-b2c1-1f9cf57525f1 for group group-id for generation 1. The group has 2 members, 2 of which are static. (org.apache.kafka.coordinator.group.GroupMetadataManager:3068)
[2024-04-09 14:19:22,864] WARN Attempt to add rejoining member leader-instance-id-7b3df8fb-0384-4412-b2c1-1f9cf57525f1 of group group-id in unexpected group state Empty (org.apache.kafka.coordinator.group.GroupMetadataManager:2275)
[2024-04-09 14:19:22,899] DEBUG Creating in-memory snapshot 0 (org.apache.kafka.timeline.SnapshotRegistry:203)
[2024-04-09 14:19:22,903] DEBUG Creating in-memory snapshot 0 (org.apache.kafka.timeline.SnapshotRegistry:203)
[2024-04-09 14:19:22,904] INFO Dynamic member with unknown member id joins group group-id in Empty state. Created a new member id client-54197b8f-02a0-4ae2-9eb7-ef636ac5c7de and requesting the member to rejoin with this id. (org.apache.kafka.coordinator.group.GroupMetadataManager:2105)
[2024-04-09 14:19:22,904] DEBUG Pending dynamic member with id client-54197b8f-02a0-4ae2-9eb7-ef636ac5c7de joins group group-id in Empty state. Adding to the group now. (org.apache.kafka.coordinator.group.GroupMetadataManager:2175)
[2024-04-09 14:19:22,907] INFO Preparing to rebalance group group-id in state PreparingRebalance with old generation 0 (reason: Adding new member client-54197b8f-02a0-4ae2-9eb7-ef636ac5c7de with group instance id null; client reason: not provided). (org.apache.kafka.coordinator.group.GroupMetadataManager:2642)
[2024-04-09 14:19:22,919] DEBUG Creating in-memory snapshot 0 (org.apache.kafka.timeline.SnapshotRegistry:203)
[2024-04-09 14:19:22,923] WARN Failed to parse Consumer Protocol consumer:range of group group-id. Consumer group coordinator is not aware of the subscribed topics. (org.apache.kafka.coordinator.group.classic.ClassicGroup:1175)
org.apache.kafka.common.protocol.types.SchemaException: Buffer underflow while parsing consumer protocol's subscription
	at org.apache.kafka.clients.consumer.internals.ConsumerProtocol.deserializeSubscription(ConsumerProtocol.java:120)
	at org.apache.kafka.coordinator.group.classic.ClassicGroup.lambda$computeSubscribedTopics$17(ClassicGroup.java:1170)
	at java.util.HashMap$Values.forEach(HashMap.java:981)
	at org.apache.kafka.coordinator.group.classic.ClassicGroup.computeSubscribedTopics(ClassicGroup.java:1163)
	at org.apache.kafka.coordinator.group.GroupMetadataManager.replay(GroupMetadataManager.java:1867)
	at org.apache.kafka.coordinator.group.GroupMetadataManagerTest$GroupMetadataManagerTestContext.replay(GroupMetadataManagerTest.java:1195)
	at org.apache.kafka.coordinator.group.GroupMetadataManagerTest$GroupMetadataManagerTestContext.access$000(GroupMetadataManagerTest.java:312)
	at org.apache.kafka.coordinator.group.GroupMetadataManagerTest.testDescribeGroupRebalancing(GroupMetadataManagerTest.java:9843)
	at sun.reflect.NativeMethodAccessorImpl.invoke0(Native Method)
	at sun.reflect.NativeMethodAccessorImpl.invoke(NativeMethodAccessorImpl.java:62)
	at sun.reflect.DelegatingMethodAccessorImpl.invoke(DelegatingMethodAccessorImpl.java:43)
	at java.lang.reflect.Method.invoke(Method.java:498)
	at org.junit.platform.commons.util.ReflectionUtils.invokeMethod(ReflectionUtils.java:728)
	at org.junit.jupiter.engine.execution.MethodInvocation.proceed(MethodInvocation.java:60)
	at org.junit.jupiter.engine.execution.InvocationInterceptorChain$ValidatingInvocation.proceed(InvocationInterceptorChain.java:131)
	at org.junit.jupiter.engine.extension.TimeoutExtension.intercept(TimeoutExtension.java:156)
	at org.junit.jupiter.engine.extension.TimeoutExtension.interceptTestableMethod(TimeoutExtension.java:147)
	at org.junit.jupiter.engine.extension.TimeoutExtension.interceptTestMethod(TimeoutExtension.java:86)
	at org.junit.jupiter.engine.execution.InterceptingExecutableInvoker$ReflectiveInterceptorCall.lambda$ofVoidMethod$0(InterceptingExecutableInvoker.java:103)
	at org.junit.jupiter.engine.execution.InterceptingExecutableInvoker.lambda$invoke$0(InterceptingExecutableInvoker.java:93)
	at org.junit.jupiter.engine.execution.InvocationInterceptorChain$InterceptedInvocation.proceed(InvocationInterceptorChain.java:106)
	at org.junit.jupiter.engine.execution.InvocationInterceptorChain.proceed(InvocationInterceptorChain.java:64)
	at org.junit.jupiter.engine.execution.InvocationInterceptorChain.chainAndInvoke(InvocationInterceptorChain.java:45)
	at org.junit.jupiter.engine.execution.InvocationInterceptorChain.invoke(InvocationInterceptorChain.java:37)
	at org.junit.jupiter.engine.execution.InterceptingExecutableInvoker.invoke(InterceptingExecutableInvoker.java:92)
	at org.junit.jupiter.engine.execution.InterceptingExecutableInvoker.invoke(InterceptingExecutableInvoker.java:86)
	at org.junit.jupiter.engine.descriptor.TestMethodTestDescriptor.lambda$invokeTestMethod$7(TestMethodTestDescriptor.java:218)
	at org.junit.platform.engine.support.hierarchical.ThrowableCollector.execute(ThrowableCollector.java:73)
	at org.junit.jupiter.engine.descriptor.TestMethodTestDescriptor.invokeTestMethod(TestMethodTestDescriptor.java:214)
	at org.junit.jupiter.engine.descriptor.TestMethodTestDescriptor.execute(TestMethodTestDescriptor.java:139)
	at org.junit.jupiter.engine.descriptor.TestMethodTestDescriptor.execute(TestMethodTestDescriptor.java:69)
	at org.junit.platform.engine.support.hierarchical.NodeTestTask.lambda$executeRecursively$6(NodeTestTask.java:151)
	at org.junit.platform.engine.support.hierarchical.ThrowableCollector.execute(ThrowableCollector.java:73)
	at org.junit.platform.engine.support.hierarchical.NodeTestTask.lambda$executeRecursively$8(NodeTestTask.java:141)
	at org.junit.platform.engine.support.hierarchical.Node.around(Node.java:137)
	at org.junit.platform.engine.support.hierarchical.NodeTestTask.lambda$executeRecursively$9(NodeTestTask.java:139)
	at org.junit.platform.engine.support.hierarchical.ThrowableCollector.execute(ThrowableCollector.java:73)
	at org.junit.platform.engine.support.hierarchical.NodeTestTask.executeRecursively(NodeTestTask.java:138)
	at org.junit.platform.engine.support.hierarchical.NodeTestTask.execute(NodeTestTask.java:95)
	at java.util.ArrayList.forEach(ArrayList.java:1259)
	at org.junit.platform.engine.support.hierarchical.SameThreadHierarchicalTestExecutorService.invokeAll(SameThreadHierarchicalTestExecutorService.java:41)
	at org.junit.platform.engine.support.hierarchical.NodeTestTask.lambda$executeRecursively$6(NodeTestTask.java:155)
	at org.junit.platform.engine.support.hierarchical.ThrowableCollector.execute(ThrowableCollector.java:73)
	at org.junit.platform.engine.support.hierarchical.NodeTestTask.lambda$executeRecursively$8(NodeTestTask.java:141)
	at org.junit.platform.engine.support.hierarchical.Node.around(Node.java:137)
	at org.junit.platform.engine.support.hierarchical.NodeTestTask.lambda$executeRecursively$9(NodeTestTask.java:139)
	at org.junit.platform.engine.support.hierarchical.ThrowableCollector.execute(ThrowableCollector.java:73)
	at org.junit.platform.engine.support.hierarchical.NodeTestTask.executeRecursively(NodeTestTask.java:138)
	at org.junit.platform.engine.support.hierarchical.NodeTestTask.execute(NodeTestTask.java:95)
	at java.util.ArrayList.forEach(ArrayList.java:1259)
	at org.junit.platform.engine.support.hierarchical.SameThreadHierarchicalTestExecutorService.invokeAll(SameThreadHierarchicalTestExecutorService.java:41)
	at org.junit.platform.engine.support.hierarchical.NodeTestTask.lambda$executeRecursively$6(NodeTestTask.java:155)
	at org.junit.platform.engine.support.hierarchical.ThrowableCollector.execute(ThrowableCollector.java:73)
	at org.junit.platform.engine.support.hierarchical.NodeTestTask.lambda$executeRecursively$8(NodeTestTask.java:141)
	at org.junit.platform.engine.support.hierarchical.Node.around(Node.java:137)
	at org.junit.platform.engine.support.hierarchical.NodeTestTask.lambda$executeRecursively$9(NodeTestTask.java:139)
	at org.junit.platform.engine.support.hierarchical.ThrowableCollector.execute(ThrowableCollector.java:73)
	at org.junit.platform.engine.support.hierarchical.NodeTestTask.executeRecursively(NodeTestTask.java:138)
	at org.junit.platform.engine.support.hierarchical.NodeTestTask.execute(NodeTestTask.java:95)
	at org.junit.platform.engine.support.hierarchical.SameThreadHierarchicalTestExecutorService.submit(SameThreadHierarchicalTestExecutorService.java:35)
	at org.junit.platform.engine.support.hierarchical.HierarchicalTestExecutor.execute(HierarchicalTestExecutor.java:57)
	at org.junit.platform.engine.support.hierarchical.HierarchicalTestEngine.execute(HierarchicalTestEngine.java:54)
	at org.junit.platform.launcher.core.EngineExecutionOrchestrator.execute(EngineExecutionOrchestrator.java:107)
	at org.junit.platform.launcher.core.EngineExecutionOrchestrator.execute(EngineExecutionOrchestrator.java:88)
	at org.junit.platform.launcher.core.EngineExecutionOrchestrator.lambda$execute$0(EngineExecutionOrchestrator.java:54)
	at org.junit.platform.launcher.core.EngineExecutionOrchestrator.withInterceptedStreams(EngineExecutionOrchestrator.java:67)
	at org.junit.platform.launcher.core.EngineExecutionOrchestrator.execute(EngineExecutionOrchestrator.java:52)
	at org.junit.platform.launcher.core.DefaultLauncher.execute(DefaultLauncher.java:114)
	at org.junit.platform.launcher.core.DefaultLauncher.execute(DefaultLauncher.java:86)
	at org.junit.platform.launcher.core.DefaultLauncherSession$DelegatingLauncher.execute(DefaultLauncherSession.java:86)
	at org.gradle.api.internal.tasks.testing.junitplatform.JUnitPlatformTestClassProcessor$CollectAllTestClassesExecutor.processAllTestClasses(JUnitPlatformTestClassProcessor.java:119)
	at org.gradle.api.internal.tasks.testing.junitplatform.JUnitPlatformTestClassProcessor$CollectAllTestClassesExecutor.access$000(JUnitPlatformTestClassProcessor.java:94)
	at org.gradle.api.internal.tasks.testing.junitplatform.JUnitPlatformTestClassProcessor.stop(JUnitPlatformTestClassProcessor.java:89)
	at org.gradle.api.internal.tasks.testing.SuiteTestClassProcessor.stop(SuiteTestClassProcessor.java:62)
	at sun.reflect.NativeMethodAccessorImpl.invoke0(Native Method)
	at sun.reflect.NativeMethodAccessorImpl.invoke(NativeMethodAccessorImpl.java:62)
	at sun.reflect.DelegatingMethodAccessorImpl.invoke(DelegatingMethodAccessorImpl.java:43)
	at java.lang.reflect.Method.invoke(Method.java:498)
	at org.gradle.internal.dispatch.ReflectionDispatch.dispatch(ReflectionDispatch.java:36)
	at org.gradle.internal.dispatch.ReflectionDispatch.dispatch(ReflectionDispatch.java:24)
	at org.gradle.internal.dispatch.ContextClassLoaderDispatch.dispatch(ContextClassLoaderDispatch.java:33)
	at org.gradle.internal.dispatch.ProxyDispatchAdapter$DispatchingInvocationHandler.invoke(ProxyDispatchAdapter.java:94)
	at com.sun.proxy.$Proxy2.stop(Unknown Source)
	at org.gradle.api.internal.tasks.testing.worker.TestWorker$3.run(TestWorker.java:193)
	at org.gradle.api.internal.tasks.testing.worker.TestWorker.executeAndMaintainThreadName(TestWorker.java:129)
	at org.gradle.api.internal.tasks.testing.worker.TestWorker.execute(TestWorker.java:100)
	at org.gradle.api.internal.tasks.testing.worker.TestWorker.execute(TestWorker.java:60)
	at org.gradle.process.internal.worker.child.ActionExecutionWorker.execute(ActionExecutionWorker.java:56)
	at org.gradle.process.internal.worker.child.SystemApplicationClassLoaderWorker.call(SystemApplicationClassLoaderWorker.java:113)
	at org.gradle.process.internal.worker.child.SystemApplicationClassLoaderWorker.call(SystemApplicationClassLoaderWorker.java:65)
	at worker.org.gradle.process.internal.worker.GradleWorkerMain.run(GradleWorkerMain.java:69)
	at worker.org.gradle.process.internal.worker.GradleWorkerMain.main(GradleWorkerMain.java:74)
Caused by: java.nio.BufferUnderflowException
	at java.nio.Buffer.nextGetIndex(Buffer.java:510)
	at java.nio.HeapByteBuffer.getInt(HeapByteBuffer.java:375)
	at org.apache.kafka.common.protocol.ByteBufferAccessor.readInt(ByteBufferAccessor.java:43)
	at org.apache.kafka.common.message.ConsumerProtocolSubscription.read(ConsumerProtocolSubscription.java:126)
	at org.apache.kafka.common.message.ConsumerProtocolSubscription.<init>(ConsumerProtocolSubscription.java:96)
	at org.apache.kafka.clients.consumer.internals.ConsumerProtocol.deserializeSubscription(ConsumerProtocol.java:103)
	... 91 more
[2024-04-09 14:19:22,959] DEBUG Creating in-memory snapshot 1 (org.apache.kafka.timeline.SnapshotRegistry:203)
[2024-04-09 14:19:22,966] INFO Preparing to rebalance group group-id in state PreparingRebalance with old generation 0 (reason: trigger rebalance). (org.apache.kafka.coordinator.group.GroupMetadataManager:2642)
[2024-04-09 14:19:23,019] DEBUG Creating in-memory snapshot 0 (org.apache.kafka.timeline.SnapshotRegistry:203)
[2024-04-09 14:19:23,120] DEBUG Creating in-memory snapshot 1 (org.apache.kafka.timeline.SnapshotRegistry:203)
[2024-04-09 14:19:23,121] DEBUG Creating in-memory snapshot 2 (org.apache.kafka.timeline.SnapshotRegistry:203)
[2024-04-09 14:19:23,123] DEBUG Creating in-memory snapshot 3 (org.apache.kafka.timeline.SnapshotRegistry:203)
[2024-04-09 14:19:23,129] DEBUG Creating in-memory snapshot 4 (org.apache.kafka.timeline.SnapshotRegistry:203)
[2024-04-09 14:19:23,131] DEBUG Creating in-memory snapshot 5 (org.apache.kafka.timeline.SnapshotRegistry:203)
[2024-04-09 14:19:23,150] DEBUG Creating in-memory snapshot 6 (org.apache.kafka.timeline.SnapshotRegistry:203)
[2024-04-09 14:19:23,151] INFO [GroupId fooup] Static member unknown-MQ8s4UnMQNuUqZV09lCUwQ with instance id MQ8s4UnMQNuUqZV09lCUwQ is fenced by existing member MQ8s4UnMQNuUqZV09lCUwQ. (org.apache.kafka.coordinator.group.GroupMetadataManager:903)
[2024-04-09 14:19:23,159] DEBUG Creating in-memory snapshot 0 (org.apache.kafka.timeline.SnapshotRegistry:203)
[2024-04-09 14:19:23,160] DEBUG Creating in-memory snapshot 1 (org.apache.kafka.timeline.SnapshotRegistry:203)
[2024-04-09 14:19:23,161] DEBUG Creating in-memory snapshot 2 (org.apache.kafka.timeline.SnapshotRegistry:203)
[2024-04-09 14:19:23,162] DEBUG Creating in-memory snapshot 3 (org.apache.kafka.timeline.SnapshotRegistry:203)
[2024-04-09 14:19:23,162] DEBUG Creating in-memory snapshot 4 (org.apache.kafka.timeline.SnapshotRegistry:203)
[2024-04-09 14:19:23,162] DEBUG Creating in-memory snapshot 5 (org.apache.kafka.timeline.SnapshotRegistry:203)
[2024-04-09 14:19:23,165] DEBUG Creating in-memory snapshot 6 (org.apache.kafka.timeline.SnapshotRegistry:203)
[2024-04-09 14:19:23,524] DEBUG Creating in-memory snapshot 0 (org.apache.kafka.timeline.SnapshotRegistry:203)
[2024-04-09 14:19:23,555] DEBUG Creating in-memory snapshot 1 (org.apache.kafka.timeline.SnapshotRegistry:203)
[2024-04-09 14:19:23,619] DEBUG Creating in-memory snapshot 0 (org.apache.kafka.timeline.SnapshotRegistry:203)
[2024-04-09 14:19:23,621] DEBUG Creating in-memory snapshot 1 (org.apache.kafka.timeline.SnapshotRegistry:203)
[2024-04-09 14:19:23,633] DEBUG Creating in-memory snapshot 0 (org.apache.kafka.timeline.SnapshotRegistry:203)
[2024-04-09 14:19:23,634] DEBUG Creating in-memory snapshot 1 (org.apache.kafka.timeline.SnapshotRegistry:203)
[2024-04-09 14:19:23,634] DEBUG Creating in-memory snapshot 2 (org.apache.kafka.timeline.SnapshotRegistry:203)
[2024-04-09 14:19:23,635] DEBUG Creating in-memory snapshot 3 (org.apache.kafka.timeline.SnapshotRegistry:203)
[2024-04-09 14:19:23,635] DEBUG Creating in-memory snapshot 4 (org.apache.kafka.timeline.SnapshotRegistry:203)
[2024-04-09 14:19:23,636] DEBUG Creating in-memory snapshot 5 (org.apache.kafka.timeline.SnapshotRegistry:203)
[2024-04-09 14:19:23,749] DEBUG Creating in-memory snapshot 0 (org.apache.kafka.timeline.SnapshotRegistry:203)
[2024-04-09 14:19:23,753] INFO Dynamic member with unknown member id joins group group-id in Empty state. Created a new member id client-6ecdca8d-187f-4739-a8dc-a7bb465fee5e and requesting the member to rejoin with this id. (org.apache.kafka.coordinator.group.GroupMetadataManager:2105)
[2024-04-09 14:19:23,753] DEBUG Pending dynamic member with id client-6ecdca8d-187f-4739-a8dc-a7bb465fee5e joins group group-id in Empty state. Adding to the group now. (org.apache.kafka.coordinator.group.GroupMetadataManager:2175)
[2024-04-09 14:19:23,789] INFO Preparing to rebalance group group-id in state PreparingRebalance with old generation 0 (reason: Adding new member client-6ecdca8d-187f-4739-a8dc-a7bb465fee5e with group instance id null; client reason: not provided). (org.apache.kafka.coordinator.group.GroupMetadataManager:2642)
[2024-04-09 14:19:23,798] INFO Stabilized group group-id generation 1 with 1 members. (org.apache.kafka.coordinator.group.GroupMetadataManager:2361)
[2024-04-09 14:19:23,819] INFO Assignment received from leader client-6ecdca8d-187f-4739-a8dc-a7bb465fee5e for group group-id for generation 1. The group has 1 members, 0 of which are static. (org.apache.kafka.coordinator.group.GroupMetadataManager:3068)
[2024-04-09 14:19:23,833] WARN Setting empty assignments for members {client-6ecdca8d-187f-4739-a8dc-a7bb465fee5e=[B@66434cc8} of group-id for generation 1. (org.apache.kafka.coordinator.group.GroupMetadataManager:3088)
[2024-04-09 14:19:23,839] WARN Sending empty assignment to member client-6ecdca8d-187f-4739-a8dc-a7bb465fee5e of group-id for generation 1 with no errors (org.apache.kafka.coordinator.group.GroupMetadataManager:2758)
[2024-04-09 14:19:23,840] INFO Dynamic member with unknown member id joins group group-id in state Stable. Created a new member id client-9029e88d-b15c-4611-a057-e4d34a1a8a91 and added the member to the group. (org.apache.kafka.coordinator.group.GroupMetadataManager:2125)
[2024-04-09 14:19:23,840] INFO Preparing to rebalance group group-id in state PreparingRebalance with old generation 1 (reason: Adding new member client-9029e88d-b15c-4611-a057-e4d34a1a8a91 with group instance id null; client reason: not provided). (org.apache.kafka.coordinator.group.GroupMetadataManager:2642)
[2024-04-09 14:19:23,858] INFO Stabilized group group-id generation 2 with 2 members. (org.apache.kafka.coordinator.group.GroupMetadataManager:2361)
[2024-04-09 14:19:23,861] INFO Member client-6ecdca8d-187f-4739-a8dc-a7bb465fee5e in group group-id has failed, removing it from the group. (org.apache.kafka.coordinator.group.GroupMetadataManager:2436)
[2024-04-09 14:19:23,875] INFO Preparing to rebalance group group-id in state PreparingRebalance with old generation 2 (reason: removing member client-6ecdca8d-187f-4739-a8dc-a7bb465fee5e on heartbeat expiration.). (org.apache.kafka.coordinator.group.GroupMetadataManager:2642)
[2024-04-09 14:19:23,913] DEBUG Creating in-memory snapshot 0 (org.apache.kafka.timeline.SnapshotRegistry:203)
[2024-04-09 14:19:23,913] INFO Dynamic member with unknown member id joins group group-id in Empty state. Created a new member id client-4dae90cd-e883-46e6-a8af-82f31e3fc736 and requesting the member to rejoin with this id. (org.apache.kafka.coordinator.group.GroupMetadataManager:2105)
[2024-04-09 14:19:23,914] DEBUG Pending dynamic member with id client-4dae90cd-e883-46e6-a8af-82f31e3fc736 joins group group-id in Empty state. Adding to the group now. (org.apache.kafka.coordinator.group.GroupMetadataManager:2175)
[2024-04-09 14:19:23,914] INFO Preparing to rebalance group group-id in state PreparingRebalance with old generation 0 (reason: Adding new member client-4dae90cd-e883-46e6-a8af-82f31e3fc736 with group instance id null; client reason: not provided). (org.apache.kafka.coordinator.group.GroupMetadataManager:2642)
[2024-04-09 14:19:23,923] INFO Stabilized group group-id generation 1 with 1 members. (org.apache.kafka.coordinator.group.GroupMetadataManager:2361)
[2024-04-09 14:19:23,924] INFO Assignment received from leader client-4dae90cd-e883-46e6-a8af-82f31e3fc736 for group group-id for generation 1. The group has 1 members, 0 of which are static. (org.apache.kafka.coordinator.group.GroupMetadataManager:3068)
[2024-04-09 14:19:23,924] WARN Setting empty assignments for members {client-4dae90cd-e883-46e6-a8af-82f31e3fc736=[B@66434cc8} of group-id for generation 1. (org.apache.kafka.coordinator.group.GroupMetadataManager:3088)
[2024-04-09 14:19:23,924] WARN Sending empty assignment to member client-4dae90cd-e883-46e6-a8af-82f31e3fc736 of group-id for generation 1 with no errors (org.apache.kafka.coordinator.group.GroupMetadataManager:2758)
[2024-04-09 14:19:23,925] INFO Preparing to rebalance group group-id in state PreparingRebalance with old generation 1 (reason: Leader client-4dae90cd-e883-46e6-a8af-82f31e3fc736 re-joining group during Stable; client reason: not provided). (org.apache.kafka.coordinator.group.GroupMetadataManager:2642)
[2024-04-09 14:19:23,925] INFO Stabilized group group-id generation 2 with 1 members. (org.apache.kafka.coordinator.group.GroupMetadataManager:2361)
[2024-04-09 14:19:23,939] DEBUG Creating in-memory snapshot 0 (org.apache.kafka.timeline.SnapshotRegistry:203)
[2024-04-09 14:19:23,947] INFO Dynamic member with unknown member id joins group group-id in Empty state. Created a new member id client-f7c11218-9042-4279-9242-a67aca8f8288 and requesting the member to rejoin with this id. (org.apache.kafka.coordinator.group.GroupMetadataManager:2105)
[2024-04-09 14:19:23,948] DEBUG Pending dynamic member with id client-f7c11218-9042-4279-9242-a67aca8f8288 joins group group-id in Empty state. Adding to the group now. (org.apache.kafka.coordinator.group.GroupMetadataManager:2175)
[2024-04-09 14:19:23,948] INFO Preparing to rebalance group group-id in state PreparingRebalance with old generation 0 (reason: Adding new member client-f7c11218-9042-4279-9242-a67aca8f8288 with group instance id null; client reason: not provided). (org.apache.kafka.coordinator.group.GroupMetadataManager:2642)
[2024-04-09 14:19:23,949] INFO Stabilized group group-id generation 1 with 1 members. (org.apache.kafka.coordinator.group.GroupMetadataManager:2361)
[2024-04-09 14:19:23,949] INFO Dynamic member with unknown member id joins group group-id in state CompletingRebalance. Created a new member id client-ecd04baf-082d-4c26-8766-5c7f34f77290 and added the member to the group. (org.apache.kafka.coordinator.group.GroupMetadataManager:2125)
[2024-04-09 14:19:23,949] INFO Preparing to rebalance group group-id in state PreparingRebalance with old generation 1 (reason: Adding new member client-ecd04baf-082d-4c26-8766-5c7f34f77290 with group instance id null; client reason: not provided). (org.apache.kafka.coordinator.group.GroupMetadataManager:2642)
[2024-04-09 14:19:23,950] INFO Stabilized group group-id generation 2 with 2 members. (org.apache.kafka.coordinator.group.GroupMetadataManager:2361)
[2024-04-09 14:19:23,959] DEBUG Creating in-memory snapshot 0 (org.apache.kafka.timeline.SnapshotRegistry:203)
[2024-04-09 14:19:23,965] INFO Dynamic member with unknown member id joins group group-id in Empty state. Created a new member id client-14346dbc-6245-44ea-b8af-0cb95f59c547 and requesting the member to rejoin with this id. (org.apache.kafka.coordinator.group.GroupMetadataManager:2105)
[2024-04-09 14:19:23,966] DEBUG Pending dynamic member with id client-14346dbc-6245-44ea-b8af-0cb95f59c547 joins group group-id in Empty state. Adding to the group now. (org.apache.kafka.coordinator.group.GroupMetadataManager:2175)
[2024-04-09 14:19:23,972] INFO Preparing to rebalance group group-id in state PreparingRebalance with old generation 0 (reason: Adding new member client-14346dbc-6245-44ea-b8af-0cb95f59c547 with group instance id null; client reason: not provided). (org.apache.kafka.coordinator.group.GroupMetadataManager:2642)
[2024-04-09 14:19:23,977] INFO Stabilized group group-id generation 1 with 1 members. (org.apache.kafka.coordinator.group.GroupMetadataManager:2361)
[2024-04-09 14:19:23,984] DEBUG Creating in-memory snapshot 0 (org.apache.kafka.timeline.SnapshotRegistry:203)
[2024-04-09 14:19:23,988] INFO Static member with groupInstanceId=leader-instance-id and unknown member id joins group group-id in Empty state. Created a new member id leader-instance-id-cde17d64-6431-4638-8208-c19eae106446 for this member and added to the group. (org.apache.kafka.coordinator.group.GroupMetadataManager:2072)
[2024-04-09 14:19:23,990] INFO Preparing to rebalance group group-id in state PreparingRebalance with old generation 0 (reason: Adding new member leader-instance-id-cde17d64-6431-4638-8208-c19eae106446 with group instance id leader-instance-id; client reason: not provided). (org.apache.kafka.coordinator.group.GroupMetadataManager:2642)
[2024-04-09 14:19:23,992] INFO Static member with groupInstanceId=follower-instance-id and unknown member id joins group group-id in PreparingRebalance state. Created a new member id follower-instance-id-c803d70a-68c0-4f63-96fe-e1645b6fd251 for this member and added to the group. (org.apache.kafka.coordinator.group.GroupMetadataManager:2072)
[2024-04-09 14:19:23,996] INFO Stabilized group group-id generation 1 with 2 members. (org.apache.kafka.coordinator.group.GroupMetadataManager:2361)
[2024-04-09 14:19:23,997] INFO Assignment received from leader leader-instance-id-cde17d64-6431-4638-8208-c19eae106446 for group group-id for generation 1. The group has 2 members, 2 of which are static. (org.apache.kafka.coordinator.group.GroupMetadataManager:3068)
[2024-04-09 14:19:24,007] INFO [Group group-id] Member leader-instance-id-cde17d64-6431-4638-8208-c19eae106446 has left group through explicit `LeaveGroup` request; client reason: not provided (org.apache.kafka.coordinator.group.GroupMetadataManager:3410)
[2024-04-09 14:19:24,008] INFO [Group group-id] Member follower-instance-id-c803d70a-68c0-4f63-96fe-e1645b6fd251 has left group through explicit `LeaveGroup` request; client reason: not provided (org.apache.kafka.coordinator.group.GroupMetadataManager:3410)
[2024-04-09 14:19:24,013] INFO Preparing to rebalance group group-id in state PreparingRebalance with old generation 1 (reason: explicit `LeaveGroup` request for (, ) members.). (org.apache.kafka.coordinator.group.GroupMetadataManager:2642)
[2024-04-09 14:19:24,015] INFO Group group-id with generation 2 is now empty. (org.apache.kafka.coordinator.group.GroupMetadataManager:2342)
[2024-04-09 14:19:24,032] DEBUG Creating in-memory snapshot 0 (org.apache.kafka.timeline.SnapshotRegistry:203)
[2024-04-09 14:19:24,033] INFO Dynamic member with unknown member id joins group group-id in Empty state. Created a new member id client-d0a6cf90-8b9a-4852-9ad9-94e62b45bae9 and requesting the member to rejoin with this id. (org.apache.kafka.coordinator.group.GroupMetadataManager:2105)
[2024-04-09 14:19:24,034] DEBUG Pending dynamic member with id client-d0a6cf90-8b9a-4852-9ad9-94e62b45bae9 joins group group-id in Empty state. Adding to the group now. (org.apache.kafka.coordinator.group.GroupMetadataManager:2175)
[2024-04-09 14:19:24,034] INFO Preparing to rebalance group group-id in state PreparingRebalance with old generation 0 (reason: Adding new member client-d0a6cf90-8b9a-4852-9ad9-94e62b45bae9 with group instance id null; client reason: not provided). (org.apache.kafka.coordinator.group.GroupMetadataManager:2642)
[2024-04-09 14:19:24,034] INFO Stabilized group group-id generation 1 with 1 members. (org.apache.kafka.coordinator.group.GroupMetadataManager:2361)
[2024-04-09 14:19:24,035] INFO Assignment received from leader client-d0a6cf90-8b9a-4852-9ad9-94e62b45bae9 for group group-id for generation 1. The group has 1 members, 0 of which are static. (org.apache.kafka.coordinator.group.GroupMetadataManager:3068)
[2024-04-09 14:19:24,036] WARN Sending empty assignment to member client-d0a6cf90-8b9a-4852-9ad9-94e62b45bae9 of group-id for generation 1 with no errors (org.apache.kafka.coordinator.group.GroupMetadataManager:2758)
[2024-04-09 14:19:24,036] INFO Dynamic member with unknown member id joins group group-id in state Stable. Created a new member id client-2c78b8b0-8a37-44ab-a1e6-c712fafa75d7 and added the member to the group. (org.apache.kafka.coordinator.group.GroupMetadataManager:2125)
[2024-04-09 14:19:24,037] INFO Preparing to rebalance group group-id in state PreparingRebalance with old generation 1 (reason: Adding new member client-2c78b8b0-8a37-44ab-a1e6-c712fafa75d7 with group instance id null; client reason: not provided). (org.apache.kafka.coordinator.group.GroupMetadataManager:2642)
[2024-04-09 14:19:24,037] INFO Stabilized group group-id generation 2 with 2 members. (org.apache.kafka.coordinator.group.GroupMetadataManager:2361)
[2024-04-09 14:19:24,037] INFO Assignment received from leader client-d0a6cf90-8b9a-4852-9ad9-94e62b45bae9 for group group-id for generation 2. The group has 2 members, 0 of which are static. (org.apache.kafka.coordinator.group.GroupMetadataManager:3068)
[2024-04-09 14:19:24,038] WARN Setting empty assignments for members {client-2c78b8b0-8a37-44ab-a1e6-c712fafa75d7=[B@66434cc8} of group-id for generation 2. (org.apache.kafka.coordinator.group.GroupMetadataManager:3088)
[2024-04-09 14:19:24,038] WARN Sending empty assignment to member client-d0a6cf90-8b9a-4852-9ad9-94e62b45bae9 of group-id for generation 2 with no errors (org.apache.kafka.coordinator.group.GroupMetadataManager:2758)
[2024-04-09 14:19:24,038] WARN Sending empty assignment to member client-2c78b8b0-8a37-44ab-a1e6-c712fafa75d7 of group-id for generation 2 with no errors (org.apache.kafka.coordinator.group.GroupMetadataManager:2758)
[2024-04-09 14:19:24,039] INFO Preparing to rebalance group group-id in state PreparingRebalance with old generation 2 (reason: Leader client-d0a6cf90-8b9a-4852-9ad9-94e62b45bae9 re-joining group during Stable; client reason: not provided). (org.apache.kafka.coordinator.group.GroupMetadataManager:2642)
[2024-04-09 14:19:24,040] INFO Dynamic member with unknown member id joins group group-id in PreparingRebalance state. Created a new member id client-91d122e2-d6b8-4f4a-89c2-6fc8740ca179 and requesting the member to rejoin with this id. (org.apache.kafka.coordinator.group.GroupMetadataManager:2105)
[2024-04-09 14:19:24,040] INFO [Group group-id] Pending member client-91d122e2-d6b8-4f4a-89c2-6fc8740ca179 has left group through explicit `LeaveGroup` request; client reason: not provided (org.apache.kafka.coordinator.group.GroupMetadataManager:3333)
[2024-04-09 14:19:24,041] INFO Stabilized group group-id generation 3 with 2 members. (org.apache.kafka.coordinator.group.GroupMetadataManager:2361)
[2024-04-09 14:19:24,053] DEBUG Creating in-memory snapshot 0 (org.apache.kafka.timeline.SnapshotRegistry:203)
[2024-04-09 14:19:24,058] DEBUG Creating in-memory snapshot 0 (org.apache.kafka.timeline.SnapshotRegistry:203)
[2024-04-09 14:19:24,060] INFO Static member with groupInstanceId=leader-instance-id and unknown member id joins group group-id in Empty state. Created a new member id leader-instance-id-07b89bbd-b07e-4074-8101-378e0f07c5a8 for this member and added to the group. (org.apache.kafka.coordinator.group.GroupMetadataManager:2072)
[2024-04-09 14:19:24,061] INFO Preparing to rebalance group group-id in state PreparingRebalance with old generation 0 (reason: Adding new member leader-instance-id-07b89bbd-b07e-4074-8101-378e0f07c5a8 with group instance id leader-instance-id; client reason: not provided). (org.apache.kafka.coordinator.group.GroupMetadataManager:2642)
[2024-04-09 14:19:24,063] INFO Stabilized group group-id generation 1 with 1 members. (org.apache.kafka.coordinator.group.GroupMetadataManager:2361)
[2024-04-09 14:19:24,075] DEBUG Creating in-memory snapshot 0 (org.apache.kafka.timeline.SnapshotRegistry:203)
[2024-04-09 14:19:24,076] DEBUG Creating in-memory snapshot 1 (org.apache.kafka.timeline.SnapshotRegistry:203)
[2024-04-09 14:19:24,077] DEBUG Creating in-memory snapshot 2 (org.apache.kafka.timeline.SnapshotRegistry:203)
[2024-04-09 14:19:24,077] DEBUG Creating in-memory snapshot 3 (org.apache.kafka.timeline.SnapshotRegistry:203)
[2024-04-09 14:19:24,077] DEBUG Creating in-memory snapshot 4 (org.apache.kafka.timeline.SnapshotRegistry:203)
[2024-04-09 14:19:24,077] DEBUG Creating in-memory snapshot 5 (org.apache.kafka.timeline.SnapshotRegistry:203)
[2024-04-09 14:19:24,078] DEBUG Creating in-memory snapshot 6 (org.apache.kafka.timeline.SnapshotRegistry:203)
[2024-04-09 14:19:24,078] INFO [GroupId fooup] Static member XBmJiwwgTX2M7nlC34g99Q with instance id 8mVi_QDjQtqjT6f64rag9w cannot join the group because the instance id is is owned by member 8mVi_QDjQtqjT6f64rag9w. (org.apache.kafka.coordinator.group.GroupMetadataManager:884)
[2024-04-09 14:19:24,087] DEBUG Creating in-memory snapshot 0 (org.apache.kafka.timeline.SnapshotRegistry:203)
[2024-04-09 14:19:24,138] INFO Dynamic member with unknown member id joins group group-id in Empty state. Created a new member id client-4c0c79fb-dac5-4bf9-9327-a429d2249685 and requesting the member to rejoin with this id. (org.apache.kafka.coordinator.group.GroupMetadataManager:2105)
[2024-04-09 14:19:24,140] INFO Dynamic member with unknown member id joins group group-id in Empty state. Created a new member id client-c3b03963-760f-4783-aa2b-9de7a30548ab and requesting the member to rejoin with this id. (org.apache.kafka.coordinator.group.GroupMetadataManager:2105)
[2024-04-09 14:19:24,140] INFO Dynamic member with unknown member id joins group group-id in Empty state. Created a new member id client-d947e425-0356-451c-af75-1c151ee22dd8 and requesting the member to rejoin with this id. (org.apache.kafka.coordinator.group.GroupMetadataManager:2105)
[2024-04-09 14:19:24,152] DEBUG Pending dynamic member with id client-4c0c79fb-dac5-4bf9-9327-a429d2249685 joins group group-id in Empty state. Adding to the group now. (org.apache.kafka.coordinator.group.GroupMetadataManager:2175)
[2024-04-09 14:19:24,159] INFO Preparing to rebalance group group-id in state PreparingRebalance with old generation 0 (reason: Adding new member client-4c0c79fb-dac5-4bf9-9327-a429d2249685 with group instance id null; client reason: not provided). (org.apache.kafka.coordinator.group.GroupMetadataManager:2642)
[2024-04-09 14:19:24,159] DEBUG Pending dynamic member with id client-c3b03963-760f-4783-aa2b-9de7a30548ab joins group group-id in PreparingRebalance state. Adding to the group now. (org.apache.kafka.coordinator.group.GroupMetadataManager:2175)
[2024-04-09 14:19:24,159] DEBUG Pending dynamic member with id client-d947e425-0356-451c-af75-1c151ee22dd8 joins group group-id in PreparingRebalance state. Adding to the group now. (org.apache.kafka.coordinator.group.GroupMetadataManager:2175)
[2024-04-09 14:19:24,163] INFO Stabilized group group-id generation 1 with 3 members. (org.apache.kafka.coordinator.group.GroupMetadataManager:2361)
[2024-04-09 14:19:24,168] INFO Assignment received from leader client-4c0c79fb-dac5-4bf9-9327-a429d2249685 for group group-id for generation 1. The group has 3 members, 0 of which are static. (org.apache.kafka.coordinator.group.GroupMetadataManager:3068)
[2024-04-09 14:19:24,168] WARN Setting empty assignments for members {client-c3b03963-760f-4783-aa2b-9de7a30548ab=[B@66434cc8, client-d947e425-0356-451c-af75-1c151ee22dd8=[B@66434cc8, client-4c0c79fb-dac5-4bf9-9327-a429d2249685=[B@66434cc8} of group-id for generation 1. (org.apache.kafka.coordinator.group.GroupMetadataManager:3088)
[2024-04-09 14:19:24,168] WARN Sending empty assignment to member client-c3b03963-760f-4783-aa2b-9de7a30548ab of group-id for generation 1 with no errors (org.apache.kafka.coordinator.group.GroupMetadataManager:2758)
[2024-04-09 14:19:24,168] WARN Sending empty assignment to member client-d947e425-0356-451c-af75-1c151ee22dd8 of group-id for generation 1 with no errors (org.apache.kafka.coordinator.group.GroupMetadataManager:2758)
[2024-04-09 14:19:24,168] WARN Sending empty assignment to member client-4c0c79fb-dac5-4bf9-9327-a429d2249685 of group-id for generation 1 with no errors (org.apache.kafka.coordinator.group.GroupMetadataManager:2758)
[2024-04-09 14:19:24,175] DEBUG Group group-id removed members who haven't sent their sync requests: [client-c3b03963-760f-4783-aa2b-9de7a30548ab, client-d947e425-0356-451c-af75-1c151ee22dd8] (org.apache.kafka.coordinator.group.GroupMetadataManager:2851)
[2024-04-09 14:19:24,176] INFO Preparing to rebalance group group-id in state PreparingRebalance with old generation 1 (reason: Removing [client-c3b03963-760f-4783-aa2b-9de7a30548ab, client-d947e425-0356-451c-af75-1c151ee22dd8] on pending sync request expiration). (org.apache.kafka.coordinator.group.GroupMetadataManager:2642)
[2024-04-09 14:19:24,180] DEBUG Creating in-memory snapshot 0 (org.apache.kafka.timeline.SnapshotRegistry:203)
[2024-04-09 14:19:24,181] INFO Dynamic member with unknown member id joins group group-id in state Empty. Created a new member id client-4f17e99f-1ce2-4646-b5c0-68381fda1d39 and added the member to the group. (org.apache.kafka.coordinator.group.GroupMetadataManager:2125)
[2024-04-09 14:19:24,182] INFO Preparing to rebalance group group-id in state PreparingRebalance with old generation 0 (reason: Adding new member client-4f17e99f-1ce2-4646-b5c0-68381fda1d39 with group instance id null; client reason: not provided). (org.apache.kafka.coordinator.group.GroupMetadataManager:2642)
[2024-04-09 14:19:24,182] INFO Dynamic member with unknown member id joins group group-id in state PreparingRebalance. Created a new member id client-0e472f3a-2320-4bd0-9c3b-1440a4633936 and added the member to the group. (org.apache.kafka.coordinator.group.GroupMetadataManager:2125)
[2024-04-09 14:19:24,183] INFO Stabilized group group-id generation 1 with 2 members. (org.apache.kafka.coordinator.group.GroupMetadataManager:2361)
[2024-04-09 14:19:24,187] DEBUG Creating in-memory snapshot 0 (org.apache.kafka.timeline.SnapshotRegistry:203)
[2024-04-09 14:19:24,189] DEBUG Creating in-memory snapshot 1 (org.apache.kafka.timeline.SnapshotRegistry:203)
[2024-04-09 14:19:24,203] DEBUG Creating in-memory snapshot 2 (org.apache.kafka.timeline.SnapshotRegistry:203)
[2024-04-09 14:19:24,205] DEBUG Creating in-memory snapshot 3 (org.apache.kafka.timeline.SnapshotRegistry:203)
[2024-04-09 14:19:24,208] DEBUG Creating in-memory snapshot 4 (org.apache.kafka.timeline.SnapshotRegistry:203)
[2024-04-09 14:19:24,209] DEBUG Creating in-memory snapshot 5 (org.apache.kafka.timeline.SnapshotRegistry:203)
[2024-04-09 14:19:24,209] DEBUG Creating in-memory snapshot 6 (org.apache.kafka.timeline.SnapshotRegistry:203)
[2024-04-09 14:19:24,211] DEBUG Creating in-memory snapshot 7 (org.apache.kafka.timeline.SnapshotRegistry:203)
[2024-04-09 14:19:24,214] DEBUG Creating in-memory snapshot 8 (org.apache.kafka.timeline.SnapshotRegistry:203)
[2024-04-09 14:19:24,224] DEBUG Creating in-memory snapshot 0 (org.apache.kafka.timeline.SnapshotRegistry:203)
[2024-04-09 14:19:24,229] DEBUG Creating in-memory snapshot 1 (org.apache.kafka.timeline.SnapshotRegistry:203)
[2024-04-09 14:19:24,240] DEBUG Creating in-memory snapshot 2 (org.apache.kafka.timeline.SnapshotRegistry:203)
[2024-04-09 14:19:24,242] DEBUG Creating in-memory snapshot 3 (org.apache.kafka.timeline.SnapshotRegistry:203)
[2024-04-09 14:19:24,247] DEBUG Creating in-memory snapshot 4 (org.apache.kafka.timeline.SnapshotRegistry:203)
[2024-04-09 14:19:24,248] DEBUG Creating in-memory snapshot 5 (org.apache.kafka.timeline.SnapshotRegistry:203)
[2024-04-09 14:19:24,249] DEBUG Creating in-memory snapshot 6 (org.apache.kafka.timeline.SnapshotRegistry:203)
[2024-04-09 14:19:24,253] DEBUG Creating in-memory snapshot 7 (org.apache.kafka.timeline.SnapshotRegistry:203)
[2024-04-09 14:19:24,253] DEBUG Creating in-memory snapshot 8 (org.apache.kafka.timeline.SnapshotRegistry:203)
[2024-04-09 14:19:24,254] DEBUG Creating in-memory snapshot 9 (org.apache.kafka.timeline.SnapshotRegistry:203)
[2024-04-09 14:19:24,254] DEBUG Creating in-memory snapshot 10 (org.apache.kafka.timeline.SnapshotRegistry:203)
[2024-04-09 14:19:24,262] DEBUG Creating in-memory snapshot 0 (org.apache.kafka.timeline.SnapshotRegistry:203)
[2024-04-09 14:19:24,266] INFO Dynamic member with unknown member id joins group group-id in Empty state. Created a new member id client-9fb25b50-ef6d-419d-ac0d-c29e33d09098 and requesting the member to rejoin with this id. (org.apache.kafka.coordinator.group.GroupMetadataManager:2105)
[2024-04-09 14:19:24,267] INFO Dynamic member with unknown member id joins group group-id in Empty state. Created a new member id client-acc8ed15-91f3-4288-9d59-9d718f3da1ba and requesting the member to rejoin with this id. (org.apache.kafka.coordinator.group.GroupMetadataManager:2105)
[2024-04-09 14:19:24,267] INFO Dynamic member with unknown member id joins group group-id in Empty state. Created a new member id client-5f98798d-364d-49d9-ab8a-8415e49d2687 and requesting the member to rejoin with this id. (org.apache.kafka.coordinator.group.GroupMetadataManager:2105)
[2024-04-09 14:19:24,267] DEBUG Pending dynamic member with id client-9fb25b50-ef6d-419d-ac0d-c29e33d09098 joins group group-id in Empty state. Adding to the group now. (org.apache.kafka.coordinator.group.GroupMetadataManager:2175)
[2024-04-09 14:19:24,269] INFO Preparing to rebalance group group-id in state PreparingRebalance with old generation 0 (reason: Adding new member client-9fb25b50-ef6d-419d-ac0d-c29e33d09098 with group instance id null; client reason: not provided). (org.apache.kafka.coordinator.group.GroupMetadataManager:2642)
[2024-04-09 14:19:24,269] DEBUG Pending dynamic member with id client-acc8ed15-91f3-4288-9d59-9d718f3da1ba joins group group-id in PreparingRebalance state. Adding to the group now. (org.apache.kafka.coordinator.group.GroupMetadataManager:2175)
[2024-04-09 14:19:24,270] DEBUG Pending dynamic member with id client-5f98798d-364d-49d9-ab8a-8415e49d2687 joins group group-id in PreparingRebalance state. Adding to the group now. (org.apache.kafka.coordinator.group.GroupMetadataManager:2175)
[2024-04-09 14:19:24,270] INFO Stabilized group group-id generation 1 with 3 members. (org.apache.kafka.coordinator.group.GroupMetadataManager:2361)
[2024-04-09 14:19:24,274] DEBUG Group group-id removed members who haven't sent their sync requests: [client-5f98798d-364d-49d9-ab8a-8415e49d2687, client-9fb25b50-ef6d-419d-ac0d-c29e33d09098, client-acc8ed15-91f3-4288-9d59-9d718f3da1ba] (org.apache.kafka.coordinator.group.GroupMetadataManager:2851)
[2024-04-09 14:19:24,280] INFO Preparing to rebalance group group-id in state PreparingRebalance with old generation 1 (reason: Removing [client-5f98798d-364d-49d9-ab8a-8415e49d2687, client-9fb25b50-ef6d-419d-ac0d-c29e33d09098, client-acc8ed15-91f3-4288-9d59-9d718f3da1ba] on pending sync request expiration). (org.apache.kafka.coordinator.group.GroupMetadataManager:2642)
[2024-04-09 14:19:24,282] INFO Group group-id with generation 2 is now empty. (org.apache.kafka.coordinator.group.GroupMetadataManager:2342)
[2024-04-09 14:19:24,284] DEBUG Creating in-memory snapshot 0 (org.apache.kafka.timeline.SnapshotRegistry:203)
[2024-04-09 14:19:24,299] DEBUG Creating in-memory snapshot 0 (org.apache.kafka.timeline.SnapshotRegistry:203)
[2024-04-09 14:19:24,302] INFO Dynamic member with unknown member id joins group group-id in Empty state. Created a new member id client-b673809c-c4bf-463a-9235-674719e1b3ff and requesting the member to rejoin with this id. (org.apache.kafka.coordinator.group.GroupMetadataManager:2105)
[2024-04-09 14:19:24,302] DEBUG Pending dynamic member with id client-b673809c-c4bf-463a-9235-674719e1b3ff joins group group-id in Empty state. Adding to the group now. (org.apache.kafka.coordinator.group.GroupMetadataManager:2175)
[2024-04-09 14:19:24,303] INFO Preparing to rebalance group group-id in state PreparingRebalance with old generation 0 (reason: Adding new member client-b673809c-c4bf-463a-9235-674719e1b3ff with group instance id null; client reason: not provided). (org.apache.kafka.coordinator.group.GroupMetadataManager:2642)
[2024-04-09 14:19:24,303] INFO Stabilized group group-id generation 1 with 1 members. (org.apache.kafka.coordinator.group.GroupMetadataManager:2361)
[2024-04-09 14:19:24,303] INFO Assignment received from leader client-b673809c-c4bf-463a-9235-674719e1b3ff for group group-id for generation 1. The group has 1 members, 0 of which are static. (org.apache.kafka.coordinator.group.GroupMetadataManager:3068)
[2024-04-09 14:19:24,303] WARN Setting empty assignments for members {client-b673809c-c4bf-463a-9235-674719e1b3ff=[B@66434cc8} of group-id for generation 1. (org.apache.kafka.coordinator.group.GroupMetadataManager:3088)
[2024-04-09 14:19:24,304] WARN Sending empty assignment to member client-b673809c-c4bf-463a-9235-674719e1b3ff of group-id for generation 1 with no errors (org.apache.kafka.coordinator.group.GroupMetadataManager:2758)
[2024-04-09 14:19:24,306] INFO Member client-b673809c-c4bf-463a-9235-674719e1b3ff in group group-id has failed, removing it from the group. (org.apache.kafka.coordinator.group.GroupMetadataManager:2436)
[2024-04-09 14:19:24,307] INFO Preparing to rebalance group group-id in state PreparingRebalance with old generation 1 (reason: removing member client-b673809c-c4bf-463a-9235-674719e1b3ff on heartbeat expiration.). (org.apache.kafka.coordinator.group.GroupMetadataManager:2642)
[2024-04-09 14:19:24,314] INFO Group group-id with generation 2 is now empty. (org.apache.kafka.coordinator.group.GroupMetadataManager:2342)
[2024-04-09 14:19:24,326] DEBUG Creating in-memory snapshot 0 (org.apache.kafka.timeline.SnapshotRegistry:203)
[2024-04-09 14:19:24,336] DEBUG Creating in-memory snapshot 0 (org.apache.kafka.timeline.SnapshotRegistry:203)
[2024-04-09 14:19:24,367] DEBUG Creating in-memory snapshot 0 (org.apache.kafka.timeline.SnapshotRegistry:203)
[2024-04-09 14:19:24,369] INFO Dynamic member with unknown member id joins group group-id in Empty state. Created a new member id client-4db35461-65f2-4344-8f70-d83abdaf0521 and requesting the member to rejoin with this id. (org.apache.kafka.coordinator.group.GroupMetadataManager:2105)
[2024-04-09 14:19:24,370] DEBUG Pending dynamic member with id client-4db35461-65f2-4344-8f70-d83abdaf0521 joins group group-id in Empty state. Adding to the group now. (org.apache.kafka.coordinator.group.GroupMetadataManager:2175)
[2024-04-09 14:19:24,372] INFO Preparing to rebalance group group-id in state PreparingRebalance with old generation 0 (reason: Adding new member client-4db35461-65f2-4344-8f70-d83abdaf0521 with group instance id null; client reason: not provided). (org.apache.kafka.coordinator.group.GroupMetadataManager:2642)
[2024-04-09 14:19:24,373] INFO Stabilized group group-id generation 1 with 1 members. (org.apache.kafka.coordinator.group.GroupMetadataManager:2361)
[2024-04-09 14:19:24,373] INFO Assignment received from leader client-4db35461-65f2-4344-8f70-d83abdaf0521 for group group-id for generation 1. The group has 1 members, 0 of which are static. (org.apache.kafka.coordinator.group.GroupMetadataManager:3068)
[2024-04-09 14:19:24,373] WARN Setting empty assignments for members {client-4db35461-65f2-4344-8f70-d83abdaf0521=[B@66434cc8} of group-id for generation 1. (org.apache.kafka.coordinator.group.GroupMetadataManager:3088)
[2024-04-09 14:19:24,373] WARN Sending empty assignment to member client-4db35461-65f2-4344-8f70-d83abdaf0521 of group-id for generation 1 with no errors (org.apache.kafka.coordinator.group.GroupMetadataManager:2758)
[2024-04-09 14:19:24,405] DEBUG Creating in-memory snapshot 0 (org.apache.kafka.timeline.SnapshotRegistry:203)
[2024-04-09 14:19:24,415] INFO Dynamic member with unknown member id joins group group-id in Empty state. Created a new member id client-bf9d5e12-6e37-4414-97a8-d30ef6604d02 and requesting the member to rejoin with this id. (org.apache.kafka.coordinator.group.GroupMetadataManager:2105)
[2024-04-09 14:19:24,416] INFO Dynamic member with unknown member id joins group group-id in Empty state. Created a new member id client-045be053-f9df-4c33-8484-82b93bd68e42 and requesting the member to rejoin with this id. (org.apache.kafka.coordinator.group.GroupMetadataManager:2105)
[2024-04-09 14:19:24,417] INFO Dynamic member with unknown member id joins group group-id in Empty state. Created a new member id client-5f3aa48c-c075-44cc-bebc-e64fe5e4a799 and requesting the member to rejoin with this id. (org.apache.kafka.coordinator.group.GroupMetadataManager:2105)
[2024-04-09 14:19:24,419] INFO Dynamic member with unknown member id joins group group-id in Empty state. Created a new member id client-8a83279a-5eba-4390-b73e-f564e09b40ea and requesting the member to rejoin with this id. (org.apache.kafka.coordinator.group.GroupMetadataManager:2105)
[2024-04-09 14:19:24,419] INFO Dynamic member with unknown member id joins group group-id in Empty state. Created a new member id client-2a76d182-71e7-43a6-9777-1fb78169bc26 and requesting the member to rejoin with this id. (org.apache.kafka.coordinator.group.GroupMetadataManager:2105)
[2024-04-09 14:19:24,421] INFO Dynamic member with unknown member id joins group group-id in Empty state. Created a new member id client-ebda56f0-7def-4e62-ac6b-895163035842 and requesting the member to rejoin with this id. (org.apache.kafka.coordinator.group.GroupMetadataManager:2105)
[2024-04-09 14:19:24,422] INFO Dynamic member with unknown member id joins group group-id in Empty state. Created a new member id client-3b896074-a6dc-4386-8747-09583708fb3c and requesting the member to rejoin with this id. (org.apache.kafka.coordinator.group.GroupMetadataManager:2105)
[2024-04-09 14:19:24,422] INFO Dynamic member with unknown member id joins group group-id in Empty state. Created a new member id client-fb4e7b5f-1d7d-4f34-93c1-e8b2da9f7cfe and requesting the member to rejoin with this id. (org.apache.kafka.coordinator.group.GroupMetadataManager:2105)
[2024-04-09 14:19:24,422] INFO Dynamic member with unknown member id joins group group-id in Empty state. Created a new member id client-a70aa477-1460-4a1c-9248-255bca5afcab and requesting the member to rejoin with this id. (org.apache.kafka.coordinator.group.GroupMetadataManager:2105)
[2024-04-09 14:19:24,422] INFO Dynamic member with unknown member id joins group group-id in Empty state. Created a new member id client-b978dba8-1530-4c28-a33d-02031d2fa6c3 and requesting the member to rejoin with this id. (org.apache.kafka.coordinator.group.GroupMetadataManager:2105)
[2024-04-09 14:19:24,423] INFO Dynamic member with unknown member id joins group group-id in Empty state. Created a new member id client-825de4d5-409d-4f0a-84b0-17e0fd170e03 and requesting the member to rejoin with this id. (org.apache.kafka.coordinator.group.GroupMetadataManager:2105)
[2024-04-09 14:19:24,425] DEBUG Pending dynamic member with id client-bf9d5e12-6e37-4414-97a8-d30ef6604d02 joins group group-id in Empty state. Adding to the group now. (org.apache.kafka.coordinator.group.GroupMetadataManager:2175)
[2024-04-09 14:19:24,428] INFO Preparing to rebalance group group-id in state PreparingRebalance with old generation 0 (reason: Adding new member client-bf9d5e12-6e37-4414-97a8-d30ef6604d02 with group instance id null; client reason: not provided). (org.apache.kafka.coordinator.group.GroupMetadataManager:2642)
[2024-04-09 14:19:24,431] DEBUG Pending dynamic member with id client-045be053-f9df-4c33-8484-82b93bd68e42 joins group group-id in PreparingRebalance state. Adding to the group now. (org.apache.kafka.coordinator.group.GroupMetadataManager:2175)
[2024-04-09 14:19:24,432] DEBUG Pending dynamic member with id client-5f3aa48c-c075-44cc-bebc-e64fe5e4a799 joins group group-id in PreparingRebalance state. Adding to the group now. (org.apache.kafka.coordinator.group.GroupMetadataManager:2175)
[2024-04-09 14:19:24,432] DEBUG Pending dynamic member with id client-8a83279a-5eba-4390-b73e-f564e09b40ea joins group group-id in PreparingRebalance state. Adding to the group now. (org.apache.kafka.coordinator.group.GroupMetadataManager:2175)
[2024-04-09 14:19:24,432] DEBUG Pending dynamic member with id client-2a76d182-71e7-43a6-9777-1fb78169bc26 joins group group-id in PreparingRebalance state. Adding to the group now. (org.apache.kafka.coordinator.group.GroupMetadataManager:2175)
[2024-04-09 14:19:24,432] DEBUG Pending dynamic member with id client-ebda56f0-7def-4e62-ac6b-895163035842 joins group group-id in PreparingRebalance state. Adding to the group now. (org.apache.kafka.coordinator.group.GroupMetadataManager:2175)
[2024-04-09 14:19:24,432] DEBUG Pending dynamic member with id client-3b896074-a6dc-4386-8747-09583708fb3c joins group group-id in PreparingRebalance state. Adding to the group now. (org.apache.kafka.coordinator.group.GroupMetadataManager:2175)
[2024-04-09 14:19:24,432] DEBUG Pending dynamic member with id client-fb4e7b5f-1d7d-4f34-93c1-e8b2da9f7cfe joins group group-id in PreparingRebalance state. Adding to the group now. (org.apache.kafka.coordinator.group.GroupMetadataManager:2175)
[2024-04-09 14:19:24,432] DEBUG Pending dynamic member with id client-a70aa477-1460-4a1c-9248-255bca5afcab joins group group-id in PreparingRebalance state. Adding to the group now. (org.apache.kafka.coordinator.group.GroupMetadataManager:2175)
[2024-04-09 14:19:24,433] DEBUG Pending dynamic member with id client-b978dba8-1530-4c28-a33d-02031d2fa6c3 joins group group-id in PreparingRebalance state. Adding to the group now. (org.apache.kafka.coordinator.group.GroupMetadataManager:2175)
[2024-04-09 14:19:24,477] INFO Stabilized group group-id generation 1 with 10 members. (org.apache.kafka.coordinator.group.GroupMetadataManager:2361)
[2024-04-09 14:19:24,487] DEBUG Creating in-memory snapshot 0 (org.apache.kafka.timeline.SnapshotRegistry:203)
[2024-04-09 14:19:24,491] INFO [GroupId fooup] Member lIDu7KvYR9yTb1S9cLNdeQ joins the consumer group. (org.apache.kafka.coordinator.group.GroupMetadataManager:996)
[2024-04-09 14:19:24,492] INFO [GroupId fooup] Member lIDu7KvYR9yTb1S9cLNdeQ updated its subscribed topics to: [foo]. (org.apache.kafka.coordinator.group.GroupMetadataManager:1051)
[2024-04-09 14:19:24,494] INFO [GroupId fooup] Computed new subscription metadata: {foo=TopicMetadata(id=6tcSYFWaQjWSwkziQvtlZA, name=foo, numPartitions=3, partitionRacks={0=[rack0, rack1], 1=[rack1, rack2], 2=[rack3, rack2]})}. (org.apache.kafka.coordinator.group.GroupMetadataManager:1075)
[2024-04-09 14:19:24,495] INFO [GroupId fooup] Bumped group epoch to 1. (org.apache.kafka.coordinator.group.GroupMetadataManager:1084)
[2024-04-09 14:19:24,503] INFO [GroupId fooup] Computed a new target assignment for epoch 1 with 'range' assignor: {lIDu7KvYR9yTb1S9cLNdeQ=Assignment(error=0, partitions={6tcSYFWaQjWSwkziQvtlZA=[0, 1, 2]}, metadata=VersionedMetadata(version=0, metadata=java.nio.HeapByteBuffer[pos=0 lim=0 cap=0]))}. (org.apache.kafka.coordinator.group.GroupMetadataManager:1121)
[2024-04-09 14:19:24,515] INFO [GroupId fooup] Member lIDu7KvYR9yTb1S9cLNdeQ transitioned from CurrentAssignment(memberEpoch=0, previousMemberEpoch=-1, targetMemberEpoch=0, state=stable, assignedPartitions={}, partitionsPendingRevocation={}, partitionsPendingAssignment={}) to CurrentAssignment(memberEpoch=1, previousMemberEpoch=0, targetMemberEpoch=1, state=stable, assignedPartitions={6tcSYFWaQjWSwkziQvtlZA=[0, 1, 2]}, partitionsPendingRevocation={}, partitionsPendingAssignment={}). (org.apache.kafka.coordinator.group.GroupMetadataManager:1152)
[2024-04-09 14:19:24,518] DEBUG Creating in-memory snapshot 1 (org.apache.kafka.timeline.SnapshotRegistry:203)
[2024-04-09 14:19:24,519] DEBUG Creating in-memory snapshot 2 (org.apache.kafka.timeline.SnapshotRegistry:203)
[2024-04-09 14:19:24,519] DEBUG Creating in-memory snapshot 3 (org.apache.kafka.timeline.SnapshotRegistry:203)
[2024-04-09 14:19:24,519] DEBUG Creating in-memory snapshot 4 (org.apache.kafka.timeline.SnapshotRegistry:203)
[2024-04-09 14:19:24,519] DEBUG Creating in-memory snapshot 5 (org.apache.kafka.timeline.SnapshotRegistry:203)
[2024-04-09 14:19:24,520] DEBUG Creating in-memory snapshot 6 (org.apache.kafka.timeline.SnapshotRegistry:203)
[2024-04-09 14:19:24,587] INFO [GroupId fooup] Member Dk3Qo3p0Sy6mXjgauKY9Mw joins the consumer group. (org.apache.kafka.coordinator.group.GroupMetadataManager:996)
[2024-04-09 14:19:24,589] INFO [GroupId fooup] Member Dk3Qo3p0Sy6mXjgauKY9Mw updated its subscribed topics to: [foo]. (org.apache.kafka.coordinator.group.GroupMetadataManager:1051)
[2024-04-09 14:19:24,590] INFO [GroupId fooup] Bumped group epoch to 2. (org.apache.kafka.coordinator.group.GroupMetadataManager:1084)
[2024-04-09 14:19:24,593] INFO [GroupId fooup] Computed a new target assignment for epoch 2 with 'range' assignor: {Dk3Qo3p0Sy6mXjgauKY9Mw=Assignment(error=0, partitions={6tcSYFWaQjWSwkziQvtlZA=[2]}, metadata=VersionedMetadata(version=0, metadata=java.nio.HeapByteBuffer[pos=0 lim=0 cap=0])), lIDu7KvYR9yTb1S9cLNdeQ=Assignment(error=0, partitions={6tcSYFWaQjWSwkziQvtlZA=[0, 1]}, metadata=VersionedMetadata(version=0, metadata=java.nio.HeapByteBuffer[pos=0 lim=0 cap=0]))}. (org.apache.kafka.coordinator.group.GroupMetadataManager:1121)
[2024-04-09 14:19:24,593] INFO [GroupId fooup] Member Dk3Qo3p0Sy6mXjgauKY9Mw transitioned from CurrentAssignment(memberEpoch=0, previousMemberEpoch=-1, targetMemberEpoch=0, state=stable, assignedPartitions={}, partitionsPendingRevocation={}, partitionsPendingAssignment={}) to CurrentAssignment(memberEpoch=2, previousMemberEpoch=0, targetMemberEpoch=2, state=assigning, assignedPartitions={}, partitionsPendingRevocation={}, partitionsPendingAssignment={6tcSYFWaQjWSwkziQvtlZA=[2]}). (org.apache.kafka.coordinator.group.GroupMetadataManager:1152)
[2024-04-09 14:19:24,594] DEBUG Creating in-memory snapshot 7 (org.apache.kafka.timeline.SnapshotRegistry:203)
[2024-04-09 14:19:24,595] DEBUG Creating in-memory snapshot 8 (org.apache.kafka.timeline.SnapshotRegistry:203)
[2024-04-09 14:19:24,595] DEBUG Creating in-memory snapshot 9 (org.apache.kafka.timeline.SnapshotRegistry:203)
[2024-04-09 14:19:24,596] DEBUG Creating in-memory snapshot 10 (org.apache.kafka.timeline.SnapshotRegistry:203)
[2024-04-09 14:19:24,597] DEBUG Creating in-memory snapshot 11 (org.apache.kafka.timeline.SnapshotRegistry:203)
[2024-04-09 14:19:24,597] DEBUG Creating in-memory snapshot 12 (org.apache.kafka.timeline.SnapshotRegistry:203)
[2024-04-09 14:19:24,598] INFO [GroupId fooup] Member lIDu7KvYR9yTb1S9cLNdeQ transitioned from CurrentAssignment(memberEpoch=1, previousMemberEpoch=0, targetMemberEpoch=1, state=stable, assignedPartitions={6tcSYFWaQjWSwkziQvtlZA=[0, 1, 2]}, partitionsPendingRevocation={}, partitionsPendingAssignment={}) to CurrentAssignment(memberEpoch=1, previousMemberEpoch=0, targetMemberEpoch=2, state=revoking, assignedPartitions={6tcSYFWaQjWSwkziQvtlZA=[0, 1]}, partitionsPendingRevocation={6tcSYFWaQjWSwkziQvtlZA=[2]}, partitionsPendingAssignment={}). (org.apache.kafka.coordinator.group.GroupMetadataManager:1152)
[2024-04-09 14:19:24,601] DEBUG Creating in-memory snapshot 13 (org.apache.kafka.timeline.SnapshotRegistry:203)
[2024-04-09 14:19:24,601] INFO [GroupId fooup] Member lIDu7KvYR9yTb1S9cLNdeQ fenced from the group because it failed to revoke partitions within 10000ms. (org.apache.kafka.coordinator.group.GroupMetadataManager:1395)
[2024-04-09 14:19:24,602] DEBUG Creating in-memory snapshot 14 (org.apache.kafka.timeline.SnapshotRegistry:203)
[2024-04-09 14:19:24,603] DEBUG Creating in-memory snapshot 15 (org.apache.kafka.timeline.SnapshotRegistry:203)
[2024-04-09 14:19:24,603] DEBUG Creating in-memory snapshot 16 (org.apache.kafka.timeline.SnapshotRegistry:203)
[2024-04-09 14:19:24,604] DEBUG Creating in-memory snapshot 17 (org.apache.kafka.timeline.SnapshotRegistry:203)
[2024-04-09 14:19:24,608] DEBUG Creating in-memory snapshot 0 (org.apache.kafka.timeline.SnapshotRegistry:203)
[2024-04-09 14:19:24,611] DEBUG Creating in-memory snapshot 1 (org.apache.kafka.timeline.SnapshotRegistry:203)
[2024-04-09 14:19:24,613] DEBUG Creating in-memory snapshot 2 (org.apache.kafka.timeline.SnapshotRegistry:203)
[2024-04-09 14:19:24,613] DEBUG Creating in-memory snapshot 3 (org.apache.kafka.timeline.SnapshotRegistry:203)
[2024-04-09 14:19:24,614] DEBUG Creating in-memory snapshot 4 (org.apache.kafka.timeline.SnapshotRegistry:203)
[2024-04-09 14:19:24,615] DEBUG Creating in-memory snapshot 5 (org.apache.kafka.timeline.SnapshotRegistry:203)
[2024-04-09 14:19:24,615] DEBUG Creating in-memory snapshot 6 (org.apache.kafka.timeline.SnapshotRegistry:203)
[2024-04-09 14:19:24,616] DEBUG Creating in-memory snapshot 7 (org.apache.kafka.timeline.SnapshotRegistry:203)
[2024-04-09 14:19:24,616] DEBUG Creating in-memory snapshot 8 (org.apache.kafka.timeline.SnapshotRegistry:203)
[2024-04-09 14:19:24,637] DEBUG Creating in-memory snapshot 9 (org.apache.kafka.timeline.SnapshotRegistry:203)
[2024-04-09 14:19:24,640] DEBUG Creating in-memory snapshot 0 (org.apache.kafka.timeline.SnapshotRegistry:203)
[2024-04-09 14:19:24,641] INFO Dynamic member with unknown member id joins group group-id in Empty state. Created a new member id client-1ae96c70-52c5-477f-b1cf-e1e394bab4dd and requesting the member to rejoin with this id. (org.apache.kafka.coordinator.group.GroupMetadataManager:2105)
[2024-04-09 14:19:24,642] DEBUG Pending dynamic member with id client-1ae96c70-52c5-477f-b1cf-e1e394bab4dd joins group group-id in Empty state. Adding to the group now. (org.apache.kafka.coordinator.group.GroupMetadataManager:2175)
[2024-04-09 14:19:24,643] INFO Preparing to rebalance group group-id in state PreparingRebalance with old generation 0 (reason: Adding new member client-1ae96c70-52c5-477f-b1cf-e1e394bab4dd with group instance id null; client reason: not provided). (org.apache.kafka.coordinator.group.GroupMetadataManager:2642)
[2024-04-09 14:19:24,644] INFO Stabilized group group-id generation 1 with 1 members. (org.apache.kafka.coordinator.group.GroupMetadataManager:2361)
[2024-04-09 14:19:24,646] INFO Dynamic member with unknown member id joins group group-id in state CompletingRebalance. Created a new member id client-96442f99-556d-408e-bf17-190b9b3365ea and added the member to the group. (org.apache.kafka.coordinator.group.GroupMetadataManager:2125)
[2024-04-09 14:19:24,651] INFO Preparing to rebalance group group-id in state PreparingRebalance with old generation 1 (reason: Adding new member client-96442f99-556d-408e-bf17-190b9b3365ea with group instance id null; client reason: not provided). (org.apache.kafka.coordinator.group.GroupMetadataManager:2642)
[2024-04-09 14:19:24,652] DEBUG Creating in-memory snapshot 0 (org.apache.kafka.timeline.SnapshotRegistry:203)
[2024-04-09 14:19:24,654] INFO Static member with groupInstanceId=group-instance-id and unknown member id joins group group-id in Empty state. Created a new member id group-instance-id-5b80f5cc-8176-448a-83d3-cb597900e235 for this member and added to the group. (org.apache.kafka.coordinator.group.GroupMetadataManager:2072)
[2024-04-09 14:19:24,654] INFO Preparing to rebalance group group-id in state PreparingRebalance with old generation 0 (reason: Adding new member group-instance-id-5b80f5cc-8176-448a-83d3-cb597900e235 with group instance id group-instance-id; client reason: not provided). (org.apache.kafka.coordinator.group.GroupMetadataManager:2642)
[2024-04-09 14:19:24,655] INFO Stabilized group group-id generation 1 with 1 members. (org.apache.kafka.coordinator.group.GroupMetadataManager:2361)
[2024-04-09 14:19:24,655] INFO Assignment received from leader group-instance-id-5b80f5cc-8176-448a-83d3-cb597900e235 for group group-id for generation 1. The group has 1 members, 1 of which are static. (org.apache.kafka.coordinator.group.GroupMetadataManager:3068)
[2024-04-09 14:19:24,656] WARN Setting empty assignments for members {group-instance-id-5b80f5cc-8176-448a-83d3-cb597900e235=[B@66434cc8} of group-id for generation 1. (org.apache.kafka.coordinator.group.GroupMetadataManager:3088)
[2024-04-09 14:19:24,663] WARN Sending empty assignment to member group-instance-id-5b80f5cc-8176-448a-83d3-cb597900e235 of group-id for generation 1 with no errors (org.apache.kafka.coordinator.group.GroupMetadataManager:2758)
[2024-04-09 14:19:24,706] DEBUG Creating in-memory snapshot 0 (org.apache.kafka.timeline.SnapshotRegistry:203)
[2024-04-09 14:19:24,713] INFO Dynamic member with unknown member id joins group group-id in Empty state. Created a new member id client-5e548086-c8f4-496c-8061-bc7297c96363 and requesting the member to rejoin with this id. (org.apache.kafka.coordinator.group.GroupMetadataManager:2105)
[2024-04-09 14:19:24,721] DEBUG Creating in-memory snapshot 0 (org.apache.kafka.timeline.SnapshotRegistry:203)
[2024-04-09 14:19:24,726] INFO Preparing to rebalance group group-id in state PreparingRebalance with old generation 0 (reason: test). (org.apache.kafka.coordinator.group.GroupMetadataManager:2642)
[2024-04-09 14:19:24,731] INFO Stabilized group group-id generation 1 with 10 members. (org.apache.kafka.coordinator.group.GroupMetadataManager:2361)
[2024-04-09 14:19:24,779] DEBUG Creating in-memory snapshot 0 (org.apache.kafka.timeline.SnapshotRegistry:203)
[2024-04-09 14:19:24,779] INFO [GroupId group-foo] Member O3EutDJtTBObmnD7dzxisw joins the consumer group. (org.apache.kafka.coordinator.group.GroupMetadataManager:996)
[2024-04-09 14:19:24,780] INFO [GroupId group-foo] Member O3EutDJtTBObmnD7dzxisw updated its subscribed topics to: [bar, foo]. (org.apache.kafka.coordinator.group.GroupMetadataManager:1051)
[2024-04-09 14:19:24,780] INFO [GroupId group-foo] Bumped group epoch to 1. (org.apache.kafka.coordinator.group.GroupMetadataManager:1084)
[2024-04-09 14:19:24,780] INFO [GroupId group-foo] Computed a new target assignment for epoch 1 with 'range' assignor: {O3EutDJtTBObmnD7dzxisw=Assignment(error=0, partitions={}, metadata=VersionedMetadata(version=0, metadata=java.nio.HeapByteBuffer[pos=0 lim=0 cap=0]))}. (org.apache.kafka.coordinator.group.GroupMetadataManager:1121)
[2024-04-09 14:19:24,780] INFO [GroupId group-foo] Member O3EutDJtTBObmnD7dzxisw transitioned from CurrentAssignment(memberEpoch=0, previousMemberEpoch=-1, targetMemberEpoch=0, state=stable, assignedPartitions={}, partitionsPendingRevocation={}, partitionsPendingAssignment={}) to CurrentAssignment(memberEpoch=1, previousMemberEpoch=0, targetMemberEpoch=1, state=stable, assignedPartitions={}, partitionsPendingRevocation={}, partitionsPendingAssignment={}). (org.apache.kafka.coordinator.group.GroupMetadataManager:1152)
[2024-04-09 14:19:24,782] DEBUG Creating in-memory snapshot 1 (org.apache.kafka.timeline.SnapshotRegistry:203)
[2024-04-09 14:19:24,783] DEBUG Creating in-memory snapshot 2 (org.apache.kafka.timeline.SnapshotRegistry:203)
[2024-04-09 14:19:24,783] DEBUG Creating in-memory snapshot 3 (org.apache.kafka.timeline.SnapshotRegistry:203)
[2024-04-09 14:19:24,783] DEBUG Creating in-memory snapshot 4 (org.apache.kafka.timeline.SnapshotRegistry:203)
[2024-04-09 14:19:24,784] DEBUG Creating in-memory snapshot 5 (org.apache.kafka.timeline.SnapshotRegistry:203)
[2024-04-09 14:19:24,805] DEBUG Creating in-memory snapshot 0 (org.apache.kafka.timeline.SnapshotRegistry:203)
[2024-04-09 14:19:24,824] INFO Dynamic member with unknown member id joins group group-id in state Empty. Created a new member id client-fdbb40cf-6424-4447-a816-f47220bd776e and added the member to the group. (org.apache.kafka.coordinator.group.GroupMetadataManager:2125)
[2024-04-09 14:19:24,829] INFO Preparing to rebalance group group-id in state PreparingRebalance with old generation 0 (reason: Adding new member client-fdbb40cf-6424-4447-a816-f47220bd776e with group instance id null; client reason: not provided). (org.apache.kafka.coordinator.group.GroupMetadataManager:2642)
[2024-04-09 14:19:24,830] INFO Dynamic member with unknown member id joins group group-id in state PreparingRebalance. Created a new member id client-7b077c80-0d1b-4ed6-8bdf-2fb8077f97e0 and added the member to the group. (org.apache.kafka.coordinator.group.GroupMetadataManager:2125)
[2024-04-09 14:19:24,831] INFO Dynamic member with unknown member id joins group group-id in state PreparingRebalance. Created a new member id client-0b4c8340-a798-4696-bb42-c5d188764977 and added the member to the group. (org.apache.kafka.coordinator.group.GroupMetadataManager:2125)
[2024-04-09 14:19:24,837] INFO Stabilized group group-id generation 1 with 3 members. (org.apache.kafka.coordinator.group.GroupMetadataManager:2361)
[2024-04-09 14:19:24,841] DEBUG Creating in-memory snapshot 0 (org.apache.kafka.timeline.SnapshotRegistry:203)
[2024-04-09 14:19:24,843] INFO Dynamic member with unknown member id joins group group-id in Empty state. Created a new member id client-55ffebe9-d80e-445d-8c50-00b25ce5d78d and requesting the member to rejoin with this id. (org.apache.kafka.coordinator.group.GroupMetadataManager:2105)
[2024-04-09 14:19:24,844] INFO Dynamic member with unknown member id joins group group-id in Empty state. Created a new member id client-ebedbaff-9547-42f3-a0c4-4ed0954983f8 and requesting the member to rejoin with this id. (org.apache.kafka.coordinator.group.GroupMetadataManager:2105)
[2024-04-09 14:19:24,844] INFO Dynamic member with unknown member id joins group group-id in Empty state. Created a new member id client-b1e56477-26c2-45fe-8f46-4ae84d2270c8 and requesting the member to rejoin with this id. (org.apache.kafka.coordinator.group.GroupMetadataManager:2105)
[2024-04-09 14:19:24,844] INFO Dynamic member with unknown member id joins group group-id in Empty state. Created a new member id client-fed09a13-e1fb-4599-b2ab-086892a3db01 and requesting the member to rejoin with this id. (org.apache.kafka.coordinator.group.GroupMetadataManager:2105)
[2024-04-09 14:19:24,844] INFO Dynamic member with unknown member id joins group group-id in Empty state. Created a new member id client-fd622e50-9283-4b3b-9244-b656f77e74fc and requesting the member to rejoin with this id. (org.apache.kafka.coordinator.group.GroupMetadataManager:2105)
[2024-04-09 14:19:24,844] INFO Dynamic member with unknown member id joins group group-id in Empty state. Created a new member id client-1f6a57fb-498e-4150-8af4-96d34b854ca3 and requesting the member to rejoin with this id. (org.apache.kafka.coordinator.group.GroupMetadataManager:2105)
[2024-04-09 14:19:24,845] INFO Dynamic member with unknown member id joins group group-id in Empty state. Created a new member id client-b456e1d9-cdd4-4e5a-acef-4cb378e4465f and requesting the member to rejoin with this id. (org.apache.kafka.coordinator.group.GroupMetadataManager:2105)
[2024-04-09 14:19:24,845] INFO Dynamic member with unknown member id joins group group-id in Empty state. Created a new member id client-c0aa099a-67e0-4dce-846a-c4b31bbc14ae and requesting the member to rejoin with this id. (org.apache.kafka.coordinator.group.GroupMetadataManager:2105)
[2024-04-09 14:19:24,845] INFO Dynamic member with unknown member id joins group group-id in Empty state. Created a new member id client-c1526db5-cf42-4043-a50e-717af9513802 and requesting the member to rejoin with this id. (org.apache.kafka.coordinator.group.GroupMetadataManager:2105)
[2024-04-09 14:19:24,845] INFO Dynamic member with unknown member id joins group group-id in Empty state. Created a new member id client-33929ea5-b5c8-44b0-8c76-0999bc5f4f55 and requesting the member to rejoin with this id. (org.apache.kafka.coordinator.group.GroupMetadataManager:2105)
[2024-04-09 14:19:24,845] INFO Dynamic member with unknown member id joins group group-id in Empty state. Created a new member id client-c3a411f7-69c3-428e-940a-b88a8c2e6fdc and requesting the member to rejoin with this id. (org.apache.kafka.coordinator.group.GroupMetadataManager:2105)
[2024-04-09 14:19:24,853] DEBUG Pending dynamic member with id client-55ffebe9-d80e-445d-8c50-00b25ce5d78d joins group group-id in Empty state. Adding to the group now. (org.apache.kafka.coordinator.group.GroupMetadataManager:2175)
[2024-04-09 14:19:24,857] INFO Preparing to rebalance group group-id in state PreparingRebalance with old generation 0 (reason: Adding new member client-55ffebe9-d80e-445d-8c50-00b25ce5d78d with group instance id null; client reason: not provided). (org.apache.kafka.coordinator.group.GroupMetadataManager:2642)
[2024-04-09 14:19:24,858] DEBUG Pending dynamic member with id client-ebedbaff-9547-42f3-a0c4-4ed0954983f8 joins group group-id in PreparingRebalance state. Adding to the group now. (org.apache.kafka.coordinator.group.GroupMetadataManager:2175)
[2024-04-09 14:19:24,859] DEBUG Pending dynamic member with id client-b1e56477-26c2-45fe-8f46-4ae84d2270c8 joins group group-id in PreparingRebalance state. Adding to the group now. (org.apache.kafka.coordinator.group.GroupMetadataManager:2175)
[2024-04-09 14:19:24,859] DEBUG Pending dynamic member with id client-fed09a13-e1fb-4599-b2ab-086892a3db01 joins group group-id in PreparingRebalance state. Adding to the group now. (org.apache.kafka.coordinator.group.GroupMetadataManager:2175)
[2024-04-09 14:19:24,859] DEBUG Pending dynamic member with id client-fd622e50-9283-4b3b-9244-b656f77e74fc joins group group-id in PreparingRebalance state. Adding to the group now. (org.apache.kafka.coordinator.group.GroupMetadataManager:2175)
[2024-04-09 14:19:24,859] DEBUG Pending dynamic member with id client-1f6a57fb-498e-4150-8af4-96d34b854ca3 joins group group-id in PreparingRebalance state. Adding to the group now. (org.apache.kafka.coordinator.group.GroupMetadataManager:2175)
[2024-04-09 14:19:24,859] DEBUG Pending dynamic member with id client-b456e1d9-cdd4-4e5a-acef-4cb378e4465f joins group group-id in PreparingRebalance state. Adding to the group now. (org.apache.kafka.coordinator.group.GroupMetadataManager:2175)
[2024-04-09 14:19:24,859] DEBUG Pending dynamic member with id client-c0aa099a-67e0-4dce-846a-c4b31bbc14ae joins group group-id in PreparingRebalance state. Adding to the group now. (org.apache.kafka.coordinator.group.GroupMetadataManager:2175)
[2024-04-09 14:19:24,860] DEBUG Pending dynamic member with id client-c1526db5-cf42-4043-a50e-717af9513802 joins group group-id in PreparingRebalance state. Adding to the group now. (org.apache.kafka.coordinator.group.GroupMetadataManager:2175)
[2024-04-09 14:19:24,860] DEBUG Pending dynamic member with id client-33929ea5-b5c8-44b0-8c76-0999bc5f4f55 joins group group-id in PreparingRebalance state. Adding to the group now. (org.apache.kafka.coordinator.group.GroupMetadataManager:2175)
[2024-04-09 14:19:24,864] INFO Stabilized group group-id generation 1 with 10 members. (org.apache.kafka.coordinator.group.GroupMetadataManager:2361)
[2024-04-09 14:19:24,874] DEBUG Creating in-memory snapshot 0 (org.apache.kafka.timeline.SnapshotRegistry:203)
[2024-04-09 14:19:24,876] INFO Static member with groupInstanceId=leader-instance-id and unknown member id joins group group-id in Empty state. Created a new member id leader-instance-id-84ba7168-afdf-4363-879b-d1e0f2066359 for this member and added to the group. (org.apache.kafka.coordinator.group.GroupMetadataManager:2072)
[2024-04-09 14:19:24,879] INFO Preparing to rebalance group group-id in state PreparingRebalance with old generation 0 (reason: Adding new member leader-instance-id-84ba7168-afdf-4363-879b-d1e0f2066359 with group instance id leader-instance-id; client reason: not provided). (org.apache.kafka.coordinator.group.GroupMetadataManager:2642)
[2024-04-09 14:19:24,880] INFO Stabilized group group-id generation 1 with 1 members. (org.apache.kafka.coordinator.group.GroupMetadataManager:2361)
[2024-04-09 14:19:24,881] INFO Assignment received from leader leader-instance-id-84ba7168-afdf-4363-879b-d1e0f2066359 for group group-id for generation 1. The group has 1 members, 1 of which are static. (org.apache.kafka.coordinator.group.GroupMetadataManager:3068)
[2024-04-09 14:19:24,882] WARN Setting empty assignments for members {leader-instance-id-84ba7168-afdf-4363-879b-d1e0f2066359=[B@66434cc8} of group-id for generation 1. (org.apache.kafka.coordinator.group.GroupMetadataManager:3088)
[2024-04-09 14:19:24,882] WARN Sending empty assignment to member leader-instance-id-84ba7168-afdf-4363-879b-d1e0f2066359 of group-id for generation 1 with no errors (org.apache.kafka.coordinator.group.GroupMetadataManager:2758)
[2024-04-09 14:19:24,887] INFO Dynamic member with unknown member id joins group group-id in Stable state. Created a new member id client-a490fe75-d205-4ea5-9595-be01ae95dd47 and requesting the member to rejoin with this id. (org.apache.kafka.coordinator.group.GroupMetadataManager:2105)
[2024-04-09 14:19:24,887] INFO Pending member client-a490fe75-d205-4ea5-9595-be01ae95dd47 in group group-id has been removed after session timeout expiration. (org.apache.kafka.coordinator.group.GroupMetadataManager:2427)
[2024-04-09 14:19:24,889] DEBUG Creating in-memory snapshot 0 (org.apache.kafka.timeline.SnapshotRegistry:203)
[2024-04-09 14:19:24,897] DEBUG Creating in-memory snapshot 1 (org.apache.kafka.timeline.SnapshotRegistry:203)
[2024-04-09 14:19:24,897] DEBUG Creating in-memory snapshot 2 (org.apache.kafka.timeline.SnapshotRegistry:203)
[2024-04-09 14:19:24,898] DEBUG Creating in-memory snapshot 3 (org.apache.kafka.timeline.SnapshotRegistry:203)
[2024-04-09 14:19:24,898] DEBUG Creating in-memory snapshot 4 (org.apache.kafka.timeline.SnapshotRegistry:203)
[2024-04-09 14:19:24,898] DEBUG Creating in-memory snapshot 5 (org.apache.kafka.timeline.SnapshotRegistry:203)
[2024-04-09 14:19:24,902] DEBUG Creating in-memory snapshot 6 (org.apache.kafka.timeline.SnapshotRegistry:203)
[2024-04-09 14:19:24,902] DEBUG Creating in-memory snapshot 7 (org.apache.kafka.timeline.SnapshotRegistry:203)
[2024-04-09 14:19:24,902] DEBUG Creating in-memory snapshot 8 (org.apache.kafka.timeline.SnapshotRegistry:203)
[2024-04-09 14:19:24,903] DEBUG Creating in-memory snapshot 9 (org.apache.kafka.timeline.SnapshotRegistry:203)
[2024-04-09 14:19:24,910] DEBUG Creating in-memory snapshot 0 (org.apache.kafka.timeline.SnapshotRegistry:203)
[2024-04-09 14:19:24,912] DEBUG Creating in-memory snapshot 1 (org.apache.kafka.timeline.SnapshotRegistry:203)
[2024-04-09 14:19:24,912] DEBUG Creating in-memory snapshot 2 (org.apache.kafka.timeline.SnapshotRegistry:203)
[2024-04-09 14:19:24,913] DEBUG Creating in-memory snapshot 3 (org.apache.kafka.timeline.SnapshotRegistry:203)
[2024-04-09 14:19:24,913] DEBUG Creating in-memory snapshot 4 (org.apache.kafka.timeline.SnapshotRegistry:203)
[2024-04-09 14:19:24,913] DEBUG Creating in-memory snapshot 5 (org.apache.kafka.timeline.SnapshotRegistry:203)
[2024-04-09 14:19:24,913] DEBUG Creating in-memory snapshot 6 (org.apache.kafka.timeline.SnapshotRegistry:203)
[2024-04-09 14:19:24,914] INFO [GroupId fooup] Member YKcGX2xvSOeM584z1JBI-g updated its subscribed topics to: [bar, foo]. (org.apache.kafka.coordinator.group.GroupMetadataManager:1051)
[2024-04-09 14:19:24,916] INFO [GroupId fooup] Computed new subscription metadata: {bar=TopicMetadata(id=_u8tMDqSQz-nBnR1pKRQIg, name=bar, numPartitions=3, partitionRacks={0=[rack0, rack1], 1=[rack1, rack2], 2=[rack3, rack2]}), foo=TopicMetadata(id=wtFMuKwTSluCV4vCyV4aWw, name=foo, numPartitions=6, partitionRacks={0=[rack0, rack1], 1=[rack1, rack2], 2=[rack3, rack2], 3=[rack3, rack0], 4=[rack0, rack1], 5=[rack1, rack2]})}. (org.apache.kafka.coordinator.group.GroupMetadataManager:1075)
[2024-04-09 14:19:24,916] INFO [GroupId fooup] Bumped group epoch to 11. (org.apache.kafka.coordinator.group.GroupMetadataManager:1084)
[2024-04-09 14:19:24,918] INFO [GroupId fooup] Computed a new target assignment for epoch 11 with 'range' assignor: {YKcGX2xvSOeM584z1JBI-g=Assignment(error=0, partitions={wtFMuKwTSluCV4vCyV4aWw=[0, 1, 2, 3, 4, 5], _u8tMDqSQz-nBnR1pKRQIg=[0, 1, 2]}, metadata=VersionedMetadata(version=0, metadata=java.nio.HeapByteBuffer[pos=0 lim=0 cap=0]))}. (org.apache.kafka.coordinator.group.GroupMetadataManager:1121)
[2024-04-09 14:19:24,920] INFO [GroupId fooup] Member YKcGX2xvSOeM584z1JBI-g transitioned from CurrentAssignment(memberEpoch=10, previousMemberEpoch=9, targetMemberEpoch=10, state=stable, assignedPartitions={wtFMuKwTSluCV4vCyV4aWw=[0, 1, 2, 3, 4, 5]}, partitionsPendingRevocation={}, partitionsPendingAssignment={}) to CurrentAssignment(memberEpoch=11, previousMemberEpoch=10, targetMemberEpoch=11, state=stable, assignedPartitions={wtFMuKwTSluCV4vCyV4aWw=[0, 1, 2, 3, 4, 5], _u8tMDqSQz-nBnR1pKRQIg=[0, 1, 2]}, partitionsPendingRevocation={}, partitionsPendingAssignment={}). (org.apache.kafka.coordinator.group.GroupMetadataManager:1152)
[2024-04-09 14:19:24,922] DEBUG Creating in-memory snapshot 7 (org.apache.kafka.timeline.SnapshotRegistry:203)
[2024-04-09 14:19:24,925] DEBUG Creating in-memory snapshot 8 (org.apache.kafka.timeline.SnapshotRegistry:203)
[2024-04-09 14:19:24,926] DEBUG Creating in-memory snapshot 9 (org.apache.kafka.timeline.SnapshotRegistry:203)
[2024-04-09 14:19:24,926] DEBUG Creating in-memory snapshot 10 (org.apache.kafka.timeline.SnapshotRegistry:203)
[2024-04-09 14:19:24,927] DEBUG Creating in-memory snapshot 11 (org.apache.kafka.timeline.SnapshotRegistry:203)
[2024-04-09 14:19:24,927] DEBUG Creating in-memory snapshot 12 (org.apache.kafka.timeline.SnapshotRegistry:203)
[2024-04-09 14:19:25,025] DEBUG Creating in-memory snapshot 0 (org.apache.kafka.timeline.SnapshotRegistry:203)
[2024-04-09 14:19:25,031] INFO Static member with groupInstanceId=leader-instance-id and unknown member id joins group group-id in Empty state. Created a new member id leader-instance-id-ebb550ba-adf6-481d-aa20-c1bfb7ecd0f0 for this member and added to the group. (org.apache.kafka.coordinator.group.GroupMetadataManager:2072)
[2024-04-09 14:19:25,033] INFO Preparing to rebalance group group-id in state PreparingRebalance with old generation 0 (reason: Adding new member leader-instance-id-ebb550ba-adf6-481d-aa20-c1bfb7ecd0f0 with group instance id leader-instance-id; client reason: not provided). (org.apache.kafka.coordinator.group.GroupMetadataManager:2642)
[2024-04-09 14:19:25,033] INFO Static member with groupInstanceId=follower-instance-id and unknown member id joins group group-id in PreparingRebalance state. Created a new member id follower-instance-id-65346042-b059-4277-ac7c-c31e47ebf2c4 for this member and added to the group. (org.apache.kafka.coordinator.group.GroupMetadataManager:2072)
[2024-04-09 14:19:25,037] INFO Stabilized group group-id generation 1 with 2 members. (org.apache.kafka.coordinator.group.GroupMetadataManager:2361)
[2024-04-09 14:19:25,038] INFO Assignment received from leader leader-instance-id-ebb550ba-adf6-481d-aa20-c1bfb7ecd0f0 for group group-id for generation 1. The group has 2 members, 2 of which are static. (org.apache.kafka.coordinator.group.GroupMetadataManager:3068)
[2024-04-09 14:19:25,038] INFO Request memberId=invalid-member-id for static member with groupInstanceId=follower-instance-id is fenced by existing memberId=follower-instance-id-65346042-b059-4277-ac7c-c31e47ebf2c4 during operation sync-group (org.apache.kafka.coordinator.group.classic.ClassicGroup:793)
[2024-04-09 14:19:25,041] DEBUG Creating in-memory snapshot 0 (org.apache.kafka.timeline.SnapshotRegistry:203)
[2024-04-09 14:19:25,042] INFO Dynamic member with unknown member id joins group group-id in state Empty. Created a new member id client-f38ab3a3-f3e2-4038-9535-b4f99132f295 and added the member to the group. (org.apache.kafka.coordinator.group.GroupMetadataManager:2125)
[2024-04-09 14:19:25,044] INFO Preparing to rebalance group group-id in state PreparingRebalance with old generation 0 (reason: Adding new member client-f38ab3a3-f3e2-4038-9535-b4f99132f295 with group instance id null; client reason: not provided). (org.apache.kafka.coordinator.group.GroupMetadataManager:2642)
[2024-04-09 14:19:25,044] INFO Stabilized group group-id generation 1 with 1 members. (org.apache.kafka.coordinator.group.GroupMetadataManager:2361)
[2024-04-09 14:19:25,059] INFO Assignment received from leader client-f38ab3a3-f3e2-4038-9535-b4f99132f295 for group group-id for generation 1. The group has 1 members, 0 of which are static. (org.apache.kafka.coordinator.group.GroupMetadataManager:3068)
[2024-04-09 14:19:25,061] WARN Setting empty assignments for members {client-f38ab3a3-f3e2-4038-9535-b4f99132f295=[B@66434cc8} of group-id for generation 1. (org.apache.kafka.coordinator.group.GroupMetadataManager:3088)
[2024-04-09 14:19:25,061] WARN Sending empty assignment to member client-f38ab3a3-f3e2-4038-9535-b4f99132f295 of group-id for generation 1 with no errors (org.apache.kafka.coordinator.group.GroupMetadataManager:2758)
[2024-04-09 14:19:25,062] INFO Member client-f38ab3a3-f3e2-4038-9535-b4f99132f295 in group group-id has failed, removing it from the group. (org.apache.kafka.coordinator.group.GroupMetadataManager:2436)
[2024-04-09 14:19:25,063] INFO Preparing to rebalance group group-id in state PreparingRebalance with old generation 1 (reason: removing member client-f38ab3a3-f3e2-4038-9535-b4f99132f295 on heartbeat expiration.). (org.apache.kafka.coordinator.group.GroupMetadataManager:2642)
[2024-04-09 14:19:25,063] INFO Group group-id with generation 2 is now empty. (org.apache.kafka.coordinator.group.GroupMetadataManager:2342)
[2024-04-09 14:19:25,066] DEBUG Creating in-memory snapshot 0 (org.apache.kafka.timeline.SnapshotRegistry:203)
[2024-04-09 14:19:25,067] INFO Dynamic member with unknown member id joins group group-id in state Empty. Created a new member id client-b716a89a-3c2a-40ee-ac3d-27e0eed83aae and added the member to the group. (org.apache.kafka.coordinator.group.GroupMetadataManager:2125)
[2024-04-09 14:19:25,067] INFO Preparing to rebalance group group-id in state PreparingRebalance with old generation 0 (reason: Adding new member client-b716a89a-3c2a-40ee-ac3d-27e0eed83aae with group instance id null; client reason: not provided). (org.apache.kafka.coordinator.group.GroupMetadataManager:2642)
[2024-04-09 14:19:25,067] INFO Stabilized group group-id generation 1 with 1 members. (org.apache.kafka.coordinator.group.GroupMetadataManager:2361)
[2024-04-09 14:19:25,068] DEBUG Creating in-memory snapshot 0 (org.apache.kafka.timeline.SnapshotRegistry:203)
[2024-04-09 14:19:25,069] INFO Static member with groupInstanceId=leader-instance-id and unknown member id joins group group-id in Empty state. Created a new member id leader-instance-id-0887431f-1f58-4ac0-841c-d0339ad55310 for this member and added to the group. (org.apache.kafka.coordinator.group.GroupMetadataManager:2072)
[2024-04-09 14:19:25,071] INFO Preparing to rebalance group group-id in state PreparingRebalance with old generation 0 (reason: Adding new member leader-instance-id-0887431f-1f58-4ac0-841c-d0339ad55310 with group instance id leader-instance-id; client reason: not provided). (org.apache.kafka.coordinator.group.GroupMetadataManager:2642)
[2024-04-09 14:19:25,072] INFO Static member with groupInstanceId=follower-instance-id and unknown member id joins group group-id in PreparingRebalance state. Created a new member id follower-instance-id-46b0951f-678e-4b4a-8132-9a612d26bfe3 for this member and added to the group. (org.apache.kafka.coordinator.group.GroupMetadataManager:2072)
[2024-04-09 14:19:25,072] INFO Stabilized group group-id generation 1 with 2 members. (org.apache.kafka.coordinator.group.GroupMetadataManager:2361)
[2024-04-09 14:19:25,073] INFO Assignment received from leader leader-instance-id-0887431f-1f58-4ac0-841c-d0339ad55310 for group group-id for generation 1. The group has 2 members, 2 of which are static. (org.apache.kafka.coordinator.group.GroupMetadataManager:3068)
[2024-04-09 14:19:25,073] INFO Static member with groupInstanceId=follower-instance-id and unknown member id joins group group-id in Stable state. Replacing previously mapped member follower-instance-id-46b0951f-678e-4b4a-8132-9a612d26bfe3 with this groupInstanceId. (org.apache.kafka.coordinator.group.GroupMetadataManager:2059)
[2024-04-09 14:19:25,074] INFO Preparing to rebalance group group-id in state PreparingRebalance with old generation 1 (reason: Group's selectedProtocol will change because static member follower-instance-id-b8cc9266-d76d-43fb-8ee6-6ec032ad5202 with instance id follower-instance-id joined with change of protocol; client reason: not provided). (org.apache.kafka.coordinator.group.GroupMetadataManager:2642)
[2024-04-09 14:19:25,074] INFO Group leader [memberId: leader-instance-id-0887431f-1f58-4ac0-841c-d0339ad55310, groupInstanceId: leader-instance-id] failed to join before the rebalance timeout. Member ClassicGroupMember(memberId='follower-instance-id-b8cc9266-d76d-43fb-8ee6-6ec032ad5202', groupInstanceId='follower-instance-id', clientId='client', clientHost='localhost/127.0.0.1', rebalanceTimeoutMs=10000, sessionTimeoutMs=15000, protocolType='consumer', supportedProtocols=[roundrobin]) was elected as the new leader. (org.apache.kafka.coordinator.group.classic.ClassicGroup:501)
[2024-04-09 14:19:25,074] INFO Stabilized group group-id generation 2 with 2 members. (org.apache.kafka.coordinator.group.GroupMetadataManager:2361)
[2024-04-09 14:19:25,076] DEBUG Creating in-memory snapshot 0 (org.apache.kafka.timeline.SnapshotRegistry:203)
[2024-04-09 14:19:25,076] DEBUG Creating in-memory snapshot 0 (org.apache.kafka.timeline.SnapshotRegistry:203)
[2024-04-09 14:19:25,077] DEBUG Creating in-memory snapshot 0 (org.apache.kafka.timeline.SnapshotRegistry:203)
[2024-04-09 14:19:25,077] INFO Dynamic member with unknown member id joins group group-id in Empty state. Created a new member id client-4b7bc385-c0e1-4c1f-ae11-a94fe28a10b3 and requesting the member to rejoin with this id. (org.apache.kafka.coordinator.group.GroupMetadataManager:2105)
[2024-04-09 14:19:25,077] DEBUG Pending dynamic member with id client-4b7bc385-c0e1-4c1f-ae11-a94fe28a10b3 joins group group-id in Empty state. Adding to the group now. (org.apache.kafka.coordinator.group.GroupMetadataManager:2175)
[2024-04-09 14:19:25,078] INFO Preparing to rebalance group group-id in state PreparingRebalance with old generation 0 (reason: Adding new member client-4b7bc385-c0e1-4c1f-ae11-a94fe28a10b3 with group instance id null; client reason: not provided). (org.apache.kafka.coordinator.group.GroupMetadataManager:2642)
[2024-04-09 14:19:25,078] INFO Stabilized group group-id generation 1 with 1 members. (org.apache.kafka.coordinator.group.GroupMetadataManager:2361)
[2024-04-09 14:19:25,080] INFO Assignment received from leader client-4b7bc385-c0e1-4c1f-ae11-a94fe28a10b3 for group group-id for generation 1. The group has 1 members, 0 of which are static. (org.apache.kafka.coordinator.group.GroupMetadataManager:3068)
[2024-04-09 14:19:25,080] WARN Setting empty assignments for members {client-4b7bc385-c0e1-4c1f-ae11-a94fe28a10b3=[B@66434cc8} of group-id for generation 1. (org.apache.kafka.coordinator.group.GroupMetadataManager:3088)
[2024-04-09 14:19:25,081] WARN Sending empty assignment to member client-4b7bc385-c0e1-4c1f-ae11-a94fe28a10b3 of group-id for generation 1 with no errors (org.apache.kafka.coordinator.group.GroupMetadataManager:2758)
[2024-04-09 14:19:25,087] DEBUG Creating in-memory snapshot 0 (org.apache.kafka.timeline.SnapshotRegistry:203)
[2024-04-09 14:19:25,093] INFO Dynamic member with unknown member id joins group group-id in state Empty. Created a new member id client-490e62b4-d59f-4c2b-9347-1dc487ecbdb5 and added the member to the group. (org.apache.kafka.coordinator.group.GroupMetadataManager:2125)
[2024-04-09 14:19:25,096] INFO Preparing to rebalance group group-id in state PreparingRebalance with old generation 0 (reason: Adding new member client-490e62b4-d59f-4c2b-9347-1dc487ecbdb5 with group instance id null; client reason: exceed max group size). (org.apache.kafka.coordinator.group.GroupMetadataManager:2642)
[2024-04-09 14:19:25,097] INFO Dynamic member with unknown member id joins group group-id in state PreparingRebalance. Created a new member id client-cde34440-016a-4168-828d-531cce4895fd and added the member to the group. (org.apache.kafka.coordinator.group.GroupMetadataManager:2125)
[2024-04-09 14:19:25,097] INFO Dynamic member with unknown member id joins group group-id in state PreparingRebalance. Created a new member id client-c957c464-f040-4ee0-ba77-e5709da1b9d4 and added the member to the group. (org.apache.kafka.coordinator.group.GroupMetadataManager:2125)
[2024-04-09 14:19:25,097] INFO Dynamic member with unknown member id joins group group-id in state PreparingRebalance. Created a new member id client-f0ec56c1-21b3-42c4-80b8-f647c83fef47 and added the member to the group. (org.apache.kafka.coordinator.group.GroupMetadataManager:2125)
[2024-04-09 14:19:25,097] INFO Dynamic member with unknown member id joins group group-id in state PreparingRebalance. Created a new member id client-bf9e087a-a7f7-41a4-985d-a5713b2f1917 and added the member to the group. (org.apache.kafka.coordinator.group.GroupMetadataManager:2125)
[2024-04-09 14:19:25,098] INFO Dynamic member with unknown member id joins group group-id in state PreparingRebalance. Created a new member id client-c35be559-cec2-43c1-89c7-bd2e3fb5a6d6 and added the member to the group. (org.apache.kafka.coordinator.group.GroupMetadataManager:2125)
[2024-04-09 14:19:25,102] INFO Dynamic member with unknown member id joins group group-id in state PreparingRebalance. Created a new member id client-5b3fc8ff-d1fd-4e6d-be7a-9a7e152a1b6d and added the member to the group. (org.apache.kafka.coordinator.group.GroupMetadataManager:2125)
[2024-04-09 14:19:25,103] INFO Dynamic member with unknown member id joins group group-id in state PreparingRebalance. Created a new member id client-a20a37b3-a3b6-4f0c-a17c-83ec4bc1c703 and added the member to the group. (org.apache.kafka.coordinator.group.GroupMetadataManager:2125)
[2024-04-09 14:19:25,103] INFO Dynamic member with unknown member id joins group group-id in state PreparingRebalance. Created a new member id client-1709f562-a620-4d54-8fc2-7719fdf29891 and added the member to the group. (org.apache.kafka.coordinator.group.GroupMetadataManager:2125)
[2024-04-09 14:19:25,103] INFO Dynamic member with unknown member id joins group group-id in state PreparingRebalance. Created a new member id client-94e9fb25-3f7d-4dc7-8a4b-510d66bd6bc5 and added the member to the group. (org.apache.kafka.coordinator.group.GroupMetadataManager:2125)
[2024-04-09 14:19:25,107] DEBUG Creating in-memory snapshot 0 (org.apache.kafka.timeline.SnapshotRegistry:203)
[2024-04-09 14:19:25,111] INFO Dynamic member with unknown member id joins group group-id in Empty state. Created a new member id client-51ef6eb4-20c6-4ac9-847a-5303e576be06 and requesting the member to rejoin with this id. (org.apache.kafka.coordinator.group.GroupMetadataManager:2105)
[2024-04-09 14:19:25,111] DEBUG Pending dynamic member with id client-51ef6eb4-20c6-4ac9-847a-5303e576be06 joins group group-id in Empty state. Adding to the group now. (org.apache.kafka.coordinator.group.GroupMetadataManager:2175)
[2024-04-09 14:19:25,114] INFO Preparing to rebalance group group-id in state PreparingRebalance with old generation 0 (reason: Adding new member client-51ef6eb4-20c6-4ac9-847a-5303e576be06 with group instance id null; client reason: not provided). (org.apache.kafka.coordinator.group.GroupMetadataManager:2642)
[2024-04-09 14:19:25,121] INFO Stabilized group group-id generation 1 with 1 members. (org.apache.kafka.coordinator.group.GroupMetadataManager:2361)
[2024-04-09 14:19:25,121] INFO Dynamic member with unknown member id joins group group-id in state CompletingRebalance. Created a new member id client-50557dcd-ad2c-40c2-951f-6fa12b4eda57 and added the member to the group. (org.apache.kafka.coordinator.group.GroupMetadataManager:2125)
[2024-04-09 14:19:25,121] INFO Preparing to rebalance group group-id in state PreparingRebalance with old generation 1 (reason: Adding new member client-50557dcd-ad2c-40c2-951f-6fa12b4eda57 with group instance id null; client reason: not provided). (org.apache.kafka.coordinator.group.GroupMetadataManager:2642)
[2024-04-09 14:19:25,122] INFO Member client-51ef6eb4-20c6-4ac9-847a-5303e576be06 in group group-id has failed, removing it from the group. (org.apache.kafka.coordinator.group.GroupMetadataManager:2436)
[2024-04-09 14:19:25,123] INFO Stabilized group group-id generation 2 with 1 members. (org.apache.kafka.coordinator.group.GroupMetadataManager:2361)
[2024-04-09 14:19:25,151] DEBUG Creating in-memory snapshot 0 (org.apache.kafka.timeline.SnapshotRegistry:203)
[2024-04-09 14:19:25,171] INFO [GroupId fooup] Member ZGm9r0DUQNevTsc9Ihb1tQ joins the consumer group. (org.apache.kafka.coordinator.group.GroupMetadataManager:996)
[2024-04-09 14:19:25,175] INFO [GroupId fooup] Member ZGm9r0DUQNevTsc9Ihb1tQ updated its subscribed topics to: [bar, foo]. (org.apache.kafka.coordinator.group.GroupMetadataManager:1051)
[2024-04-09 14:19:25,175] INFO [GroupId fooup] Computed new subscription metadata: {bar=TopicMetadata(id=yflv0uYeTOq1oJhyV7K-Lw, name=bar, numPartitions=3, partitionRacks={0=[rack0, rack1], 1=[rack1, rack2], 2=[rack3, rack2]}), foo=TopicMetadata(id=cqaqCuRiTMCxRK3531AfPA, name=foo, numPartitions=6, partitionRacks={0=[rack0, rack1], 1=[rack1, rack2], 2=[rack3, rack2], 3=[rack3, rack0], 4=[rack0, rack1], 5=[rack1, rack2]})}. (org.apache.kafka.coordinator.group.GroupMetadataManager:1075)
[2024-04-09 14:19:25,175] INFO [GroupId fooup] Bumped group epoch to 1. (org.apache.kafka.coordinator.group.GroupMetadataManager:1084)
[2024-04-09 14:19:25,177] INFO [GroupId fooup] Computed a new target assignment for epoch 1 with 'range' assignor: {ZGm9r0DUQNevTsc9Ihb1tQ=Assignment(error=0, partitions={yflv0uYeTOq1oJhyV7K-Lw=[0, 1, 2], cqaqCuRiTMCxRK3531AfPA=[0, 1, 2, 3, 4, 5]}, metadata=VersionedMetadata(version=0, metadata=java.nio.HeapByteBuffer[pos=0 lim=0 cap=0]))}. (org.apache.kafka.coordinator.group.GroupMetadataManager:1121)
[2024-04-09 14:19:25,178] INFO [GroupId fooup] Member ZGm9r0DUQNevTsc9Ihb1tQ transitioned from CurrentAssignment(memberEpoch=0, previousMemberEpoch=-1, targetMemberEpoch=0, state=stable, assignedPartitions={}, partitionsPendingRevocation={}, partitionsPendingAssignment={}) to CurrentAssignment(memberEpoch=1, previousMemberEpoch=0, targetMemberEpoch=1, state=stable, assignedPartitions={yflv0uYeTOq1oJhyV7K-Lw=[0, 1, 2], cqaqCuRiTMCxRK3531AfPA=[0, 1, 2, 3, 4, 5]}, partitionsPendingRevocation={}, partitionsPendingAssignment={}). (org.apache.kafka.coordinator.group.GroupMetadataManager:1152)
[2024-04-09 14:19:25,200] DEBUG Creating in-memory snapshot 1 (org.apache.kafka.timeline.SnapshotRegistry:203)
[2024-04-09 14:19:25,200] DEBUG Creating in-memory snapshot 2 (org.apache.kafka.timeline.SnapshotRegistry:203)
[2024-04-09 14:19:25,201] DEBUG Creating in-memory snapshot 3 (org.apache.kafka.timeline.SnapshotRegistry:203)
[2024-04-09 14:19:25,202] DEBUG Creating in-memory snapshot 4 (org.apache.kafka.timeline.SnapshotRegistry:203)
[2024-04-09 14:19:25,203] DEBUG Creating in-memory snapshot 5 (org.apache.kafka.timeline.SnapshotRegistry:203)
[2024-04-09 14:19:25,203] DEBUG Creating in-memory snapshot 6 (org.apache.kafka.timeline.SnapshotRegistry:203)
[2024-04-09 14:19:25,216] DEBUG Creating in-memory snapshot 0 (org.apache.kafka.timeline.SnapshotRegistry:203)
[2024-04-09 14:19:25,217] DEBUG Creating in-memory snapshot 1 (org.apache.kafka.timeline.SnapshotRegistry:203)
[2024-04-09 14:19:25,217] DEBUG Creating in-memory snapshot 2 (org.apache.kafka.timeline.SnapshotRegistry:203)
[2024-04-09 14:19:25,217] DEBUG Creating in-memory snapshot 3 (org.apache.kafka.timeline.SnapshotRegistry:203)
[2024-04-09 14:19:25,217] DEBUG Deleting in-memory snapshot 0 (org.apache.kafka.timeline.SnapshotRegistry:247)
[2024-04-09 14:19:25,217] DEBUG Deleting in-memory snapshot 1 (org.apache.kafka.timeline.SnapshotRegistry:247)
[2024-04-09 14:19:25,218] DEBUG Creating in-memory snapshot 4 (org.apache.kafka.timeline.SnapshotRegistry:203)
[2024-04-09 14:19:25,218] DEBUG Creating in-memory snapshot 5 (org.apache.kafka.timeline.SnapshotRegistry:203)
[2024-04-09 14:19:25,223] DEBUG Deleting in-memory snapshot 2 (org.apache.kafka.timeline.SnapshotRegistry:247)
[2024-04-09 14:19:26,314] DEBUG Creating in-memory snapshot 0 (org.apache.kafka.timeline.SnapshotRegistry:203)
[2024-04-09 14:19:26,864] INFO [GroupId fooup] Member M2DEcVmoQPCCranGyQxucg joins the consumer group. (org.apache.kafka.coordinator.group.GroupMetadataManager:996)
[2024-04-09 14:19:26,886] INFO [GroupId fooup] Member M2DEcVmoQPCCranGyQxucg updated its subscribed topics to: [bar, foo]. (org.apache.kafka.coordinator.group.GroupMetadataManager:1051)
[2024-04-09 14:19:26,889] INFO [GroupId fooup] Computed new subscription metadata: {bar=TopicMetadata(id=X_0KbYSxSU6V4TxvENzKjw, name=bar, numPartitions=3, partitionRacks={0=[rack0, rack1], 1=[rack1, rack2], 2=[rack3, rack2]}), foo=TopicMetadata(id=zadzT9aVQ_SWnZVgNWrcJg, name=foo, numPartitions=6, partitionRacks={0=[rack0, rack1], 1=[rack1, rack2], 2=[rack3, rack2], 3=[rack3, rack0], 4=[rack0, rack1], 5=[rack1, rack2]})}. (org.apache.kafka.coordinator.group.GroupMetadataManager:1075)
[2024-04-09 14:19:26,890] INFO [GroupId fooup] Bumped group epoch to 1. (org.apache.kafka.coordinator.group.GroupMetadataManager:1084)
[2024-04-09 14:19:26,903] ERROR [GroupId fooup] Failed to compute a new target assignment for epoch 1: Assignment failed.. (org.apache.kafka.coordinator.group.GroupMetadataManager:1130)
[2024-04-09 14:19:27,190] DEBUG Creating in-memory snapshot 0 (org.apache.kafka.timeline.SnapshotRegistry:203)
[2024-04-09 14:19:27,330] INFO Static member with groupInstanceId=first-instance-id and unknown member id joins group group-id in Empty state. Created a new member id first-instance-id-6a99f558-15a4-4321-8fd5-f0c181d7fc82 for this member and added to the group. (org.apache.kafka.coordinator.group.GroupMetadataManager:2072)
[2024-04-09 14:19:27,339] INFO Preparing to rebalance group group-id in state PreparingRebalance with old generation 0 (reason: Adding new member first-instance-id-6a99f558-15a4-4321-8fd5-f0c181d7fc82 with group instance id first-instance-id; client reason: not provided). (org.apache.kafka.coordinator.group.GroupMetadataManager:2642)
[2024-04-09 14:19:27,344] INFO Stabilized group group-id generation 1 with 1 members. (org.apache.kafka.coordinator.group.GroupMetadataManager:2361)
[2024-04-09 14:19:27,348] INFO Static member with groupInstanceId=second-instance-id and unknown member id joins group group-id in CompletingRebalance state. Created a new member id second-instance-id-efa2c052-b0a0-4c77-ab6c-804637174682 for this member and added to the group. (org.apache.kafka.coordinator.group.GroupMetadataManager:2072)
[2024-04-09 14:19:27,349] INFO Preparing to rebalance group group-id in state PreparingRebalance with old generation 1 (reason: Adding new member second-instance-id-efa2c052-b0a0-4c77-ab6c-804637174682 with group instance id second-instance-id; client reason: not provided). (org.apache.kafka.coordinator.group.GroupMetadataManager:2642)
[2024-04-09 14:19:27,350] INFO Stabilized group group-id generation 2 with 2 members. (org.apache.kafka.coordinator.group.GroupMetadataManager:2361)
[2024-04-09 14:19:27,350] INFO Preparing to rebalance group group-id in state PreparingRebalance with old generation 2 (reason: trigger rebalance). (org.apache.kafka.coordinator.group.GroupMetadataManager:2642)
[2024-04-09 14:19:27,351] INFO Group leader [memberId: first-instance-id-6a99f558-15a4-4321-8fd5-f0c181d7fc82, groupInstanceId: first-instance-id] failed to join before the rebalance timeout and the group couldn't proceed to the next generation because no member joined. (org.apache.kafka.coordinator.group.classic.ClassicGroup:511)
[2024-04-09 14:19:27,352] ERROR Group group-id could not complete rebalance because no members rejoined. (org.apache.kafka.coordinator.group.GroupMetadataManager:2328)
[2024-04-09 14:19:27,377] INFO Group leader [memberId: first-instance-id-6a99f558-15a4-4321-8fd5-f0c181d7fc82, groupInstanceId: first-instance-id] failed to join before the rebalance timeout and the group couldn't proceed to the next generation because no member joined. (org.apache.kafka.coordinator.group.classic.ClassicGroup:511)
[2024-04-09 14:19:27,377] ERROR Group group-id could not complete rebalance because no members rejoined. (org.apache.kafka.coordinator.group.GroupMetadataManager:2328)
[2024-04-09 14:19:27,379] INFO Stabilized group group-id generation 3 with 2 members. (org.apache.kafka.coordinator.group.GroupMetadataManager:2361)
[2024-04-09 14:19:27,388] DEBUG Creating in-memory snapshot 0 (org.apache.kafka.timeline.SnapshotRegistry:203)
[2024-04-09 14:19:27,448] DEBUG Creating in-memory snapshot 0 (org.apache.kafka.timeline.SnapshotRegistry:203)
[2024-04-09 14:19:27,449] INFO Dynamic member with unknown member id joins group group-id in Empty state. Created a new member id client-20a036c1-f7ed-4de8-aae7-2fd2cbf5e5d9 and requesting the member to rejoin with this id. (org.apache.kafka.coordinator.group.GroupMetadataManager:2105)
[2024-04-09 14:19:27,455] DEBUG Pending dynamic member with id client-20a036c1-f7ed-4de8-aae7-2fd2cbf5e5d9 joins group group-id in Empty state. Adding to the group now. (org.apache.kafka.coordinator.group.GroupMetadataManager:2175)
[2024-04-09 14:19:27,456] INFO Preparing to rebalance group group-id in state PreparingRebalance with old generation 0 (reason: Adding new member client-20a036c1-f7ed-4de8-aae7-2fd2cbf5e5d9 with group instance id null; client reason: not provided). (org.apache.kafka.coordinator.group.GroupMetadataManager:2642)
[2024-04-09 14:19:27,456] INFO Stabilized group group-id generation 1 with 1 members. (org.apache.kafka.coordinator.group.GroupMetadataManager:2361)
[2024-04-09 14:19:27,457] INFO Dynamic member with unknown member id joins group group-id in state CompletingRebalance. Created a new member id client-2fad8271-9941-4d28-9319-14208082d0e6 and added the member to the group. (org.apache.kafka.coordinator.group.GroupMetadataManager:2125)
[2024-04-09 14:19:27,466] INFO Preparing to rebalance group group-id in state PreparingRebalance with old generation 1 (reason: Adding new member client-2fad8271-9941-4d28-9319-14208082d0e6 with group instance id null; client reason: not provided). (org.apache.kafka.coordinator.group.GroupMetadataManager:2642)
[2024-04-09 14:19:27,476] INFO Stabilized group group-id generation 2 with 2 members. (org.apache.kafka.coordinator.group.GroupMetadataManager:2361)
[2024-04-09 14:19:27,484] INFO Preparing to rebalance group group-id in state PreparingRebalance with old generation 2 (reason: Updating metadata for member client-2fad8271-9941-4d28-9319-14208082d0e6 during Stable; client reason: not provided). (org.apache.kafka.coordinator.group.GroupMetadataManager:2642)
[2024-04-09 14:19:27,485] INFO Stabilized group group-id generation 3 with 2 members. (org.apache.kafka.coordinator.group.GroupMetadataManager:2361)
[2024-04-09 14:19:27,487] DEBUG Creating in-memory snapshot 0 (org.apache.kafka.timeline.SnapshotRegistry:203)
[2024-04-09 14:19:27,491] DEBUG Creating in-memory snapshot 1 (org.apache.kafka.timeline.SnapshotRegistry:203)
[2024-04-09 14:19:27,495] DEBUG Creating in-memory snapshot 2 (org.apache.kafka.timeline.SnapshotRegistry:203)
[2024-04-09 14:19:27,498] DEBUG Creating in-memory snapshot 3 (org.apache.kafka.timeline.SnapshotRegistry:203)
[2024-04-09 14:19:27,501] DEBUG Creating in-memory snapshot 0 (org.apache.kafka.timeline.SnapshotRegistry:203)
[2024-04-09 14:19:27,510] DEBUG Creating in-memory snapshot 0 (org.apache.kafka.timeline.SnapshotRegistry:203)
[2024-04-09 14:19:27,513] INFO Dynamic member with unknown member id joins group group-id in Empty state. Created a new member id client-9d531917-d6f7-4002-a50e-2bff6575222d and requesting the member to rejoin with this id. (org.apache.kafka.coordinator.group.GroupMetadataManager:2105)
[2024-04-09 14:19:27,514] DEBUG Pending dynamic member with id client-9d531917-d6f7-4002-a50e-2bff6575222d joins group group-id in Empty state. Adding to the group now. (org.apache.kafka.coordinator.group.GroupMetadataManager:2175)
[2024-04-09 14:19:27,514] INFO Preparing to rebalance group group-id in state PreparingRebalance with old generation 0 (reason: Adding new member client-9d531917-d6f7-4002-a50e-2bff6575222d with group instance id null; client reason: not provided). (org.apache.kafka.coordinator.group.GroupMetadataManager:2642)
[2024-04-09 14:19:27,515] INFO Stabilized group group-id generation 1 with 1 members. (org.apache.kafka.coordinator.group.GroupMetadataManager:2361)
[2024-04-09 14:19:27,515] INFO Assignment received from leader client-9d531917-d6f7-4002-a50e-2bff6575222d for group group-id for generation 1. The group has 1 members, 0 of which are static. (org.apache.kafka.coordinator.group.GroupMetadataManager:3068)
[2024-04-09 14:19:27,515] WARN Setting empty assignments for members {client-9d531917-d6f7-4002-a50e-2bff6575222d=[B@66434cc8} of group-id for generation 1. (org.apache.kafka.coordinator.group.GroupMetadataManager:3088)
[2024-04-09 14:19:27,516] WARN Sending empty assignment to member client-9d531917-d6f7-4002-a50e-2bff6575222d of group-id for generation 1 with no errors (org.apache.kafka.coordinator.group.GroupMetadataManager:2758)
[2024-04-09 14:19:27,516] INFO Preparing to rebalance group group-id in state PreparingRebalance with old generation 1 (reason: Leader client-9d531917-d6f7-4002-a50e-2bff6575222d re-joining group during Stable; client reason: not provided). (org.apache.kafka.coordinator.group.GroupMetadataManager:2642)
[2024-04-09 14:19:27,517] INFO Stabilized group group-id generation 2 with 1 members. (org.apache.kafka.coordinator.group.GroupMetadataManager:2361)
[2024-04-09 14:19:27,518] DEBUG Creating in-memory snapshot 0 (org.apache.kafka.timeline.SnapshotRegistry:203)
[2024-04-09 14:19:27,519] DEBUG Creating in-memory snapshot 0 (org.apache.kafka.timeline.SnapshotRegistry:203)
[2024-04-09 14:19:27,521] INFO Dynamic member with unknown member id joins group group-id in Empty state. Created a new member id client-9a123d0b-9e8e-43bb-b9b7-df6d5cec7a9f and requesting the member to rejoin with this id. (org.apache.kafka.coordinator.group.GroupMetadataManager:2105)
[2024-04-09 14:19:27,521] DEBUG Pending dynamic member with id client-9a123d0b-9e8e-43bb-b9b7-df6d5cec7a9f joins group group-id in Empty state. Adding to the group now. (org.apache.kafka.coordinator.group.GroupMetadataManager:2175)
[2024-04-09 14:19:27,522] INFO Preparing to rebalance group group-id in state PreparingRebalance with old generation 0 (reason: Adding new member client-9a123d0b-9e8e-43bb-b9b7-df6d5cec7a9f with group instance id null; client reason: not provided). (org.apache.kafka.coordinator.group.GroupMetadataManager:2642)
[2024-04-09 14:19:27,522] INFO Stabilized group group-id generation 1 with 1 members. (org.apache.kafka.coordinator.group.GroupMetadataManager:2361)
[2024-04-09 14:19:27,522] INFO Assignment received from leader client-9a123d0b-9e8e-43bb-b9b7-df6d5cec7a9f for group group-id for generation 1. The group has 1 members, 0 of which are static. (org.apache.kafka.coordinator.group.GroupMetadataManager:3068)
[2024-04-09 14:19:27,522] WARN Sending empty assignment to member client-9a123d0b-9e8e-43bb-b9b7-df6d5cec7a9f of group-id for generation 1 with no errors (org.apache.kafka.coordinator.group.GroupMetadataManager:2758)
[2024-04-09 14:19:27,524] INFO Dynamic member with unknown member id joins group group-id in state Stable. Created a new member id client-92bd30ae-5a1d-4f8a-8d65-d6e89ab2c2dc and added the member to the group. (org.apache.kafka.coordinator.group.GroupMetadataManager:2125)
[2024-04-09 14:19:27,525] INFO Preparing to rebalance group group-id in state PreparingRebalance with old generation 1 (reason: Adding new member client-92bd30ae-5a1d-4f8a-8d65-d6e89ab2c2dc with group instance id null; client reason: not provided). (org.apache.kafka.coordinator.group.GroupMetadataManager:2642)
[2024-04-09 14:19:27,525] INFO Stabilized group group-id generation 2 with 2 members. (org.apache.kafka.coordinator.group.GroupMetadataManager:2361)
[2024-04-09 14:19:27,526] INFO Assignment received from leader client-9a123d0b-9e8e-43bb-b9b7-df6d5cec7a9f for group group-id for generation 2. The group has 2 members, 0 of which are static. (org.apache.kafka.coordinator.group.GroupMetadataManager:3068)
[2024-04-09 14:19:27,526] WARN Setting empty assignments for members {client-92bd30ae-5a1d-4f8a-8d65-d6e89ab2c2dc=[B@66434cc8} of group-id for generation 2. (org.apache.kafka.coordinator.group.GroupMetadataManager:3088)
[2024-04-09 14:19:27,526] WARN Sending empty assignment to member client-92bd30ae-5a1d-4f8a-8d65-d6e89ab2c2dc of group-id for generation 2 with no errors (org.apache.kafka.coordinator.group.GroupMetadataManager:2758)
[2024-04-09 14:19:27,526] WARN Sending empty assignment to member client-9a123d0b-9e8e-43bb-b9b7-df6d5cec7a9f of group-id for generation 2 with no errors (org.apache.kafka.coordinator.group.GroupMetadataManager:2758)
[2024-04-09 14:19:27,526] INFO Preparing to rebalance group group-id in state PreparingRebalance with old generation 2 (reason: Leader client-9a123d0b-9e8e-43bb-b9b7-df6d5cec7a9f re-joining group during Stable; client reason: not provided). (org.apache.kafka.coordinator.group.GroupMetadataManager:2642)
[2024-04-09 14:19:27,526] INFO Dynamic member with unknown member id joins group group-id in PreparingRebalance state. Created a new member id client-caa989e9-fd6c-4ae4-a953-3a9e31cb9bfe and requesting the member to rejoin with this id. (org.apache.kafka.coordinator.group.GroupMetadataManager:2105)
[2024-04-09 14:19:27,527] INFO Pending member client-caa989e9-fd6c-4ae4-a953-3a9e31cb9bfe in group group-id has been removed after session timeout expiration. (org.apache.kafka.coordinator.group.GroupMetadataManager:2427)
[2024-04-09 14:19:27,527] INFO Stabilized group group-id generation 3 with 2 members. (org.apache.kafka.coordinator.group.GroupMetadataManager:2361)
[2024-04-09 14:19:27,529] DEBUG Creating in-memory snapshot 0 (org.apache.kafka.timeline.SnapshotRegistry:203)
[2024-04-09 14:19:27,530] INFO Static member with groupInstanceId=leader-instance-id and unknown member id joins group group-id in Empty state. Created a new member id leader-instance-id-d13c6a63-29cc-4627-9688-96ae0d396165 for this member and added to the group. (org.apache.kafka.coordinator.group.GroupMetadataManager:2072)
[2024-04-09 14:19:27,531] INFO Preparing to rebalance group group-id in state PreparingRebalance with old generation 0 (reason: Adding new member leader-instance-id-d13c6a63-29cc-4627-9688-96ae0d396165 with group instance id leader-instance-id; client reason: not provided). (org.apache.kafka.coordinator.group.GroupMetadataManager:2642)
[2024-04-09 14:19:27,531] INFO Static member with groupInstanceId=follower-instance-id and unknown member id joins group group-id in PreparingRebalance state. Created a new member id follower-instance-id-be3404a4-78bd-4d61-b25c-14e108fb4ad3 for this member and added to the group. (org.apache.kafka.coordinator.group.GroupMetadataManager:2072)
[2024-04-09 14:19:27,532] INFO Stabilized group group-id generation 1 with 2 members. (org.apache.kafka.coordinator.group.GroupMetadataManager:2361)
[2024-04-09 14:19:27,532] INFO Assignment received from leader leader-instance-id-d13c6a63-29cc-4627-9688-96ae0d396165 for group group-id for generation 1. The group has 2 members, 2 of which are static. (org.apache.kafka.coordinator.group.GroupMetadataManager:3068)
[2024-04-09 14:19:27,533] INFO Request memberId=invalid-member-id for static member with groupInstanceId=leader-instance-id is fenced by existing memberId=leader-instance-id-d13c6a63-29cc-4627-9688-96ae0d396165 during operation heartbeat (org.apache.kafka.coordinator.group.classic.ClassicGroup:793)
[2024-04-09 14:19:27,677] DEBUG Creating in-memory snapshot 0 (org.apache.kafka.timeline.SnapshotRegistry:203)
[2024-04-09 14:19:27,688] INFO Dynamic member with unknown member id joins group group-id in Empty state. Created a new member id client-1ef802d4-9d0a-4c71-8dab-d0c3f8644071 and requesting the member to rejoin with this id. (org.apache.kafka.coordinator.group.GroupMetadataManager:2105)
[2024-04-09 14:19:27,690] DEBUG Pending dynamic member with id client-1ef802d4-9d0a-4c71-8dab-d0c3f8644071 joins group group-id in Empty state. Adding to the group now. (org.apache.kafka.coordinator.group.GroupMetadataManager:2175)
[2024-04-09 14:19:27,691] INFO Preparing to rebalance group group-id in state PreparingRebalance with old generation 0 (reason: Adding new member client-1ef802d4-9d0a-4c71-8dab-d0c3f8644071 with group instance id null; client reason: not provided). (org.apache.kafka.coordinator.group.GroupMetadataManager:2642)
[2024-04-09 14:19:27,691] INFO Stabilized group group-id generation 1 with 1 members. (org.apache.kafka.coordinator.group.GroupMetadataManager:2361)
[2024-04-09 14:19:27,692] INFO Assignment received from leader client-1ef802d4-9d0a-4c71-8dab-d0c3f8644071 for group group-id for generation 1. The group has 1 members, 0 of which are static. (org.apache.kafka.coordinator.group.GroupMetadataManager:3068)
[2024-04-09 14:19:27,692] WARN Sending empty assignment to member client-1ef802d4-9d0a-4c71-8dab-d0c3f8644071 of group-id for generation 1 with no errors (org.apache.kafka.coordinator.group.GroupMetadataManager:2758)
[2024-04-09 14:19:27,692] INFO Dynamic member with unknown member id joins group group-id in state Stable. Created a new member id client-ef5e2654-4a21-4683-8abc-38020c8de469 and added the member to the group. (org.apache.kafka.coordinator.group.GroupMetadataManager:2125)
[2024-04-09 14:19:27,693] INFO Preparing to rebalance group group-id in state PreparingRebalance with old generation 1 (reason: Adding new member client-ef5e2654-4a21-4683-8abc-38020c8de469 with group instance id null; client reason: not provided). (org.apache.kafka.coordinator.group.GroupMetadataManager:2642)
[2024-04-09 14:19:27,693] INFO Stabilized group group-id generation 2 with 2 members. (org.apache.kafka.coordinator.group.GroupMetadataManager:2361)
[2024-04-09 14:19:27,693] INFO Assignment received from leader client-1ef802d4-9d0a-4c71-8dab-d0c3f8644071 for group group-id for generation 2. The group has 2 members, 0 of which are static. (org.apache.kafka.coordinator.group.GroupMetadataManager:3068)
[2024-04-09 14:19:27,693] WARN Setting empty assignments for members {client-ef5e2654-4a21-4683-8abc-38020c8de469=[B@66434cc8} of group-id for generation 2. (org.apache.kafka.coordinator.group.GroupMetadataManager:3088)
[2024-04-09 14:19:27,693] WARN Sending empty assignment to member client-1ef802d4-9d0a-4c71-8dab-d0c3f8644071 of group-id for generation 2 with no errors (org.apache.kafka.coordinator.group.GroupMetadataManager:2758)
[2024-04-09 14:19:27,693] WARN Sending empty assignment to member client-ef5e2654-4a21-4683-8abc-38020c8de469 of group-id for generation 2 with no errors (org.apache.kafka.coordinator.group.GroupMetadataManager:2758)
[2024-04-09 14:19:27,714] INFO Preparing to rebalance group group-id in state PreparingRebalance with old generation 2 (reason: Leader client-1ef802d4-9d0a-4c71-8dab-d0c3f8644071 re-joining group during Stable; client reason: not provided). (org.apache.kafka.coordinator.group.GroupMetadataManager:2642)
[2024-04-09 14:19:27,715] INFO Dynamic member with unknown member id joins group group-id in PreparingRebalance state. Created a new member id client-56e693ef-5039-435c-b4ce-605e61b1346b and requesting the member to rejoin with this id. (org.apache.kafka.coordinator.group.GroupMetadataManager:2105)
[2024-04-09 14:19:27,715] INFO [Group group-id] Member client-1ef802d4-9d0a-4c71-8dab-d0c3f8644071 has left group through explicit `LeaveGroup` request; client reason: not provided (org.apache.kafka.coordinator.group.GroupMetadataManager:3410)
[2024-04-09 14:19:27,715] INFO [Group group-id] Member client-ef5e2654-4a21-4683-8abc-38020c8de469 has left group through explicit `LeaveGroup` request; client reason: not provided (org.apache.kafka.coordinator.group.GroupMetadataManager:3410)
[2024-04-09 14:19:27,716] INFO [Group group-id] Pending member client-56e693ef-5039-435c-b4ce-605e61b1346b has left group through explicit `LeaveGroup` request; client reason: not provided (org.apache.kafka.coordinator.group.GroupMetadataManager:3333)
[2024-04-09 14:19:27,716] INFO Group group-id with generation 3 is now empty. (org.apache.kafka.coordinator.group.GroupMetadataManager:2342)
[2024-04-09 14:19:27,795] DEBUG Creating in-memory snapshot 0 (org.apache.kafka.timeline.SnapshotRegistry:203)
[2024-04-09 14:19:27,808] INFO [GroupId fooup] Member Ac5oeyX_SUyz4l78SlXKiQ joins the consumer group. (org.apache.kafka.coordinator.group.GroupMetadataManager:996)
[2024-04-09 14:19:27,809] INFO [GroupId fooup] Member Ac5oeyX_SUyz4l78SlXKiQ updated its subscribed topics to: [bar, foo]. (org.apache.kafka.coordinator.group.GroupMetadataManager:1051)
[2024-04-09 14:19:27,810] INFO [GroupId fooup] Computed new subscription metadata: {bar=TopicMetadata(id=XX4s1WsPSWOyiHIHDakwBw, name=bar, numPartitions=3, partitionRacks={0=[rack0, rack1], 1=[rack1, rack2], 2=[rack3, rack2]}), foo=TopicMetadata(id=UNH0ME8RR--NfaKNOEKTwg, name=foo, numPartitions=6, partitionRacks={0=[rack0, rack1], 1=[rack1, rack2], 2=[rack3, rack2], 3=[rack3, rack0], 4=[rack0, rack1], 5=[rack1, rack2]})}. (org.apache.kafka.coordinator.group.GroupMetadataManager:1075)
[2024-04-09 14:19:27,810] INFO [GroupId fooup] Bumped group epoch to 1. (org.apache.kafka.coordinator.group.GroupMetadataManager:1084)
[2024-04-09 14:19:27,820] INFO [GroupId fooup] Computed a new target assignment for epoch 1 with 'range' assignor: {Ac5oeyX_SUyz4l78SlXKiQ=Assignment(error=0, partitions={XX4s1WsPSWOyiHIHDakwBw=[0, 1, 2], UNH0ME8RR--NfaKNOEKTwg=[0, 1, 2, 3, 4, 5]}, metadata=VersionedMetadata(version=0, metadata=java.nio.HeapByteBuffer[pos=0 lim=0 cap=0]))}. (org.apache.kafka.coordinator.group.GroupMetadataManager:1121)
[2024-04-09 14:19:27,849] INFO [GroupId fooup] Member Ac5oeyX_SUyz4l78SlXKiQ transitioned from CurrentAssignment(memberEpoch=0, previousMemberEpoch=-1, targetMemberEpoch=0, state=stable, assignedPartitions={}, partitionsPendingRevocation={}, partitionsPendingAssignment={}) to CurrentAssignment(memberEpoch=1, previousMemberEpoch=0, targetMemberEpoch=1, state=stable, assignedPartitions={XX4s1WsPSWOyiHIHDakwBw=[0, 1, 2], UNH0ME8RR--NfaKNOEKTwg=[0, 1, 2, 3, 4, 5]}, partitionsPendingRevocation={}, partitionsPendingAssignment={}). (org.apache.kafka.coordinator.group.GroupMetadataManager:1152)
[2024-04-09 14:19:27,923] DEBUG Creating in-memory snapshot 1 (org.apache.kafka.timeline.SnapshotRegistry:203)
[2024-04-09 14:19:27,926] DEBUG Creating in-memory snapshot 2 (org.apache.kafka.timeline.SnapshotRegistry:203)
[2024-04-09 14:19:27,928] DEBUG Creating in-memory snapshot 3 (org.apache.kafka.timeline.SnapshotRegistry:203)
[2024-04-09 14:19:27,930] DEBUG Creating in-memory snapshot 4 (org.apache.kafka.timeline.SnapshotRegistry:203)
[2024-04-09 14:19:27,947] DEBUG Creating in-memory snapshot 5 (org.apache.kafka.timeline.SnapshotRegistry:203)
[2024-04-09 14:19:27,953] DEBUG Creating in-memory snapshot 6 (org.apache.kafka.timeline.SnapshotRegistry:203)
[2024-04-09 14:19:27,967] DEBUG Creating in-memory snapshot 0 (org.apache.kafka.timeline.SnapshotRegistry:203)
[2024-04-09 14:19:27,979] DEBUG Creating in-memory snapshot 0 (org.apache.kafka.timeline.SnapshotRegistry:203)
[2024-04-09 14:19:27,983] INFO Dynamic member with unknown member id joins group group-id in Empty state. Created a new member id client-4a969c88-226a-4723-a135-f7652bdb289e and requesting the member to rejoin with this id. (org.apache.kafka.coordinator.group.GroupMetadataManager:2105)
[2024-04-09 14:19:27,984] DEBUG Pending dynamic member with id client-4a969c88-226a-4723-a135-f7652bdb289e joins group group-id in Empty state. Adding to the group now. (org.apache.kafka.coordinator.group.GroupMetadataManager:2175)
[2024-04-09 14:19:27,986] INFO Preparing to rebalance group group-id in state PreparingRebalance with old generation 0 (reason: Adding new member client-4a969c88-226a-4723-a135-f7652bdb289e with group instance id null; client reason: not provided). (org.apache.kafka.coordinator.group.GroupMetadataManager:2642)
[2024-04-09 14:19:27,996] INFO Stabilized group group-id generation 1 with 1 members. (org.apache.kafka.coordinator.group.GroupMetadataManager:2361)
[2024-04-09 14:19:27,996] INFO Assignment received from leader client-4a969c88-226a-4723-a135-f7652bdb289e for group group-id for generation 1. The group has 1 members, 0 of which are static. (org.apache.kafka.coordinator.group.GroupMetadataManager:3068)
[2024-04-09 14:19:27,997] WARN Setting empty assignments for members {client-4a969c88-226a-4723-a135-f7652bdb289e=[B@66434cc8} of group-id for generation 1. (org.apache.kafka.coordinator.group.GroupMetadataManager:3088)
[2024-04-09 14:19:27,998] WARN Sending empty assignment to member client-4a969c88-226a-4723-a135-f7652bdb289e of group-id for generation 1 with no errors (org.apache.kafka.coordinator.group.GroupMetadataManager:2758)
[2024-04-09 14:19:27,999] INFO Dynamic member with unknown member id joins group group-id in state Stable. Created a new member id client-6e063ec7-aee8-4272-8cd5-ecc6a497f4f3 and added the member to the group. (org.apache.kafka.coordinator.group.GroupMetadataManager:2125)
[2024-04-09 14:19:28,000] INFO Preparing to rebalance group group-id in state PreparingRebalance with old generation 1 (reason: Adding new member client-6e063ec7-aee8-4272-8cd5-ecc6a497f4f3 with group instance id null; client reason: not provided). (org.apache.kafka.coordinator.group.GroupMetadataManager:2642)
[2024-04-09 14:19:28,002] INFO Stabilized group group-id generation 2 with 2 members. (org.apache.kafka.coordinator.group.GroupMetadataManager:2361)
[2024-04-09 14:19:28,002] INFO Assignment received from leader client-4a969c88-226a-4723-a135-f7652bdb289e for group group-id for generation 2. The group has 2 members, 0 of which are static. (org.apache.kafka.coordinator.group.GroupMetadataManager:3068)
[2024-04-09 14:19:28,007] DEBUG Creating in-memory snapshot 0 (org.apache.kafka.timeline.SnapshotRegistry:203)
[2024-04-09 14:19:28,011] DEBUG Creating in-memory snapshot 1 (org.apache.kafka.timeline.SnapshotRegistry:203)
[2024-04-09 14:19:28,012] DEBUG Creating in-memory snapshot 2 (org.apache.kafka.timeline.SnapshotRegistry:203)
[2024-04-09 14:19:28,013] DEBUG Creating in-memory snapshot 3 (org.apache.kafka.timeline.SnapshotRegistry:203)
[2024-04-09 14:19:28,013] DEBUG Creating in-memory snapshot 4 (org.apache.kafka.timeline.SnapshotRegistry:203)
[2024-04-09 14:19:28,013] DEBUG Creating in-memory snapshot 5 (org.apache.kafka.timeline.SnapshotRegistry:203)
[2024-04-09 14:19:28,013] DEBUG Creating in-memory snapshot 6 (org.apache.kafka.timeline.SnapshotRegistry:203)
[2024-04-09 14:19:28,013] DEBUG Creating in-memory snapshot 7 (org.apache.kafka.timeline.SnapshotRegistry:203)
[2024-04-09 14:19:28,014] DEBUG Creating in-memory snapshot 8 (org.apache.kafka.timeline.SnapshotRegistry:203)
[2024-04-09 14:19:28,014] DEBUG Creating in-memory snapshot 9 (org.apache.kafka.timeline.SnapshotRegistry:203)
[2024-04-09 14:19:28,014] INFO [GroupId fooup] Static Member jzuTvrAoQh6aoHpERAIBSg with instance id jzuTvrAoQh6aoHpERAIBSg temporarily left the consumer group. (org.apache.kafka.coordinator.group.GroupMetadataManager:1224)
[2024-04-09 14:19:28,014] DEBUG Creating in-memory snapshot 10 (org.apache.kafka.timeline.SnapshotRegistry:203)
[2024-04-09 14:19:28,016] DEBUG Creating in-memory snapshot 0 (org.apache.kafka.timeline.SnapshotRegistry:203)
[2024-04-09 14:19:28,019] DEBUG Creating in-memory snapshot 1 (org.apache.kafka.timeline.SnapshotRegistry:203)
[2024-04-09 14:19:28,022] INFO Loaded classic group group-id with 2 members. (org.apache.kafka.coordinator.group.GroupMetadataManager:1778)
[2024-04-09 14:19:28,023] DEBUG Loaded member member-1 in classic group group-id. (org.apache.kafka.coordinator.group.GroupMetadataManager:1780)
[2024-04-09 14:19:28,023] DEBUG Loaded member member-0 in classic group group-id. (org.apache.kafka.coordinator.group.GroupMetadataManager:1780)
[2024-04-09 14:19:28,027] DEBUG Creating in-memory snapshot 0 (org.apache.kafka.timeline.SnapshotRegistry:203)
[2024-04-09 14:19:28,028] INFO [GroupId fooup] Member JlbRPnIUTVGyMBX0njpv3g joins the consumer group. (org.apache.kafka.coordinator.group.GroupMetadataManager:996)
[2024-04-09 14:19:28,029] INFO [GroupId fooup] Member JlbRPnIUTVGyMBX0njpv3g updated its subscribed topics to: [foo]. (org.apache.kafka.coordinator.group.GroupMetadataManager:1051)
[2024-04-09 14:19:28,029] INFO [GroupId fooup] Computed new subscription metadata: {foo=TopicMetadata(id=W8mzKYiTQ5KUWPmabMTyJA, name=foo, numPartitions=6, partitionRacks={0=[rack0, rack1], 1=[rack1, rack2], 2=[rack3, rack2], 3=[rack3, rack0], 4=[rack0, rack1], 5=[rack1, rack2]})}. (org.apache.kafka.coordinator.group.GroupMetadataManager:1075)
[2024-04-09 14:19:28,029] INFO [GroupId fooup] Bumped group epoch to 1. (org.apache.kafka.coordinator.group.GroupMetadataManager:1084)
[2024-04-09 14:19:28,030] INFO [GroupId fooup] Computed a new target assignment for epoch 1 with 'range' assignor: {JlbRPnIUTVGyMBX0njpv3g=Assignment(error=0, partitions={W8mzKYiTQ5KUWPmabMTyJA=[0, 1, 2, 3, 4, 5]}, metadata=VersionedMetadata(version=0, metadata=java.nio.HeapByteBuffer[pos=0 lim=0 cap=0]))}. (org.apache.kafka.coordinator.group.GroupMetadataManager:1121)
[2024-04-09 14:19:28,031] INFO [GroupId fooup] Member JlbRPnIUTVGyMBX0njpv3g transitioned from CurrentAssignment(memberEpoch=0, previousMemberEpoch=-1, targetMemberEpoch=0, state=stable, assignedPartitions={}, partitionsPendingRevocation={}, partitionsPendingAssignment={}) to CurrentAssignment(memberEpoch=1, previousMemberEpoch=0, targetMemberEpoch=1, state=stable, assignedPartitions={W8mzKYiTQ5KUWPmabMTyJA=[0, 1, 2, 3, 4, 5]}, partitionsPendingRevocation={}, partitionsPendingAssignment={}). (org.apache.kafka.coordinator.group.GroupMetadataManager:1152)
[2024-04-09 14:19:28,032] DEBUG Creating in-memory snapshot 1 (org.apache.kafka.timeline.SnapshotRegistry:203)
[2024-04-09 14:19:28,032] DEBUG Creating in-memory snapshot 2 (org.apache.kafka.timeline.SnapshotRegistry:203)
[2024-04-09 14:19:28,032] DEBUG Creating in-memory snapshot 3 (org.apache.kafka.timeline.SnapshotRegistry:203)
[2024-04-09 14:19:28,033] DEBUG Creating in-memory snapshot 4 (org.apache.kafka.timeline.SnapshotRegistry:203)
[2024-04-09 14:19:28,033] DEBUG Creating in-memory snapshot 5 (org.apache.kafka.timeline.SnapshotRegistry:203)
[2024-04-09 14:19:28,033] DEBUG Creating in-memory snapshot 6 (org.apache.kafka.timeline.SnapshotRegistry:203)
[2024-04-09 14:19:28,033] INFO [GroupId fooup] Member JlbRPnIUTVGyMBX0njpv3g left the consumer group. (org.apache.kafka.coordinator.group.GroupMetadataManager:1217)
[2024-04-09 14:19:28,033] INFO [GroupId fooup] Computed new subscription metadata: {}. (org.apache.kafka.coordinator.group.GroupMetadataManager:1287)
[2024-04-09 14:19:28,034] DEBUG Creating in-memory snapshot 7 (org.apache.kafka.timeline.SnapshotRegistry:203)
[2024-04-09 14:19:28,035] DEBUG Creating in-memory snapshot 8 (org.apache.kafka.timeline.SnapshotRegistry:203)
[2024-04-09 14:19:28,036] DEBUG Creating in-memory snapshot 9 (org.apache.kafka.timeline.SnapshotRegistry:203)
[2024-04-09 14:19:28,037] DEBUG Creating in-memory snapshot 10 (org.apache.kafka.timeline.SnapshotRegistry:203)
[2024-04-09 14:19:28,037] DEBUG Creating in-memory snapshot 11 (org.apache.kafka.timeline.SnapshotRegistry:203)
[2024-04-09 14:19:28,063] DEBUG Creating in-memory snapshot 0 (org.apache.kafka.timeline.SnapshotRegistry:203)
[2024-04-09 14:19:28,063] INFO Static member with groupInstanceId=leader-instance-id and unknown member id joins group group-id in Empty state. Created a new member id leader-instance-id-27fa288f-4b79-49ee-b0ce-cc6f72427a57 for this member and added to the group. (org.apache.kafka.coordinator.group.GroupMetadataManager:2072)
[2024-04-09 14:19:28,064] INFO Preparing to rebalance group group-id in state PreparingRebalance with old generation 0 (reason: Adding new member leader-instance-id-27fa288f-4b79-49ee-b0ce-cc6f72427a57 with group instance id leader-instance-id; client reason: not provided). (org.apache.kafka.coordinator.group.GroupMetadataManager:2642)
[2024-04-09 14:19:28,064] INFO Static member with groupInstanceId=follower-instance-id and unknown member id joins group group-id in PreparingRebalance state. Created a new member id follower-instance-id-8c059262-82a7-4a91-870a-4bc6c3e0d83b for this member and added to the group. (org.apache.kafka.coordinator.group.GroupMetadataManager:2072)
[2024-04-09 14:19:28,065] INFO Stabilized group group-id generation 1 with 2 members. (org.apache.kafka.coordinator.group.GroupMetadataManager:2361)
[2024-04-09 14:19:28,066] INFO Assignment received from leader leader-instance-id-27fa288f-4b79-49ee-b0ce-cc6f72427a57 for group group-id for generation 1. The group has 2 members, 2 of which are static. (org.apache.kafka.coordinator.group.GroupMetadataManager:3068)
[2024-04-09 14:19:28,069] INFO Preparing to rebalance group group-id in state PreparingRebalance with old generation 1 (reason: Leader leader-instance-id-27fa288f-4b79-49ee-b0ce-cc6f72427a57 re-joining group during Stable; client reason: not provided). (org.apache.kafka.coordinator.group.GroupMetadataManager:2642)
[2024-04-09 14:19:28,070] INFO Stabilized group group-id generation 2 with 2 members. (org.apache.kafka.coordinator.group.GroupMetadataManager:2361)
[2024-04-09 14:19:28,072] INFO Preparing to rebalance group group-id in state PreparingRebalance with old generation 2 (reason: Updating metadata for member follower-instance-id-8c059262-82a7-4a91-870a-4bc6c3e0d83b during CompletingRebalance; client reason: not provided). (org.apache.kafka.coordinator.group.GroupMetadataManager:2642)
[2024-04-09 14:19:28,072] INFO Member leader-instance-id-27fa288f-4b79-49ee-b0ce-cc6f72427a57 in group group-id has failed, removing it from the group. (org.apache.kafka.coordinator.group.GroupMetadataManager:2436)
[2024-04-09 14:19:28,072] INFO Stabilized group group-id generation 3 with 1 members. (org.apache.kafka.coordinator.group.GroupMetadataManager:2361)
[2024-04-09 14:19:28,074] DEBUG Creating in-memory snapshot 0 (org.apache.kafka.timeline.SnapshotRegistry:203)
[2024-04-09 14:19:28,075] INFO Static member with groupInstanceId=group-instance-id and unknown member id joins group group-id in Empty state. Created a new member id group-instance-id-6063ac50-2599-4aef-9258-17472d225397 for this member and added to the group. (org.apache.kafka.coordinator.group.GroupMetadataManager:2072)
[2024-04-09 14:19:28,075] INFO Preparing to rebalance group group-id in state PreparingRebalance with old generation 0 (reason: Adding new member group-instance-id-6063ac50-2599-4aef-9258-17472d225397 with group instance id group-instance-id; client reason: not provided). (org.apache.kafka.coordinator.group.GroupMetadataManager:2642)
[2024-04-09 14:19:28,076] INFO Stabilized group group-id generation 1 with 1 members. (org.apache.kafka.coordinator.group.GroupMetadataManager:2361)
[2024-04-09 14:19:28,076] INFO Static member with groupInstanceId=group-instance-id and unknown member id joins group group-id in Stable state. Replacing previously mapped member group-instance-id-6063ac50-2599-4aef-9258-17472d225397 with this groupInstanceId. (org.apache.kafka.coordinator.group.GroupMetadataManager:2059)
[2024-04-09 14:19:28,076] INFO Preparing to rebalance group group-id in state PreparingRebalance with old generation 1 (reason: Group's selectedProtocol will change because static member group-instance-id-9d4c517b-1deb-4625-9034-00ef5aaf9622 with instance id group-instance-id joined with change of protocol; client reason: not provided). (org.apache.kafka.coordinator.group.GroupMetadataManager:2642)
[2024-04-09 14:19:28,076] INFO Stabilized group group-id generation 2 with 1 members. (org.apache.kafka.coordinator.group.GroupMetadataManager:2361)
[2024-04-09 14:19:28,144] DEBUG Creating in-memory snapshot 0 (org.apache.kafka.timeline.SnapshotRegistry:203)
[2024-04-09 14:19:28,151] INFO Dynamic member with unknown member id joins group group-id in Empty state. Created a new member id client-a415f678-d1d2-4bc9-9b90-dd9a299eb79d and requesting the member to rejoin with this id. (org.apache.kafka.coordinator.group.GroupMetadataManager:2105)
[2024-04-09 14:19:28,158] DEBUG Pending dynamic member with id client-a415f678-d1d2-4bc9-9b90-dd9a299eb79d joins group group-id in Empty state. Adding to the group now. (org.apache.kafka.coordinator.group.GroupMetadataManager:2175)
[2024-04-09 14:19:28,161] INFO Preparing to rebalance group group-id in state PreparingRebalance with old generation 0 (reason: Adding new member client-a415f678-d1d2-4bc9-9b90-dd9a299eb79d with group instance id null; client reason: not provided). (org.apache.kafka.coordinator.group.GroupMetadataManager:2642)
[2024-04-09 14:19:28,174] INFO Stabilized group group-id generation 1 with 1 members. (org.apache.kafka.coordinator.group.GroupMetadataManager:2361)
[2024-04-09 14:19:28,175] INFO Assignment received from leader client-a415f678-d1d2-4bc9-9b90-dd9a299eb79d for group group-id for generation 1. The group has 1 members, 0 of which are static. (org.apache.kafka.coordinator.group.GroupMetadataManager:3068)
[2024-04-09 14:19:28,176] WARN Setting empty assignments for members {client-a415f678-d1d2-4bc9-9b90-dd9a299eb79d=[B@66434cc8} of group-id for generation 1. (org.apache.kafka.coordinator.group.GroupMetadataManager:3088)
[2024-04-09 14:19:28,177] WARN Sending empty assignment to member client-a415f678-d1d2-4bc9-9b90-dd9a299eb79d of group-id for generation 1 with no errors (org.apache.kafka.coordinator.group.GroupMetadataManager:2758)
[2024-04-09 14:19:28,182] DEBUG Creating in-memory snapshot 0 (org.apache.kafka.timeline.SnapshotRegistry:203)
[2024-04-09 14:19:28,183] INFO Dynamic member with unknown member id joins group group-id in Empty state. Created a new member id client-f1dbe896-f4ed-4a47-af1b-2359c93a6114 and requesting the member to rejoin with this id. (org.apache.kafka.coordinator.group.GroupMetadataManager:2105)
[2024-04-09 14:19:28,183] DEBUG Pending dynamic member with id client-f1dbe896-f4ed-4a47-af1b-2359c93a6114 joins group group-id in Empty state. Adding to the group now. (org.apache.kafka.coordinator.group.GroupMetadataManager:2175)
[2024-04-09 14:19:28,183] INFO Preparing to rebalance group group-id in state PreparingRebalance with old generation 0 (reason: Adding new member client-f1dbe896-f4ed-4a47-af1b-2359c93a6114 with group instance id null; client reason: not provided). (org.apache.kafka.coordinator.group.GroupMetadataManager:2642)
[2024-04-09 14:19:28,184] INFO Stabilized group group-id generation 1 with 1 members. (org.apache.kafka.coordinator.group.GroupMetadataManager:2361)
[2024-04-09 14:19:28,191] DEBUG Creating in-memory snapshot 0 (org.apache.kafka.timeline.SnapshotRegistry:203)
[2024-04-09 14:19:28,194] DEBUG Creating in-memory snapshot 1 (org.apache.kafka.timeline.SnapshotRegistry:203)
[2024-04-09 14:19:28,195] DEBUG Creating in-memory snapshot 2 (org.apache.kafka.timeline.SnapshotRegistry:203)
[2024-04-09 14:19:28,195] DEBUG Creating in-memory snapshot 3 (org.apache.kafka.timeline.SnapshotRegistry:203)
[2024-04-09 14:19:28,196] DEBUG Creating in-memory snapshot 4 (org.apache.kafka.timeline.SnapshotRegistry:203)
[2024-04-09 14:19:28,196] DEBUG Creating in-memory snapshot 5 (org.apache.kafka.timeline.SnapshotRegistry:203)
[2024-04-09 14:19:28,196] DEBUG Creating in-memory snapshot 6 (org.apache.kafka.timeline.SnapshotRegistry:203)
[2024-04-09 14:19:28,197] DEBUG Creating in-memory snapshot 7 (org.apache.kafka.timeline.SnapshotRegistry:203)
[2024-04-09 14:19:28,197] DEBUG Creating in-memory snapshot 8 (org.apache.kafka.timeline.SnapshotRegistry:203)
[2024-04-09 14:19:28,197] DEBUG Creating in-memory snapshot 9 (org.apache.kafka.timeline.SnapshotRegistry:203)
[2024-04-09 14:19:28,198] INFO [GroupId fooup] Static Member 9KVDtEyrT5q3SHUcvU_btQ with instance id 9KVDtEyrT5q3SHUcvU_btQ left the consumer group. (org.apache.kafka.coordinator.group.GroupMetadataManager:1228)
[2024-04-09 14:19:28,199] INFO [GroupId fooup] Computed new subscription metadata: {bar=TopicMetadata(id=EQJTLGszTsC3Lv7o9T7l1A, name=bar, numPartitions=3, partitionRacks={0=[rack0, rack1], 1=[rack1, rack2], 2=[rack3, rack2]}), foo=TopicMetadata(id=ZHdW1K9rQAqbovHnKrT8Qw, name=foo, numPartitions=6, partitionRacks={0=[rack0, rack1], 1=[rack1, rack2], 2=[rack3, rack2], 3=[rack3, rack0], 4=[rack0, rack1], 5=[rack1, rack2]})}. (org.apache.kafka.coordinator.group.GroupMetadataManager:1287)
[2024-04-09 14:19:28,199] DEBUG Creating in-memory snapshot 10 (org.apache.kafka.timeline.SnapshotRegistry:203)
[2024-04-09 14:19:28,199] DEBUG Creating in-memory snapshot 11 (org.apache.kafka.timeline.SnapshotRegistry:203)
[2024-04-09 14:19:28,200] DEBUG Creating in-memory snapshot 12 (org.apache.kafka.timeline.SnapshotRegistry:203)
[2024-04-09 14:19:28,200] DEBUG Creating in-memory snapshot 13 (org.apache.kafka.timeline.SnapshotRegistry:203)
[2024-04-09 14:19:28,201] DEBUG Creating in-memory snapshot 14 (org.apache.kafka.timeline.SnapshotRegistry:203)
[2024-04-09 14:19:28,234] DEBUG Creating in-memory snapshot 0 (org.apache.kafka.timeline.SnapshotRegistry:203)
[2024-04-09 14:19:28,238] INFO Dynamic member with unknown member id joins group group-id in Empty state. Created a new member id client-105c8507-4523-4e1b-9ce2-d6262ae88a00 and requesting the member to rejoin with this id. (org.apache.kafka.coordinator.group.GroupMetadataManager:2105)
[2024-04-09 14:19:28,238] DEBUG Pending dynamic member with id client-105c8507-4523-4e1b-9ce2-d6262ae88a00 joins group group-id in Empty state. Adding to the group now. (org.apache.kafka.coordinator.group.GroupMetadataManager:2175)
[2024-04-09 14:19:28,239] INFO Preparing to rebalance group group-id in state PreparingRebalance with old generation 0 (reason: Adding new member client-105c8507-4523-4e1b-9ce2-d6262ae88a00 with group instance id null; client reason: not provided). (org.apache.kafka.coordinator.group.GroupMetadataManager:2642)
[2024-04-09 14:19:28,240] INFO Stabilized group group-id generation 1 with 1 members. (org.apache.kafka.coordinator.group.GroupMetadataManager:2361)
[2024-04-09 14:19:28,246] DEBUG Creating in-memory snapshot 0 (org.apache.kafka.timeline.SnapshotRegistry:203)
[2024-04-09 14:19:28,250] DEBUG Creating in-memory snapshot 1 (org.apache.kafka.timeline.SnapshotRegistry:203)
[2024-04-09 14:19:28,251] DEBUG Creating in-memory snapshot 2 (org.apache.kafka.timeline.SnapshotRegistry:203)
[2024-04-09 14:19:28,251] DEBUG Creating in-memory snapshot 3 (org.apache.kafka.timeline.SnapshotRegistry:203)
[2024-04-09 14:19:28,251] DEBUG Creating in-memory snapshot 4 (org.apache.kafka.timeline.SnapshotRegistry:203)
[2024-04-09 14:19:28,251] DEBUG Creating in-memory snapshot 5 (org.apache.kafka.timeline.SnapshotRegistry:203)
[2024-04-09 14:19:28,251] DEBUG Creating in-memory snapshot 6 (org.apache.kafka.timeline.SnapshotRegistry:203)
[2024-04-09 14:19:28,252] INFO [GroupId fooup] Computed new subscription metadata: {foo=TopicMetadata(id=iYwYI-z-T0iMxJisABCANQ, name=foo, numPartitions=6, partitionRacks={0=[rack0, rack1], 1=[rack1, rack2], 2=[rack3, rack2], 3=[rack3, rack0], 4=[rack0, rack1], 5=[rack1, rack2]})}. (org.apache.kafka.coordinator.group.GroupMetadataManager:1075)
[2024-04-09 14:19:28,252] INFO [GroupId fooup] Bumped group epoch to 11. (org.apache.kafka.coordinator.group.GroupMetadataManager:1084)
[2024-04-09 14:19:28,252] INFO [GroupId fooup] Computed a new target assignment for epoch 11 with 'range' assignor: {_1BCatJxRde3oKZhgm69hg=Assignment(error=0, partitions={iYwYI-z-T0iMxJisABCANQ=[0, 1, 2, 3, 4, 5]}, metadata=VersionedMetadata(version=0, metadata=java.nio.HeapByteBuffer[pos=0 lim=0 cap=0]))}. (org.apache.kafka.coordinator.group.GroupMetadataManager:1121)
[2024-04-09 14:19:28,253] INFO [GroupId fooup] Member _1BCatJxRde3oKZhgm69hg transitioned from CurrentAssignment(memberEpoch=10, previousMemberEpoch=10, targetMemberEpoch=10, state=stable, assignedPartitions={iYwYI-z-T0iMxJisABCANQ=[0, 1, 2]}, partitionsPendingRevocation={}, partitionsPendingAssignment={}) to CurrentAssignment(memberEpoch=11, previousMemberEpoch=10, targetMemberEpoch=11, state=stable, assignedPartitions={iYwYI-z-T0iMxJisABCANQ=[0, 1, 2, 3, 4, 5]}, partitionsPendingRevocation={}, partitionsPendingAssignment={}). (org.apache.kafka.coordinator.group.GroupMetadataManager:1152)
[2024-04-09 14:19:28,253] DEBUG Creating in-memory snapshot 7 (org.apache.kafka.timeline.SnapshotRegistry:203)
[2024-04-09 14:19:28,253] DEBUG Creating in-memory snapshot 8 (org.apache.kafka.timeline.SnapshotRegistry:203)
[2024-04-09 14:19:28,253] DEBUG Creating in-memory snapshot 9 (org.apache.kafka.timeline.SnapshotRegistry:203)
[2024-04-09 14:19:28,253] DEBUG Creating in-memory snapshot 10 (org.apache.kafka.timeline.SnapshotRegistry:203)
[2024-04-09 14:19:28,254] DEBUG Creating in-memory snapshot 11 (org.apache.kafka.timeline.SnapshotRegistry:203)
[2024-04-09 14:19:28,254] DEBUG Reverting to in-memory snapshot 6 (org.apache.kafka.timeline.SnapshotRegistry:213)
[2024-04-09 14:19:28,254] DEBUG Deleting in-memory snapshot 7 because we are reverting to 6 (org.apache.kafka.timeline.SnapshotRegistry:219)
[2024-04-09 14:19:28,255] DEBUG Deleting in-memory snapshot 7 (org.apache.kafka.timeline.SnapshotRegistry:247)
[2024-04-09 14:19:28,256] DEBUG Deleting in-memory snapshot 8 because we are reverting to 6 (org.apache.kafka.timeline.SnapshotRegistry:219)
[2024-04-09 14:19:28,256] DEBUG Deleting in-memory snapshot 8 (org.apache.kafka.timeline.SnapshotRegistry:247)
[2024-04-09 14:19:28,256] DEBUG Deleting in-memory snapshot 9 because we are reverting to 6 (org.apache.kafka.timeline.SnapshotRegistry:219)
[2024-04-09 14:19:28,256] DEBUG Deleting in-memory snapshot 9 (org.apache.kafka.timeline.SnapshotRegistry:247)
[2024-04-09 14:19:28,256] DEBUG Deleting in-memory snapshot 10 because we are reverting to 6 (org.apache.kafka.timeline.SnapshotRegistry:219)
[2024-04-09 14:19:28,256] DEBUG Deleting in-memory snapshot 10 (org.apache.kafka.timeline.SnapshotRegistry:247)
[2024-04-09 14:19:28,256] DEBUG Deleting in-memory snapshot 11 because we are reverting to 6 (org.apache.kafka.timeline.SnapshotRegistry:219)
[2024-04-09 14:19:28,257] DEBUG Deleting in-memory snapshot 11 (org.apache.kafka.timeline.SnapshotRegistry:247)
[2024-04-09 14:19:28,257] INFO [GroupId fooup] Computed new subscription metadata: {foo=TopicMetadata(id=iYwYI-z-T0iMxJisABCANQ, name=foo, numPartitions=6, partitionRacks={0=[rack0, rack1], 1=[rack1, rack2], 2=[rack3, rack2], 3=[rack3, rack0], 4=[rack0, rack1], 5=[rack1, rack2]})}. (org.apache.kafka.coordinator.group.GroupMetadataManager:1075)
[2024-04-09 14:19:28,257] INFO [GroupId fooup] Bumped group epoch to 11. (org.apache.kafka.coordinator.group.GroupMetadataManager:1084)
[2024-04-09 14:19:28,258] INFO [GroupId fooup] Computed a new target assignment for epoch 11 with 'range' assignor: {_1BCatJxRde3oKZhgm69hg=Assignment(error=0, partitions={iYwYI-z-T0iMxJisABCANQ=[0, 1, 2, 3, 4, 5]}, metadata=VersionedMetadata(version=0, metadata=java.nio.HeapByteBuffer[pos=0 lim=0 cap=0]))}. (org.apache.kafka.coordinator.group.GroupMetadataManager:1121)
[2024-04-09 14:19:28,259] INFO [GroupId fooup] Member _1BCatJxRde3oKZhgm69hg transitioned from CurrentAssignment(memberEpoch=10, previousMemberEpoch=10, targetMemberEpoch=10, state=stable, assignedPartitions={iYwYI-z-T0iMxJisABCANQ=[0, 1, 2]}, partitionsPendingRevocation={}, partitionsPendingAssignment={}) to CurrentAssignment(memberEpoch=11, previousMemberEpoch=10, targetMemberEpoch=11, state=stable, assignedPartitions={iYwYI-z-T0iMxJisABCANQ=[0, 1, 2, 3, 4, 5]}, partitionsPendingRevocation={}, partitionsPendingAssignment={}). (org.apache.kafka.coordinator.group.GroupMetadataManager:1152)
[2024-04-09 14:19:28,259] DEBUG Creating in-memory snapshot 7 (org.apache.kafka.timeline.SnapshotRegistry:203)
[2024-04-09 14:19:28,259] DEBUG Creating in-memory snapshot 8 (org.apache.kafka.timeline.SnapshotRegistry:203)
[2024-04-09 14:19:28,260] DEBUG Creating in-memory snapshot 9 (org.apache.kafka.timeline.SnapshotRegistry:203)
[2024-04-09 14:19:28,260] DEBUG Creating in-memory snapshot 10 (org.apache.kafka.timeline.SnapshotRegistry:203)
[2024-04-09 14:19:28,260] DEBUG Creating in-memory snapshot 11 (org.apache.kafka.timeline.SnapshotRegistry:203)
[2024-04-09 14:19:28,267] DEBUG Creating in-memory snapshot 0 (org.apache.kafka.timeline.SnapshotRegistry:203)
[2024-04-09 14:19:28,271] DEBUG Creating in-memory snapshot 0 (org.apache.kafka.timeline.SnapshotRegistry:203)
[2024-04-09 14:19:28,272] INFO Static member with groupInstanceId=group-instance-id and unknown member id joins group group-id in Empty state. Created a new member id group-instance-id-d75e10e7-e50f-4999-9c0d-6d7b4f94db3c for this member and added to the group. (org.apache.kafka.coordinator.group.GroupMetadataManager:2072)
[2024-04-09 14:19:28,273] INFO Preparing to rebalance group group-id in state PreparingRebalance with old generation 0 (reason: Adding new member group-instance-id-d75e10e7-e50f-4999-9c0d-6d7b4f94db3c with group instance id group-instance-id; client reason: not provided). (org.apache.kafka.coordinator.group.GroupMetadataManager:2642)
[2024-04-09 14:19:28,273] INFO Static member with groupInstanceId=group-instance-id and unknown member id joins group group-id in PreparingRebalance state. Replacing previously mapped member group-instance-id-d75e10e7-e50f-4999-9c0d-6d7b4f94db3c with this groupInstanceId. (org.apache.kafka.coordinator.group.GroupMetadataManager:2059)
[2024-04-09 14:19:28,274] INFO Stabilized group group-id generation 1 with 1 members. (org.apache.kafka.coordinator.group.GroupMetadataManager:2361)
[2024-04-09 14:19:28,278] DEBUG Creating in-memory snapshot 0 (org.apache.kafka.timeline.SnapshotRegistry:203)
[2024-04-09 14:19:28,282] DEBUG Creating in-memory snapshot 0 (org.apache.kafka.timeline.SnapshotRegistry:203)
[2024-04-09 14:19:28,283] INFO Static member with groupInstanceId=leader-instance-id and unknown member id joins group group-id in Empty state. Created a new member id leader-instance-id-79bdd1f0-e849-4da8-959e-fb30195689e7 for this member and added to the group. (org.apache.kafka.coordinator.group.GroupMetadataManager:2072)
[2024-04-09 14:19:28,283] INFO Preparing to rebalance group group-id in state PreparingRebalance with old generation 0 (reason: Adding new member leader-instance-id-79bdd1f0-e849-4da8-959e-fb30195689e7 with group instance id leader-instance-id; client reason: not provided). (org.apache.kafka.coordinator.group.GroupMetadataManager:2642)
[2024-04-09 14:19:28,284] INFO Static member with groupInstanceId=follower-instance-id and unknown member id joins group group-id in PreparingRebalance state. Created a new member id follower-instance-id-bf7be811-f78f-4941-b46c-7af4db243669 for this member and added to the group. (org.apache.kafka.coordinator.group.GroupMetadataManager:2072)
[2024-04-09 14:19:28,285] INFO Stabilized group group-id generation 1 with 2 members. (org.apache.kafka.coordinator.group.GroupMetadataManager:2361)
[2024-04-09 14:19:28,285] INFO Assignment received from leader leader-instance-id-79bdd1f0-e849-4da8-959e-fb30195689e7 for group group-id for generation 1. The group has 2 members, 2 of which are static. (org.apache.kafka.coordinator.group.GroupMetadataManager:3068)
[2024-04-09 14:19:28,285] INFO [Group group-id] Member follower-instance-id-bf7be811-f78f-4941-b46c-7af4db243669 has left group through explicit `LeaveGroup` request; client reason: not provided (org.apache.kafka.coordinator.group.GroupMetadataManager:3410)
[2024-04-09 14:19:28,286] INFO Preparing to rebalance group group-id in state PreparingRebalance with old generation 1 (reason: explicit `LeaveGroup` request for () members.). (org.apache.kafka.coordinator.group.GroupMetadataManager:2642)
[2024-04-09 14:19:28,289] DEBUG Creating in-memory snapshot 0 (org.apache.kafka.timeline.SnapshotRegistry:203)
[2024-04-09 14:19:28,289] INFO Dynamic member with unknown member id joins group group-id in Empty state. Created a new member id client-7943f8de-688a-4f1f-80ca-67e969d9eb02 and requesting the member to rejoin with this id. (org.apache.kafka.coordinator.group.GroupMetadataManager:2105)
[2024-04-09 14:19:28,290] DEBUG Pending dynamic member with id client-7943f8de-688a-4f1f-80ca-67e969d9eb02 joins group group-id in Empty state. Adding to the group now. (org.apache.kafka.coordinator.group.GroupMetadataManager:2175)
[2024-04-09 14:19:28,290] INFO Preparing to rebalance group group-id in state PreparingRebalance with old generation 0 (reason: Adding new member client-7943f8de-688a-4f1f-80ca-67e969d9eb02 with group instance id null; client reason: not provided). (org.apache.kafka.coordinator.group.GroupMetadataManager:2642)
[2024-04-09 14:19:28,291] INFO Stabilized group group-id generation 1 with 1 members. (org.apache.kafka.coordinator.group.GroupMetadataManager:2361)
[2024-04-09 14:19:28,293] DEBUG Creating in-memory snapshot 0 (org.apache.kafka.timeline.SnapshotRegistry:203)
[2024-04-09 14:19:28,295] INFO Dynamic member with unknown member id joins group group-id in state Empty. Created a new member id client-9eb93270-2199-4b01-b4ba-c99596a1e31e and added the member to the group. (org.apache.kafka.coordinator.group.GroupMetadataManager:2125)
[2024-04-09 14:19:28,296] INFO Preparing to rebalance group group-id in state PreparingRebalance with old generation 0 (reason: Adding new member client-9eb93270-2199-4b01-b4ba-c99596a1e31e with group instance id null; client reason: not provided). (org.apache.kafka.coordinator.group.GroupMetadataManager:2642)
[2024-04-09 14:19:28,296] INFO Stabilized group group-id generation 1 with 1 members. (org.apache.kafka.coordinator.group.GroupMetadataManager:2361)
[2024-04-09 14:19:28,297] INFO Assignment received from leader client-9eb93270-2199-4b01-b4ba-c99596a1e31e for group group-id for generation 1. The group has 1 members, 0 of which are static. (org.apache.kafka.coordinator.group.GroupMetadataManager:3068)
[2024-04-09 14:19:28,297] WARN Setting empty assignments for members {client-9eb93270-2199-4b01-b4ba-c99596a1e31e=[B@66434cc8} of group-id for generation 1. (org.apache.kafka.coordinator.group.GroupMetadataManager:3088)
[2024-04-09 14:19:28,298] WARN Sending empty assignment to member client-9eb93270-2199-4b01-b4ba-c99596a1e31e of group-id for generation 1 with no errors (org.apache.kafka.coordinator.group.GroupMetadataManager:2758)
[2024-04-09 14:19:28,298] INFO Dynamic member with unknown member id joins group group-id in state Stable. Created a new member id client-39aa3c1a-675e-4db1-b12a-9badffcd9df3 and added the member to the group. (org.apache.kafka.coordinator.group.GroupMetadataManager:2125)
[2024-04-09 14:19:28,299] INFO Preparing to rebalance group group-id in state PreparingRebalance with old generation 1 (reason: Adding new member client-39aa3c1a-675e-4db1-b12a-9badffcd9df3 with group instance id null; client reason: not provided). (org.apache.kafka.coordinator.group.GroupMetadataManager:2642)
[2024-04-09 14:19:28,299] INFO Stabilized group group-id generation 2 with 2 members. (org.apache.kafka.coordinator.group.GroupMetadataManager:2361)
[2024-04-09 14:19:28,300] INFO Member client-39aa3c1a-675e-4db1-b12a-9badffcd9df3 in group group-id has failed, removing it from the group. (org.apache.kafka.coordinator.group.GroupMetadataManager:2436)
[2024-04-09 14:19:28,300] INFO Preparing to rebalance group group-id in state PreparingRebalance with old generation 2 (reason: removing member client-39aa3c1a-675e-4db1-b12a-9badffcd9df3 on heartbeat expiration.). (org.apache.kafka.coordinator.group.GroupMetadataManager:2642)
[2024-04-09 14:19:28,300] INFO Member client-9eb93270-2199-4b01-b4ba-c99596a1e31e in group group-id has failed, removing it from the group. (org.apache.kafka.coordinator.group.GroupMetadataManager:2436)
[2024-04-09 14:19:28,300] INFO Group group-id with generation 3 is now empty. (org.apache.kafka.coordinator.group.GroupMetadataManager:2342)
[2024-04-09 14:19:28,304] DEBUG Creating in-memory snapshot 0 (org.apache.kafka.timeline.SnapshotRegistry:203)
[2024-04-09 14:19:28,304] INFO Dynamic member with unknown member id joins group group-id in Empty state. Created a new member id client-39026e1f-a5f6-41a3-b149-44a18324556e and requesting the member to rejoin with this id. (org.apache.kafka.coordinator.group.GroupMetadataManager:2105)
[2024-04-09 14:19:28,304] DEBUG Pending dynamic member with id client-39026e1f-a5f6-41a3-b149-44a18324556e joins group group-id in Empty state. Adding to the group now. (org.apache.kafka.coordinator.group.GroupMetadataManager:2175)
[2024-04-09 14:19:28,305] INFO Preparing to rebalance group group-id in state PreparingRebalance with old generation 0 (reason: Adding new member client-39026e1f-a5f6-41a3-b149-44a18324556e with group instance id null; client reason: not provided). (org.apache.kafka.coordinator.group.GroupMetadataManager:2642)
[2024-04-09 14:19:28,305] INFO Stabilized group group-id generation 1 with 1 members. (org.apache.kafka.coordinator.group.GroupMetadataManager:2361)
[2024-04-09 14:19:28,306] INFO Assignment received from leader client-39026e1f-a5f6-41a3-b149-44a18324556e for group group-id for generation 1. The group has 1 members, 0 of which are static. (org.apache.kafka.coordinator.group.GroupMetadataManager:3068)
[2024-04-09 14:19:28,306] WARN Sending empty assignment to member client-39026e1f-a5f6-41a3-b149-44a18324556e of group-id for generation 1 with no errors (org.apache.kafka.coordinator.group.GroupMetadataManager:2758)
[2024-04-09 14:19:28,307] INFO Dynamic member with unknown member id joins group group-id in state Stable. Created a new member id client-ea2dbf4c-d460-467d-abc9-85f605652a5c and added the member to the group. (org.apache.kafka.coordinator.group.GroupMetadataManager:2125)
[2024-04-09 14:19:28,307] INFO Preparing to rebalance group group-id in state PreparingRebalance with old generation 1 (reason: Adding new member client-ea2dbf4c-d460-467d-abc9-85f605652a5c with group instance id null; client reason: not provided). (org.apache.kafka.coordinator.group.GroupMetadataManager:2642)
[2024-04-09 14:19:28,309] INFO Stabilized group group-id generation 2 with 2 members. (org.apache.kafka.coordinator.group.GroupMetadataManager:2361)
[2024-04-09 14:19:28,309] INFO Assignment received from leader client-39026e1f-a5f6-41a3-b149-44a18324556e for group group-id for generation 2. The group has 2 members, 0 of which are static. (org.apache.kafka.coordinator.group.GroupMetadataManager:3068)
[2024-04-09 14:19:28,309] WARN Setting empty assignments for members {client-ea2dbf4c-d460-467d-abc9-85f605652a5c=[B@66434cc8} of group-id for generation 2. (org.apache.kafka.coordinator.group.GroupMetadataManager:3088)
[2024-04-09 14:19:28,310] WARN Sending empty assignment to member client-ea2dbf4c-d460-467d-abc9-85f605652a5c of group-id for generation 2 with no errors (org.apache.kafka.coordinator.group.GroupMetadataManager:2758)
[2024-04-09 14:19:28,310] WARN Sending empty assignment to member client-39026e1f-a5f6-41a3-b149-44a18324556e of group-id for generation 2 with no errors (org.apache.kafka.coordinator.group.GroupMetadataManager:2758)
[2024-04-09 14:19:28,310] INFO Preparing to rebalance group group-id in state PreparingRebalance with old generation 2 (reason: Leader client-39026e1f-a5f6-41a3-b149-44a18324556e re-joining group during Stable; client reason: not provided). (org.apache.kafka.coordinator.group.GroupMetadataManager:2642)
[2024-04-09 14:19:28,310] INFO Dynamic member with unknown member id joins group group-id in PreparingRebalance state. Created a new member id client-93e502cd-7211-479d-8561-9fa997e39c47 and requesting the member to rejoin with this id. (org.apache.kafka.coordinator.group.GroupMetadataManager:2105)
[2024-04-09 14:19:28,311] DEBUG Pending dynamic member with id client-93e502cd-7211-479d-8561-9fa997e39c47 joins group group-id in PreparingRebalance state. Adding to the group now. (org.apache.kafka.coordinator.group.GroupMetadataManager:2175)
[2024-04-09 14:19:28,311] INFO Stabilized group group-id generation 3 with 3 members. (org.apache.kafka.coordinator.group.GroupMetadataManager:2361)
[2024-04-09 14:19:28,314] DEBUG Creating in-memory snapshot 0 (org.apache.kafka.timeline.SnapshotRegistry:203)
[2024-04-09 14:19:28,315] INFO Static member with groupInstanceId=leader-instance-id and unknown member id joins group group-id in Empty state. Created a new member id leader-instance-id-062835ee-9083-477b-b3be-4da89577156a for this member and added to the group. (org.apache.kafka.coordinator.group.GroupMetadataManager:2072)
[2024-04-09 14:19:28,315] INFO Preparing to rebalance group group-id in state PreparingRebalance with old generation 0 (reason: Adding new member leader-instance-id-062835ee-9083-477b-b3be-4da89577156a with group instance id leader-instance-id; client reason: not provided). (org.apache.kafka.coordinator.group.GroupMetadataManager:2642)
[2024-04-09 14:19:28,315] INFO Static member with groupInstanceId=follower-instance-id and unknown member id joins group group-id in PreparingRebalance state. Created a new member id follower-instance-id-e8ce2627-ae91-4cef-ae75-2c13b8c9b907 for this member and added to the group. (org.apache.kafka.coordinator.group.GroupMetadataManager:2072)
[2024-04-09 14:19:28,315] INFO Stabilized group group-id generation 1 with 2 members. (org.apache.kafka.coordinator.group.GroupMetadataManager:2361)
[2024-04-09 14:19:28,317] INFO Assignment received from leader leader-instance-id-062835ee-9083-477b-b3be-4da89577156a for group group-id for generation 1. The group has 2 members, 2 of which are static. (org.apache.kafka.coordinator.group.GroupMetadataManager:3068)
[2024-04-09 14:19:28,317] INFO Dynamic member with unknown member id joins group group-id in state Stable. Created a new member id client-f6fea844-364e-4f5e-91e7-539d0ad08dd7 and added the member to the group. (org.apache.kafka.coordinator.group.GroupMetadataManager:2125)
[2024-04-09 14:19:28,317] INFO Preparing to rebalance group group-id in state PreparingRebalance with old generation 1 (reason: Adding new member client-f6fea844-364e-4f5e-91e7-539d0ad08dd7 with group instance id null; client reason: not provided). (org.apache.kafka.coordinator.group.GroupMetadataManager:2642)
[2024-04-09 14:19:28,317] INFO Static member with groupInstanceId=follower-instance-id and unknown member id joins group group-id in PreparingRebalance state. Replacing previously mapped member follower-instance-id-e8ce2627-ae91-4cef-ae75-2c13b8c9b907 with this groupInstanceId. (org.apache.kafka.coordinator.group.GroupMetadataManager:2059)
[2024-04-09 14:19:28,319] DEBUG Creating in-memory snapshot 0 (org.apache.kafka.timeline.SnapshotRegistry:203)
[2024-04-09 14:19:28,321] DEBUG Creating in-memory snapshot 1 (org.apache.kafka.timeline.SnapshotRegistry:203)
[2024-04-09 14:19:28,322] DEBUG Creating in-memory snapshot 2 (org.apache.kafka.timeline.SnapshotRegistry:203)
[2024-04-09 14:19:28,322] DEBUG Creating in-memory snapshot 3 (org.apache.kafka.timeline.SnapshotRegistry:203)
[2024-04-09 14:19:28,323] DEBUG Creating in-memory snapshot 4 (org.apache.kafka.timeline.SnapshotRegistry:203)
[2024-04-09 14:19:28,324] DEBUG Creating in-memory snapshot 5 (org.apache.kafka.timeline.SnapshotRegistry:203)
[2024-04-09 14:19:28,325] DEBUG Creating in-memory snapshot 6 (org.apache.kafka.timeline.SnapshotRegistry:203)
[2024-04-09 14:19:28,327] DEBUG Creating in-memory snapshot 7 (org.apache.kafka.timeline.SnapshotRegistry:203)
[2024-04-09 14:19:28,327] DEBUG Creating in-memory snapshot 8 (org.apache.kafka.timeline.SnapshotRegistry:203)
[2024-04-09 14:19:28,328] DEBUG Creating in-memory snapshot 9 (org.apache.kafka.timeline.SnapshotRegistry:203)
[2024-04-09 14:19:28,345] INFO [GroupId fooup] Static member GBI_7xMGTMWn0Q3Mm4zzpA with instance id GBI_7xMGTMWn0Q3Mm4zzpA joins the consumer group. (org.apache.kafka.coordinator.group.GroupMetadataManager:1007)
[2024-04-09 14:19:28,346] INFO [GroupId fooup] Member GBI_7xMGTMWn0Q3Mm4zzpA updated its subscribed topics to: [bar, foo]. (org.apache.kafka.coordinator.group.GroupMetadataManager:1051)
[2024-04-09 14:19:28,346] INFO [GroupId fooup] Computed new subscription metadata: {bar=TopicMetadata(id=NVtPKRbXRryq7phi7XSAqA, name=bar, numPartitions=3, partitionRacks={0=[rack0, rack1], 1=[rack1, rack2], 2=[rack3, rack2]}), foo=TopicMetadata(id=cN7MikNgTjqrlJ40z3BjUg, name=foo, numPartitions=6, partitionRacks={0=[rack0, rack1], 1=[rack1, rack2], 2=[rack3, rack2], 3=[rack3, rack0], 4=[rack0, rack1], 5=[rack1, rack2]})}. (org.apache.kafka.coordinator.group.GroupMetadataManager:1075)
[2024-04-09 14:19:28,346] INFO [GroupId fooup] Bumped group epoch to 11. (org.apache.kafka.coordinator.group.GroupMetadataManager:1084)
[2024-04-09 14:19:28,348] INFO [GroupId fooup] Computed a new target assignment for epoch 11 with 'range' assignor: {8Pm8bpUdTaOkCC2-nZ9LDw=Assignment(error=0, partitions={NVtPKRbXRryq7phi7XSAqA=[0], cN7MikNgTjqrlJ40z3BjUg=[0, 1]}, metadata=VersionedMetadata(version=0, metadata=java.nio.HeapByteBuffer[pos=0 lim=0 cap=0])), GBI_7xMGTMWn0Q3Mm4zzpA=Assignment(error=0, partitions={NVtPKRbXRryq7phi7XSAqA=[2], cN7MikNgTjqrlJ40z3BjUg=[4, 5]}, metadata=VersionedMetadata(version=0, metadata=java.nio.HeapByteBuffer[pos=0 lim=0 cap=0])), 8YTyERdFQemVRrpAi8RlMg=Assignment(error=0, partitions={NVtPKRbXRryq7phi7XSAqA=[1], cN7MikNgTjqrlJ40z3BjUg=[2, 3]}, metadata=VersionedMetadata(version=0, metadata=java.nio.HeapByteBuffer[pos=0 lim=0 cap=0]))}. (org.apache.kafka.coordinator.group.GroupMetadataManager:1121)
[2024-04-09 14:19:28,348] INFO [GroupId fooup] Member GBI_7xMGTMWn0Q3Mm4zzpA transitioned from CurrentAssignment(memberEpoch=0, previousMemberEpoch=-1, targetMemberEpoch=0, state=stable, assignedPartitions={}, partitionsPendingRevocation={}, partitionsPendingAssignment={}) to CurrentAssignment(memberEpoch=11, previousMemberEpoch=0, targetMemberEpoch=11, state=assigning, assignedPartitions={}, partitionsPendingRevocation={}, partitionsPendingAssignment={NVtPKRbXRryq7phi7XSAqA=[2], cN7MikNgTjqrlJ40z3BjUg=[4, 5]}). (org.apache.kafka.coordinator.group.GroupMetadataManager:1152)
[2024-04-09 14:19:28,349] DEBUG Creating in-memory snapshot 10 (org.apache.kafka.timeline.SnapshotRegistry:203)
[2024-04-09 14:19:28,349] DEBUG Creating in-memory snapshot 11 (org.apache.kafka.timeline.SnapshotRegistry:203)
[2024-04-09 14:19:28,349] DEBUG Creating in-memory snapshot 12 (org.apache.kafka.timeline.SnapshotRegistry:203)
[2024-04-09 14:19:28,349] DEBUG Creating in-memory snapshot 13 (org.apache.kafka.timeline.SnapshotRegistry:203)
[2024-04-09 14:19:28,349] DEBUG Creating in-memory snapshot 14 (org.apache.kafka.timeline.SnapshotRegistry:203)
[2024-04-09 14:19:28,350] DEBUG Creating in-memory snapshot 15 (org.apache.kafka.timeline.SnapshotRegistry:203)
[2024-04-09 14:19:28,350] DEBUG Creating in-memory snapshot 16 (org.apache.kafka.timeline.SnapshotRegistry:203)
[2024-04-09 14:19:28,351] DEBUG Creating in-memory snapshot 17 (org.apache.kafka.timeline.SnapshotRegistry:203)
[2024-04-09 14:19:28,360] DEBUG Creating in-memory snapshot 0 (org.apache.kafka.timeline.SnapshotRegistry:203)
[2024-04-09 14:19:28,369] INFO Static member with groupInstanceId=leader-instance-id and unknown member id joins group group-id in Empty state. Created a new member id leader-instance-id-2a8e9936-8f3c-4f45-b5f4-22b7bdee7094 for this member and added to the group. (org.apache.kafka.coordinator.group.GroupMetadataManager:2072)
[2024-04-09 14:19:28,371] INFO Preparing to rebalance group group-id in state PreparingRebalance with old generation 0 (reason: Adding new member leader-instance-id-2a8e9936-8f3c-4f45-b5f4-22b7bdee7094 with group instance id leader-instance-id; client reason: not provided). (org.apache.kafka.coordinator.group.GroupMetadataManager:2642)
[2024-04-09 14:19:28,371] INFO Static member with groupInstanceId=follower-instance-id and unknown member id joins group group-id in PreparingRebalance state. Created a new member id follower-instance-id-f51be5d6-a1ec-4fa1-a415-a5bf9f3c0299 for this member and added to the group. (org.apache.kafka.coordinator.group.GroupMetadataManager:2072)
[2024-04-09 14:19:28,372] INFO Stabilized group group-id generation 1 with 2 members. (org.apache.kafka.coordinator.group.GroupMetadataManager:2361)
[2024-04-09 14:19:28,372] INFO Assignment received from leader leader-instance-id-2a8e9936-8f3c-4f45-b5f4-22b7bdee7094 for group group-id for generation 1. The group has 2 members, 2 of which are static. (org.apache.kafka.coordinator.group.GroupMetadataManager:3068)
[2024-04-09 14:19:28,373] INFO Preparing to rebalance group group-id in state PreparingRebalance with old generation 1 (reason: Leader leader-instance-id-2a8e9936-8f3c-4f45-b5f4-22b7bdee7094 re-joining group during Stable; client reason: not provided). (org.apache.kafka.coordinator.group.GroupMetadataManager:2642)
[2024-04-09 14:19:28,373] INFO Member follower-instance-id-f51be5d6-a1ec-4fa1-a415-a5bf9f3c0299 in group group-id has failed, removing it from the group. (org.apache.kafka.coordinator.group.GroupMetadataManager:2436)
[2024-04-09 14:19:28,374] INFO Stabilized group group-id generation 2 with 1 members. (org.apache.kafka.coordinator.group.GroupMetadataManager:2361)
[2024-04-09 14:19:28,376] DEBUG Creating in-memory snapshot 0 (org.apache.kafka.timeline.SnapshotRegistry:203)
[2024-04-09 14:19:28,376] INFO Static member with groupInstanceId=leader-instance-id and unknown member id joins group group-id in Empty state. Created a new member id leader-instance-id-67eb288d-38b7-4f10-8a5f-6810c549d31d for this member and added to the group. (org.apache.kafka.coordinator.group.GroupMetadataManager:2072)
[2024-04-09 14:19:28,376] INFO Preparing to rebalance group group-id in state PreparingRebalance with old generation 0 (reason: Adding new member leader-instance-id-67eb288d-38b7-4f10-8a5f-6810c549d31d with group instance id leader-instance-id; client reason: not provided). (org.apache.kafka.coordinator.group.GroupMetadataManager:2642)
[2024-04-09 14:19:28,377] INFO Static member with groupInstanceId=follower-instance-id and unknown member id joins group group-id in PreparingRebalance state. Created a new member id follower-instance-id-e4e335fc-3e4f-4bc7-aaa9-1a0bdf590c9d for this member and added to the group. (org.apache.kafka.coordinator.group.GroupMetadataManager:2072)
[2024-04-09 14:19:28,380] INFO Stabilized group group-id generation 1 with 2 members. (org.apache.kafka.coordinator.group.GroupMetadataManager:2361)
[2024-04-09 14:19:28,380] INFO Assignment received from leader leader-instance-id-67eb288d-38b7-4f10-8a5f-6810c549d31d for group group-id for generation 1. The group has 2 members, 2 of which are static. (org.apache.kafka.coordinator.group.GroupMetadataManager:3068)
[2024-04-09 14:19:28,381] INFO Static member with groupInstanceId=new-member-instance-id and unknown member id joins group group-id in Stable state. Created a new member id new-member-instance-id-c14c5c00-6dc7-45a5-ae99-d7fe613cf2f2 for this member and added to the group. (org.apache.kafka.coordinator.group.GroupMetadataManager:2072)
[2024-04-09 14:19:28,382] INFO Preparing to rebalance group group-id in state PreparingRebalance with old generation 1 (reason: Adding new member new-member-instance-id-c14c5c00-6dc7-45a5-ae99-d7fe613cf2f2 with group instance id new-member-instance-id; client reason: not provided). (org.apache.kafka.coordinator.group.GroupMetadataManager:2642)
[2024-04-09 14:19:28,382] INFO Stabilized group group-id generation 2 with 3 members. (org.apache.kafka.coordinator.group.GroupMetadataManager:2361)
[2024-04-09 14:19:28,396] DEBUG Creating in-memory snapshot 0 (org.apache.kafka.timeline.SnapshotRegistry:203)
[2024-04-09 14:19:28,399] INFO Static member with groupInstanceId=instance-id-0 and unknown member id joins group group-id in Empty state. Created a new member id instance-id-0-c6560dfc-ad84-42b6-9895-3045c2751975 for this member and added to the group. (org.apache.kafka.coordinator.group.GroupMetadataManager:2072)
[2024-04-09 14:19:28,400] INFO Preparing to rebalance group group-id in state PreparingRebalance with old generation 0 (reason: Adding new member instance-id-0-c6560dfc-ad84-42b6-9895-3045c2751975 with group instance id instance-id-0; client reason: not provided). (org.apache.kafka.coordinator.group.GroupMetadataManager:2642)
[2024-04-09 14:19:28,401] INFO Static member with groupInstanceId=instance-id-1 and unknown member id joins group group-id in PreparingRebalance state. Created a new member id instance-id-1-dd2d3fe6-ce67-4b7f-b448-29492d595638 for this member and added to the group. (org.apache.kafka.coordinator.group.GroupMetadataManager:2072)
[2024-04-09 14:19:28,401] INFO Static member with groupInstanceId=instance-id-2 and unknown member id joins group group-id in PreparingRebalance state. Created a new member id instance-id-2-417faffa-aece-4655-a996-397433a4833a for this member and added to the group. (org.apache.kafka.coordinator.group.GroupMetadataManager:2072)
[2024-04-09 14:19:28,401] INFO Static member with groupInstanceId=instance-id-3 and unknown member id joins group group-id in PreparingRebalance state. Created a new member id instance-id-3-1fda7b68-b54c-411b-9fe6-d7c5d321e97a for this member and added to the group. (org.apache.kafka.coordinator.group.GroupMetadataManager:2072)
[2024-04-09 14:19:28,401] INFO Static member with groupInstanceId=instance-id-4 and unknown member id joins group group-id in PreparingRebalance state. Created a new member id instance-id-4-bc16a374-0aa0-454a-8a08-ec46ee9eb976 for this member and added to the group. (org.apache.kafka.coordinator.group.GroupMetadataManager:2072)
[2024-04-09 14:19:28,402] INFO Static member with groupInstanceId=instance-id-5 and unknown member id joins group group-id in PreparingRebalance state. Created a new member id instance-id-5-a9f23760-c306-4592-a420-a1b52df1fe1c for this member and added to the group. (org.apache.kafka.coordinator.group.GroupMetadataManager:2072)
[2024-04-09 14:19:28,402] INFO Static member with groupInstanceId=instance-id-6 and unknown member id joins group group-id in PreparingRebalance state. Created a new member id instance-id-6-0c8dd764-009a-4b84-a7e6-a619aacec082 for this member and added to the group. (org.apache.kafka.coordinator.group.GroupMetadataManager:2072)
[2024-04-09 14:19:28,408] INFO Static member with groupInstanceId=instance-id-7 and unknown member id joins group group-id in PreparingRebalance state. Created a new member id instance-id-7-c54ef388-59b3-4222-b698-43bea4061e9a for this member and added to the group. (org.apache.kafka.coordinator.group.GroupMetadataManager:2072)
[2024-04-09 14:19:28,409] INFO Static member with groupInstanceId=instance-id-8 and unknown member id joins group group-id in PreparingRebalance state. Created a new member id instance-id-8-1c6fc8b8-5c81-4c10-9f90-052207ab162b for this member and added to the group. (org.apache.kafka.coordinator.group.GroupMetadataManager:2072)
[2024-04-09 14:19:28,409] INFO Static member with groupInstanceId=instance-id-9 and unknown member id joins group group-id in PreparingRebalance state. Created a new member id instance-id-9-43447cb6-8dd8-4404-84fe-a2aa05c08c60 for this member and added to the group. (org.apache.kafka.coordinator.group.GroupMetadataManager:2072)
[2024-04-09 14:19:28,410] INFO Stabilized group group-id generation 1 with 10 members. (org.apache.kafka.coordinator.group.GroupMetadataManager:2361)
[2024-04-09 14:19:28,437] DEBUG Creating in-memory snapshot 0 (org.apache.kafka.timeline.SnapshotRegistry:203)
[2024-04-09 14:19:28,440] INFO Static member with groupInstanceId=leader-instance-id and unknown member id joins group group-id in Empty state. Created a new member id leader-instance-id-370ab717-f1e7-4086-b7f6-4e97bb88cf1a for this member and added to the group. (org.apache.kafka.coordinator.group.GroupMetadataManager:2072)
[2024-04-09 14:19:28,441] INFO Preparing to rebalance group group-id in state PreparingRebalance with old generation 0 (reason: Adding new member leader-instance-id-370ab717-f1e7-4086-b7f6-4e97bb88cf1a with group instance id leader-instance-id; client reason: not provided). (org.apache.kafka.coordinator.group.GroupMetadataManager:2642)
[2024-04-09 14:19:28,441] INFO Static member with groupInstanceId=follower-instance-id and unknown member id joins group group-id in PreparingRebalance state. Created a new member id follower-instance-id-5047b961-3afe-4dcb-bf03-60e1cd7b7c0e for this member and added to the group. (org.apache.kafka.coordinator.group.GroupMetadataManager:2072)
[2024-04-09 14:19:28,442] INFO Stabilized group group-id generation 1 with 2 members. (org.apache.kafka.coordinator.group.GroupMetadataManager:2361)
[2024-04-09 14:19:28,443] INFO Assignment received from leader leader-instance-id-370ab717-f1e7-4086-b7f6-4e97bb88cf1a for group group-id for generation 1. The group has 2 members, 2 of which are static. (org.apache.kafka.coordinator.group.GroupMetadataManager:3068)
[2024-04-09 14:19:28,444] INFO Static member with groupInstanceId=follower-instance-id and unknown member id joins group group-id in Empty state. Replacing previously mapped member follower-instance-id-5047b961-3afe-4dcb-bf03-60e1cd7b7c0e with this groupInstanceId. (org.apache.kafka.coordinator.group.GroupMetadataManager:2059)
[2024-04-09 14:19:28,452] DEBUG Creating in-memory snapshot 0 (org.apache.kafka.timeline.SnapshotRegistry:203)
[2024-04-09 14:19:28,453] INFO Static member with groupInstanceId=leader-instance-id and unknown member id joins group group-id in Empty state. Created a new member id leader-instance-id-b458dc1f-d7be-45df-ac58-9d1198c67a37 for this member and added to the group. (org.apache.kafka.coordinator.group.GroupMetadataManager:2072)
[2024-04-09 14:19:28,454] INFO Preparing to rebalance group group-id in state PreparingRebalance with old generation 0 (reason: Adding new member leader-instance-id-b458dc1f-d7be-45df-ac58-9d1198c67a37 with group instance id leader-instance-id; client reason: not provided). (org.apache.kafka.coordinator.group.GroupMetadataManager:2642)
[2024-04-09 14:19:28,454] INFO Static member with groupInstanceId=follower-instance-id and unknown member id joins group group-id in PreparingRebalance state. Created a new member id follower-instance-id-cde65fd7-dace-4737-a390-bd447cad7473 for this member and added to the group. (org.apache.kafka.coordinator.group.GroupMetadataManager:2072)
[2024-04-09 14:19:28,580] INFO Stabilized group group-id generation 1 with 2 members. (org.apache.kafka.coordinator.group.GroupMetadataManager:2361)
[2024-04-09 14:19:28,582] INFO Assignment received from leader leader-instance-id-b458dc1f-d7be-45df-ac58-9d1198c67a37 for group group-id for generation 1. The group has 2 members, 2 of which are static. (org.apache.kafka.coordinator.group.GroupMetadataManager:3068)
[2024-04-09 14:19:28,586] INFO Preparing to rebalance group group-id in state PreparingRebalance with old generation 1 (reason: Updating metadata for member follower-instance-id-cde65fd7-dace-4737-a390-bd447cad7473 during Stable; client reason: not provided). (org.apache.kafka.coordinator.group.GroupMetadataManager:2642)
[2024-04-09 14:19:28,589] INFO Group leader [memberId: leader-instance-id-b458dc1f-d7be-45df-ac58-9d1198c67a37, groupInstanceId: leader-instance-id] failed to join before the rebalance timeout. Member ClassicGroupMember(memberId='follower-instance-id-cde65fd7-dace-4737-a390-bd447cad7473', groupInstanceId='follower-instance-id', clientId='client', clientHost='localhost/127.0.0.1', rebalanceTimeoutMs=10000, sessionTimeoutMs=15000, protocolType='consumer', supportedProtocols=[roundrobin]) was elected as the new leader. (org.apache.kafka.coordinator.group.classic.ClassicGroup:501)
[2024-04-09 14:19:28,590] INFO Stabilized group group-id generation 2 with 2 members. (org.apache.kafka.coordinator.group.GroupMetadataManager:2361)
[2024-04-09 14:19:28,596] DEBUG Creating in-memory snapshot 0 (org.apache.kafka.timeline.SnapshotRegistry:203)
[2024-04-09 14:19:28,598] INFO Dynamic member with unknown member id joins group group-id in Empty state. Created a new member id client-1e426edb-d3fa-4ab6-bd9d-cbdfe56ac872 and requesting the member to rejoin with this id. (org.apache.kafka.coordinator.group.GroupMetadataManager:2105)
[2024-04-09 14:19:28,605] DEBUG Pending dynamic member with id client-1e426edb-d3fa-4ab6-bd9d-cbdfe56ac872 joins group group-id in Empty state. Adding to the group now. (org.apache.kafka.coordinator.group.GroupMetadataManager:2175)
[2024-04-09 14:19:28,606] INFO Preparing to rebalance group group-id in state PreparingRebalance with old generation 0 (reason: Adding new member client-1e426edb-d3fa-4ab6-bd9d-cbdfe56ac872 with group instance id null; client reason: not provided). (org.apache.kafka.coordinator.group.GroupMetadataManager:2642)
[2024-04-09 14:19:28,607] INFO Stabilized group group-id generation 1 with 1 members. (org.apache.kafka.coordinator.group.GroupMetadataManager:2361)
[2024-04-09 14:19:28,608] DEBUG Creating in-memory snapshot 0 (org.apache.kafka.timeline.SnapshotRegistry:203)
[2024-04-09 14:19:28,610] DEBUG Creating in-memory snapshot 0 (org.apache.kafka.timeline.SnapshotRegistry:203)
[2024-04-09 14:19:28,610] DEBUG Creating in-memory snapshot 1 (org.apache.kafka.timeline.SnapshotRegistry:203)
[2024-04-09 14:19:28,610] DEBUG Creating in-memory snapshot 2 (org.apache.kafka.timeline.SnapshotRegistry:203)
[2024-04-09 14:19:28,610] DEBUG Creating in-memory snapshot 3 (org.apache.kafka.timeline.SnapshotRegistry:203)
[2024-04-09 14:19:28,611] DEBUG Creating in-memory snapshot 4 (org.apache.kafka.timeline.SnapshotRegistry:203)
[2024-04-09 14:19:28,611] DEBUG Creating in-memory snapshot 5 (org.apache.kafka.timeline.SnapshotRegistry:203)
[2024-04-09 14:19:28,611] DEBUG Creating in-memory snapshot 6 (org.apache.kafka.timeline.SnapshotRegistry:203)
[2024-04-09 14:19:28,611] DEBUG Creating in-memory snapshot 7 (org.apache.kafka.timeline.SnapshotRegistry:203)
[2024-04-09 14:19:28,611] DEBUG Creating in-memory snapshot 8 (org.apache.kafka.timeline.SnapshotRegistry:203)
[2024-04-09 14:19:28,611] DEBUG Creating in-memory snapshot 9 (org.apache.kafka.timeline.SnapshotRegistry:203)
[2024-04-09 14:19:28,614] INFO [GroupId fooup] Member 6gAernkOSoSeNR0tYvicgA joins the consumer group. (org.apache.kafka.coordinator.group.GroupMetadataManager:996)
[2024-04-09 14:19:28,615] INFO [GroupId fooup] Member 6gAernkOSoSeNR0tYvicgA updated its subscribed topics to: [bar, foo]. (org.apache.kafka.coordinator.group.GroupMetadataManager:1051)
[2024-04-09 14:19:28,617] INFO [GroupId fooup] Computed new subscription metadata: {bar=TopicMetadata(id=wvTuE9rLRSmcHgmgo-94Qg, name=bar, numPartitions=3, partitionRacks={0=[rack0, rack1], 1=[rack1, rack2], 2=[rack3, rack2]}), foo=TopicMetadata(id=sIpWA207SqG1uwIE-bwW7Q, name=foo, numPartitions=6, partitionRacks={0=[rack0, rack1], 1=[rack1, rack2], 2=[rack3, rack2], 3=[rack3, rack0], 4=[rack0, rack1], 5=[rack1, rack2]})}. (org.apache.kafka.coordinator.group.GroupMetadataManager:1075)
[2024-04-09 14:19:28,617] INFO [GroupId fooup] Bumped group epoch to 11. (org.apache.kafka.coordinator.group.GroupMetadataManager:1084)
[2024-04-09 14:19:28,618] INFO [GroupId fooup] Computed a new target assignment for epoch 11 with 'range' assignor: {kfFI33CHRIuOuVTU08B9qg=Assignment(error=0, partitions={wvTuE9rLRSmcHgmgo-94Qg=[1], sIpWA207SqG1uwIE-bwW7Q=[2, 3]}, metadata=VersionedMetadata(version=0, metadata=java.nio.HeapByteBuffer[pos=0 lim=0 cap=0])), V3i74cMiTI2iKyiLt_QdaA=Assignment(error=0, partitions={wvTuE9rLRSmcHgmgo-94Qg=[0], sIpWA207SqG1uwIE-bwW7Q=[0, 1]}, metadata=VersionedMetadata(version=0, metadata=java.nio.HeapByteBuffer[pos=0 lim=0 cap=0])), 6gAernkOSoSeNR0tYvicgA=Assignment(error=0, partitions={wvTuE9rLRSmcHgmgo-94Qg=[2], sIpWA207SqG1uwIE-bwW7Q=[4, 5]}, metadata=VersionedMetadata(version=0, metadata=java.nio.HeapByteBuffer[pos=0 lim=0 cap=0]))}. (org.apache.kafka.coordinator.group.GroupMetadataManager:1121)
[2024-04-09 14:19:28,619] INFO [GroupId fooup] Member 6gAernkOSoSeNR0tYvicgA transitioned from CurrentAssignment(memberEpoch=0, previousMemberEpoch=-1, targetMemberEpoch=0, state=stable, assignedPartitions={}, partitionsPendingRevocation={}, partitionsPendingAssignment={}) to CurrentAssignment(memberEpoch=11, previousMemberEpoch=0, targetMemberEpoch=11, state=assigning, assignedPartitions={}, partitionsPendingRevocation={}, partitionsPendingAssignment={wvTuE9rLRSmcHgmgo-94Qg=[2], sIpWA207SqG1uwIE-bwW7Q=[4, 5]}). (org.apache.kafka.coordinator.group.GroupMetadataManager:1152)
[2024-04-09 14:19:28,619] DEBUG Creating in-memory snapshot 10 (org.apache.kafka.timeline.SnapshotRegistry:203)
[2024-04-09 14:19:28,619] DEBUG Creating in-memory snapshot 11 (org.apache.kafka.timeline.SnapshotRegistry:203)
[2024-04-09 14:19:28,619] DEBUG Creating in-memory snapshot 12 (org.apache.kafka.timeline.SnapshotRegistry:203)
[2024-04-09 14:19:28,620] DEBUG Creating in-memory snapshot 13 (org.apache.kafka.timeline.SnapshotRegistry:203)
[2024-04-09 14:19:28,620] DEBUG Creating in-memory snapshot 14 (org.apache.kafka.timeline.SnapshotRegistry:203)
[2024-04-09 14:19:28,620] DEBUG Creating in-memory snapshot 15 (org.apache.kafka.timeline.SnapshotRegistry:203)
[2024-04-09 14:19:28,620] DEBUG Creating in-memory snapshot 16 (org.apache.kafka.timeline.SnapshotRegistry:203)
[2024-04-09 14:19:28,620] DEBUG Creating in-memory snapshot 17 (org.apache.kafka.timeline.SnapshotRegistry:203)
[2024-04-09 14:19:28,629] DEBUG Creating in-memory snapshot 0 (org.apache.kafka.timeline.SnapshotRegistry:203)
[2024-04-09 14:19:28,630] INFO Dynamic member with unknown member id joins group group-id in state Empty. Created a new member id client-d3a5a1c2-0938-4986-b038-7e9d097d1bc0 and added the member to the group. (org.apache.kafka.coordinator.group.GroupMetadataManager:2125)
[2024-04-09 14:19:28,630] INFO Preparing to rebalance group group-id in state PreparingRebalance with old generation 0 (reason: Adding new member client-d3a5a1c2-0938-4986-b038-7e9d097d1bc0 with group instance id null; client reason: not provided). (org.apache.kafka.coordinator.group.GroupMetadataManager:2642)
[2024-04-09 14:19:28,630] INFO Member client-d3a5a1c2-0938-4986-b038-7e9d097d1bc0 in group group-id has failed, removing it from the group. (org.apache.kafka.coordinator.group.GroupMetadataManager:2436)
[2024-04-09 14:19:28,631] INFO Group group-id with generation 1 is now empty. (org.apache.kafka.coordinator.group.GroupMetadataManager:2342)
[2024-04-09 14:19:28,632] DEBUG Creating in-memory snapshot 0 (org.apache.kafka.timeline.SnapshotRegistry:203)
[2024-04-09 14:19:28,632] INFO Static member with groupInstanceId=group-instance-id and unknown member id joins group group-id in Empty state. Created a new member id group-instance-id-75ae5ee4-288d-4018-93b1-02e590399b92 for this member and added to the group. (org.apache.kafka.coordinator.group.GroupMetadataManager:2072)
[2024-04-09 14:19:28,632] INFO Preparing to rebalance group group-id in state PreparingRebalance with old generation 0 (reason: Adding new member group-instance-id-75ae5ee4-288d-4018-93b1-02e590399b92 with group instance id group-instance-id; client reason: not provided). (org.apache.kafka.coordinator.group.GroupMetadataManager:2642)
[2024-04-09 14:19:28,633] INFO Stabilized group group-id generation 1 with 1 members. (org.apache.kafka.coordinator.group.GroupMetadataManager:2361)
[2024-04-09 14:19:28,639] INFO Request memberId=other-member-id for static member with groupInstanceId=group-instance-id is fenced by existing memberId=group-instance-id-75ae5ee4-288d-4018-93b1-02e590399b92 during operation leave-group (org.apache.kafka.coordinator.group.classic.ClassicGroup:793)
[2024-04-09 14:19:28,648] DEBUG Creating in-memory snapshot 0 (org.apache.kafka.timeline.SnapshotRegistry:203)
[2024-04-09 14:19:28,657] DEBUG Creating in-memory snapshot 0 (org.apache.kafka.timeline.SnapshotRegistry:203)
[2024-04-09 14:19:28,663] DEBUG Creating in-memory snapshot 0 (org.apache.kafka.timeline.SnapshotRegistry:203)
[2024-04-09 14:19:28,666] INFO Dynamic member with unknown member id joins group group-id in Empty state. Created a new member id client-cc12b467-438a-4de5-8b27-5eddb59f09a9 and requesting the member to rejoin with this id. (org.apache.kafka.coordinator.group.GroupMetadataManager:2105)
[2024-04-09 14:19:28,666] DEBUG Pending dynamic member with id client-cc12b467-438a-4de5-8b27-5eddb59f09a9 joins group group-id in Empty state. Adding to the group now. (org.apache.kafka.coordinator.group.GroupMetadataManager:2175)
[2024-04-09 14:19:28,666] INFO Preparing to rebalance group group-id in state PreparingRebalance with old generation 0 (reason: Adding new member client-cc12b467-438a-4de5-8b27-5eddb59f09a9 with group instance id null; client reason: not provided). (org.apache.kafka.coordinator.group.GroupMetadataManager:2642)
[2024-04-09 14:19:28,668] INFO Stabilized group group-id generation 1 with 1 members. (org.apache.kafka.coordinator.group.GroupMetadataManager:2361)
[2024-04-09 14:19:28,668] WARN Attempt to add rejoining member client-cc12b467-438a-4de5-8b27-5eddb59f09a9 of group group-id in unexpected group state Empty (org.apache.kafka.coordinator.group.GroupMetadataManager:2275)
[2024-04-09 14:19:28,702] DEBUG Creating in-memory snapshot 0 (org.apache.kafka.timeline.SnapshotRegistry:203)
[2024-04-09 14:19:28,829] INFO Static member with groupInstanceId=leader-instance-id and unknown member id joins group group-id in Empty state. Created a new member id leader-instance-id-603e7784-2223-437b-b346-7e2ef0f44482 for this member and added to the group. (org.apache.kafka.coordinator.group.GroupMetadataManager:2072)
[2024-04-09 14:19:28,831] INFO Preparing to rebalance group group-id in state PreparingRebalance with old generation 0 (reason: Adding new member leader-instance-id-603e7784-2223-437b-b346-7e2ef0f44482 with group instance id leader-instance-id; client reason: not provided). (org.apache.kafka.coordinator.group.GroupMetadataManager:2642)
[2024-04-09 14:19:28,832] INFO Static member with groupInstanceId=follower-instance-id and unknown member id joins group group-id in PreparingRebalance state. Created a new member id follower-instance-id-37d6bcf5-3427-40b9-affd-71283c76b13d for this member and added to the group. (org.apache.kafka.coordinator.group.GroupMetadataManager:2072)
[2024-04-09 14:19:28,832] INFO Stabilized group group-id generation 1 with 2 members. (org.apache.kafka.coordinator.group.GroupMetadataManager:2361)
[2024-04-09 14:19:28,833] INFO Assignment received from leader leader-instance-id-603e7784-2223-437b-b346-7e2ef0f44482 for group group-id for generation 1. The group has 2 members, 2 of which are static. (org.apache.kafka.coordinator.group.GroupMetadataManager:3068)
[2024-04-09 14:19:28,834] INFO Static member with groupInstanceId=leader-instance-id and unknown member id joins group group-id in Stable state. Replacing previously mapped member leader-instance-id-603e7784-2223-437b-b346-7e2ef0f44482 with this groupInstanceId. (org.apache.kafka.coordinator.group.GroupMetadataManager:2059)
[2024-04-09 14:19:28,835] INFO Static member which joins during Stable stage and doesn't affect the selected protocol will not trigger a rebalance. (org.apache.kafka.coordinator.group.GroupMetadataManager:2943)
[2024-04-09 14:19:28,835] INFO Request memberId=leader-instance-id-603e7784-2223-437b-b346-7e2ef0f44482 for static member with groupInstanceId=leader-instance-id is fenced by existing memberId=leader-instance-id-faa97c75-073d-46ee-bb14-cb18a32e236d during operation join-group (org.apache.kafka.coordinator.group.classic.ClassicGroup:793)
[2024-04-09 14:19:28,835] INFO Request memberId=leader-instance-id-603e7784-2223-437b-b346-7e2ef0f44482 for static member with groupInstanceId=leader-instance-id is fenced by existing memberId=leader-instance-id-faa97c75-073d-46ee-bb14-cb18a32e236d during operation sync-group (org.apache.kafka.coordinator.group.classic.ClassicGroup:793)
[2024-04-09 14:19:28,882] DEBUG Creating in-memory snapshot 0 (org.apache.kafka.timeline.SnapshotRegistry:203)
[2024-04-09 14:19:28,893] INFO Static member with groupInstanceId=leader-instance-id and unknown member id joins group group-id in Empty state. Created a new member id leader-instance-id-c1e65b07-a854-42dd-ab0c-cfbc089e998c for this member and added to the group. (org.apache.kafka.coordinator.group.GroupMetadataManager:2072)
[2024-04-09 14:19:28,894] INFO Preparing to rebalance group group-id in state PreparingRebalance with old generation 0 (reason: Adding new member leader-instance-id-c1e65b07-a854-42dd-ab0c-cfbc089e998c with group instance id leader-instance-id; client reason: not provided). (org.apache.kafka.coordinator.group.GroupMetadataManager:2642)
[2024-04-09 14:19:28,894] INFO Static member with groupInstanceId=follower-instance-id and unknown member id joins group group-id in PreparingRebalance state. Created a new member id follower-instance-id-570d74b6-bb77-4938-a5c7-11ee13e0e635 for this member and added to the group. (org.apache.kafka.coordinator.group.GroupMetadataManager:2072)
[2024-04-09 14:19:28,895] INFO Stabilized group group-id generation 1 with 2 members. (org.apache.kafka.coordinator.group.GroupMetadataManager:2361)
[2024-04-09 14:19:28,895] INFO Assignment received from leader leader-instance-id-c1e65b07-a854-42dd-ab0c-cfbc089e998c for group group-id for generation 1. The group has 2 members, 2 of which are static. (org.apache.kafka.coordinator.group.GroupMetadataManager:3068)
[2024-04-09 14:19:28,896] INFO Static member with groupInstanceId=leader-instance-id and unknown member id joins group group-id in Stable state. Replacing previously mapped member leader-instance-id-c1e65b07-a854-42dd-ab0c-cfbc089e998c with this groupInstanceId. (org.apache.kafka.coordinator.group.GroupMetadataManager:2059)
[2024-04-09 14:19:28,896] INFO Static member which joins during Stable stage and doesn't affect the selected protocol will not trigger a rebalance. (org.apache.kafka.coordinator.group.GroupMetadataManager:2943)
[2024-04-09 14:19:28,897] INFO Request memberId=leader-instance-id-c1e65b07-a854-42dd-ab0c-cfbc089e998c for static member with groupInstanceId=leader-instance-id is fenced by existing memberId=leader-instance-id-cb7c6d0b-3b3e-44d4-8fa3-b7368d64de20 during operation join-group (org.apache.kafka.coordinator.group.classic.ClassicGroup:793)
[2024-04-09 14:19:28,897] INFO Request memberId=leader-instance-id-c1e65b07-a854-42dd-ab0c-cfbc089e998c for static member with groupInstanceId=leader-instance-id is fenced by existing memberId=leader-instance-id-cb7c6d0b-3b3e-44d4-8fa3-b7368d64de20 during operation sync-group (org.apache.kafka.coordinator.group.classic.ClassicGroup:793)
[2024-04-09 14:19:28,903] DEBUG Creating in-memory snapshot 0 (org.apache.kafka.timeline.SnapshotRegistry:203)
[2024-04-09 14:19:28,904] INFO Static member with groupInstanceId=leader-instance-id and unknown member id joins group group-id in Empty state. Created a new member id leader-instance-id-e1dbdd34-4835-4595-aff8-876e5a601a6d for this member and added to the group. (org.apache.kafka.coordinator.group.GroupMetadataManager:2072)
[2024-04-09 14:19:28,904] INFO Preparing to rebalance group group-id in state PreparingRebalance with old generation 0 (reason: Adding new member leader-instance-id-e1dbdd34-4835-4595-aff8-876e5a601a6d with group instance id leader-instance-id; client reason: not provided). (org.apache.kafka.coordinator.group.GroupMetadataManager:2642)
[2024-04-09 14:19:28,904] INFO Static member with groupInstanceId=follower-instance-id and unknown member id joins group group-id in PreparingRebalance state. Created a new member id follower-instance-id-f63922d9-f399-447a-95a9-0bea582a0492 for this member and added to the group. (org.apache.kafka.coordinator.group.GroupMetadataManager:2072)
[2024-04-09 14:19:28,905] INFO Stabilized group group-id generation 1 with 2 members. (org.apache.kafka.coordinator.group.GroupMetadataManager:2361)
[2024-04-09 14:19:28,905] INFO Assignment received from leader leader-instance-id-e1dbdd34-4835-4595-aff8-876e5a601a6d for group group-id for generation 1. The group has 2 members, 2 of which are static. (org.apache.kafka.coordinator.group.GroupMetadataManager:3068)
[2024-04-09 14:19:28,907] INFO Static member with groupInstanceId=follower-instance-id and unknown member id joins group group-id in Stable state. Replacing previously mapped member follower-instance-id-f63922d9-f399-447a-95a9-0bea582a0492 with this groupInstanceId. (org.apache.kafka.coordinator.group.GroupMetadataManager:2059)
[2024-04-09 14:19:28,908] INFO Static member which joins during Stable stage and doesn't affect the selected protocol will not trigger a rebalance. (org.apache.kafka.coordinator.group.GroupMetadataManager:2943)
[2024-04-09 14:19:28,910] INFO Request memberId=follower-instance-id-f63922d9-f399-447a-95a9-0bea582a0492 for static member with groupInstanceId=follower-instance-id is fenced by existing memberId=follower-instance-id-d35b153d-a928-436a-af84-c9b56cc460c3 during operation join-group (org.apache.kafka.coordinator.group.classic.ClassicGroup:793)
[2024-04-09 14:19:28,911] INFO Request memberId=follower-instance-id-f63922d9-f399-447a-95a9-0bea582a0492 for static member with groupInstanceId=follower-instance-id is fenced by existing memberId=follower-instance-id-d35b153d-a928-436a-af84-c9b56cc460c3 during operation sync-group (org.apache.kafka.coordinator.group.classic.ClassicGroup:793)
[2024-04-09 14:19:28,918] DEBUG Creating in-memory snapshot 0 (org.apache.kafka.timeline.SnapshotRegistry:203)
[2024-04-09 14:19:28,922] INFO Dynamic member with unknown member id joins group group-id in state Empty. Created a new member id client-a50d10cb-8c7c-4052-b7ff-87346e716c09 and added the member to the group. (org.apache.kafka.coordinator.group.GroupMetadataManager:2125)
[2024-04-09 14:19:28,923] INFO Preparing to rebalance group group-id in state PreparingRebalance with old generation 0 (reason: Adding new member client-a50d10cb-8c7c-4052-b7ff-87346e716c09 with group instance id null; client reason: not provided). (org.apache.kafka.coordinator.group.GroupMetadataManager:2642)
[2024-04-09 14:19:28,924] INFO Group group-id is dead, skipping rebalance stage. (org.apache.kafka.coordinator.group.GroupMetadataManager:2323)
[2024-04-09 14:19:28,928] DEBUG Creating in-memory snapshot 0 (org.apache.kafka.timeline.SnapshotRegistry:203)
[2024-04-09 14:19:28,931] INFO [GroupId fooup] Static member CIRlAKCBS1O9qXB12NYWQA with instance id CIRlAKCBS1O9qXB12NYWQA joins the consumer group. (org.apache.kafka.coordinator.group.GroupMetadataManager:1007)
[2024-04-09 14:19:28,933] INFO [GroupId fooup] Member CIRlAKCBS1O9qXB12NYWQA updated its subscribed topics to: [foo]. (org.apache.kafka.coordinator.group.GroupMetadataManager:1051)
[2024-04-09 14:19:28,934] INFO [GroupId fooup] Computed new subscription metadata: {foo=TopicMetadata(id=r-X67dm9Qy6HhK0sXDzR7g, name=foo, numPartitions=6, partitionRacks={0=[rack0, rack1], 1=[rack1, rack2], 2=[rack3, rack2], 3=[rack3, rack0], 4=[rack0, rack1], 5=[rack1, rack2]})}. (org.apache.kafka.coordinator.group.GroupMetadataManager:1075)
[2024-04-09 14:19:28,935] INFO [GroupId fooup] Bumped group epoch to 1. (org.apache.kafka.coordinator.group.GroupMetadataManager:1084)
[2024-04-09 14:19:28,936] INFO [GroupId fooup] Computed a new target assignment for epoch 1 with 'range' assignor: {CIRlAKCBS1O9qXB12NYWQA=Assignment(error=0, partitions={r-X67dm9Qy6HhK0sXDzR7g=[0, 1, 2, 3, 4, 5]}, metadata=VersionedMetadata(version=0, metadata=java.nio.HeapByteBuffer[pos=0 lim=0 cap=0]))}. (org.apache.kafka.coordinator.group.GroupMetadataManager:1121)
[2024-04-09 14:19:28,937] INFO [GroupId fooup] Member CIRlAKCBS1O9qXB12NYWQA transitioned from CurrentAssignment(memberEpoch=0, previousMemberEpoch=-1, targetMemberEpoch=0, state=stable, assignedPartitions={}, partitionsPendingRevocation={}, partitionsPendingAssignment={}) to CurrentAssignment(memberEpoch=1, previousMemberEpoch=0, targetMemberEpoch=1, state=stable, assignedPartitions={r-X67dm9Qy6HhK0sXDzR7g=[0, 1, 2, 3, 4, 5]}, partitionsPendingRevocation={}, partitionsPendingAssignment={}). (org.apache.kafka.coordinator.group.GroupMetadataManager:1152)
[2024-04-09 14:19:28,938] DEBUG Creating in-memory snapshot 1 (org.apache.kafka.timeline.SnapshotRegistry:203)
[2024-04-09 14:19:28,938] DEBUG Creating in-memory snapshot 2 (org.apache.kafka.timeline.SnapshotRegistry:203)
[2024-04-09 14:19:28,938] DEBUG Creating in-memory snapshot 3 (org.apache.kafka.timeline.SnapshotRegistry:203)
[2024-04-09 14:19:28,939] DEBUG Creating in-memory snapshot 4 (org.apache.kafka.timeline.SnapshotRegistry:203)
[2024-04-09 14:19:28,939] DEBUG Creating in-memory snapshot 5 (org.apache.kafka.timeline.SnapshotRegistry:203)
[2024-04-09 14:19:28,939] DEBUG Creating in-memory snapshot 6 (org.apache.kafka.timeline.SnapshotRegistry:203)
[2024-04-09 14:19:28,939] INFO [GroupId fooup] Static Member CIRlAKCBS1O9qXB12NYWQA with instance id CIRlAKCBS1O9qXB12NYWQA temporarily left the consumer group. (org.apache.kafka.coordinator.group.GroupMetadataManager:1224)
[2024-04-09 14:19:28,940] DEBUG Creating in-memory snapshot 7 (org.apache.kafka.timeline.SnapshotRegistry:203)
[2024-04-09 14:19:28,940] INFO [GroupId fooup] Member CIRlAKCBS1O9qXB12NYWQA fenced from the group because its session expired. (org.apache.kafka.coordinator.group.GroupMetadataManager:1340)
[2024-04-09 14:19:28,941] INFO [GroupId fooup] Computed new subscription metadata: {}. (org.apache.kafka.coordinator.group.GroupMetadataManager:1287)
[2024-04-09 14:19:28,943] DEBUG Creating in-memory snapshot 8 (org.apache.kafka.timeline.SnapshotRegistry:203)
[2024-04-09 14:19:28,943] DEBUG Creating in-memory snapshot 9 (org.apache.kafka.timeline.SnapshotRegistry:203)
[2024-04-09 14:19:28,943] DEBUG Creating in-memory snapshot 10 (org.apache.kafka.timeline.SnapshotRegistry:203)
[2024-04-09 14:19:28,943] DEBUG Creating in-memory snapshot 11 (org.apache.kafka.timeline.SnapshotRegistry:203)
[2024-04-09 14:19:28,944] DEBUG Creating in-memory snapshot 12 (org.apache.kafka.timeline.SnapshotRegistry:203)
[2024-04-09 14:19:28,981] DEBUG Creating in-memory snapshot 0 (org.apache.kafka.timeline.SnapshotRegistry:203)
[2024-04-09 14:19:28,989] DEBUG Creating in-memory snapshot 1 (org.apache.kafka.timeline.SnapshotRegistry:203)
[2024-04-09 14:19:28,989] DEBUG Creating in-memory snapshot 2 (org.apache.kafka.timeline.SnapshotRegistry:203)
[2024-04-09 14:19:28,990] DEBUG Creating in-memory snapshot 3 (org.apache.kafka.timeline.SnapshotRegistry:203)
[2024-04-09 14:19:28,991] DEBUG Creating in-memory snapshot 4 (org.apache.kafka.timeline.SnapshotRegistry:203)
[2024-04-09 14:19:28,991] DEBUG Creating in-memory snapshot 5 (org.apache.kafka.timeline.SnapshotRegistry:203)
[2024-04-09 14:19:28,992] DEBUG Creating in-memory snapshot 6 (org.apache.kafka.timeline.SnapshotRegistry:203)
[2024-04-09 14:19:28,992] INFO [GroupId fooup] Computed new subscription metadata: {foo=TopicMetadata(id=iH1kca_7R36xFFbV8GGQVg, name=foo, numPartitions=6, partitionRacks={0=[rack0, rack1], 1=[rack1, rack2], 2=[rack3, rack2], 3=[rack3, rack0], 4=[rack0, rack1], 5=[rack1, rack2]})}. (org.apache.kafka.coordinator.group.GroupMetadataManager:1075)
[2024-04-09 14:19:28,993] INFO [GroupId fooup] Bumped group epoch to 11. (org.apache.kafka.coordinator.group.GroupMetadataManager:1084)
[2024-04-09 14:19:28,993] INFO [GroupId fooup] Computed a new target assignment for epoch 11 with 'range' assignor: {DihESPi2RZygLUpkbqtDOw=Assignment(error=0, partitions={iH1kca_7R36xFFbV8GGQVg=[0, 1, 2, 3, 4, 5]}, metadata=VersionedMetadata(version=0, metadata=java.nio.HeapByteBuffer[pos=0 lim=0 cap=0]))}. (org.apache.kafka.coordinator.group.GroupMetadataManager:1121)
[2024-04-09 14:19:28,993] INFO [GroupId fooup] Member DihESPi2RZygLUpkbqtDOw transitioned from CurrentAssignment(memberEpoch=10, previousMemberEpoch=10, targetMemberEpoch=10, state=stable, assignedPartitions={iH1kca_7R36xFFbV8GGQVg=[0, 1, 2]}, partitionsPendingRevocation={}, partitionsPendingAssignment={}) to CurrentAssignment(memberEpoch=11, previousMemberEpoch=10, targetMemberEpoch=11, state=stable, assignedPartitions={iH1kca_7R36xFFbV8GGQVg=[0, 1, 2, 3, 4, 5]}, partitionsPendingRevocation={}, partitionsPendingAssignment={}). (org.apache.kafka.coordinator.group.GroupMetadataManager:1152)
[2024-04-09 14:19:28,994] DEBUG Creating in-memory snapshot 7 (org.apache.kafka.timeline.SnapshotRegistry:203)
[2024-04-09 14:19:28,994] DEBUG Creating in-memory snapshot 8 (org.apache.kafka.timeline.SnapshotRegistry:203)
[2024-04-09 14:19:28,994] DEBUG Creating in-memory snapshot 9 (org.apache.kafka.timeline.SnapshotRegistry:203)
[2024-04-09 14:19:28,994] DEBUG Creating in-memory snapshot 10 (org.apache.kafka.timeline.SnapshotRegistry:203)
[2024-04-09 14:19:28,994] DEBUG Creating in-memory snapshot 11 (org.apache.kafka.timeline.SnapshotRegistry:203)
[2024-04-09 14:19:29,120] DEBUG Creating in-memory snapshot 0 (org.apache.kafka.timeline.SnapshotRegistry:203)
[2024-04-09 14:19:29,128] DEBUG Creating in-memory snapshot 1 (org.apache.kafka.timeline.SnapshotRegistry:203)
[2024-04-09 14:19:29,128] INFO Loaded classic group group-id with 2 members. (org.apache.kafka.coordinator.group.GroupMetadataManager:1778)
[2024-04-09 14:19:29,128] DEBUG Loaded member member-1 in classic group group-id. (org.apache.kafka.coordinator.group.GroupMetadataManager:1780)
[2024-04-09 14:19:29,130] DEBUG Loaded member member-0 in classic group group-id. (org.apache.kafka.coordinator.group.GroupMetadataManager:1780)
[2024-04-09 14:19:29,131] INFO Preparing to rebalance group group-id in state PreparingRebalance with old generation 1 (reason: Freshly-loaded group group-id (size 2) is over capacity 1. Rebalancing in order to give a chance for consumers to commit offsets). (org.apache.kafka.coordinator.group.GroupMetadataManager:2642)
[2024-04-09 14:19:29,140] DEBUG Creating in-memory snapshot 0 (org.apache.kafka.timeline.SnapshotRegistry:203)
[2024-04-09 14:19:29,140] INFO [GroupId fooup] Member e-DxUcldTRyP7pcfASty2w joins the consumer group. (org.apache.kafka.coordinator.group.GroupMetadataManager:996)
[2024-04-09 14:19:29,140] INFO [GroupId fooup] Member e-DxUcldTRyP7pcfASty2w updated its subscribed topics to: [foo]. (org.apache.kafka.coordinator.group.GroupMetadataManager:1051)
[2024-04-09 14:19:29,140] INFO [GroupId fooup] Computed new subscription metadata: {foo=TopicMetadata(id=1Cq0Gja8Sg64vyfq2_97ug, name=foo, numPartitions=6, partitionRacks={0=[rack0, rack1], 1=[rack1, rack2], 2=[rack3, rack2], 3=[rack3, rack0], 4=[rack0, rack1], 5=[rack1, rack2]})}. (org.apache.kafka.coordinator.group.GroupMetadataManager:1075)
[2024-04-09 14:19:29,141] INFO [GroupId fooup] Bumped group epoch to 1. (org.apache.kafka.coordinator.group.GroupMetadataManager:1084)
[2024-04-09 14:19:29,141] INFO [GroupId fooup] Computed a new target assignment for epoch 1 with 'range' assignor: {e-DxUcldTRyP7pcfASty2w=Assignment(error=0, partitions={1Cq0Gja8Sg64vyfq2_97ug=[0, 1, 2, 3, 4, 5]}, metadata=VersionedMetadata(version=0, metadata=java.nio.HeapByteBuffer[pos=0 lim=0 cap=0]))}. (org.apache.kafka.coordinator.group.GroupMetadataManager:1121)
[2024-04-09 14:19:29,141] INFO [GroupId fooup] Member e-DxUcldTRyP7pcfASty2w transitioned from CurrentAssignment(memberEpoch=0, previousMemberEpoch=-1, targetMemberEpoch=0, state=stable, assignedPartitions={}, partitionsPendingRevocation={}, partitionsPendingAssignment={}) to CurrentAssignment(memberEpoch=1, previousMemberEpoch=0, targetMemberEpoch=1, state=stable, assignedPartitions={1Cq0Gja8Sg64vyfq2_97ug=[0, 1, 2, 3, 4, 5]}, partitionsPendingRevocation={}, partitionsPendingAssignment={}). (org.apache.kafka.coordinator.group.GroupMetadataManager:1152)
[2024-04-09 14:19:29,141] DEBUG Creating in-memory snapshot 1 (org.apache.kafka.timeline.SnapshotRegistry:203)
[2024-04-09 14:19:29,141] DEBUG Creating in-memory snapshot 2 (org.apache.kafka.timeline.SnapshotRegistry:203)
[2024-04-09 14:19:29,141] DEBUG Creating in-memory snapshot 3 (org.apache.kafka.timeline.SnapshotRegistry:203)
[2024-04-09 14:19:29,142] DEBUG Creating in-memory snapshot 4 (org.apache.kafka.timeline.SnapshotRegistry:203)
[2024-04-09 14:19:29,142] DEBUG Creating in-memory snapshot 5 (org.apache.kafka.timeline.SnapshotRegistry:203)
[2024-04-09 14:19:29,142] DEBUG Creating in-memory snapshot 6 (org.apache.kafka.timeline.SnapshotRegistry:203)
[2024-04-09 14:19:29,142] INFO [GroupId fooup] Member e-DxUcldTRyP7pcfASty2w fenced from the group because its session expired. (org.apache.kafka.coordinator.group.GroupMetadataManager:1340)
[2024-04-09 14:19:29,142] INFO [GroupId fooup] Computed new subscription metadata: {}. (org.apache.kafka.coordinator.group.GroupMetadataManager:1287)
[2024-04-09 14:19:29,142] DEBUG Creating in-memory snapshot 7 (org.apache.kafka.timeline.SnapshotRegistry:203)
[2024-04-09 14:19:29,143] DEBUG Creating in-memory snapshot 8 (org.apache.kafka.timeline.SnapshotRegistry:203)
[2024-04-09 14:19:29,143] DEBUG Creating in-memory snapshot 9 (org.apache.kafka.timeline.SnapshotRegistry:203)
[2024-04-09 14:19:29,143] DEBUG Creating in-memory snapshot 10 (org.apache.kafka.timeline.SnapshotRegistry:203)
[2024-04-09 14:19:29,143] DEBUG Creating in-memory snapshot 11 (org.apache.kafka.timeline.SnapshotRegistry:203)
[2024-04-09 14:19:29,144] DEBUG Creating in-memory snapshot 0 (org.apache.kafka.timeline.SnapshotRegistry:203)
[2024-04-09 14:19:29,145] INFO Dynamic member with unknown member id joins group group-id in Empty state. Created a new member id client-ede9d259-c550-4026-9f81-788e75cb0be5 and requesting the member to rejoin with this id. (org.apache.kafka.coordinator.group.GroupMetadataManager:2105)
[2024-04-09 14:19:29,145] DEBUG Pending dynamic member with id client-ede9d259-c550-4026-9f81-788e75cb0be5 joins group group-id in Empty state. Adding to the group now. (org.apache.kafka.coordinator.group.GroupMetadataManager:2175)
[2024-04-09 14:19:29,145] INFO Preparing to rebalance group group-id in state PreparingRebalance with old generation 0 (reason: Adding new member client-ede9d259-c550-4026-9f81-788e75cb0be5 with group instance id null; client reason: not provided). (org.apache.kafka.coordinator.group.GroupMetadataManager:2642)
[2024-04-09 14:19:29,148] INFO Stabilized group group-id generation 1 with 1 members. (org.apache.kafka.coordinator.group.GroupMetadataManager:2361)
[2024-04-09 14:19:29,149] INFO Preparing to rebalance group group-id in state PreparingRebalance with old generation 1 (reason: Updating metadata for member client-ede9d259-c550-4026-9f81-788e75cb0be5 during CompletingRebalance; client reason: not provided). (org.apache.kafka.coordinator.group.GroupMetadataManager:2642)
[2024-04-09 14:19:29,149] INFO Stabilized group group-id generation 2 with 1 members. (org.apache.kafka.coordinator.group.GroupMetadataManager:2361)
[2024-04-09 14:19:29,154] DEBUG Creating in-memory snapshot 0 (org.apache.kafka.timeline.SnapshotRegistry:203)
[2024-04-09 14:19:29,158] INFO Dynamic member with unknown member id joins group group-id in state Empty. Created a new member id client-949d5218-40fe-4d11-807f-c5d88aee7ba1 and added the member to the group. (org.apache.kafka.coordinator.group.GroupMetadataManager:2125)
[2024-04-09 14:19:29,159] INFO Preparing to rebalance group group-id in state PreparingRebalance with old generation 0 (reason: Adding new member client-949d5218-40fe-4d11-807f-c5d88aee7ba1 with group instance id null; client reason: not provided). (org.apache.kafka.coordinator.group.GroupMetadataManager:2642)
[2024-04-09 14:19:29,159] INFO Dynamic member with unknown member id joins group group-id in state PreparingRebalance. Created a new member id client-6d488636-b33a-4ffe-ab1f-3f371448fd4a and added the member to the group. (org.apache.kafka.coordinator.group.GroupMetadataManager:2125)
[2024-04-09 14:19:29,160] INFO Dynamic member with unknown member id joins group group-id in state PreparingRebalance. Created a new member id client-c50ae7fa-7545-4a09-a105-69b40364560a and added the member to the group. (org.apache.kafka.coordinator.group.GroupMetadataManager:2125)
[2024-04-09 14:19:29,161] INFO Dynamic member with unknown member id joins group group-id in state PreparingRebalance. Created a new member id client-bdb3a697-9430-4e86-9943-2fcecaef099c and added the member to the group. (org.apache.kafka.coordinator.group.GroupMetadataManager:2125)
[2024-04-09 14:19:29,161] INFO Dynamic member with unknown member id joins group group-id in state PreparingRebalance. Created a new member id client-8a7505ae-a56f-4f5c-96b7-9fa17f7bc232 and added the member to the group. (org.apache.kafka.coordinator.group.GroupMetadataManager:2125)
[2024-04-09 14:19:29,162] INFO Dynamic member with unknown member id joins group group-id in state PreparingRebalance. Created a new member id client-936f3c31-8275-4c28-8424-7c2fdbe1df2a and added the member to the group. (org.apache.kafka.coordinator.group.GroupMetadataManager:2125)
[2024-04-09 14:19:29,163] INFO Dynamic member with unknown member id joins group group-id in state PreparingRebalance. Created a new member id client-274063e2-e32d-4fe2-845f-0861c469ae5d and added the member to the group. (org.apache.kafka.coordinator.group.GroupMetadataManager:2125)
[2024-04-09 14:19:29,164] INFO Dynamic member with unknown member id joins group group-id in state PreparingRebalance. Created a new member id client-c84899cc-75c5-48c8-8b5e-840e34654d33 and added the member to the group. (org.apache.kafka.coordinator.group.GroupMetadataManager:2125)
[2024-04-09 14:19:29,164] INFO Dynamic member with unknown member id joins group group-id in state PreparingRebalance. Created a new member id client-b0197c14-902b-4bc8-97a4-133bbe88dce8 and added the member to the group. (org.apache.kafka.coordinator.group.GroupMetadataManager:2125)
[2024-04-09 14:19:29,165] INFO Dynamic member with unknown member id joins group group-id in state PreparingRebalance. Created a new member id client-4c742ab3-b468-4225-8ac3-60abb59a1995 and added the member to the group. (org.apache.kafka.coordinator.group.GroupMetadataManager:2125)
[2024-04-09 14:19:29,168] INFO Stabilized group group-id generation 1 with 10 members. (org.apache.kafka.coordinator.group.GroupMetadataManager:2361)
[2024-04-09 14:19:29,174] DEBUG Creating in-memory snapshot 0 (org.apache.kafka.timeline.SnapshotRegistry:203)
[2024-04-09 14:19:29,193] DEBUG Creating in-memory snapshot 0 (org.apache.kafka.timeline.SnapshotRegistry:203)
[2024-04-09 14:19:29,194] INFO Static member with groupInstanceId=leader-instance-id and unknown member id joins group group-id in Empty state. Created a new member id leader-instance-id-19d76ce4-a849-4f9e-8017-5ec44269349a for this member and added to the group. (org.apache.kafka.coordinator.group.GroupMetadataManager:2072)
[2024-04-09 14:19:29,197] INFO Preparing to rebalance group group-id in state PreparingRebalance with old generation 0 (reason: Adding new member leader-instance-id-19d76ce4-a849-4f9e-8017-5ec44269349a with group instance id leader-instance-id; client reason: not provided). (org.apache.kafka.coordinator.group.GroupMetadataManager:2642)
[2024-04-09 14:19:29,198] INFO Static member with groupInstanceId=follower-instance-id and unknown member id joins group group-id in PreparingRebalance state. Created a new member id follower-instance-id-348938f2-df96-4bd3-b828-3b9911020a89 for this member and added to the group. (org.apache.kafka.coordinator.group.GroupMetadataManager:2072)
[2024-04-09 14:19:29,198] INFO Stabilized group group-id generation 1 with 2 members. (org.apache.kafka.coordinator.group.GroupMetadataManager:2361)
[2024-04-09 14:19:29,200] DEBUG Creating in-memory snapshot 0 (org.apache.kafka.timeline.SnapshotRegistry:203)
[2024-04-09 14:19:29,203] DEBUG Creating in-memory snapshot 1 (org.apache.kafka.timeline.SnapshotRegistry:203)
[2024-04-09 14:19:29,221] DEBUG Creating in-memory snapshot 2 (org.apache.kafka.timeline.SnapshotRegistry:203)
[2024-04-09 14:19:29,222] DEBUG Creating in-memory snapshot 3 (org.apache.kafka.timeline.SnapshotRegistry:203)
[2024-04-09 14:19:29,222] DEBUG Creating in-memory snapshot 4 (org.apache.kafka.timeline.SnapshotRegistry:203)
[2024-04-09 14:19:29,278] DEBUG Creating in-memory snapshot 5 (org.apache.kafka.timeline.SnapshotRegistry:203)
[2024-04-09 14:19:29,312] DEBUG Creating in-memory snapshot 0 (org.apache.kafka.timeline.SnapshotRegistry:203)
[2024-04-09 14:19:29,314] INFO Dynamic member with unknown member id joins group group-id in Empty state. Created a new member id client-67635eb7-9f58-47e3-8f24-2ac5ed068adc and requesting the member to rejoin with this id. (org.apache.kafka.coordinator.group.GroupMetadataManager:2105)
[2024-04-09 14:19:29,314] DEBUG Pending dynamic member with id client-67635eb7-9f58-47e3-8f24-2ac5ed068adc joins group group-id in Empty state. Adding to the group now. (org.apache.kafka.coordinator.group.GroupMetadataManager:2175)
[2024-04-09 14:19:29,314] INFO Preparing to rebalance group group-id in state PreparingRebalance with old generation 0 (reason: Adding new member client-67635eb7-9f58-47e3-8f24-2ac5ed068adc with group instance id null; client reason: not provided). (org.apache.kafka.coordinator.group.GroupMetadataManager:2642)
[2024-04-09 14:19:29,314] INFO Stabilized group group-id generation 1 with 1 members. (org.apache.kafka.coordinator.group.GroupMetadataManager:2361)
[2024-04-09 14:19:29,330] DEBUG Creating in-memory snapshot 0 (org.apache.kafka.timeline.SnapshotRegistry:203)
[2024-04-09 14:19:29,332] DEBUG Creating in-memory snapshot 1 (org.apache.kafka.timeline.SnapshotRegistry:203)
[2024-04-09 14:19:29,332] DEBUG Creating in-memory snapshot 2 (org.apache.kafka.timeline.SnapshotRegistry:203)
[2024-04-09 14:19:29,332] DEBUG Creating in-memory snapshot 3 (org.apache.kafka.timeline.SnapshotRegistry:203)
[2024-04-09 14:19:29,332] DEBUG Creating in-memory snapshot 4 (org.apache.kafka.timeline.SnapshotRegistry:203)
[2024-04-09 14:19:29,334] DEBUG Creating in-memory snapshot 5 (org.apache.kafka.timeline.SnapshotRegistry:203)
[2024-04-09 14:19:29,348] DEBUG Creating in-memory snapshot 0 (org.apache.kafka.timeline.SnapshotRegistry:203)
[2024-04-09 14:19:29,348] DEBUG Creating in-memory snapshot 1 (org.apache.kafka.timeline.SnapshotRegistry:203)
[2024-04-09 14:19:29,349] DEBUG Creating in-memory snapshot 2 (org.apache.kafka.timeline.SnapshotRegistry:203)
[2024-04-09 14:19:29,349] DEBUG Creating in-memory snapshot 3 (org.apache.kafka.timeline.SnapshotRegistry:203)
[2024-04-09 14:19:29,349] DEBUG Creating in-memory snapshot 4 (org.apache.kafka.timeline.SnapshotRegistry:203)
[2024-04-09 14:19:29,349] DEBUG Creating in-memory snapshot 5 (org.apache.kafka.timeline.SnapshotRegistry:203)
[2024-04-09 14:19:29,349] DEBUG Creating in-memory snapshot 6 (org.apache.kafka.timeline.SnapshotRegistry:203)
[2024-04-09 14:19:29,350] INFO [GroupId fooup] Static member unknown-8uUuvcExSgOl_W79XuRvJg with instance id 8uUuvcExSgOl_W79XuRvJg is fenced by existing member 8uUuvcExSgOl_W79XuRvJg. (org.apache.kafka.coordinator.group.GroupMetadataManager:903)
[2024-04-09 14:19:29,352] DEBUG Creating in-memory snapshot 0 (org.apache.kafka.timeline.SnapshotRegistry:203)
[2024-04-09 14:19:29,353] INFO Dynamic member with unknown member id joins group group-id in Empty state. Created a new member id client-1c0a0843-232f-475e-afb6-98467ff6518f and requesting the member to rejoin with this id. (org.apache.kafka.coordinator.group.GroupMetadataManager:2105)
[2024-04-09 14:19:29,353] DEBUG Pending dynamic member with id client-1c0a0843-232f-475e-afb6-98467ff6518f joins group group-id in Empty state. Adding to the group now. (org.apache.kafka.coordinator.group.GroupMetadataManager:2175)
[2024-04-09 14:19:29,353] INFO Preparing to rebalance group group-id in state PreparingRebalance with old generation 0 (reason: Adding new member client-1c0a0843-232f-475e-afb6-98467ff6518f with group instance id null; client reason: not provided). (org.apache.kafka.coordinator.group.GroupMetadataManager:2642)
[2024-04-09 14:19:29,353] INFO Stabilized group group-id generation 1 with 1 members. (org.apache.kafka.coordinator.group.GroupMetadataManager:2361)
[2024-04-09 14:19:29,354] INFO Assignment received from leader client-1c0a0843-232f-475e-afb6-98467ff6518f for group group-id for generation 1. The group has 1 members, 0 of which are static. (org.apache.kafka.coordinator.group.GroupMetadataManager:3068)
[2024-04-09 14:19:29,354] WARN Setting empty assignments for members {client-1c0a0843-232f-475e-afb6-98467ff6518f=[B@66434cc8} of group-id for generation 1. (org.apache.kafka.coordinator.group.GroupMetadataManager:3088)
[2024-04-09 14:19:29,354] WARN Sending empty assignment to member client-1c0a0843-232f-475e-afb6-98467ff6518f of group-id for generation 1 with no errors (org.apache.kafka.coordinator.group.GroupMetadataManager:2758)
[2024-04-09 14:19:29,354] INFO Dynamic member with unknown member id joins group group-id in state Stable. Created a new member id client-e31c709c-de43-4c92-801f-8cebf7cf28cc and added the member to the group. (org.apache.kafka.coordinator.group.GroupMetadataManager:2125)
[2024-04-09 14:19:29,354] INFO Preparing to rebalance group group-id in state PreparingRebalance with old generation 1 (reason: Adding new member client-e31c709c-de43-4c92-801f-8cebf7cf28cc with group instance id null; client reason: not provided). (org.apache.kafka.coordinator.group.GroupMetadataManager:2642)
[2024-04-09 14:19:29,355] INFO Stabilized group group-id generation 2 with 2 members. (org.apache.kafka.coordinator.group.GroupMetadataManager:2361)
[2024-04-09 14:19:29,357] DEBUG Creating in-memory snapshot 0 (org.apache.kafka.timeline.SnapshotRegistry:203)
[2024-04-09 14:19:29,357] DEBUG Creating in-memory snapshot 1 (org.apache.kafka.timeline.SnapshotRegistry:203)
[2024-04-09 14:19:29,357] DEBUG Creating in-memory snapshot 2 (org.apache.kafka.timeline.SnapshotRegistry:203)
[2024-04-09 14:19:29,358] DEBUG Creating in-memory snapshot 3 (org.apache.kafka.timeline.SnapshotRegistry:203)
[2024-04-09 14:19:29,358] DEBUG Creating in-memory snapshot 4 (org.apache.kafka.timeline.SnapshotRegistry:203)
[2024-04-09 14:19:29,358] DEBUG Creating in-memory snapshot 5 (org.apache.kafka.timeline.SnapshotRegistry:203)
[2024-04-09 14:19:29,359] DEBUG Creating in-memory snapshot 6 (org.apache.kafka.timeline.SnapshotRegistry:203)
[2024-04-09 14:19:29,359] DEBUG Creating in-memory snapshot 7 (org.apache.kafka.timeline.SnapshotRegistry:203)
[2024-04-09 14:19:29,374] DEBUG Creating in-memory snapshot 0 (org.apache.kafka.timeline.SnapshotRegistry:203)
[2024-04-09 14:19:29,375] INFO Static member with groupInstanceId=group-instance-id and unknown member id joins group group-id in Empty state. Created a new member id group-instance-id-090a043f-23f4-4ebf-8334-cdbc3b547c99 for this member and added to the group. (org.apache.kafka.coordinator.group.GroupMetadataManager:2072)
[2024-04-09 14:19:29,375] INFO Preparing to rebalance group group-id in state PreparingRebalance with old generation 0 (reason: Adding new member group-instance-id-090a043f-23f4-4ebf-8334-cdbc3b547c99 with group instance id group-instance-id; client reason: not provided). (org.apache.kafka.coordinator.group.GroupMetadataManager:2642)
[2024-04-09 14:19:29,376] INFO Stabilized group group-id generation 1 with 1 members. (org.apache.kafka.coordinator.group.GroupMetadataManager:2361)
[2024-04-09 14:19:29,376] INFO Static member with groupInstanceId=group-instance-id and unknown member id joins group group-id in Stable state. Replacing previously mapped member group-instance-id-090a043f-23f4-4ebf-8334-cdbc3b547c99 with this groupInstanceId. (org.apache.kafka.coordinator.group.GroupMetadataManager:2059)
[2024-04-09 14:19:29,377] INFO Static member which joins during Stable stage and doesn't affect the selected protocol will not trigger a rebalance. (org.apache.kafka.coordinator.group.GroupMetadataManager:2943)
[2024-04-09 14:19:29,379] DEBUG Creating in-memory snapshot 0 (org.apache.kafka.timeline.SnapshotRegistry:203)
[2024-04-09 14:19:29,380] INFO Static member with groupInstanceId=group-instance-id and unknown member id joins group group-id in Empty state. Created a new member id group-instance-id-05c83f71-bfe9-4455-875f-58767237b96e for this member and added to the group. (org.apache.kafka.coordinator.group.GroupMetadataManager:2072)
[2024-04-09 14:19:29,380] INFO Preparing to rebalance group group-id in state PreparingRebalance with old generation 0 (reason: Adding new member group-instance-id-05c83f71-bfe9-4455-875f-58767237b96e with group instance id group-instance-id; client reason: not provided). (org.apache.kafka.coordinator.group.GroupMetadataManager:2642)
[2024-04-09 14:19:29,381] INFO Stabilized group group-id generation 1 with 1 members. (org.apache.kafka.coordinator.group.GroupMetadataManager:2361)
[2024-04-09 14:19:29,381] INFO Static member with groupInstanceId=group-instance-id and unknown member id joins group group-id in Stable state. Replacing previously mapped member group-instance-id-05c83f71-bfe9-4455-875f-58767237b96e with this groupInstanceId. (org.apache.kafka.coordinator.group.GroupMetadataManager:2059)
[2024-04-09 14:19:29,381] INFO Static member which joins during Stable stage and doesn't affect the selected protocol will not trigger a rebalance. (org.apache.kafka.coordinator.group.GroupMetadataManager:2943)
[2024-04-09 14:19:29,382] DEBUG Creating in-memory snapshot 0 (org.apache.kafka.timeline.SnapshotRegistry:203)
[2024-04-09 14:19:29,383] INFO Static member with groupInstanceId=leader-instance-id and unknown member id joins group group-id in Empty state. Created a new member id leader-instance-id-eabad834-0bcb-4c01-9b22-0491200e3d4b for this member and added to the group. (org.apache.kafka.coordinator.group.GroupMetadataManager:2072)
[2024-04-09 14:19:29,383] INFO Preparing to rebalance group group-id in state PreparingRebalance with old generation 0 (reason: Adding new member leader-instance-id-eabad834-0bcb-4c01-9b22-0491200e3d4b with group instance id leader-instance-id; client reason: not provided). (org.apache.kafka.coordinator.group.GroupMetadataManager:2642)
[2024-04-09 14:19:29,383] INFO Static member with groupInstanceId=follower-instance-id and unknown member id joins group group-id in PreparingRebalance state. Created a new member id follower-instance-id-1508882a-f245-4b34-a874-3ea98fb1d369 for this member and added to the group. (org.apache.kafka.coordinator.group.GroupMetadataManager:2072)
[2024-04-09 14:19:29,384] INFO Stabilized group group-id generation 1 with 2 members. (org.apache.kafka.coordinator.group.GroupMetadataManager:2361)
[2024-04-09 14:19:29,385] INFO Assignment received from leader leader-instance-id-eabad834-0bcb-4c01-9b22-0491200e3d4b for group group-id for generation 1. The group has 2 members, 2 of which are static. (org.apache.kafka.coordinator.group.GroupMetadataManager:3068)
[2024-04-09 14:19:29,387] INFO Static member with groupInstanceId=follower-instance-id and unknown member id joins group group-id in Stable state. Replacing previously mapped member follower-instance-id-1508882a-f245-4b34-a874-3ea98fb1d369 with this groupInstanceId. (org.apache.kafka.coordinator.group.GroupMetadataManager:2059)
[2024-04-09 14:19:29,388] INFO Static member which joins during Stable stage and doesn't affect the selected protocol will not trigger a rebalance. (org.apache.kafka.coordinator.group.GroupMetadataManager:2943)
[2024-04-09 14:19:29,389] DEBUG Creating in-memory snapshot 0 (org.apache.kafka.timeline.SnapshotRegistry:203)
[2024-04-09 14:19:29,390] INFO Dynamic member with unknown member id joins group group-id in Empty state. Created a new member id client-8b79c949-3101-4e80-9f5a-2589b8c0390f and requesting the member to rejoin with this id. (org.apache.kafka.coordinator.group.GroupMetadataManager:2105)
[2024-04-09 14:19:29,390] DEBUG Pending dynamic member with id client-8b79c949-3101-4e80-9f5a-2589b8c0390f joins group group-id in Empty state. Adding to the group now. (org.apache.kafka.coordinator.group.GroupMetadataManager:2175)
[2024-04-09 14:19:29,391] INFO Preparing to rebalance group group-id in state PreparingRebalance with old generation 0 (reason: Adding new member client-8b79c949-3101-4e80-9f5a-2589b8c0390f with group instance id null; client reason: not provided). (org.apache.kafka.coordinator.group.GroupMetadataManager:2642)
[2024-04-09 14:19:29,392] INFO Stabilized group group-id generation 1 with 1 members. (org.apache.kafka.coordinator.group.GroupMetadataManager:2361)
[2024-04-09 14:19:29,392] INFO Assignment received from leader client-8b79c949-3101-4e80-9f5a-2589b8c0390f for group group-id for generation 1. The group has 1 members, 0 of which are static. (org.apache.kafka.coordinator.group.GroupMetadataManager:3068)
[2024-04-09 14:19:29,392] WARN Sending empty assignment to member client-8b79c949-3101-4e80-9f5a-2589b8c0390f of group-id for generation 1 with no errors (org.apache.kafka.coordinator.group.GroupMetadataManager:2758)
[2024-04-09 14:19:29,392] INFO Dynamic member with unknown member id joins group group-id in state Stable. Created a new member id client-78a94f1a-965e-4bb9-a15d-de22d26fed43 and added the member to the group. (org.apache.kafka.coordinator.group.GroupMetadataManager:2125)
[2024-04-09 14:19:29,392] INFO Preparing to rebalance group group-id in state PreparingRebalance with old generation 1 (reason: Adding new member client-78a94f1a-965e-4bb9-a15d-de22d26fed43 with group instance id null; client reason: not provided). (org.apache.kafka.coordinator.group.GroupMetadataManager:2642)
[2024-04-09 14:19:29,393] INFO Stabilized group group-id generation 2 with 2 members. (org.apache.kafka.coordinator.group.GroupMetadataManager:2361)
[2024-04-09 14:19:29,393] INFO Assignment received from leader client-8b79c949-3101-4e80-9f5a-2589b8c0390f for group group-id for generation 2. The group has 2 members, 0 of which are static. (org.apache.kafka.coordinator.group.GroupMetadataManager:3068)
[2024-04-09 14:19:29,393] WARN Setting empty assignments for members {client-78a94f1a-965e-4bb9-a15d-de22d26fed43=[B@66434cc8} of group-id for generation 2. (org.apache.kafka.coordinator.group.GroupMetadataManager:3088)
[2024-04-09 14:19:29,393] WARN Sending empty assignment to member client-8b79c949-3101-4e80-9f5a-2589b8c0390f of group-id for generation 2 with no errors (org.apache.kafka.coordinator.group.GroupMetadataManager:2758)
[2024-04-09 14:19:29,394] WARN Sending empty assignment to member client-78a94f1a-965e-4bb9-a15d-de22d26fed43 of group-id for generation 2 with no errors (org.apache.kafka.coordinator.group.GroupMetadataManager:2758)
[2024-04-09 14:19:29,394] INFO Preparing to rebalance group group-id in state PreparingRebalance with old generation 2 (reason: Leader client-8b79c949-3101-4e80-9f5a-2589b8c0390f re-joining group during Stable; client reason: not provided). (org.apache.kafka.coordinator.group.GroupMetadataManager:2642)
[2024-04-09 14:19:29,394] INFO Dynamic member with unknown member id joins group group-id in PreparingRebalance state. Created a new member id client-d1f84c30-5c53-4850-8b70-1a4c51c29b4c and requesting the member to rejoin with this id. (org.apache.kafka.coordinator.group.GroupMetadataManager:2105)
[2024-04-09 14:19:29,395] INFO [Group group-id] Member client-8b79c949-3101-4e80-9f5a-2589b8c0390f has left group through explicit `LeaveGroup` request; client reason: not provided (org.apache.kafka.coordinator.group.GroupMetadataManager:3410)
[2024-04-09 14:19:29,395] INFO [Group group-id] Member client-78a94f1a-965e-4bb9-a15d-de22d26fed43 has left group through explicit `LeaveGroup` request; client reason: not provided (org.apache.kafka.coordinator.group.GroupMetadataManager:3410)
[2024-04-09 14:19:29,396] INFO [Group group-id] Pending member client-d1f84c30-5c53-4850-8b70-1a4c51c29b4c has left group through explicit `LeaveGroup` request; client reason: not provided (org.apache.kafka.coordinator.group.GroupMetadataManager:3333)
[2024-04-09 14:19:29,398] INFO Group group-id with generation 3 is now empty. (org.apache.kafka.coordinator.group.GroupMetadataManager:2342)
[2024-04-09 14:19:29,412] DEBUG Creating in-memory snapshot 0 (org.apache.kafka.timeline.SnapshotRegistry:203)
[2024-04-09 14:19:29,412] INFO Static member with groupInstanceId=group-instance-id and unknown member id joins group group-id in Empty state. Created a new member id group-instance-id-9cd5f89f-601d-4445-a5fa-9ab83131c41a for this member and added to the group. (org.apache.kafka.coordinator.group.GroupMetadataManager:2072)
[2024-04-09 14:19:29,413] INFO Preparing to rebalance group group-id in state PreparingRebalance with old generation 0 (reason: Adding new member group-instance-id-9cd5f89f-601d-4445-a5fa-9ab83131c41a with group instance id group-instance-id; client reason: not provided). (org.apache.kafka.coordinator.group.GroupMetadataManager:2642)
[2024-04-09 14:19:29,413] INFO Stabilized group group-id generation 1 with 1 members. (org.apache.kafka.coordinator.group.GroupMetadataManager:2361)
[2024-04-09 14:19:29,415] INFO Static member with groupInstanceId=group-instance-id and unknown member id joins group group-id in Stable state. Replacing previously mapped member group-instance-id-9cd5f89f-601d-4445-a5fa-9ab83131c41a with this groupInstanceId. (org.apache.kafka.coordinator.group.GroupMetadataManager:2059)
[2024-04-09 14:19:29,415] INFO Static member which joins during Stable stage and doesn't affect the selected protocol will not trigger a rebalance. (org.apache.kafka.coordinator.group.GroupMetadataManager:2943)
[2024-04-09 14:19:29,418] DEBUG Creating in-memory snapshot 0 (org.apache.kafka.timeline.SnapshotRegistry:203)
[2024-04-09 14:19:29,419] INFO Static member with groupInstanceId=group-instance-id and unknown member id joins group group-id in Empty state. Created a new member id group-instance-id-24d0c4b0-134c-419e-9843-ae69de1912dd for this member and added to the group. (org.apache.kafka.coordinator.group.GroupMetadataManager:2072)
[2024-04-09 14:19:29,419] INFO Preparing to rebalance group group-id in state PreparingRebalance with old generation 0 (reason: Adding new member group-instance-id-24d0c4b0-134c-419e-9843-ae69de1912dd with group instance id group-instance-id; client reason: not provided). (org.apache.kafka.coordinator.group.GroupMetadataManager:2642)
[2024-04-09 14:19:29,420] INFO Stabilized group group-id generation 1 with 1 members. (org.apache.kafka.coordinator.group.GroupMetadataManager:2361)
[2024-04-09 14:19:29,422] INFO Static member with groupInstanceId=group-instance-id and unknown member id joins group group-id in Stable state. Replacing previously mapped member group-instance-id-24d0c4b0-134c-419e-9843-ae69de1912dd with this groupInstanceId. (org.apache.kafka.coordinator.group.GroupMetadataManager:2059)
[2024-04-09 14:19:29,422] INFO Static member which joins during Stable stage and doesn't affect the selected protocol will not trigger a rebalance. (org.apache.kafka.coordinator.group.GroupMetadataManager:2943)
[2024-04-09 14:19:29,424] DEBUG Creating in-memory snapshot 0 (org.apache.kafka.timeline.SnapshotRegistry:203)
[2024-04-09 14:19:29,425] DEBUG Creating in-memory snapshot 1 (org.apache.kafka.timeline.SnapshotRegistry:203)
[2024-04-09 14:19:29,425] DEBUG Creating in-memory snapshot 2 (org.apache.kafka.timeline.SnapshotRegistry:203)
[2024-04-09 14:19:29,425] DEBUG Creating in-memory snapshot 3 (org.apache.kafka.timeline.SnapshotRegistry:203)
[2024-04-09 14:19:29,425] DEBUG Creating in-memory snapshot 4 (org.apache.kafka.timeline.SnapshotRegistry:203)
[2024-04-09 14:19:29,425] DEBUG Creating in-memory snapshot 5 (org.apache.kafka.timeline.SnapshotRegistry:203)
[2024-04-09 14:19:29,426] DEBUG Creating in-memory snapshot 6 (org.apache.kafka.timeline.SnapshotRegistry:203)
[2024-04-09 14:19:29,426] DEBUG Creating in-memory snapshot 7 (org.apache.kafka.timeline.SnapshotRegistry:203)
[2024-04-09 14:19:29,427] DEBUG Creating in-memory snapshot 8 (org.apache.kafka.timeline.SnapshotRegistry:203)
[2024-04-09 14:19:29,427] DEBUG Creating in-memory snapshot 9 (org.apache.kafka.timeline.SnapshotRegistry:203)
[2024-04-09 14:19:29,428] INFO [GroupId fooup] Member 7KdlrcorT7mctEOLruYnfg left the consumer group. (org.apache.kafka.coordinator.group.GroupMetadataManager:1217)
[2024-04-09 14:19:29,429] INFO [GroupId fooup] Computed new subscription metadata: {bar=TopicMetadata(id=DCuywxtMQWGtUXLC474piQ, name=bar, numPartitions=3, partitionRacks={0=[rack0, rack1], 1=[rack1, rack2], 2=[rack3, rack2]}), foo=TopicMetadata(id=7n27Z6FSSW2A2Y_ySSp41Q, name=foo, numPartitions=6, partitionRacks={0=[rack0, rack1], 1=[rack1, rack2], 2=[rack3, rack2], 3=[rack3, rack0], 4=[rack0, rack1], 5=[rack1, rack2]})}. (org.apache.kafka.coordinator.group.GroupMetadataManager:1287)
[2024-04-09 14:19:29,429] DEBUG Creating in-memory snapshot 10 (org.apache.kafka.timeline.SnapshotRegistry:203)
[2024-04-09 14:19:29,429] DEBUG Creating in-memory snapshot 11 (org.apache.kafka.timeline.SnapshotRegistry:203)
[2024-04-09 14:19:29,429] DEBUG Creating in-memory snapshot 12 (org.apache.kafka.timeline.SnapshotRegistry:203)
[2024-04-09 14:19:29,430] DEBUG Creating in-memory snapshot 13 (org.apache.kafka.timeline.SnapshotRegistry:203)
[2024-04-09 14:19:29,430] DEBUG Creating in-memory snapshot 14 (org.apache.kafka.timeline.SnapshotRegistry:203)
[2024-04-09 14:19:29,433] DEBUG Creating in-memory snapshot 0 (org.apache.kafka.timeline.SnapshotRegistry:203)
[2024-04-09 14:19:29,434] INFO Dynamic member with unknown member id joins group group-id in Empty state. Created a new member id client-9c6dd6ac-a0fc-42ec-a06b-59598d26b31d and requesting the member to rejoin with this id. (org.apache.kafka.coordinator.group.GroupMetadataManager:2105)
[2024-04-09 14:19:29,434] DEBUG Pending dynamic member with id client-9c6dd6ac-a0fc-42ec-a06b-59598d26b31d joins group group-id in Empty state. Adding to the group now. (org.apache.kafka.coordinator.group.GroupMetadataManager:2175)
[2024-04-09 14:19:29,434] INFO Preparing to rebalance group group-id in state PreparingRebalance with old generation 0 (reason: Adding new member client-9c6dd6ac-a0fc-42ec-a06b-59598d26b31d with group instance id null; client reason: not provided). (org.apache.kafka.coordinator.group.GroupMetadataManager:2642)
[2024-04-09 14:19:29,434] INFO Stabilized group group-id generation 1 with 1 members. (org.apache.kafka.coordinator.group.GroupMetadataManager:2361)
[2024-04-09 14:19:29,438] INFO Dynamic member with unknown member id joins group group-id in state CompletingRebalance. Created a new member id client-da44d0b4-4ea0-43c4-a69d-e180a6e94084 and added the member to the group. (org.apache.kafka.coordinator.group.GroupMetadataManager:2125)
[2024-04-09 14:19:29,438] INFO Preparing to rebalance group group-id in state PreparingRebalance with old generation 1 (reason: Adding new member client-da44d0b4-4ea0-43c4-a69d-e180a6e94084 with group instance id null; client reason: not provided). (org.apache.kafka.coordinator.group.GroupMetadataManager:2642)
[2024-04-09 14:19:29,439] INFO Member client-da44d0b4-4ea0-43c4-a69d-e180a6e94084 in group group-id has failed, removing it from the group. (org.apache.kafka.coordinator.group.GroupMetadataManager:2436)
[2024-04-09 14:19:29,442] DEBUG Creating in-memory snapshot 0 (org.apache.kafka.timeline.SnapshotRegistry:203)
[2024-04-09 14:19:29,443] INFO Static member with groupInstanceId=leader-instance-id and unknown member id joins group group-id in Empty state. Created a new member id leader-instance-id-0054ce3a-caa3-49ff-9f1a-fb840ae845ee for this member and added to the group. (org.apache.kafka.coordinator.group.GroupMetadataManager:2072)
[2024-04-09 14:19:29,444] INFO Preparing to rebalance group group-id in state PreparingRebalance with old generation 0 (reason: Adding new member leader-instance-id-0054ce3a-caa3-49ff-9f1a-fb840ae845ee with group instance id leader-instance-id; client reason: not provided). (org.apache.kafka.coordinator.group.GroupMetadataManager:2642)
[2024-04-09 14:19:29,444] INFO Static member with groupInstanceId=follower-instance-id and unknown member id joins group group-id in PreparingRebalance state. Created a new member id follower-instance-id-ec8461ef-7b5c-43b3-b00d-95ab94a66769 for this member and added to the group. (org.apache.kafka.coordinator.group.GroupMetadataManager:2072)
[2024-04-09 14:19:29,445] INFO Stabilized group group-id generation 1 with 2 members. (org.apache.kafka.coordinator.group.GroupMetadataManager:2361)
[2024-04-09 14:19:29,445] INFO Assignment received from leader leader-instance-id-0054ce3a-caa3-49ff-9f1a-fb840ae845ee for group group-id for generation 1. The group has 2 members, 2 of which are static. (org.apache.kafka.coordinator.group.GroupMetadataManager:3068)
[2024-04-09 14:19:29,445] INFO Static member with groupInstanceId=follower-instance-id and unknown member id joins group group-id in Stable state. Replacing previously mapped member follower-instance-id-ec8461ef-7b5c-43b3-b00d-95ab94a66769 with this groupInstanceId. (org.apache.kafka.coordinator.group.GroupMetadataManager:2059)
[2024-04-09 14:19:29,446] INFO Static member which joins during Stable stage and doesn't affect the selected protocol will not trigger a rebalance. (org.apache.kafka.coordinator.group.GroupMetadataManager:2943)
[2024-04-09 14:19:29,446] WARN Failed to persist metadata for group group-id static member follower-instance-id-4b5de890-2bfb-4928-b852-5f511b954a57 with group instance id follower-instance-id due to The request included a message larger than the max message size the server will accept.. Reverting to old member id follower-instance-id-ec8461ef-7b5c-43b3-b00d-95ab94a66769. (org.apache.kafka.coordinator.group.GroupMetadataManager:2950)
[2024-04-09 14:19:29,446] INFO Preparing to rebalance group group-id in state PreparingRebalance with old generation 1 (reason: Updating metadata for member follower-instance-id-ec8461ef-7b5c-43b3-b00d-95ab94a66769 during Stable; client reason: not provided). (org.apache.kafka.coordinator.group.GroupMetadataManager:2642)
[2024-04-09 14:19:29,448] INFO Stabilized group group-id generation 2 with 2 members. (org.apache.kafka.coordinator.group.GroupMetadataManager:2361)
[2024-04-09 14:19:29,448] INFO Assignment received from leader leader-instance-id-0054ce3a-caa3-49ff-9f1a-fb840ae845ee for group group-id for generation 2. The group has 2 members, 2 of which are static. (org.apache.kafka.coordinator.group.GroupMetadataManager:3068)
[2024-04-09 14:19:29,448] WARN Setting empty assignments for members {follower-instance-id-ec8461ef-7b5c-43b3-b00d-95ab94a66769=[B@66434cc8, leader-instance-id-0054ce3a-caa3-49ff-9f1a-fb840ae845ee=[B@66434cc8} of group-id for generation 2. (org.apache.kafka.coordinator.group.GroupMetadataManager:3088)
[2024-04-09 14:19:29,448] WARN Sending empty assignment to member follower-instance-id-ec8461ef-7b5c-43b3-b00d-95ab94a66769 of group-id for generation 2 with no errors (org.apache.kafka.coordinator.group.GroupMetadataManager:2758)
[2024-04-09 14:19:29,448] WARN Sending empty assignment to member leader-instance-id-0054ce3a-caa3-49ff-9f1a-fb840ae845ee of group-id for generation 2 with no errors (org.apache.kafka.coordinator.group.GroupMetadataManager:2758)
[2024-04-09 14:19:29,452] DEBUG Creating in-memory snapshot 0 (org.apache.kafka.timeline.SnapshotRegistry:203)
[2024-04-09 14:19:29,454] DEBUG Creating in-memory snapshot 1 (org.apache.kafka.timeline.SnapshotRegistry:203)
[2024-04-09 14:19:29,454] DEBUG Creating in-memory snapshot 2 (org.apache.kafka.timeline.SnapshotRegistry:203)
[2024-04-09 14:19:29,597] DEBUG Creating in-memory snapshot 3 (org.apache.kafka.timeline.SnapshotRegistry:203)
[2024-04-09 14:19:29,599] DEBUG Creating in-memory snapshot 4 (org.apache.kafka.timeline.SnapshotRegistry:203)
[2024-04-09 14:19:29,601] DEBUG Creating in-memory snapshot 5 (org.apache.kafka.timeline.SnapshotRegistry:203)
[2024-04-09 14:19:29,603] DEBUG Creating in-memory snapshot 6 (org.apache.kafka.timeline.SnapshotRegistry:203)
[2024-04-09 14:19:29,622] DEBUG Creating in-memory snapshot 0 (org.apache.kafka.timeline.SnapshotRegistry:203)
[2024-04-09 14:19:29,623] INFO Dynamic member with unknown member id joins group group-id in Empty state. Created a new member id client-8d62b5cf-93f2-4782-9ba2-e8cc2ac05013 and requesting the member to rejoin with this id. (org.apache.kafka.coordinator.group.GroupMetadataManager:2105)
[2024-04-09 14:19:29,623] DEBUG Pending dynamic member with id client-8d62b5cf-93f2-4782-9ba2-e8cc2ac05013 joins group group-id in Empty state. Adding to the group now. (org.apache.kafka.coordinator.group.GroupMetadataManager:2175)
[2024-04-09 14:19:29,624] INFO Preparing to rebalance group group-id in state PreparingRebalance with old generation 0 (reason: Adding new member client-8d62b5cf-93f2-4782-9ba2-e8cc2ac05013 with group instance id null; client reason: not provided). (org.apache.kafka.coordinator.group.GroupMetadataManager:2642)
[2024-04-09 14:19:29,624] INFO Stabilized group group-id generation 1 with 1 members. (org.apache.kafka.coordinator.group.GroupMetadataManager:2361)
[2024-04-09 14:19:29,625] INFO Assignment received from leader client-8d62b5cf-93f2-4782-9ba2-e8cc2ac05013 for group group-id for generation 1. The group has 1 members, 0 of which are static. (org.apache.kafka.coordinator.group.GroupMetadataManager:3068)
[2024-04-09 14:19:29,626] WARN Setting empty assignments for members {client-8d62b5cf-93f2-4782-9ba2-e8cc2ac05013=[B@66434cc8} of group-id for generation 1. (org.apache.kafka.coordinator.group.GroupMetadataManager:3088)
[2024-04-09 14:19:29,626] WARN Sending empty assignment to member client-8d62b5cf-93f2-4782-9ba2-e8cc2ac05013 of group-id for generation 1 with no errors (org.apache.kafka.coordinator.group.GroupMetadataManager:2758)
[2024-04-09 14:19:29,627] INFO Dynamic member with unknown member id joins group group-id in state Stable. Created a new member id client-c5613be5-9f71-469f-b8f2-c8cc37f5eb66 and added the member to the group. (org.apache.kafka.coordinator.group.GroupMetadataManager:2125)
[2024-04-09 14:19:29,627] INFO Preparing to rebalance group group-id in state PreparingRebalance with old generation 1 (reason: Adding new member client-c5613be5-9f71-469f-b8f2-c8cc37f5eb66 with group instance id null; client reason: not provided). (org.apache.kafka.coordinator.group.GroupMetadataManager:2642)
[2024-04-09 14:19:29,628] INFO Stabilized group group-id generation 2 with 2 members. (org.apache.kafka.coordinator.group.GroupMetadataManager:2361)
[2024-04-09 14:19:29,628] INFO Assignment received from leader client-8d62b5cf-93f2-4782-9ba2-e8cc2ac05013 for group group-id for generation 2. The group has 2 members, 0 of which are static. (org.apache.kafka.coordinator.group.GroupMetadataManager:3068)
[2024-04-09 14:19:29,634] DEBUG Creating in-memory snapshot 0 (org.apache.kafka.timeline.SnapshotRegistry:203)
[2024-04-09 14:19:29,634] INFO Static member with groupInstanceId=group-instance-id and unknown member id joins group group-id in Empty state. Created a new member id group-instance-id-44e2bf57-68aa-4ac3-9bf5-85e71c277a75 for this member and added to the group. (org.apache.kafka.coordinator.group.GroupMetadataManager:2072)
[2024-04-09 14:19:29,634] INFO Preparing to rebalance group group-id in state PreparingRebalance with old generation 0 (reason: Adding new member group-instance-id-44e2bf57-68aa-4ac3-9bf5-85e71c277a75 with group instance id group-instance-id; client reason: not provided). (org.apache.kafka.coordinator.group.GroupMetadataManager:2642)
[2024-04-09 14:19:29,636] WARN Failed to write empty metadata for group group-id: null (org.apache.kafka.coordinator.group.GroupMetadataManager:1945)
[2024-04-09 14:19:29,660] DEBUG Creating in-memory snapshot 0 (org.apache.kafka.timeline.SnapshotRegistry:203)
[2024-04-09 14:19:29,663] INFO Static member with groupInstanceId=leader-instance-id and unknown member id joins group group-id in Empty state. Created a new member id leader-instance-id-6fa8d2dd-3916-47cb-bbcb-9143c663ea40 for this member and added to the group. (org.apache.kafka.coordinator.group.GroupMetadataManager:2072)
[2024-04-09 14:19:29,666] INFO Preparing to rebalance group group-id in state PreparingRebalance with old generation 0 (reason: Adding new member leader-instance-id-6fa8d2dd-3916-47cb-bbcb-9143c663ea40 with group instance id leader-instance-id; client reason: not provided). (org.apache.kafka.coordinator.group.GroupMetadataManager:2642)
[2024-04-09 14:19:29,667] INFO Stabilized group group-id generation 1 with 1 members. (org.apache.kafka.coordinator.group.GroupMetadataManager:2361)
[2024-04-09 14:19:29,677] INFO Assignment received from leader leader-instance-id-6fa8d2dd-3916-47cb-bbcb-9143c663ea40 for group group-id for generation 1. The group has 1 members, 1 of which are static. (org.apache.kafka.coordinator.group.GroupMetadataManager:3068)
[2024-04-09 14:19:29,678] WARN Sending empty assignment to member leader-instance-id-6fa8d2dd-3916-47cb-bbcb-9143c663ea40 of group-id for generation 1 with no errors (org.apache.kafka.coordinator.group.GroupMetadataManager:2758)
[2024-04-09 14:19:29,689] DEBUG Creating in-memory snapshot 0 (org.apache.kafka.timeline.SnapshotRegistry:203)
[2024-04-09 14:19:29,694] DEBUG Creating in-memory snapshot 1 (org.apache.kafka.timeline.SnapshotRegistry:203)
[2024-04-09 14:19:29,694] DEBUG Creating in-memory snapshot 2 (org.apache.kafka.timeline.SnapshotRegistry:203)
[2024-04-09 14:19:29,694] DEBUG Creating in-memory snapshot 3 (org.apache.kafka.timeline.SnapshotRegistry:203)
[2024-04-09 14:19:29,695] DEBUG Creating in-memory snapshot 4 (org.apache.kafka.timeline.SnapshotRegistry:203)
[2024-04-09 14:19:29,695] DEBUG Creating in-memory snapshot 5 (org.apache.kafka.timeline.SnapshotRegistry:203)
[2024-04-09 14:19:29,696] DEBUG Creating in-memory snapshot 6 (org.apache.kafka.timeline.SnapshotRegistry:203)
[2024-04-09 14:19:29,702] DEBUG Creating in-memory snapshot 0 (org.apache.kafka.timeline.SnapshotRegistry:203)
[2024-04-09 14:19:29,773] INFO Static member with groupInstanceId=leader-instance-id and unknown member id joins group group-id in Empty state. Created a new member id leader-instance-id-e7972db6-55eb-4c6f-b8a7-7ed5939d6eb5 for this member and added to the group. (org.apache.kafka.coordinator.group.GroupMetadataManager:2072)
[2024-04-09 14:19:29,778] INFO Preparing to rebalance group group-id in state PreparingRebalance with old generation 0 (reason: Adding new member leader-instance-id-e7972db6-55eb-4c6f-b8a7-7ed5939d6eb5 with group instance id leader-instance-id; client reason: not provided). (org.apache.kafka.coordinator.group.GroupMetadataManager:2642)
[2024-04-09 14:19:29,799] INFO Static member with groupInstanceId=follower-instance-id and unknown member id joins group group-id in PreparingRebalance state. Created a new member id follower-instance-id-ee90ae9b-0095-4d7b-8405-2e053593e868 for this member and added to the group. (org.apache.kafka.coordinator.group.GroupMetadataManager:2072)
[2024-04-09 14:19:29,800] INFO Stabilized group group-id generation 1 with 2 members. (org.apache.kafka.coordinator.group.GroupMetadataManager:2361)
[2024-04-09 14:19:29,820] INFO Assignment received from leader leader-instance-id-e7972db6-55eb-4c6f-b8a7-7ed5939d6eb5 for group group-id for generation 1. The group has 2 members, 2 of which are static. (org.apache.kafka.coordinator.group.GroupMetadataManager:3068)
[2024-04-09 14:19:29,825] INFO Static member with groupInstanceId=new-member-instance-id and unknown member id joins group group-id in Stable state. Created a new member id new-member-instance-id-20e2f160-82a9-4d90-8ab6-414f90c6fe96 for this member and added to the group. (org.apache.kafka.coordinator.group.GroupMetadataManager:2072)
[2024-04-09 14:19:29,826] INFO Preparing to rebalance group group-id in state PreparingRebalance with old generation 1 (reason: Adding new member new-member-instance-id-20e2f160-82a9-4d90-8ab6-414f90c6fe96 with group instance id new-member-instance-id; client reason: not provided). (org.apache.kafka.coordinator.group.GroupMetadataManager:2642)
[2024-04-09 14:19:29,827] INFO Group leader [memberId: leader-instance-id-e7972db6-55eb-4c6f-b8a7-7ed5939d6eb5, groupInstanceId: leader-instance-id] failed to join before the rebalance timeout. Member ClassicGroupMember(memberId='follower-instance-id-ee90ae9b-0095-4d7b-8405-2e053593e868', groupInstanceId='follower-instance-id', clientId='client', clientHost='localhost/127.0.0.1', rebalanceTimeoutMs=500, sessionTimeoutMs=500, protocolType='consumer', supportedProtocols=[range, roundrobin]) was elected as the new leader. (org.apache.kafka.coordinator.group.classic.ClassicGroup:501)
[2024-04-09 14:19:29,829] INFO Stabilized group group-id generation 2 with 3 members. (org.apache.kafka.coordinator.group.GroupMetadataManager:2361)
[2024-04-09 14:19:29,867] DEBUG Creating in-memory snapshot 0 (org.apache.kafka.timeline.SnapshotRegistry:203)
[2024-04-09 14:19:29,868] INFO Dynamic member with unknown member id joins group group-id in state Empty. Created a new member id client-e38c15cf-1dde-4621-9d1c-c45e4317fc9b and added the member to the group. (org.apache.kafka.coordinator.group.GroupMetadataManager:2125)
[2024-04-09 14:19:29,876] INFO Preparing to rebalance group group-id in state PreparingRebalance with old generation 0 (reason: Adding new member client-e38c15cf-1dde-4621-9d1c-c45e4317fc9b with group instance id null; client reason: not provided). (org.apache.kafka.coordinator.group.GroupMetadataManager:2642)
[2024-04-09 14:19:29,891] INFO Dynamic member with unknown member id joins group group-id in state PreparingRebalance. Created a new member id client-ee3910d7-9fdd-46e9-8b5b-eb67a77dbcaa and added the member to the group. (org.apache.kafka.coordinator.group.GroupMetadataManager:2125)
[2024-04-09 14:19:29,909] INFO Stabilized group group-id generation 1 with 2 members. (org.apache.kafka.coordinator.group.GroupMetadataManager:2361)
[2024-04-09 14:19:29,919] DEBUG Creating in-memory snapshot 0 (org.apache.kafka.timeline.SnapshotRegistry:203)
[2024-04-09 14:19:29,921] INFO Dynamic member with unknown member id joins group group-id in Empty state. Created a new member id client-0a0896a6-9282-4de8-9615-4cb08db61baa and requesting the member to rejoin with this id. (org.apache.kafka.coordinator.group.GroupMetadataManager:2105)
[2024-04-09 14:19:29,922] DEBUG Pending dynamic member with id client-0a0896a6-9282-4de8-9615-4cb08db61baa joins group group-id in Empty state. Adding to the group now. (org.apache.kafka.coordinator.group.GroupMetadataManager:2175)
[2024-04-09 14:19:29,923] INFO Preparing to rebalance group group-id in state PreparingRebalance with old generation 0 (reason: Adding new member client-0a0896a6-9282-4de8-9615-4cb08db61baa with group instance id null; client reason: not provided). (org.apache.kafka.coordinator.group.GroupMetadataManager:2642)
[2024-04-09 14:19:29,923] INFO Stabilized group group-id generation 1 with 1 members. (org.apache.kafka.coordinator.group.GroupMetadataManager:2361)
[2024-04-09 14:19:29,923] INFO [Group group-id] Member client-0a0896a6-9282-4de8-9615-4cb08db61baa has left group through explicit `LeaveGroup` request; client reason: not provided (org.apache.kafka.coordinator.group.GroupMetadataManager:3410)
[2024-04-09 14:19:29,924] INFO Preparing to rebalance group group-id in state PreparingRebalance with old generation 1 (reason: explicit `LeaveGroup` request for (client-0a0896a6-9282-4de8-9615-4cb08db61baa) members.). (org.apache.kafka.coordinator.group.GroupMetadataManager:2642)
[2024-04-09 14:19:29,924] INFO Group group-id with generation 2 is now empty. (org.apache.kafka.coordinator.group.GroupMetadataManager:2342)
[2024-04-09 14:19:29,927] DEBUG Creating in-memory snapshot 0 (org.apache.kafka.timeline.SnapshotRegistry:203)
[2024-04-09 14:19:29,936] INFO Dynamic member with unknown member id joins group group-id in Empty state. Created a new member id client-39965aee-47a9-4e9e-a389-de7ece0dcc08 and requesting the member to rejoin with this id. (org.apache.kafka.coordinator.group.GroupMetadataManager:2105)
[2024-04-09 14:19:29,941] DEBUG Pending dynamic member with id client-39965aee-47a9-4e9e-a389-de7ece0dcc08 joins group group-id in Empty state. Adding to the group now. (org.apache.kafka.coordinator.group.GroupMetadataManager:2175)
[2024-04-09 14:19:29,942] INFO Preparing to rebalance group group-id in state PreparingRebalance with old generation 0 (reason: Adding new member client-39965aee-47a9-4e9e-a389-de7ece0dcc08 with group instance id null; client reason: not provided). (org.apache.kafka.coordinator.group.GroupMetadataManager:2642)
[2024-04-09 14:19:29,943] INFO Stabilized group group-id generation 1 with 1 members. (org.apache.kafka.coordinator.group.GroupMetadataManager:2361)
[2024-04-09 14:19:29,944] INFO Assignment received from leader client-39965aee-47a9-4e9e-a389-de7ece0dcc08 for group group-id for generation 1. The group has 1 members, 0 of which are static. (org.apache.kafka.coordinator.group.GroupMetadataManager:3068)
[2024-04-09 14:19:29,944] WARN Setting empty assignments for members {client-39965aee-47a9-4e9e-a389-de7ece0dcc08=[B@66434cc8} of group-id for generation 1. (org.apache.kafka.coordinator.group.GroupMetadataManager:3088)
[2024-04-09 14:19:29,944] WARN Sending empty assignment to member client-39965aee-47a9-4e9e-a389-de7ece0dcc08 of group-id for generation 1 with no errors (org.apache.kafka.coordinator.group.GroupMetadataManager:2758)
[2024-04-09 14:19:29,945] INFO Dynamic member with unknown member id joins group group-id in state Stable. Created a new member id client-7f4a91ad-f3e7-4f49-b815-06631dc1a3b5 and added the member to the group. (org.apache.kafka.coordinator.group.GroupMetadataManager:2125)
[2024-04-09 14:19:29,945] INFO Preparing to rebalance group group-id in state PreparingRebalance with old generation 1 (reason: Adding new member client-7f4a91ad-f3e7-4f49-b815-06631dc1a3b5 with group instance id null; client reason: not provided). (org.apache.kafka.coordinator.group.GroupMetadataManager:2642)
[2024-04-09 14:19:29,945] INFO Member client-39965aee-47a9-4e9e-a389-de7ece0dcc08 in group group-id has failed, removing it from the group. (org.apache.kafka.coordinator.group.GroupMetadataManager:2436)
[2024-04-09 14:19:29,946] INFO Stabilized group group-id generation 2 with 1 members. (org.apache.kafka.coordinator.group.GroupMetadataManager:2361)
[2024-04-09 14:19:30,058] DEBUG Creating in-memory snapshot 0 (org.apache.kafka.timeline.SnapshotRegistry:203)
[2024-04-09 14:19:30,099] DEBUG Creating in-memory snapshot 0 (org.apache.kafka.timeline.SnapshotRegistry:203)
[2024-04-09 14:19:30,101] INFO Static member with groupInstanceId=leader-instance-id and unknown member id joins group group-id in Empty state. Created a new member id leader-instance-id-81815db0-b175-489b-85e4-96ce917346f9 for this member and added to the group. (org.apache.kafka.coordinator.group.GroupMetadataManager:2072)
[2024-04-09 14:19:30,102] INFO Preparing to rebalance group group-id in state PreparingRebalance with old generation 0 (reason: Adding new member leader-instance-id-81815db0-b175-489b-85e4-96ce917346f9 with group instance id leader-instance-id; client reason: not provided). (org.apache.kafka.coordinator.group.GroupMetadataManager:2642)
[2024-04-09 14:19:30,103] INFO Stabilized group group-id generation 1 with 1 members. (org.apache.kafka.coordinator.group.GroupMetadataManager:2361)
[2024-04-09 14:19:30,103] INFO Assignment received from leader leader-instance-id-81815db0-b175-489b-85e4-96ce917346f9 for group group-id for generation 1. The group has 1 members, 1 of which are static. (org.apache.kafka.coordinator.group.GroupMetadataManager:3068)
[2024-04-09 14:19:30,104] WARN Setting empty assignments for members {leader-instance-id-81815db0-b175-489b-85e4-96ce917346f9=[B@66434cc8} of group-id for generation 1. (org.apache.kafka.coordinator.group.GroupMetadataManager:3088)
[2024-04-09 14:19:30,104] INFO Preparing to rebalance group group-id in state PreparingRebalance with old generation 1 (reason: Error NOT_COORDINATOR when storing group assignmentduring SyncGroup (member: leader-instance-id-81815db0-b175-489b-85e4-96ce917346f9).). (org.apache.kafka.coordinator.group.GroupMetadataManager:2642)
[2024-04-09 14:19:30,105] DEBUG Creating in-memory snapshot 0 (org.apache.kafka.timeline.SnapshotRegistry:203)
[2024-04-09 14:19:30,106] INFO Static member with groupInstanceId=leader-instance-id and unknown member id joins group group-id in Empty state. Created a new member id leader-instance-id-293af08b-24e8-47f6-8f4f-303b3f614e42 for this member and added to the group. (org.apache.kafka.coordinator.group.GroupMetadataManager:2072)
[2024-04-09 14:19:30,106] INFO Preparing to rebalance group group-id in state PreparingRebalance with old generation 0 (reason: Adding new member leader-instance-id-293af08b-24e8-47f6-8f4f-303b3f614e42 with group instance id leader-instance-id; client reason: not provided). (org.apache.kafka.coordinator.group.GroupMetadataManager:2642)
[2024-04-09 14:19:30,106] INFO Static member with groupInstanceId=follower-instance-id and unknown member id joins group group-id in PreparingRebalance state. Created a new member id follower-instance-id-fd68fdd7-5314-475b-bdf7-a2872b2b28a4 for this member and added to the group. (org.apache.kafka.coordinator.group.GroupMetadataManager:2072)
[2024-04-09 14:19:30,107] INFO Stabilized group group-id generation 1 with 2 members. (org.apache.kafka.coordinator.group.GroupMetadataManager:2361)
[2024-04-09 14:19:30,107] INFO Assignment received from leader leader-instance-id-293af08b-24e8-47f6-8f4f-303b3f614e42 for group group-id for generation 1. The group has 2 members, 2 of which are static. (org.apache.kafka.coordinator.group.GroupMetadataManager:3068)
[2024-04-09 14:19:30,107] WARN Setting empty assignments for members {follower-instance-id-fd68fdd7-5314-475b-bdf7-a2872b2b28a4=[B@66434cc8} of group-id for generation 1. (org.apache.kafka.coordinator.group.GroupMetadataManager:3088)
[2024-04-09 14:19:30,107] WARN Sending empty assignment to member follower-instance-id-fd68fdd7-5314-475b-bdf7-a2872b2b28a4 of group-id for generation 1 with no errors (org.apache.kafka.coordinator.group.GroupMetadataManager:2758)
[2024-04-09 14:19:30,107] WARN Sending empty assignment to member leader-instance-id-293af08b-24e8-47f6-8f4f-303b3f614e42 of group-id for generation 1 with no errors (org.apache.kafka.coordinator.group.GroupMetadataManager:2758)
[2024-04-09 14:19:30,108] DEBUG Creating in-memory snapshot 0 (org.apache.kafka.timeline.SnapshotRegistry:203)
[2024-04-09 14:19:30,108] INFO Static member with groupInstanceId=leader-instance-id and unknown member id joins group group-id in Empty state. Created a new member id leader-instance-id-0c9f2019-6366-4b28-83c2-4af8649a0ae1 for this member and added to the group. (org.apache.kafka.coordinator.group.GroupMetadataManager:2072)
[2024-04-09 14:19:30,108] INFO Preparing to rebalance group group-id in state PreparingRebalance with old generation 0 (reason: Adding new member leader-instance-id-0c9f2019-6366-4b28-83c2-4af8649a0ae1 with group instance id leader-instance-id; client reason: not provided). (org.apache.kafka.coordinator.group.GroupMetadataManager:2642)
[2024-04-09 14:19:30,109] INFO Static member with groupInstanceId=follower-instance-id and unknown member id joins group group-id in PreparingRebalance state. Created a new member id follower-instance-id-a8eecec3-bc8b-4f03-a5f9-b1f405b751a7 for this member and added to the group. (org.apache.kafka.coordinator.group.GroupMetadataManager:2072)
[2024-04-09 14:19:30,109] INFO Stabilized group group-id generation 1 with 2 members. (org.apache.kafka.coordinator.group.GroupMetadataManager:2361)
[2024-04-09 14:19:30,109] INFO Assignment received from leader leader-instance-id-0c9f2019-6366-4b28-83c2-4af8649a0ae1 for group group-id for generation 1. The group has 2 members, 2 of which are static. (org.apache.kafka.coordinator.group.GroupMetadataManager:3068)
[2024-04-09 14:19:30,110] INFO Request memberId=follower-instance-id-a8eecec3-bc8b-4f03-a5f9-b1f405b751a7 for static member with groupInstanceId=leader-instance-id is fenced by existing memberId=leader-instance-id-0c9f2019-6366-4b28-83c2-4af8649a0ae1 during operation join-group (org.apache.kafka.coordinator.group.classic.ClassicGroup:793)
[2024-04-09 14:19:30,121] DEBUG Creating in-memory snapshot 0 (org.apache.kafka.timeline.SnapshotRegistry:203)
[2024-04-09 14:19:30,123] DEBUG Creating in-memory snapshot 1 (org.apache.kafka.timeline.SnapshotRegistry:203)
[2024-04-09 14:19:30,124] DEBUG Creating in-memory snapshot 2 (org.apache.kafka.timeline.SnapshotRegistry:203)
[2024-04-09 14:19:30,124] DEBUG Creating in-memory snapshot 3 (org.apache.kafka.timeline.SnapshotRegistry:203)
[2024-04-09 14:19:30,124] DEBUG Creating in-memory snapshot 4 (org.apache.kafka.timeline.SnapshotRegistry:203)
[2024-04-09 14:19:30,124] DEBUG Creating in-memory snapshot 5 (org.apache.kafka.timeline.SnapshotRegistry:203)
[2024-04-09 14:19:30,125] DEBUG Creating in-memory snapshot 6 (org.apache.kafka.timeline.SnapshotRegistry:203)
[2024-04-09 14:19:30,125] DEBUG Creating in-memory snapshot 7 (org.apache.kafka.timeline.SnapshotRegistry:203)
[2024-04-09 14:19:30,125] DEBUG Creating in-memory snapshot 8 (org.apache.kafka.timeline.SnapshotRegistry:203)
[2024-04-09 14:19:30,125] DEBUG Creating in-memory snapshot 9 (org.apache.kafka.timeline.SnapshotRegistry:203)
[2024-04-09 14:19:30,126] INFO [GroupId fooup] Static Member o8492G3dTE6HwRqDem4txg with instance id o8492G3dTE6HwRqDem4txg temporarily left the consumer group. (org.apache.kafka.coordinator.group.GroupMetadataManager:1224)
[2024-04-09 14:19:30,127] DEBUG Creating in-memory snapshot 10 (org.apache.kafka.timeline.SnapshotRegistry:203)
[2024-04-09 14:19:30,127] INFO [GroupId fooup] Static member TOjhdOtHQsaEAteXnzX8tg with instance id o8492G3dTE6HwRqDem4txg re-joins the consumer group. (org.apache.kafka.coordinator.group.GroupMetadataManager:1017)
[2024-04-09 14:19:30,130] INFO [GroupId fooup] Computed a new target assignment for epoch 10 with 'range' assignor: {rzeiAirBQfuC2iz86cM6qw=Assignment(error=0, partitions={dsB5EzriTUubVzyxa31ehA=[0, 1], N0xCvJENRsiP8jip055Bvg=[0, 1, 2]}, metadata=VersionedMetadata(version=0, metadata=java.nio.HeapByteBuffer[pos=0 lim=0 cap=0])), TOjhdOtHQsaEAteXnzX8tg=Assignment(error=0, partitions={dsB5EzriTUubVzyxa31ehA=[2], N0xCvJENRsiP8jip055Bvg=[3, 4, 5]}, metadata=VersionedMetadata(version=0, metadata=java.nio.HeapByteBuffer[pos=0 lim=0 cap=0]))}. (org.apache.kafka.coordinator.group.GroupMetadataManager:1121)
[2024-04-09 14:19:30,131] INFO [GroupId fooup] Member TOjhdOtHQsaEAteXnzX8tg transitioned from CurrentAssignment(memberEpoch=-2, previousMemberEpoch=9, targetMemberEpoch=10, state=stable, assignedPartitions={dsB5EzriTUubVzyxa31ehA=[2], N0xCvJENRsiP8jip055Bvg=[3, 4, 5]}, partitionsPendingRevocation={}, partitionsPendingAssignment={}) to CurrentAssignment(memberEpoch=10, previousMemberEpoch=0, targetMemberEpoch=10, state=stable, assignedPartitions={dsB5EzriTUubVzyxa31ehA=[2], N0xCvJENRsiP8jip055Bvg=[3, 4, 5]}, partitionsPendingRevocation={}, partitionsPendingAssignment={}). (org.apache.kafka.coordinator.group.GroupMetadataManager:1152)
[2024-04-09 14:19:30,134] DEBUG Creating in-memory snapshot 11 (org.apache.kafka.timeline.SnapshotRegistry:203)
[2024-04-09 14:19:30,135] DEBUG Creating in-memory snapshot 12 (org.apache.kafka.timeline.SnapshotRegistry:203)
[2024-04-09 14:19:30,135] DEBUG Creating in-memory snapshot 13 (org.apache.kafka.timeline.SnapshotRegistry:203)
[2024-04-09 14:19:30,135] DEBUG Creating in-memory snapshot 14 (org.apache.kafka.timeline.SnapshotRegistry:203)
[2024-04-09 14:19:30,135] DEBUG Creating in-memory snapshot 15 (org.apache.kafka.timeline.SnapshotRegistry:203)
[2024-04-09 14:19:30,135] DEBUG Creating in-memory snapshot 16 (org.apache.kafka.timeline.SnapshotRegistry:203)
[2024-04-09 14:19:30,136] DEBUG Creating in-memory snapshot 17 (org.apache.kafka.timeline.SnapshotRegistry:203)
[2024-04-09 14:19:30,137] DEBUG Creating in-memory snapshot 0 (org.apache.kafka.timeline.SnapshotRegistry:203)
[2024-04-09 14:19:30,138] DEBUG Creating in-memory snapshot 0 (org.apache.kafka.timeline.SnapshotRegistry:203)
[2024-04-09 14:19:30,139] INFO Dynamic member with unknown member id joins group group-id in Empty state. Created a new member id client-fc3bd129-d76a-48cb-871c-0e217d74fedc and requesting the member to rejoin with this id. (org.apache.kafka.coordinator.group.GroupMetadataManager:2105)
[2024-04-09 14:19:30,140] DEBUG Pending dynamic member with id client-fc3bd129-d76a-48cb-871c-0e217d74fedc joins group group-id in Empty state. Adding to the group now. (org.apache.kafka.coordinator.group.GroupMetadataManager:2175)
[2024-04-09 14:19:30,140] INFO Preparing to rebalance group group-id in state PreparingRebalance with old generation 0 (reason: Adding new member client-fc3bd129-d76a-48cb-871c-0e217d74fedc with group instance id null; client reason: not provided). (org.apache.kafka.coordinator.group.GroupMetadataManager:2642)
[2024-04-09 14:19:30,141] INFO Stabilized group group-id generation 1 with 1 members. (org.apache.kafka.coordinator.group.GroupMetadataManager:2361)
[2024-04-09 14:19:30,141] INFO Preparing to rebalance group group-id in state PreparingRebalance with old generation 1 (reason: Leader client-fc3bd129-d76a-48cb-871c-0e217d74fedc re-joining group during Stable; client reason: not provided). (org.apache.kafka.coordinator.group.GroupMetadataManager:2642)
[2024-04-09 14:19:30,142] INFO Stabilized group group-id generation 2 with 1 members. (org.apache.kafka.coordinator.group.GroupMetadataManager:2361)
[2024-04-09 14:19:30,144] DEBUG Creating in-memory snapshot 0 (org.apache.kafka.timeline.SnapshotRegistry:203)
[2024-04-09 14:19:30,144] DEBUG Creating in-memory snapshot 1 (org.apache.kafka.timeline.SnapshotRegistry:203)
[2024-04-09 14:19:30,144] DEBUG Creating in-memory snapshot 2 (org.apache.kafka.timeline.SnapshotRegistry:203)
[2024-04-09 14:19:30,144] DEBUG Creating in-memory snapshot 3 (org.apache.kafka.timeline.SnapshotRegistry:203)
[2024-04-09 14:19:30,145] DEBUG Creating in-memory snapshot 4 (org.apache.kafka.timeline.SnapshotRegistry:203)
[2024-04-09 14:19:30,145] DEBUG Creating in-memory snapshot 5 (org.apache.kafka.timeline.SnapshotRegistry:203)
[2024-04-09 14:19:30,360] DEBUG Creating in-memory snapshot 0 (org.apache.kafka.timeline.SnapshotRegistry:203)
[2024-04-09 14:19:30,362] DEBUG Creating in-memory snapshot 1 (org.apache.kafka.timeline.SnapshotRegistry:203)
[2024-04-09 14:19:30,362] DEBUG Creating in-memory snapshot 2 (org.apache.kafka.timeline.SnapshotRegistry:203)
[2024-04-09 14:19:30,363] DEBUG Creating in-memory snapshot 3 (org.apache.kafka.timeline.SnapshotRegistry:203)
[2024-04-09 14:19:30,363] DEBUG Creating in-memory snapshot 4 (org.apache.kafka.timeline.SnapshotRegistry:203)
[2024-04-09 14:19:30,363] DEBUG Creating in-memory snapshot 5 (org.apache.kafka.timeline.SnapshotRegistry:203)
[2024-04-09 14:19:30,363] DEBUG Creating in-memory snapshot 6 (org.apache.kafka.timeline.SnapshotRegistry:203)
[2024-04-09 14:19:30,366] INFO [GroupId fooup] Member XJQ_p9dnTveWwrT6ZUJimA joins the consumer group. (org.apache.kafka.coordinator.group.GroupMetadataManager:996)
[2024-04-09 14:19:30,367] INFO [GroupId fooup] Member XJQ_p9dnTveWwrT6ZUJimA updated its subscribed topics to: [bar, foo]. (org.apache.kafka.coordinator.group.GroupMetadataManager:1051)
[2024-04-09 14:19:30,367] INFO [GroupId fooup] Computed new subscription metadata: {foo=TopicMetadata(id=GzVLjEKUQw-K5Cs3hWCOCA, name=foo, numPartitions=6, partitionRacks={0=[rack0, rack1], 1=[rack1, rack2], 2=[rack3, rack2], 3=[rack3, rack0], 4=[rack0, rack1], 5=[rack1, rack2]})}. (org.apache.kafka.coordinator.group.GroupMetadataManager:1075)
[2024-04-09 14:19:30,368] INFO [GroupId fooup] Bumped group epoch to 11. (org.apache.kafka.coordinator.group.GroupMetadataManager:1084)
[2024-04-09 14:19:30,368] INFO [GroupId fooup] Computed a new target assignment for epoch 11 with 'range' assignor: {XJQ_p9dnTveWwrT6ZUJimA=Assignment(error=0, partitions={GzVLjEKUQw-K5Cs3hWCOCA=[2]}, metadata=VersionedMetadata(version=0, metadata=java.nio.HeapByteBuffer[pos=0 lim=0 cap=0])), bXKQAHUJRpmEPeKOkfU-lw=Assignment(error=0, partitions={GzVLjEKUQw-K5Cs3hWCOCA=[0, 1]}, metadata=VersionedMetadata(version=0, metadata=java.nio.HeapByteBuffer[pos=0 lim=0 cap=0]))}. (org.apache.kafka.coordinator.group.GroupMetadataManager:1121)
[2024-04-09 14:19:30,369] INFO [GroupId fooup] Member XJQ_p9dnTveWwrT6ZUJimA transitioned from CurrentAssignment(memberEpoch=0, previousMemberEpoch=-1, targetMemberEpoch=0, state=stable, assignedPartitions={}, partitionsPendingRevocation={}, partitionsPendingAssignment={}) to CurrentAssignment(memberEpoch=11, previousMemberEpoch=0, targetMemberEpoch=11, state=assigning, assignedPartitions={}, partitionsPendingRevocation={}, partitionsPendingAssignment={GzVLjEKUQw-K5Cs3hWCOCA=[2]}). (org.apache.kafka.coordinator.group.GroupMetadataManager:1152)
[2024-04-09 14:19:30,370] DEBUG Creating in-memory snapshot 7 (org.apache.kafka.timeline.SnapshotRegistry:203)
[2024-04-09 14:19:30,370] DEBUG Creating in-memory snapshot 8 (org.apache.kafka.timeline.SnapshotRegistry:203)
[2024-04-09 14:19:30,371] DEBUG Creating in-memory snapshot 9 (org.apache.kafka.timeline.SnapshotRegistry:203)
[2024-04-09 14:19:30,371] DEBUG Creating in-memory snapshot 10 (org.apache.kafka.timeline.SnapshotRegistry:203)
[2024-04-09 14:19:30,371] DEBUG Creating in-memory snapshot 11 (org.apache.kafka.timeline.SnapshotRegistry:203)
[2024-04-09 14:19:30,372] DEBUG Creating in-memory snapshot 12 (org.apache.kafka.timeline.SnapshotRegistry:203)
[2024-04-09 14:19:30,373] DEBUG Creating in-memory snapshot 13 (org.apache.kafka.timeline.SnapshotRegistry:203)
[2024-04-09 14:19:30,373] INFO [GroupId fooup] Member bXKQAHUJRpmEPeKOkfU-lw transitioned from CurrentAssignment(memberEpoch=10, previousMemberEpoch=9, targetMemberEpoch=10, state=stable, assignedPartitions={GzVLjEKUQw-K5Cs3hWCOCA=[0, 1, 2]}, partitionsPendingRevocation={}, partitionsPendingAssignment={}) to CurrentAssignment(memberEpoch=10, previousMemberEpoch=9, targetMemberEpoch=11, state=revoking, assignedPartitions={GzVLjEKUQw-K5Cs3hWCOCA=[0, 1]}, partitionsPendingRevocation={GzVLjEKUQw-K5Cs3hWCOCA=[2]}, partitionsPendingAssignment={}). (org.apache.kafka.coordinator.group.GroupMetadataManager:1152)
[2024-04-09 14:19:30,375] DEBUG Creating in-memory snapshot 14 (org.apache.kafka.timeline.SnapshotRegistry:203)
[2024-04-09 14:19:30,377] INFO [GroupId fooup] Member BoRlVa3bQuWdL3d28dgmXw joins the consumer group. (org.apache.kafka.coordinator.group.GroupMetadataManager:996)
[2024-04-09 14:19:30,378] INFO [GroupId fooup] Member BoRlVa3bQuWdL3d28dgmXw updated its subscribed topics to: [bar, foo]. (org.apache.kafka.coordinator.group.GroupMetadataManager:1051)
[2024-04-09 14:19:30,379] INFO [GroupId fooup] Bumped group epoch to 12. (org.apache.kafka.coordinator.group.GroupMetadataManager:1084)
[2024-04-09 14:19:30,380] INFO [GroupId fooup] Computed a new target assignment for epoch 12 with 'range' assignor: {XJQ_p9dnTveWwrT6ZUJimA=Assignment(error=0, partitions={GzVLjEKUQw-K5Cs3hWCOCA=[2]}, metadata=VersionedMetadata(version=0, metadata=java.nio.HeapByteBuffer[pos=0 lim=0 cap=0])), bXKQAHUJRpmEPeKOkfU-lw=Assignment(error=0, partitions={GzVLjEKUQw-K5Cs3hWCOCA=[0]}, metadata=VersionedMetadata(version=0, metadata=java.nio.HeapByteBuffer[pos=0 lim=0 cap=0])), BoRlVa3bQuWdL3d28dgmXw=Assignment(error=0, partitions={GzVLjEKUQw-K5Cs3hWCOCA=[1]}, metadata=VersionedMetadata(version=0, metadata=java.nio.HeapByteBuffer[pos=0 lim=0 cap=0]))}. (org.apache.kafka.coordinator.group.GroupMetadataManager:1121)
[2024-04-09 14:19:30,381] INFO [GroupId fooup] Member BoRlVa3bQuWdL3d28dgmXw transitioned from CurrentAssignment(memberEpoch=0, previousMemberEpoch=-1, targetMemberEpoch=0, state=stable, assignedPartitions={}, partitionsPendingRevocation={}, partitionsPendingAssignment={}) to CurrentAssignment(memberEpoch=12, previousMemberEpoch=0, targetMemberEpoch=12, state=assigning, assignedPartitions={}, partitionsPendingRevocation={}, partitionsPendingAssignment={GzVLjEKUQw-K5Cs3hWCOCA=[1]}). (org.apache.kafka.coordinator.group.GroupMetadataManager:1152)
[2024-04-09 14:19:30,381] DEBUG Creating in-memory snapshot 15 (org.apache.kafka.timeline.SnapshotRegistry:203)
[2024-04-09 14:19:30,381] DEBUG Creating in-memory snapshot 16 (org.apache.kafka.timeline.SnapshotRegistry:203)
[2024-04-09 14:19:30,381] DEBUG Creating in-memory snapshot 17 (org.apache.kafka.timeline.SnapshotRegistry:203)
[2024-04-09 14:19:30,381] DEBUG Creating in-memory snapshot 18 (org.apache.kafka.timeline.SnapshotRegistry:203)
[2024-04-09 14:19:30,382] DEBUG Creating in-memory snapshot 19 (org.apache.kafka.timeline.SnapshotRegistry:203)
[2024-04-09 14:19:30,382] DEBUG Creating in-memory snapshot 20 (org.apache.kafka.timeline.SnapshotRegistry:203)
[2024-04-09 14:19:30,382] INFO [GroupId fooup] Member bXKQAHUJRpmEPeKOkfU-lw transitioned from CurrentAssignment(memberEpoch=10, previousMemberEpoch=9, targetMemberEpoch=11, state=revoking, assignedPartitions={GzVLjEKUQw-K5Cs3hWCOCA=[0, 1]}, partitionsPendingRevocation={GzVLjEKUQw-K5Cs3hWCOCA=[2]}, partitionsPendingAssignment={}) to CurrentAssignment(memberEpoch=10, previousMemberEpoch=9, targetMemberEpoch=12, state=revoking, assignedPartitions={GzVLjEKUQw-K5Cs3hWCOCA=[0]}, partitionsPendingRevocation={GzVLjEKUQw-K5Cs3hWCOCA=[1, 2]}, partitionsPendingAssignment={}). (org.apache.kafka.coordinator.group.GroupMetadataManager:1152)
[2024-04-09 14:19:30,382] DEBUG Creating in-memory snapshot 21 (org.apache.kafka.timeline.SnapshotRegistry:203)
[2024-04-09 14:19:30,383] INFO [GroupId fooup] Member XJQ_p9dnTveWwrT6ZUJimA transitioned from CurrentAssignment(memberEpoch=11, previousMemberEpoch=0, targetMemberEpoch=11, state=assigning, assignedPartitions={}, partitionsPendingRevocation={}, partitionsPendingAssignment={GzVLjEKUQw-K5Cs3hWCOCA=[2]}) to CurrentAssignment(memberEpoch=12, previousMemberEpoch=11, targetMemberEpoch=12, state=assigning, assignedPartitions={}, partitionsPendingRevocation={}, partitionsPendingAssignment={GzVLjEKUQw-K5Cs3hWCOCA=[2]}). (org.apache.kafka.coordinator.group.GroupMetadataManager:1152)
[2024-04-09 14:19:30,383] DEBUG Creating in-memory snapshot 22 (org.apache.kafka.timeline.SnapshotRegistry:203)
[2024-04-09 14:19:30,385] DEBUG Creating in-memory snapshot 0 (org.apache.kafka.timeline.SnapshotRegistry:203)
[2024-04-09 14:19:30,385] INFO Static member with groupInstanceId=leader-instance-id and unknown member id joins group group-id in Empty state. Created a new member id leader-instance-id-fa5094ab-7fd7-44b3-bf28-550474418601 for this member and added to the group. (org.apache.kafka.coordinator.group.GroupMetadataManager:2072)
[2024-04-09 14:19:30,387] INFO Preparing to rebalance group group-id in state PreparingRebalance with old generation 0 (reason: Adding new member leader-instance-id-fa5094ab-7fd7-44b3-bf28-550474418601 with group instance id leader-instance-id; client reason: not provided). (org.apache.kafka.coordinator.group.GroupMetadataManager:2642)
[2024-04-09 14:19:30,387] INFO Static member with groupInstanceId=follower-instance-id and unknown member id joins group group-id in PreparingRebalance state. Created a new member id follower-instance-id-b500871c-b202-45c4-94d8-49bac09d4c34 for this member and added to the group. (org.apache.kafka.coordinator.group.GroupMetadataManager:2072)
[2024-04-09 14:19:30,387] INFO Stabilized group group-id generation 1 with 2 members. (org.apache.kafka.coordinator.group.GroupMetadataManager:2361)
[2024-04-09 14:19:30,388] DEBUG Creating in-memory snapshot 0 (org.apache.kafka.timeline.SnapshotRegistry:203)
[2024-04-09 14:19:30,389] INFO Static member with groupInstanceId=leader-instance-id and unknown member id joins group group-id in Empty state. Created a new member id leader-instance-id-c8aa1d20-b6eb-4d1d-83ec-60e978912a53 for this member and added to the group. (org.apache.kafka.coordinator.group.GroupMetadataManager:2072)
[2024-04-09 14:19:30,390] INFO Preparing to rebalance group group-id in state PreparingRebalance with old generation 0 (reason: Adding new member leader-instance-id-c8aa1d20-b6eb-4d1d-83ec-60e978912a53 with group instance id leader-instance-id; client reason: not provided). (org.apache.kafka.coordinator.group.GroupMetadataManager:2642)
[2024-04-09 14:19:30,390] INFO Static member with groupInstanceId=follower-instance-id and unknown member id joins group group-id in PreparingRebalance state. Created a new member id follower-instance-id-47487a0f-d81a-4483-8174-f9caa5be7993 for this member and added to the group. (org.apache.kafka.coordinator.group.GroupMetadataManager:2072)
[2024-04-09 14:19:30,391] INFO Stabilized group group-id generation 1 with 2 members. (org.apache.kafka.coordinator.group.GroupMetadataManager:2361)
[2024-04-09 14:19:30,391] INFO Assignment received from leader leader-instance-id-c8aa1d20-b6eb-4d1d-83ec-60e978912a53 for group group-id for generation 1. The group has 2 members, 2 of which are static. (org.apache.kafka.coordinator.group.GroupMetadataManager:3068)
[2024-04-09 14:19:30,394] DEBUG Creating in-memory snapshot 0 (org.apache.kafka.timeline.SnapshotRegistry:203)
[2024-04-09 14:19:30,396] INFO Static member with groupInstanceId=group-instance-id and unknown member id joins group group-id in Empty state. Created a new member id group-instance-id-6b200be7-a61c-4e02-ab51-f7d97afdc669 for this member and added to the group. (org.apache.kafka.coordinator.group.GroupMetadataManager:2072)
[2024-04-09 14:19:30,396] INFO Preparing to rebalance group group-id in state PreparingRebalance with old generation 0 (reason: Adding new member group-instance-id-6b200be7-a61c-4e02-ab51-f7d97afdc669 with group instance id group-instance-id; client reason: not provided). (org.apache.kafka.coordinator.group.GroupMetadataManager:2642)
[2024-04-09 14:19:30,397] INFO Stabilized group group-id generation 1 with 1 members. (org.apache.kafka.coordinator.group.GroupMetadataManager:2361)
[2024-04-09 14:19:30,397] INFO Request memberId=unknown-member-id for static member with groupInstanceId=group-instance-id is fenced by existing memberId=group-instance-id-6b200be7-a61c-4e02-ab51-f7d97afdc669 during operation join-group (org.apache.kafka.coordinator.group.classic.ClassicGroup:793)
[2024-04-09 14:19:30,398] DEBUG Creating in-memory snapshot 0 (org.apache.kafka.timeline.SnapshotRegistry:203)
[2024-04-09 14:19:30,399] INFO Static member with groupInstanceId=leader-instance-id and unknown member id joins group group-id in Empty state. Created a new member id leader-instance-id-a1a3f7f9-700a-4ac1-8f24-9ee1efb49319 for this member and added to the group. (org.apache.kafka.coordinator.group.GroupMetadataManager:2072)
[2024-04-09 14:19:30,400] INFO Preparing to rebalance group group-id in state PreparingRebalance with old generation 0 (reason: Adding new member leader-instance-id-a1a3f7f9-700a-4ac1-8f24-9ee1efb49319 with group instance id leader-instance-id; client reason: not provided). (org.apache.kafka.coordinator.group.GroupMetadataManager:2642)
[2024-04-09 14:19:30,400] INFO Static member with groupInstanceId=follower-instance-id and unknown member id joins group group-id in PreparingRebalance state. Created a new member id follower-instance-id-c66ae995-6530-4433-848c-3f5be45b06e9 for this member and added to the group. (org.apache.kafka.coordinator.group.GroupMetadataManager:2072)
[2024-04-09 14:19:30,400] INFO Stabilized group group-id generation 1 with 2 members. (org.apache.kafka.coordinator.group.GroupMetadataManager:2361)
[2024-04-09 14:19:30,400] INFO Assignment received from leader leader-instance-id-a1a3f7f9-700a-4ac1-8f24-9ee1efb49319 for group group-id for generation 1. The group has 2 members, 2 of which are static. (org.apache.kafka.coordinator.group.GroupMetadataManager:3068)
[2024-04-09 14:19:30,401] INFO Preparing to rebalance group group-id in state PreparingRebalance with old generation 1 (reason: Leader leader-instance-id-a1a3f7f9-700a-4ac1-8f24-9ee1efb49319 re-joining group during Stable; client reason: not provided). (org.apache.kafka.coordinator.group.GroupMetadataManager:2642)
[2024-04-09 14:19:30,402] INFO Static member with groupInstanceId=follower-instance-id and unknown member id joins group group-id in PreparingRebalance state. Replacing previously mapped member follower-instance-id-c66ae995-6530-4433-848c-3f5be45b06e9 with this groupInstanceId. (org.apache.kafka.coordinator.group.GroupMetadataManager:2059)
[2024-04-09 14:19:30,402] INFO Stabilized group group-id generation 2 with 2 members. (org.apache.kafka.coordinator.group.GroupMetadataManager:2361)
[2024-04-09 14:19:30,402] INFO Request memberId=follower-instance-id-c66ae995-6530-4433-848c-3f5be45b06e9 for static member with groupInstanceId=follower-instance-id is fenced by existing memberId=follower-instance-id-471a7daf-3fe2-4a7d-acb9-1c6edbb09db0 during operation join-group (org.apache.kafka.coordinator.group.classic.ClassicGroup:793)
[2024-04-09 14:19:30,403] DEBUG Creating in-memory snapshot 0 (org.apache.kafka.timeline.SnapshotRegistry:203)
[2024-04-09 14:19:30,405] INFO Static member with groupInstanceId=leader-instance-id and unknown member id joins group group-id in Empty state. Created a new member id leader-instance-id-6bf0ae14-bc43-4611-964b-36c05d7112c4 for this member and added to the group. (org.apache.kafka.coordinator.group.GroupMetadataManager:2072)
[2024-04-09 14:19:30,406] INFO Preparing to rebalance group group-id in state PreparingRebalance with old generation 0 (reason: Adding new member leader-instance-id-6bf0ae14-bc43-4611-964b-36c05d7112c4 with group instance id leader-instance-id; client reason: not provided). (org.apache.kafka.coordinator.group.GroupMetadataManager:2642)
[2024-04-09 14:19:30,406] INFO Static member with groupInstanceId=follower-instance-id and unknown member id joins group group-id in PreparingRebalance state. Created a new member id follower-instance-id-ad4f14c3-4bfe-4bd6-8412-261a100f6c84 for this member and added to the group. (org.apache.kafka.coordinator.group.GroupMetadataManager:2072)
[2024-04-09 14:19:30,406] INFO Stabilized group group-id generation 1 with 2 members. (org.apache.kafka.coordinator.group.GroupMetadataManager:2361)
[2024-04-09 14:19:30,406] INFO Assignment received from leader leader-instance-id-6bf0ae14-bc43-4611-964b-36c05d7112c4 for group group-id for generation 1. The group has 2 members, 2 of which are static. (org.apache.kafka.coordinator.group.GroupMetadataManager:3068)
[2024-04-09 14:19:30,407] INFO Dynamic member with unknown member id joins group group-id in state Stable. Created a new member id client-b094ea9f-447d-4f4a-ac57-d1aab5177206 and added the member to the group. (org.apache.kafka.coordinator.group.GroupMetadataManager:2125)
[2024-04-09 14:19:30,408] INFO Preparing to rebalance group group-id in state PreparingRebalance with old generation 1 (reason: Adding new member client-b094ea9f-447d-4f4a-ac57-d1aab5177206 with group instance id null; client reason: not provided). (org.apache.kafka.coordinator.group.GroupMetadataManager:2642)
[2024-04-09 14:19:30,408] INFO Group leader [memberId: leader-instance-id-6bf0ae14-bc43-4611-964b-36c05d7112c4, groupInstanceId: leader-instance-id] failed to join before the rebalance timeout. Member ClassicGroupMember(memberId='client-b094ea9f-447d-4f4a-ac57-d1aab5177206', groupInstanceId='', clientId='client', clientHost='localhost/127.0.0.1', rebalanceTimeoutMs=500, sessionTimeoutMs=10000, protocolType='consumer', supportedProtocols=[range, roundrobin]) was elected as the new leader. (org.apache.kafka.coordinator.group.classic.ClassicGroup:501)
[2024-04-09 14:19:30,410] INFO Stabilized group group-id generation 2 with 3 members. (org.apache.kafka.coordinator.group.GroupMetadataManager:2361)
[2024-04-09 14:19:30,411] INFO [Group group-id] Member follower-instance-id-ad4f14c3-4bfe-4bd6-8412-261a100f6c84 has left group through explicit `LeaveGroup` request; client reason: not provided (org.apache.kafka.coordinator.group.GroupMetadataManager:3410)
[2024-04-09 14:19:30,411] INFO Preparing to rebalance group group-id in state PreparingRebalance with old generation 2 (reason: explicit `LeaveGroup` request for (follower-instance-id-ad4f14c3-4bfe-4bd6-8412-261a100f6c84) members.). (org.apache.kafka.coordinator.group.GroupMetadataManager:2642)
[2024-04-09 14:19:30,413] INFO Group group-id removed dynamic members who haven't joined: [client-b094ea9f-447d-4f4a-ac57-d1aab5177206] (org.apache.kafka.coordinator.group.GroupMetadataManager:2318)
[2024-04-09 14:19:30,413] INFO Group leader [memberId: leader-instance-id-6bf0ae14-bc43-4611-964b-36c05d7112c4, groupInstanceId: leader-instance-id] failed to join before the rebalance timeout and the group couldn't proceed to the next generation because no member joined. (org.apache.kafka.coordinator.group.classic.ClassicGroup:511)
[2024-04-09 14:19:30,413] ERROR Group group-id could not complete rebalance because no members rejoined. (org.apache.kafka.coordinator.group.GroupMetadataManager:2328)
[2024-04-09 14:19:30,415] DEBUG Creating in-memory snapshot 0 (org.apache.kafka.timeline.SnapshotRegistry:203)
[2024-04-09 14:19:30,416] INFO Static member with groupInstanceId=leader-instance-id and unknown member id joins group group-id in Empty state. Created a new member id leader-instance-id-c3e0b383-13d2-487c-b0bb-87f335a1506f for this member and added to the group. (org.apache.kafka.coordinator.group.GroupMetadataManager:2072)
[2024-04-09 14:19:30,417] INFO Preparing to rebalance group group-id in state PreparingRebalance with old generation 0 (reason: Adding new member leader-instance-id-c3e0b383-13d2-487c-b0bb-87f335a1506f with group instance id leader-instance-id; client reason: not provided). (org.apache.kafka.coordinator.group.GroupMetadataManager:2642)
[2024-04-09 14:19:30,417] INFO Static member with groupInstanceId=follower-instance-id and unknown member id joins group group-id in PreparingRebalance state. Created a new member id follower-instance-id-01b9003a-e17c-4c86-8451-aee884c3841f for this member and added to the group. (org.apache.kafka.coordinator.group.GroupMetadataManager:2072)
[2024-04-09 14:19:30,418] INFO Stabilized group group-id generation 1 with 2 members. (org.apache.kafka.coordinator.group.GroupMetadataManager:2361)
[2024-04-09 14:19:30,419] INFO Assignment received from leader leader-instance-id-c3e0b383-13d2-487c-b0bb-87f335a1506f for group group-id for generation 1. The group has 2 members, 2 of which are static. (org.apache.kafka.coordinator.group.GroupMetadataManager:3068)
[2024-04-09 14:19:30,419] INFO [Group group-id] Member leader-instance-id-c3e0b383-13d2-487c-b0bb-87f335a1506f has left group through explicit `LeaveGroup` request; client reason: not provided (org.apache.kafka.coordinator.group.GroupMetadataManager:3410)
[2024-04-09 14:19:30,420] INFO Request memberId=invalid-member-id for static member with groupInstanceId=follower-instance-id is fenced by existing memberId=follower-instance-id-01b9003a-e17c-4c86-8451-aee884c3841f during operation leave-group (org.apache.kafka.coordinator.group.classic.ClassicGroup:793)
[2024-04-09 14:19:30,420] INFO Preparing to rebalance group group-id in state PreparingRebalance with old generation 1 (reason: explicit `LeaveGroup` request for () members.). (org.apache.kafka.coordinator.group.GroupMetadataManager:2642)
[2024-04-09 14:19:30,423] DEBUG Creating in-memory snapshot 0 (org.apache.kafka.timeline.SnapshotRegistry:203)
[2024-04-09 14:19:30,425] INFO [GroupId fooup] Member J3nMWXBsR4qN-mOYwvTCKw joins the consumer group. (org.apache.kafka.coordinator.group.GroupMetadataManager:996)
[2024-04-09 14:19:30,426] INFO [GroupId fooup] Member J3nMWXBsR4qN-mOYwvTCKw updated its subscribed topics to: [foo]. (org.apache.kafka.coordinator.group.GroupMetadataManager:1051)
[2024-04-09 14:19:30,426] INFO [GroupId fooup] Computed new subscription metadata: {foo=TopicMetadata(id=zQwAbY3dTsKlz28sB6qvBQ, name=foo, numPartitions=3, partitionRacks={0=[rack0, rack1], 1=[rack1, rack2], 2=[rack3, rack2]})}. (org.apache.kafka.coordinator.group.GroupMetadataManager:1075)
[2024-04-09 14:19:30,427] INFO [GroupId fooup] Bumped group epoch to 1. (org.apache.kafka.coordinator.group.GroupMetadataManager:1084)
[2024-04-09 14:19:30,428] INFO [GroupId fooup] Computed a new target assignment for epoch 1 with 'range' assignor: {J3nMWXBsR4qN-mOYwvTCKw=Assignment(error=0, partitions={zQwAbY3dTsKlz28sB6qvBQ=[0, 1, 2]}, metadata=VersionedMetadata(version=0, metadata=java.nio.HeapByteBuffer[pos=0 lim=0 cap=0]))}. (org.apache.kafka.coordinator.group.GroupMetadataManager:1121)
[2024-04-09 14:19:30,428] INFO [GroupId fooup] Member J3nMWXBsR4qN-mOYwvTCKw transitioned from CurrentAssignment(memberEpoch=0, previousMemberEpoch=-1, targetMemberEpoch=0, state=stable, assignedPartitions={}, partitionsPendingRevocation={}, partitionsPendingAssignment={}) to CurrentAssignment(memberEpoch=1, previousMemberEpoch=0, targetMemberEpoch=1, state=stable, assignedPartitions={zQwAbY3dTsKlz28sB6qvBQ=[0, 1, 2]}, partitionsPendingRevocation={}, partitionsPendingAssignment={}). (org.apache.kafka.coordinator.group.GroupMetadataManager:1152)
[2024-04-09 14:19:30,429] DEBUG Creating in-memory snapshot 1 (org.apache.kafka.timeline.SnapshotRegistry:203)
[2024-04-09 14:19:30,429] DEBUG Creating in-memory snapshot 2 (org.apache.kafka.timeline.SnapshotRegistry:203)
[2024-04-09 14:19:30,430] DEBUG Creating in-memory snapshot 3 (org.apache.kafka.timeline.SnapshotRegistry:203)
[2024-04-09 14:19:30,430] DEBUG Creating in-memory snapshot 4 (org.apache.kafka.timeline.SnapshotRegistry:203)
[2024-04-09 14:19:30,431] DEBUG Creating in-memory snapshot 5 (org.apache.kafka.timeline.SnapshotRegistry:203)
[2024-04-09 14:19:30,432] DEBUG Creating in-memory snapshot 6 (org.apache.kafka.timeline.SnapshotRegistry:203)
[2024-04-09 14:19:30,434] INFO [GroupId fooup] Member Wn-hDVBHS5OxTtd4NPhI-w joins the consumer group. (org.apache.kafka.coordinator.group.GroupMetadataManager:996)
[2024-04-09 14:19:30,435] INFO [GroupId fooup] Member Wn-hDVBHS5OxTtd4NPhI-w updated its subscribed topics to: [foo]. (org.apache.kafka.coordinator.group.GroupMetadataManager:1051)
[2024-04-09 14:19:30,437] INFO [GroupId fooup] Bumped group epoch to 2. (org.apache.kafka.coordinator.group.GroupMetadataManager:1084)
[2024-04-09 14:19:30,439] INFO [GroupId fooup] Computed a new target assignment for epoch 2 with 'range' assignor: {J3nMWXBsR4qN-mOYwvTCKw=Assignment(error=0, partitions={zQwAbY3dTsKlz28sB6qvBQ=[0, 1]}, metadata=VersionedMetadata(version=0, metadata=java.nio.HeapByteBuffer[pos=0 lim=0 cap=0])), Wn-hDVBHS5OxTtd4NPhI-w=Assignment(error=0, partitions={zQwAbY3dTsKlz28sB6qvBQ=[2]}, metadata=VersionedMetadata(version=0, metadata=java.nio.HeapByteBuffer[pos=0 lim=0 cap=0]))}. (org.apache.kafka.coordinator.group.GroupMetadataManager:1121)
[2024-04-09 14:19:30,439] INFO [GroupId fooup] Member Wn-hDVBHS5OxTtd4NPhI-w transitioned from CurrentAssignment(memberEpoch=0, previousMemberEpoch=-1, targetMemberEpoch=0, state=stable, assignedPartitions={}, partitionsPendingRevocation={}, partitionsPendingAssignment={}) to CurrentAssignment(memberEpoch=2, previousMemberEpoch=0, targetMemberEpoch=2, state=assigning, assignedPartitions={}, partitionsPendingRevocation={}, partitionsPendingAssignment={zQwAbY3dTsKlz28sB6qvBQ=[2]}). (org.apache.kafka.coordinator.group.GroupMetadataManager:1152)
[2024-04-09 14:19:30,440] DEBUG Creating in-memory snapshot 7 (org.apache.kafka.timeline.SnapshotRegistry:203)
[2024-04-09 14:19:30,440] DEBUG Creating in-memory snapshot 8 (org.apache.kafka.timeline.SnapshotRegistry:203)
[2024-04-09 14:19:30,440] DEBUG Creating in-memory snapshot 9 (org.apache.kafka.timeline.SnapshotRegistry:203)
[2024-04-09 14:19:30,440] DEBUG Creating in-memory snapshot 10 (org.apache.kafka.timeline.SnapshotRegistry:203)
[2024-04-09 14:19:30,440] DEBUG Creating in-memory snapshot 11 (org.apache.kafka.timeline.SnapshotRegistry:203)
[2024-04-09 14:19:30,441] DEBUG Creating in-memory snapshot 12 (org.apache.kafka.timeline.SnapshotRegistry:203)
[2024-04-09 14:19:30,449] INFO [GroupId fooup] Member J3nMWXBsR4qN-mOYwvTCKw transitioned from CurrentAssignment(memberEpoch=1, previousMemberEpoch=0, targetMemberEpoch=1, state=stable, assignedPartitions={zQwAbY3dTsKlz28sB6qvBQ=[0, 1, 2]}, partitionsPendingRevocation={}, partitionsPendingAssignment={}) to CurrentAssignment(memberEpoch=1, previousMemberEpoch=0, targetMemberEpoch=2, state=revoking, assignedPartitions={zQwAbY3dTsKlz28sB6qvBQ=[0, 1]}, partitionsPendingRevocation={zQwAbY3dTsKlz28sB6qvBQ=[2]}, partitionsPendingAssignment={}). (org.apache.kafka.coordinator.group.GroupMetadataManager:1152)
[2024-04-09 14:19:30,450] DEBUG Creating in-memory snapshot 13 (org.apache.kafka.timeline.SnapshotRegistry:203)
[2024-04-09 14:19:30,451] DEBUG Creating in-memory snapshot 14 (org.apache.kafka.timeline.SnapshotRegistry:203)
[2024-04-09 14:19:30,452] INFO [GroupId fooup] Member Xq1K3xI-RNGtFTG0qaEqGg joins the consumer group. (org.apache.kafka.coordinator.group.GroupMetadataManager:996)
[2024-04-09 14:19:30,453] INFO [GroupId fooup] Member Xq1K3xI-RNGtFTG0qaEqGg updated its subscribed topics to: [foo]. (org.apache.kafka.coordinator.group.GroupMetadataManager:1051)
[2024-04-09 14:19:30,453] INFO [GroupId fooup] Bumped group epoch to 3. (org.apache.kafka.coordinator.group.GroupMetadataManager:1084)
[2024-04-09 14:19:30,595] INFO [GroupId fooup] Computed a new target assignment for epoch 3 with 'range' assignor: {Xq1K3xI-RNGtFTG0qaEqGg=Assignment(error=0, partitions={zQwAbY3dTsKlz28sB6qvBQ=[1]}, metadata=VersionedMetadata(version=0, metadata=java.nio.HeapByteBuffer[pos=0 lim=0 cap=0])), J3nMWXBsR4qN-mOYwvTCKw=Assignment(error=0, partitions={zQwAbY3dTsKlz28sB6qvBQ=[0]}, metadata=VersionedMetadata(version=0, metadata=java.nio.HeapByteBuffer[pos=0 lim=0 cap=0])), Wn-hDVBHS5OxTtd4NPhI-w=Assignment(error=0, partitions={zQwAbY3dTsKlz28sB6qvBQ=[2]}, metadata=VersionedMetadata(version=0, metadata=java.nio.HeapByteBuffer[pos=0 lim=0 cap=0]))}. (org.apache.kafka.coordinator.group.GroupMetadataManager:1121)
[2024-04-09 14:19:30,613] INFO [GroupId fooup] Member Xq1K3xI-RNGtFTG0qaEqGg transitioned from CurrentAssignment(memberEpoch=0, previousMemberEpoch=-1, targetMemberEpoch=0, state=stable, assignedPartitions={}, partitionsPendingRevocation={}, partitionsPendingAssignment={}) to CurrentAssignment(memberEpoch=3, previousMemberEpoch=0, targetMemberEpoch=3, state=assigning, assignedPartitions={}, partitionsPendingRevocation={}, partitionsPendingAssignment={zQwAbY3dTsKlz28sB6qvBQ=[1]}). (org.apache.kafka.coordinator.group.GroupMetadataManager:1152)
[2024-04-09 14:19:30,616] DEBUG Creating in-memory snapshot 15 (org.apache.kafka.timeline.SnapshotRegistry:203)
[2024-04-09 14:19:30,616] DEBUG Creating in-memory snapshot 16 (org.apache.kafka.timeline.SnapshotRegistry:203)
[2024-04-09 14:19:30,617] DEBUG Creating in-memory snapshot 17 (org.apache.kafka.timeline.SnapshotRegistry:203)
[2024-04-09 14:19:30,617] DEBUG Creating in-memory snapshot 18 (org.apache.kafka.timeline.SnapshotRegistry:203)
[2024-04-09 14:19:30,617] DEBUG Creating in-memory snapshot 19 (org.apache.kafka.timeline.SnapshotRegistry:203)
[2024-04-09 14:19:30,617] DEBUG Creating in-memory snapshot 20 (org.apache.kafka.timeline.SnapshotRegistry:203)
[2024-04-09 14:19:30,617] INFO [GroupId fooup] Member J3nMWXBsR4qN-mOYwvTCKw transitioned from CurrentAssignment(memberEpoch=1, previousMemberEpoch=0, targetMemberEpoch=2, state=revoking, assignedPartitions={zQwAbY3dTsKlz28sB6qvBQ=[0, 1]}, partitionsPendingRevocation={zQwAbY3dTsKlz28sB6qvBQ=[2]}, partitionsPendingAssignment={}) to CurrentAssignment(memberEpoch=1, previousMemberEpoch=0, targetMemberEpoch=3, state=revoking, assignedPartitions={zQwAbY3dTsKlz28sB6qvBQ=[0]}, partitionsPendingRevocation={zQwAbY3dTsKlz28sB6qvBQ=[1, 2]}, partitionsPendingAssignment={}). (org.apache.kafka.coordinator.group.GroupMetadataManager:1152)
[2024-04-09 14:19:30,618] DEBUG Creating in-memory snapshot 21 (org.apache.kafka.timeline.SnapshotRegistry:203)
[2024-04-09 14:19:30,618] DEBUG Creating in-memory snapshot 22 (org.apache.kafka.timeline.SnapshotRegistry:203)
[2024-04-09 14:19:30,705] INFO [GroupId fooup] Member J3nMWXBsR4qN-mOYwvTCKw transitioned from CurrentAssignment(memberEpoch=1, previousMemberEpoch=0, targetMemberEpoch=3, state=revoking, assignedPartitions={zQwAbY3dTsKlz28sB6qvBQ=[0]}, partitionsPendingRevocation={zQwAbY3dTsKlz28sB6qvBQ=[1, 2]}, partitionsPendingAssignment={}) to CurrentAssignment(memberEpoch=3, previousMemberEpoch=1, targetMemberEpoch=3, state=stable, assignedPartitions={zQwAbY3dTsKlz28sB6qvBQ=[0]}, partitionsPendingRevocation={}, partitionsPendingAssignment={}). (org.apache.kafka.coordinator.group.GroupMetadataManager:1152)
[2024-04-09 14:19:30,709] DEBUG Creating in-memory snapshot 23 (org.apache.kafka.timeline.SnapshotRegistry:203)
[2024-04-09 14:19:30,709] DEBUG [GroupId fooup] Ignoring revocation timeout for J3nMWXBsR4qN-mOYwvTCKw because the member state does not match the expected state. (org.apache.kafka.coordinator.group.GroupMetadataManager:1390)
[2024-04-09 14:19:30,716] DEBUG Creating in-memory snapshot 0 (org.apache.kafka.timeline.SnapshotRegistry:203)
[2024-04-09 14:19:30,717] INFO Dynamic member with unknown member id joins group group-id in Empty state. Created a new member id client-1ecbb3df-46b7-421f-b9eb-be9536568faa and requesting the member to rejoin with this id. (org.apache.kafka.coordinator.group.GroupMetadataManager:2105)
[2024-04-09 14:19:30,718] DEBUG Pending dynamic member with id client-1ecbb3df-46b7-421f-b9eb-be9536568faa joins group group-id in Empty state. Adding to the group now. (org.apache.kafka.coordinator.group.GroupMetadataManager:2175)
[2024-04-09 14:19:30,718] INFO Preparing to rebalance group group-id in state PreparingRebalance with old generation 0 (reason: Adding new member client-1ecbb3df-46b7-421f-b9eb-be9536568faa with group instance id null; client reason: not provided). (org.apache.kafka.coordinator.group.GroupMetadataManager:2642)
[2024-04-09 14:19:30,718] INFO Stabilized group group-id generation 1 with 1 members. (org.apache.kafka.coordinator.group.GroupMetadataManager:2361)
[2024-04-09 14:19:30,718] INFO Assignment received from leader client-1ecbb3df-46b7-421f-b9eb-be9536568faa for group group-id for generation 1. The group has 1 members, 0 of which are static. (org.apache.kafka.coordinator.group.GroupMetadataManager:3068)
[2024-04-09 14:19:30,720] WARN Setting empty assignments for members {client-1ecbb3df-46b7-421f-b9eb-be9536568faa=[B@66434cc8} of group-id for generation 1. (org.apache.kafka.coordinator.group.GroupMetadataManager:3088)
[2024-04-09 14:19:30,720] WARN Sending empty assignment to member client-1ecbb3df-46b7-421f-b9eb-be9536568faa of group-id for generation 1 with no errors (org.apache.kafka.coordinator.group.GroupMetadataManager:2758)
[2024-04-09 14:19:30,721] DEBUG Creating in-memory snapshot 0 (org.apache.kafka.timeline.SnapshotRegistry:203)
[2024-04-09 14:19:30,722] INFO Static member with groupInstanceId=group-instance-id and unknown member id joins group group-id in Empty state. Created a new member id group-instance-id-f3a31875-4f43-4d95-981e-9e7cc8457b63 for this member and added to the group. (org.apache.kafka.coordinator.group.GroupMetadataManager:2072)
[2024-04-09 14:19:30,722] INFO Preparing to rebalance group group-id in state PreparingRebalance with old generation 0 (reason: Adding new member group-instance-id-f3a31875-4f43-4d95-981e-9e7cc8457b63 with group instance id group-instance-id; client reason: not provided). (org.apache.kafka.coordinator.group.GroupMetadataManager:2642)
[2024-04-09 14:19:30,722] INFO Stabilized group group-id generation 1 with 1 members. (org.apache.kafka.coordinator.group.GroupMetadataManager:2361)
[2024-04-09 14:19:30,723] DEBUG Creating in-memory snapshot 0 (org.apache.kafka.timeline.SnapshotRegistry:203)
[2024-04-09 14:19:30,725] INFO Static member with groupInstanceId=leader-instance-id and unknown member id joins group group-id in Empty state. Created a new member id leader-instance-id-573e8fda-061d-466c-a252-f23b97a7ef02 for this member and added to the group. (org.apache.kafka.coordinator.group.GroupMetadataManager:2072)
[2024-04-09 14:19:30,725] INFO Preparing to rebalance group group-id in state PreparingRebalance with old generation 0 (reason: Adding new member leader-instance-id-573e8fda-061d-466c-a252-f23b97a7ef02 with group instance id leader-instance-id; client reason: not provided). (org.apache.kafka.coordinator.group.GroupMetadataManager:2642)
[2024-04-09 14:19:30,725] INFO Static member with groupInstanceId=follower-instance-id and unknown member id joins group group-id in PreparingRebalance state. Created a new member id follower-instance-id-307ff568-7bb2-4fba-991b-6196379cc289 for this member and added to the group. (org.apache.kafka.coordinator.group.GroupMetadataManager:2072)
[2024-04-09 14:19:30,726] INFO Stabilized group group-id generation 1 with 2 members. (org.apache.kafka.coordinator.group.GroupMetadataManager:2361)
[2024-04-09 14:19:30,726] INFO Assignment received from leader leader-instance-id-573e8fda-061d-466c-a252-f23b97a7ef02 for group group-id for generation 1. The group has 2 members, 2 of which are static. (org.apache.kafka.coordinator.group.GroupMetadataManager:3068)
[2024-04-09 14:19:30,726] WARN Setting empty assignments for members {follower-instance-id-307ff568-7bb2-4fba-991b-6196379cc289=[B@66434cc8} of group-id for generation 1. (org.apache.kafka.coordinator.group.GroupMetadataManager:3088)
[2024-04-09 14:19:30,726] WARN Sending empty assignment to member follower-instance-id-307ff568-7bb2-4fba-991b-6196379cc289 of group-id for generation 1 with no errors (org.apache.kafka.coordinator.group.GroupMetadataManager:2758)
[2024-04-09 14:19:30,726] WARN Sending empty assignment to member leader-instance-id-573e8fda-061d-466c-a252-f23b97a7ef02 of group-id for generation 1 with no errors (org.apache.kafka.coordinator.group.GroupMetadataManager:2758)
[2024-04-09 14:19:30,727] DEBUG Creating in-memory snapshot 0 (org.apache.kafka.timeline.SnapshotRegistry:203)
[2024-04-09 14:19:30,730] INFO Static member with groupInstanceId=leader-instance-id and unknown member id joins group group-id in Empty state. Created a new member id leader-instance-id-e33a4eb7-f9f3-485b-81e8-f90a565cfec6 for this member and added to the group. (org.apache.kafka.coordinator.group.GroupMetadataManager:2072)
[2024-04-09 14:19:30,730] INFO Preparing to rebalance group group-id in state PreparingRebalance with old generation 0 (reason: Adding new member leader-instance-id-e33a4eb7-f9f3-485b-81e8-f90a565cfec6 with group instance id leader-instance-id; client reason: not provided). (org.apache.kafka.coordinator.group.GroupMetadataManager:2642)
[2024-04-09 14:19:30,730] INFO Static member with groupInstanceId=follower-instance-id and unknown member id joins group group-id in PreparingRebalance state. Created a new member id follower-instance-id-4542642b-fbfc-4977-a482-4e01e1cb574c for this member and added to the group. (org.apache.kafka.coordinator.group.GroupMetadataManager:2072)
[2024-04-09 14:19:30,730] INFO Stabilized group group-id generation 1 with 2 members. (org.apache.kafka.coordinator.group.GroupMetadataManager:2361)
[2024-04-09 14:19:30,735] INFO Assignment received from leader leader-instance-id-e33a4eb7-f9f3-485b-81e8-f90a565cfec6 for group group-id for generation 1. The group has 2 members, 2 of which are static. (org.apache.kafka.coordinator.group.GroupMetadataManager:3068)
[2024-04-09 14:19:30,739] INFO Request memberId=leader-instance-id-e33a4eb7-f9f3-485b-81e8-f90a565cfec6 for static member with groupInstanceId=follower-instance-id is fenced by existing memberId=follower-instance-id-4542642b-fbfc-4977-a482-4e01e1cb574c during operation join-group (org.apache.kafka.coordinator.group.classic.ClassicGroup:793)
[2024-04-09 14:19:30,740] DEBUG Creating in-memory snapshot 0 (org.apache.kafka.timeline.SnapshotRegistry:203)
[2024-04-09 14:19:30,740] INFO Dynamic member with unknown member id joins group group-id in Empty state. Created a new member id client-0cb97a3d-9fa6-4b79-8eaf-95b9ceca3656 and requesting the member to rejoin with this id. (org.apache.kafka.coordinator.group.GroupMetadataManager:2105)
[2024-04-09 14:19:30,740] INFO Dynamic member with unknown member id joins group group-id in Empty state. Created a new member id client-511ca293-f31d-45fa-b3aa-59e8e6e91be6 and requesting the member to rejoin with this id. (org.apache.kafka.coordinator.group.GroupMetadataManager:2105)
[2024-04-09 14:19:30,741] INFO Dynamic member with unknown member id joins group group-id in Empty state. Created a new member id client-3c1b5bfe-d8ad-4b47-8b5f-f86dcc1c33be and requesting the member to rejoin with this id. (org.apache.kafka.coordinator.group.GroupMetadataManager:2105)
[2024-04-09 14:19:30,741] DEBUG Pending dynamic member with id client-0cb97a3d-9fa6-4b79-8eaf-95b9ceca3656 joins group group-id in Empty state. Adding to the group now. (org.apache.kafka.coordinator.group.GroupMetadataManager:2175)
[2024-04-09 14:19:30,741] INFO Preparing to rebalance group group-id in state PreparingRebalance with old generation 0 (reason: Adding new member client-0cb97a3d-9fa6-4b79-8eaf-95b9ceca3656 with group instance id null; client reason: not provided). (org.apache.kafka.coordinator.group.GroupMetadataManager:2642)
[2024-04-09 14:19:30,741] DEBUG Pending dynamic member with id client-511ca293-f31d-45fa-b3aa-59e8e6e91be6 joins group group-id in PreparingRebalance state. Adding to the group now. (org.apache.kafka.coordinator.group.GroupMetadataManager:2175)
[2024-04-09 14:19:30,741] DEBUG Pending dynamic member with id client-3c1b5bfe-d8ad-4b47-8b5f-f86dcc1c33be joins group group-id in PreparingRebalance state. Adding to the group now. (org.apache.kafka.coordinator.group.GroupMetadataManager:2175)
[2024-04-09 14:19:30,741] INFO Stabilized group group-id generation 1 with 3 members. (org.apache.kafka.coordinator.group.GroupMetadataManager:2361)
[2024-04-09 14:19:30,744] DEBUG Group group-id removed members who haven't sent their sync requests: [client-0cb97a3d-9fa6-4b79-8eaf-95b9ceca3656] (org.apache.kafka.coordinator.group.GroupMetadataManager:2851)
[2024-04-09 14:19:30,745] INFO Preparing to rebalance group group-id in state PreparingRebalance with old generation 1 (reason: Removing [client-0cb97a3d-9fa6-4b79-8eaf-95b9ceca3656] on pending sync request expiration). (org.apache.kafka.coordinator.group.GroupMetadataManager:2642)
[2024-04-09 14:19:30,749] DEBUG Creating in-memory snapshot 0 (org.apache.kafka.timeline.SnapshotRegistry:203)
[2024-04-09 14:19:30,752] INFO Static member with groupInstanceId=leader-instance-id and unknown member id joins group group-id in Empty state. Created a new member id leader-instance-id-9637aa76-a78b-4117-92fb-ffcf67cd4883 for this member and added to the group. (org.apache.kafka.coordinator.group.GroupMetadataManager:2072)
[2024-04-09 14:19:30,754] INFO Preparing to rebalance group group-id in state PreparingRebalance with old generation 0 (reason: Adding new member leader-instance-id-9637aa76-a78b-4117-92fb-ffcf67cd4883 with group instance id leader-instance-id; client reason: not provided). (org.apache.kafka.coordinator.group.GroupMetadataManager:2642)
[2024-04-09 14:19:30,755] INFO Static member with groupInstanceId=follower-instance-id and unknown member id joins group group-id in PreparingRebalance state. Created a new member id follower-instance-id-16729523-af86-4a97-9625-41630febf9ab for this member and added to the group. (org.apache.kafka.coordinator.group.GroupMetadataManager:2072)
[2024-04-09 14:19:30,758] INFO Stabilized group group-id generation 1 with 2 members. (org.apache.kafka.coordinator.group.GroupMetadataManager:2361)
[2024-04-09 14:19:30,758] INFO Assignment received from leader leader-instance-id-9637aa76-a78b-4117-92fb-ffcf67cd4883 for group group-id for generation 1. The group has 2 members, 2 of which are static. (org.apache.kafka.coordinator.group.GroupMetadataManager:3068)
[2024-04-09 14:19:30,762] DEBUG Creating in-memory snapshot 0 (org.apache.kafka.timeline.SnapshotRegistry:203)
[2024-04-09 14:19:30,762] INFO Static member with groupInstanceId=group-instance-id and unknown member id joins group group-id in Empty state. Created a new member id group-instance-id-bed44b56-f951-4693-8de9-810b395d6f49 for this member and added to the group. (org.apache.kafka.coordinator.group.GroupMetadataManager:2072)
[2024-04-09 14:19:30,763] INFO Preparing to rebalance group group-id in state PreparingRebalance with old generation 0 (reason: Adding new member group-instance-id-bed44b56-f951-4693-8de9-810b395d6f49 with group instance id group-instance-id; client reason: not provided). (org.apache.kafka.coordinator.group.GroupMetadataManager:2642)
[2024-04-09 14:19:30,763] INFO Stabilized group group-id generation 1 with 1 members. (org.apache.kafka.coordinator.group.GroupMetadataManager:2361)
[2024-04-09 14:19:30,763] INFO Static member with groupInstanceId=group-instance-id and unknown member id joins group group-id in Stable state. Replacing previously mapped member group-instance-id-bed44b56-f951-4693-8de9-810b395d6f49 with this groupInstanceId. (org.apache.kafka.coordinator.group.GroupMetadataManager:2059)
[2024-04-09 14:19:30,764] INFO Static member which joins during Stable stage and doesn't affect the selected protocol will not trigger a rebalance. (org.apache.kafka.coordinator.group.GroupMetadataManager:2943)
[2024-04-09 14:19:30,765] WARN Failed to persist metadata for group group-id static member group-instance-id-57b429c5-af43-4b98-bff8-d26e43147d68 with group instance id group-instance-id due to null. Reverting to old member id group-instance-id-bed44b56-f951-4693-8de9-810b395d6f49. (org.apache.kafka.coordinator.group.GroupMetadataManager:2950)
[2024-04-09 14:19:30,768] DEBUG Creating in-memory snapshot 0 (org.apache.kafka.timeline.SnapshotRegistry:203)
[2024-04-09 14:19:30,772] INFO Dynamic member with unknown member id joins group group-id in Empty state. Created a new member id client-8a488ade-d4af-4904-bcae-04e38bbd79f7 and requesting the member to rejoin with this id. (org.apache.kafka.coordinator.group.GroupMetadataManager:2105)
[2024-04-09 14:19:30,773] DEBUG Pending dynamic member with id client-8a488ade-d4af-4904-bcae-04e38bbd79f7 joins group group-id in Empty state. Adding to the group now. (org.apache.kafka.coordinator.group.GroupMetadataManager:2175)
[2024-04-09 14:19:30,773] INFO Preparing to rebalance group group-id in state PreparingRebalance with old generation 0 (reason: Adding new member client-8a488ade-d4af-4904-bcae-04e38bbd79f7 with group instance id null; client reason: not provided). (org.apache.kafka.coordinator.group.GroupMetadataManager:2642)
[2024-04-09 14:19:30,773] INFO Stabilized group group-id generation 1 with 1 members. (org.apache.kafka.coordinator.group.GroupMetadataManager:2361)
[2024-04-09 14:19:30,774] INFO Assignment received from leader client-8a488ade-d4af-4904-bcae-04e38bbd79f7 for group group-id for generation 1. The group has 1 members, 0 of which are static. (org.apache.kafka.coordinator.group.GroupMetadataManager:3068)
[2024-04-09 14:19:30,774] WARN Setting empty assignments for members {client-8a488ade-d4af-4904-bcae-04e38bbd79f7=[B@66434cc8} of group-id for generation 1. (org.apache.kafka.coordinator.group.GroupMetadataManager:3088)
[2024-04-09 14:19:30,774] WARN Sending empty assignment to member client-8a488ade-d4af-4904-bcae-04e38bbd79f7 of group-id for generation 1 with no errors (org.apache.kafka.coordinator.group.GroupMetadataManager:2758)
[2024-04-09 14:19:30,775] DEBUG Creating in-memory snapshot 0 (org.apache.kafka.timeline.SnapshotRegistry:203)
[2024-04-09 14:19:30,777] INFO [GroupId fooup] Member Pg9ch4E3TX6BlmBahTqQhg joins the consumer group. (org.apache.kafka.coordinator.group.GroupMetadataManager:996)
[2024-04-09 14:19:30,778] INFO [GroupId fooup] Member Pg9ch4E3TX6BlmBahTqQhg updated its subscribed topics to: [bar, foo]. (org.apache.kafka.coordinator.group.GroupMetadataManager:1051)
[2024-04-09 14:19:30,778] INFO [GroupId fooup] Bumped group epoch to 1. (org.apache.kafka.coordinator.group.GroupMetadataManager:1084)
[2024-04-09 14:19:30,780] INFO [GroupId fooup] Computed a new target assignment for epoch 1 with 'range' assignor: {Pg9ch4E3TX6BlmBahTqQhg=Assignment(error=0, partitions={}, metadata=VersionedMetadata(version=0, metadata=java.nio.HeapByteBuffer[pos=0 lim=0 cap=0]))}. (org.apache.kafka.coordinator.group.GroupMetadataManager:1121)
[2024-04-09 14:19:30,781] INFO [GroupId fooup] Member Pg9ch4E3TX6BlmBahTqQhg transitioned from CurrentAssignment(memberEpoch=0, previousMemberEpoch=-1, targetMemberEpoch=0, state=stable, assignedPartitions={}, partitionsPendingRevocation={}, partitionsPendingAssignment={}) to CurrentAssignment(memberEpoch=1, previousMemberEpoch=0, targetMemberEpoch=1, state=stable, assignedPartitions={}, partitionsPendingRevocation={}, partitionsPendingAssignment={}). (org.apache.kafka.coordinator.group.GroupMetadataManager:1152)
[2024-04-09 14:19:30,784] DEBUG Creating in-memory snapshot 1 (org.apache.kafka.timeline.SnapshotRegistry:203)
[2024-04-09 14:19:30,784] DEBUG Creating in-memory snapshot 2 (org.apache.kafka.timeline.SnapshotRegistry:203)
[2024-04-09 14:19:30,784] DEBUG Creating in-memory snapshot 3 (org.apache.kafka.timeline.SnapshotRegistry:203)
[2024-04-09 14:19:30,784] DEBUG Creating in-memory snapshot 4 (org.apache.kafka.timeline.SnapshotRegistry:203)
[2024-04-09 14:19:30,785] DEBUG Creating in-memory snapshot 5 (org.apache.kafka.timeline.SnapshotRegistry:203)
[2024-04-09 14:19:30,803] DEBUG Creating in-memory snapshot 0 (org.apache.kafka.timeline.SnapshotRegistry:203)
[2024-04-09 14:19:30,806] DEBUG Creating in-memory snapshot 1 (org.apache.kafka.timeline.SnapshotRegistry:203)
[2024-04-09 14:19:30,806] DEBUG Creating in-memory snapshot 2 (org.apache.kafka.timeline.SnapshotRegistry:203)
[2024-04-09 14:19:30,806] DEBUG Creating in-memory snapshot 3 (org.apache.kafka.timeline.SnapshotRegistry:203)
[2024-04-09 14:19:30,806] DEBUG Creating in-memory snapshot 4 (org.apache.kafka.timeline.SnapshotRegistry:203)
[2024-04-09 14:19:30,806] DEBUG Creating in-memory snapshot 5 (org.apache.kafka.timeline.SnapshotRegistry:203)
[2024-04-09 14:19:30,807] DEBUG Creating in-memory snapshot 6 (org.apache.kafka.timeline.SnapshotRegistry:203)
[2024-04-09 14:19:30,807] DEBUG Creating in-memory snapshot 7 (org.apache.kafka.timeline.SnapshotRegistry:203)
[2024-04-09 14:19:30,807] DEBUG Creating in-memory snapshot 8 (org.apache.kafka.timeline.SnapshotRegistry:203)
[2024-04-09 14:19:30,807] DEBUG Creating in-memory snapshot 9 (org.apache.kafka.timeline.SnapshotRegistry:203)
[2024-04-09 14:19:30,807] INFO Loaded consumer group foo with 2 members. (org.apache.kafka.coordinator.group.GroupMetadataManager:1761)
[2024-04-09 14:19:30,809] DEBUG Loaded member foo-2 in consumer group foo. (org.apache.kafka.coordinator.group.GroupMetadataManager:1763)
[2024-04-09 14:19:30,809] DEBUG Loaded member foo-1 in consumer group foo. (org.apache.kafka.coordinator.group.GroupMetadataManager:1763)
[2024-04-09 14:19:30,811] DEBUG Creating in-memory snapshot 0 (org.apache.kafka.timeline.SnapshotRegistry:203)
[2024-04-09 14:19:30,820] INFO Dynamic member with unknown member id joins group group-id in Empty state. Created a new member id client-14aabe96-d89a-4509-9846-84903a636f56 and requesting the member to rejoin with this id. (org.apache.kafka.coordinator.group.GroupMetadataManager:2105)
[2024-04-09 14:19:30,845] DEBUG Creating in-memory snapshot 0 (org.apache.kafka.timeline.SnapshotRegistry:203)
[2024-04-09 14:19:30,845] DEBUG Creating in-memory snapshot 1 (org.apache.kafka.timeline.SnapshotRegistry:203)
[2024-04-09 14:19:30,845] DEBUG Creating in-memory snapshot 2 (org.apache.kafka.timeline.SnapshotRegistry:203)
[2024-04-09 14:19:30,846] DEBUG Creating in-memory snapshot 3 (org.apache.kafka.timeline.SnapshotRegistry:203)
[2024-04-09 14:19:30,846] DEBUG Creating in-memory snapshot 4 (org.apache.kafka.timeline.SnapshotRegistry:203)
[2024-04-09 14:19:30,846] DEBUG Creating in-memory snapshot 5 (org.apache.kafka.timeline.SnapshotRegistry:203)
[2024-04-09 14:19:30,846] DEBUG Creating in-memory snapshot 6 (org.apache.kafka.timeline.SnapshotRegistry:203)
[2024-04-09 14:19:30,847] DEBUG Creating in-memory snapshot 7 (org.apache.kafka.timeline.SnapshotRegistry:203)
[2024-04-09 14:19:30,847] DEBUG Creating in-memory snapshot 8 (org.apache.kafka.timeline.SnapshotRegistry:203)
[2024-04-09 14:19:30,847] DEBUG Creating in-memory snapshot 9 (org.apache.kafka.timeline.SnapshotRegistry:203)
[2024-04-09 14:19:31,055] INFO [GroupId fooup] Member z4NdPTheRXekpOQON96-WA joins the consumer group. (org.apache.kafka.coordinator.group.GroupMetadataManager:996)
[2024-04-09 14:19:31,056] INFO [GroupId fooup] Member z4NdPTheRXekpOQON96-WA updated its subscribed topics to: [bar, foo]. (org.apache.kafka.coordinator.group.GroupMetadataManager:1051)
[2024-04-09 14:19:31,060] INFO [GroupId fooup] Computed new subscription metadata: {bar=TopicMetadata(id=T20_bg72QhiaejJvZ4K7GA, name=bar, numPartitions=3, partitionRacks={0=[rack0, rack1], 1=[rack1, rack2], 2=[rack3, rack2]}), foo=TopicMetadata(id=PSmwaNjRS92v4oFO8GXrNA, name=foo, numPartitions=6, partitionRacks={0=[rack0, rack1], 1=[rack1, rack2], 2=[rack3, rack2], 3=[rack3, rack0], 4=[rack0, rack1], 5=[rack1, rack2]})}. (org.apache.kafka.coordinator.group.GroupMetadataManager:1075)
[2024-04-09 14:19:31,060] INFO [GroupId fooup] Bumped group epoch to 11. (org.apache.kafka.coordinator.group.GroupMetadataManager:1084)
[2024-04-09 14:19:31,061] INFO [GroupId fooup] Computed a new target assignment for epoch 11 with 'range' assignor: {z4NdPTheRXekpOQON96-WA=Assignment(error=0, partitions={PSmwaNjRS92v4oFO8GXrNA=[4, 5], T20_bg72QhiaejJvZ4K7GA=[1]}, metadata=VersionedMetadata(version=0, metadata=java.nio.HeapByteBuffer[pos=0 lim=0 cap=0])), LyNtxSMoSNmPrhNvL5Ek5A=Assignment(error=0, partitions={PSmwaNjRS92v4oFO8GXrNA=[2, 3], T20_bg72QhiaejJvZ4K7GA=[2]}, metadata=VersionedMetadata(version=0, metadata=java.nio.HeapByteBuffer[pos=0 lim=0 cap=0])), Q7T3swx_SqWpHfMZsuLIrQ=Assignment(error=0, partitions={PSmwaNjRS92v4oFO8GXrNA=[0, 1], T20_bg72QhiaejJvZ4K7GA=[0]}, metadata=VersionedMetadata(version=0, metadata=java.nio.HeapByteBuffer[pos=0 lim=0 cap=0]))}. (org.apache.kafka.coordinator.group.GroupMetadataManager:1121)
[2024-04-09 14:19:31,062] INFO [GroupId fooup] Member z4NdPTheRXekpOQON96-WA transitioned from CurrentAssignment(memberEpoch=0, previousMemberEpoch=-1, targetMemberEpoch=0, state=stable, assignedPartitions={}, partitionsPendingRevocation={}, partitionsPendingAssignment={}) to CurrentAssignment(memberEpoch=11, previousMemberEpoch=0, targetMemberEpoch=11, state=assigning, assignedPartitions={}, partitionsPendingRevocation={}, partitionsPendingAssignment={PSmwaNjRS92v4oFO8GXrNA=[4, 5], T20_bg72QhiaejJvZ4K7GA=[1]}). (org.apache.kafka.coordinator.group.GroupMetadataManager:1152)
[2024-04-09 14:19:31,064] DEBUG Creating in-memory snapshot 10 (org.apache.kafka.timeline.SnapshotRegistry:203)
[2024-04-09 14:19:31,065] DEBUG Creating in-memory snapshot 11 (org.apache.kafka.timeline.SnapshotRegistry:203)
[2024-04-09 14:19:31,071] DEBUG Creating in-memory snapshot 12 (org.apache.kafka.timeline.SnapshotRegistry:203)
[2024-04-09 14:19:31,073] DEBUG Creating in-memory snapshot 13 (org.apache.kafka.timeline.SnapshotRegistry:203)
[2024-04-09 14:19:31,074] DEBUG Creating in-memory snapshot 14 (org.apache.kafka.timeline.SnapshotRegistry:203)
[2024-04-09 14:19:31,075] DEBUG Creating in-memory snapshot 15 (org.apache.kafka.timeline.SnapshotRegistry:203)
[2024-04-09 14:19:31,078] DEBUG Creating in-memory snapshot 16 (org.apache.kafka.timeline.SnapshotRegistry:203)
[2024-04-09 14:19:31,083] DEBUG Creating in-memory snapshot 17 (org.apache.kafka.timeline.SnapshotRegistry:203)
[2024-04-09 14:19:31,083] INFO [GroupId fooup] Member Q7T3swx_SqWpHfMZsuLIrQ transitioned from CurrentAssignment(memberEpoch=10, previousMemberEpoch=9, targetMemberEpoch=10, state=stable, assignedPartitions={PSmwaNjRS92v4oFO8GXrNA=[0, 1, 2], T20_bg72QhiaejJvZ4K7GA=[0, 1]}, partitionsPendingRevocation={}, partitionsPendingAssignment={}) to CurrentAssignment(memberEpoch=10, previousMemberEpoch=9, targetMemberEpoch=11, state=revoking, assignedPartitions={PSmwaNjRS92v4oFO8GXrNA=[0, 1], T20_bg72QhiaejJvZ4K7GA=[0]}, partitionsPendingRevocation={PSmwaNjRS92v4oFO8GXrNA=[2], T20_bg72QhiaejJvZ4K7GA=[1]}, partitionsPendingAssignment={}). (org.apache.kafka.coordinator.group.GroupMetadataManager:1152)
[2024-04-09 14:19:31,084] DEBUG Creating in-memory snapshot 18 (org.apache.kafka.timeline.SnapshotRegistry:203)
[2024-04-09 14:19:31,084] INFO [GroupId fooup] Member LyNtxSMoSNmPrhNvL5Ek5A transitioned from CurrentAssignment(memberEpoch=10, previousMemberEpoch=9, targetMemberEpoch=10, state=stable, assignedPartitions={PSmwaNjRS92v4oFO8GXrNA=[3, 4, 5], T20_bg72QhiaejJvZ4K7GA=[2]}, partitionsPendingRevocation={}, partitionsPendingAssignment={}) to CurrentAssignment(memberEpoch=10, previousMemberEpoch=9, targetMemberEpoch=11, state=revoking, assignedPartitions={PSmwaNjRS92v4oFO8GXrNA=[3], T20_bg72QhiaejJvZ4K7GA=[2]}, partitionsPendingRevocation={PSmwaNjRS92v4oFO8GXrNA=[4, 5]}, partitionsPendingAssignment={PSmwaNjRS92v4oFO8GXrNA=[2]}). (org.apache.kafka.coordinator.group.GroupMetadataManager:1152)
[2024-04-09 14:19:31,085] DEBUG Creating in-memory snapshot 19 (org.apache.kafka.timeline.SnapshotRegistry:203)
[2024-04-09 14:19:31,085] INFO [GroupId fooup] Member Q7T3swx_SqWpHfMZsuLIrQ transitioned from CurrentAssignment(memberEpoch=10, previousMemberEpoch=9, targetMemberEpoch=11, state=revoking, assignedPartitions={PSmwaNjRS92v4oFO8GXrNA=[0, 1], T20_bg72QhiaejJvZ4K7GA=[0]}, partitionsPendingRevocation={PSmwaNjRS92v4oFO8GXrNA=[2], T20_bg72QhiaejJvZ4K7GA=[1]}, partitionsPendingAssignment={}) to CurrentAssignment(memberEpoch=11, previousMemberEpoch=10, targetMemberEpoch=11, state=stable, assignedPartitions={PSmwaNjRS92v4oFO8GXrNA=[0, 1], T20_bg72QhiaejJvZ4K7GA=[0]}, partitionsPendingRevocation={}, partitionsPendingAssignment={}). (org.apache.kafka.coordinator.group.GroupMetadataManager:1152)
[2024-04-09 14:19:31,085] DEBUG Creating in-memory snapshot 20 (org.apache.kafka.timeline.SnapshotRegistry:203)
[2024-04-09 14:19:31,086] INFO [GroupId fooup] Member z4NdPTheRXekpOQON96-WA transitioned from CurrentAssignment(memberEpoch=11, previousMemberEpoch=0, targetMemberEpoch=11, state=assigning, assignedPartitions={}, partitionsPendingRevocation={}, partitionsPendingAssignment={PSmwaNjRS92v4oFO8GXrNA=[4, 5], T20_bg72QhiaejJvZ4K7GA=[1]}) to CurrentAssignment(memberEpoch=11, previousMemberEpoch=11, targetMemberEpoch=11, state=assigning, assignedPartitions={T20_bg72QhiaejJvZ4K7GA=[1]}, partitionsPendingRevocation={}, partitionsPendingAssignment={PSmwaNjRS92v4oFO8GXrNA=[4, 5]}). (org.apache.kafka.coordinator.group.GroupMetadataManager:1152)
[2024-04-09 14:19:31,086] DEBUG Creating in-memory snapshot 21 (org.apache.kafka.timeline.SnapshotRegistry:203)
[2024-04-09 14:19:31,086] INFO [GroupId fooup] Member LyNtxSMoSNmPrhNvL5Ek5A transitioned from CurrentAssignment(memberEpoch=10, previousMemberEpoch=9, targetMemberEpoch=11, state=revoking, assignedPartitions={PSmwaNjRS92v4oFO8GXrNA=[3], T20_bg72QhiaejJvZ4K7GA=[2]}, partitionsPendingRevocation={PSmwaNjRS92v4oFO8GXrNA=[4, 5]}, partitionsPendingAssignment={PSmwaNjRS92v4oFO8GXrNA=[2]}) to CurrentAssignment(memberEpoch=11, previousMemberEpoch=10, targetMemberEpoch=11, state=stable, assignedPartitions={PSmwaNjRS92v4oFO8GXrNA=[2, 3], T20_bg72QhiaejJvZ4K7GA=[2]}, partitionsPendingRevocation={}, partitionsPendingAssignment={}). (org.apache.kafka.coordinator.group.GroupMetadataManager:1152)
[2024-04-09 14:19:31,087] DEBUG Creating in-memory snapshot 22 (org.apache.kafka.timeline.SnapshotRegistry:203)
[2024-04-09 14:19:31,088] INFO [GroupId fooup] Member z4NdPTheRXekpOQON96-WA transitioned from CurrentAssignment(memberEpoch=11, previousMemberEpoch=11, targetMemberEpoch=11, state=assigning, assignedPartitions={T20_bg72QhiaejJvZ4K7GA=[1]}, partitionsPendingRevocation={}, partitionsPendingAssignment={PSmwaNjRS92v4oFO8GXrNA=[4, 5]}) to CurrentAssignment(memberEpoch=11, previousMemberEpoch=11, targetMemberEpoch=11, state=stable, assignedPartitions={PSmwaNjRS92v4oFO8GXrNA=[4, 5], T20_bg72QhiaejJvZ4K7GA=[1]}, partitionsPendingRevocation={}, partitionsPendingAssignment={}). (org.apache.kafka.coordinator.group.GroupMetadataManager:1152)
[2024-04-09 14:19:31,091] DEBUG Creating in-memory snapshot 23 (org.apache.kafka.timeline.SnapshotRegistry:203)
[2024-04-09 14:19:31,099] DEBUG Creating in-memory snapshot 0 (org.apache.kafka.timeline.SnapshotRegistry:203)
[2024-04-09 14:19:31,101] INFO Dynamic member with unknown member id joins group group-id in state Empty. Created a new member id client-c86fcd4b-c935-4641-a1b1-a60fdffc1701 and added the member to the group. (org.apache.kafka.coordinator.group.GroupMetadataManager:2125)
[2024-04-09 14:19:31,102] INFO Preparing to rebalance group group-id in state PreparingRebalance with old generation 0 (reason: Adding new member client-c86fcd4b-c935-4641-a1b1-a60fdffc1701 with group instance id null; client reason: not provided). (org.apache.kafka.coordinator.group.GroupMetadataManager:2642)
[2024-04-09 14:19:31,102] INFO Stabilized group group-id generation 1 with 1 members. (org.apache.kafka.coordinator.group.GroupMetadataManager:2361)
[2024-04-09 14:19:31,104] DEBUG Creating in-memory snapshot 0 (org.apache.kafka.timeline.SnapshotRegistry:203)
[2024-04-09 14:19:31,106] INFO Dynamic member with unknown member id joins group group-id in Empty state. Created a new member id client-ed36fd77-3500-4708-be82-433212eba82d and requesting the member to rejoin with this id. (org.apache.kafka.coordinator.group.GroupMetadataManager:2105)
[2024-04-09 14:19:31,106] INFO Dynamic member with unknown member id joins group group-id in Empty state. Created a new member id client-4cbdb07e-442b-4b14-90df-3db372176fb9 and requesting the member to rejoin with this id. (org.apache.kafka.coordinator.group.GroupMetadataManager:2105)
[2024-04-09 14:19:31,107] INFO Dynamic member with unknown member id joins group group-id in Empty state. Created a new member id client-470b0a6a-a489-419c-8ad4-c3e11622f96d and requesting the member to rejoin with this id. (org.apache.kafka.coordinator.group.GroupMetadataManager:2105)
[2024-04-09 14:19:31,107] DEBUG Pending dynamic member with id client-ed36fd77-3500-4708-be82-433212eba82d joins group group-id in Empty state. Adding to the group now. (org.apache.kafka.coordinator.group.GroupMetadataManager:2175)
[2024-04-09 14:19:31,108] INFO Preparing to rebalance group group-id in state PreparingRebalance with old generation 0 (reason: Adding new member client-ed36fd77-3500-4708-be82-433212eba82d with group instance id null; client reason: not provided). (org.apache.kafka.coordinator.group.GroupMetadataManager:2642)
[2024-04-09 14:19:31,108] DEBUG Pending dynamic member with id client-4cbdb07e-442b-4b14-90df-3db372176fb9 joins group group-id in PreparingRebalance state. Adding to the group now. (org.apache.kafka.coordinator.group.GroupMetadataManager:2175)
[2024-04-09 14:19:31,108] DEBUG Pending dynamic member with id client-470b0a6a-a489-419c-8ad4-c3e11622f96d joins group group-id in PreparingRebalance state. Adding to the group now. (org.apache.kafka.coordinator.group.GroupMetadataManager:2175)
[2024-04-09 14:19:31,109] INFO Stabilized group group-id generation 1 with 3 members. (org.apache.kafka.coordinator.group.GroupMetadataManager:2361)
[2024-04-09 14:19:31,110] INFO Assignment received from leader client-ed36fd77-3500-4708-be82-433212eba82d for group group-id for generation 1. The group has 3 members, 0 of which are static. (org.apache.kafka.coordinator.group.GroupMetadataManager:3068)
[2024-04-09 14:19:31,110] WARN Setting empty assignments for members {client-ed36fd77-3500-4708-be82-433212eba82d=[B@66434cc8, client-4cbdb07e-442b-4b14-90df-3db372176fb9=[B@66434cc8, client-470b0a6a-a489-419c-8ad4-c3e11622f96d=[B@66434cc8} of group-id for generation 1. (org.apache.kafka.coordinator.group.GroupMetadataManager:3088)
[2024-04-09 14:19:31,112] WARN Sending empty assignment to member client-ed36fd77-3500-4708-be82-433212eba82d of group-id for generation 1 with no errors (org.apache.kafka.coordinator.group.GroupMetadataManager:2758)
[2024-04-09 14:19:31,112] WARN Sending empty assignment to member client-4cbdb07e-442b-4b14-90df-3db372176fb9 of group-id for generation 1 with no errors (org.apache.kafka.coordinator.group.GroupMetadataManager:2758)
[2024-04-09 14:19:31,112] WARN Sending empty assignment to member client-470b0a6a-a489-419c-8ad4-c3e11622f96d of group-id for generation 1 with no errors (org.apache.kafka.coordinator.group.GroupMetadataManager:2758)
[2024-04-09 14:19:31,115] DEBUG Creating in-memory snapshot 0 (org.apache.kafka.timeline.SnapshotRegistry:203)
[2024-04-09 14:19:31,116] DEBUG Creating in-memory snapshot 1 (org.apache.kafka.timeline.SnapshotRegistry:203)
[2024-04-09 14:19:31,116] DEBUG Creating in-memory snapshot 2 (org.apache.kafka.timeline.SnapshotRegistry:203)
[2024-04-09 14:19:31,117] DEBUG Creating in-memory snapshot 3 (org.apache.kafka.timeline.SnapshotRegistry:203)
[2024-04-09 14:19:31,117] DEBUG Creating in-memory snapshot 4 (org.apache.kafka.timeline.SnapshotRegistry:203)
[2024-04-09 14:19:31,117] DEBUG Creating in-memory snapshot 5 (org.apache.kafka.timeline.SnapshotRegistry:203)
[2024-04-09 14:19:31,117] DEBUG Creating in-memory snapshot 6 (org.apache.kafka.timeline.SnapshotRegistry:203)
]]></system-out>
  <system-err><![CDATA[]]></system-err>
</testsuite>
