<?xml version="1.0" encoding="UTF-8"?>
<testsuite name="org.apache.kafka.coordinator.group.classic.ClassicGroupMemberTest" tests="10" skipped="0" failures="0" errors="0" timestamp="2024-04-09T11:19:37" hostname="ip-192-168-1-113.eu-central-1.compute.internal" time="0.168">
  <properties/>
  <testcase name="testMatchesSupportedProtocols()" classname="org.apache.kafka.coordinator.group.classic.ClassicGroupMemberTest" time="0.12"/>
  <testcase name="testHasHeartbeatSatisfied()" classname="org.apache.kafka.coordinator.group.classic.ClassicGroupMemberTest" time="0.006"/>
  <testcase name="testHasValidGroupInstanceId()" classname="org.apache.kafka.coordinator.group.classic.ClassicGroupMemberTest" time="0.002"/>
  <testcase name="testDescribeNoMetadata()" classname="org.apache.kafka.coordinator.group.classic.ClassicGroupMemberTest" time="0.001"/>
  <testcase name="testMetadata()" classname="org.apache.kafka.coordinator.group.classic.ClassicGroupMemberTest" time="0.002"/>
  <testcase name="testMetadataRaisesOnUnsupportedProtocol()" classname="org.apache.kafka.coordinator.group.classic.ClassicGroupMemberTest" time="0.005"/>
  <testcase name="testVoteForPreferredProtocol()" classname="org.apache.kafka.coordinator.group.classic.ClassicGroupMemberTest" time="0.003"/>
  <testcase name="testVoteRaisesOnNoSupportedProtocols()" classname="org.apache.kafka.coordinator.group.classic.ClassicGroupMemberTest" time="0.002"/>
  <testcase name="testPlainProtocolSet()" classname="org.apache.kafka.coordinator.group.classic.ClassicGroupMemberTest" time="0.001"/>
  <testcase name="testDescribe()" classname="org.apache.kafka.coordinator.group.classic.ClassicGroupMemberTest" time="0.001"/>
  <system-out><![CDATA[]]></system-out>
  <system-err><![CDATA[]]></system-err>
</testsuite>
