<?xml version="1.0" encoding="UTF-8"?>
<testsuite name="org.apache.kafka.coordinator.group.RecordSerdeTest" tests="11" skipped="0" failures="0" errors="0" timestamp="2024-04-09T11:19:46" hostname="ip-192-168-1-113.eu-central-1.compute.internal" time="0.146">
  <properties/>
  <testcase name="testDeserializeWithInvalidRecordType()" classname="org.apache.kafka.coordinator.group.RecordSerdeTest" time="0.007"/>
  <testcase name="testDeserializeAllRecordTypes()" classname="org.apache.kafka.coordinator.group.RecordSerdeTest" time="0.059"/>
  <testcase name="testDeserializeWithKeyEmptyBuffer()" classname="org.apache.kafka.coordinator.group.RecordSerdeTest" time="0.007"/>
  <testcase name="testDeserializeWithTombstoneForValue()" classname="org.apache.kafka.coordinator.group.RecordSerdeTest" time="0.004"/>
  <testcase name="testDeserializeWithInvalidValueBytes()" classname="org.apache.kafka.coordinator.group.RecordSerdeTest" time="0.003"/>
  <testcase name="testDeserializeWithInvalidKeyBytes()" classname="org.apache.kafka.coordinator.group.RecordSerdeTest" time="0.007"/>
  <testcase name="testDeserializeWithValueEmptyBuffer()" classname="org.apache.kafka.coordinator.group.RecordSerdeTest" time="0.006"/>
  <testcase name="testDeserialize()" classname="org.apache.kafka.coordinator.group.RecordSerdeTest" time="0.003"/>
  <testcase name="testSerializeValue()" classname="org.apache.kafka.coordinator.group.RecordSerdeTest" time="0.005"/>
  <testcase name="testSerializeNullValue()" classname="org.apache.kafka.coordinator.group.RecordSerdeTest" time="0.003"/>
  <testcase name="testSerializeKey()" classname="org.apache.kafka.coordinator.group.RecordSerdeTest" time="0.003"/>
  <system-out><![CDATA[]]></system-out>
  <system-err><![CDATA[]]></system-err>
</testsuite>
