<?xml version="1.0" encoding="UTF-8"?>
<testsuite name="org.apache.kafka.coordinator.group.consumer.TopicMetadataTest" tests="4" skipped="0" failures="0" errors="0" timestamp="2024-04-09T11:19:46" hostname="ip-192-168-1-113.eu-central-1.compute.internal" time="0.068">
  <properties/>
  <testcase name="testAttributes()" classname="org.apache.kafka.coordinator.group.consumer.TopicMetadataTest" time="0.007"/>
  <testcase name="testTopicIdAndNameCannotBeNull()" classname="org.apache.kafka.coordinator.group.consumer.TopicMetadataTest" time="0.009"/>
  <testcase name="testEquals()" classname="org.apache.kafka.coordinator.group.consumer.TopicMetadataTest" time="0.008"/>
  <testcase name="testFromRecord()" classname="org.apache.kafka.coordinator.group.consumer.TopicMetadataTest" time="0.01"/>
  <system-out><![CDATA[]]></system-out>
  <system-err><![CDATA[]]></system-err>
</testsuite>
