<?xml version="1.0" encoding="UTF-8"?>
<testsuite name="org.apache.kafka.coordinator.group.assignor.RangeAssignorTest" tests="11" skipped="0" failures="0" errors="0" timestamp="2024-04-09T11:19:26" hostname="ip-192-168-1-113.eu-central-1.compute.internal" time="0.411">
  <properties/>
  <testcase name="testReassignmentWhenOneConsumerRemovedAfterInitialAssignmentWithTwoConsumersTwoTopics()" classname="org.apache.kafka.coordinator.group.assignor.RangeAssignorTest" time="0.104"/>
  <testcase name="testOneConsumerNoTopic()" classname="org.apache.kafka.coordinator.group.assignor.RangeAssignorTest" time="0.004"/>
  <testcase name="testReassignmentWhenOneConsumerAddedAndOnePartitionAfterInitialAssignmentWithTwoConsumersTwoTopics()" classname="org.apache.kafka.coordinator.group.assignor.RangeAssignorTest" time="0.089"/>
  <testcase name="testReassignmentNumConsumersGreaterThanNumPartitionsWhenOneConsumerAdded()" classname="org.apache.kafka.coordinator.group.assignor.RangeAssignorTest" time="0.003"/>
  <testcase name="testReassignmentWhenOnePartitionAddedForTwoConsumersTwoTopics()" classname="org.apache.kafka.coordinator.group.assignor.RangeAssignorTest" time="0.015"/>
  <testcase name="testOneConsumerSubscribedToNonExistentTopic()" classname="org.apache.kafka.coordinator.group.assignor.RangeAssignorTest" time="0.003"/>
  <testcase name="testFirstAssignmentThreeConsumersThreeTopicsDifferentSubscriptions()" classname="org.apache.kafka.coordinator.group.assignor.RangeAssignorTest" time="0.008"/>
  <testcase name="testFirstAssignmentNumConsumersGreaterThanNumPartitions()" classname="org.apache.kafka.coordinator.group.assignor.RangeAssignorTest" time="0.0"/>
  <testcase name="testReassignmentWhenMultipleSubscriptionsRemovedAfterInitialAssignmentWithThreeConsumersTwoTopics()" classname="org.apache.kafka.coordinator.group.assignor.RangeAssignorTest" time="0.003"/>
  <testcase name="testReassignmentWhenOneConsumerAddedAfterInitialAssignmentWithTwoConsumersTwoTopics()" classname="org.apache.kafka.coordinator.group.assignor.RangeAssignorTest" time="0.007"/>
  <testcase name="testFirstAssignmentTwoConsumersTwoTopicsSameSubscriptions()" classname="org.apache.kafka.coordinator.group.assignor.RangeAssignorTest" time="0.01"/>
  <system-out><![CDATA[]]></system-out>
  <system-err><![CDATA[]]></system-err>
</testsuite>
