<?xml version="1.0" encoding="UTF-8"?>
<testsuite name="org.apache.kafka.coordinator.group.runtime.SnapshottableCoordinatorTest" tests="6" skipped="0" failures="0" errors="0" timestamp="2024-04-09T11:19:18" hostname="ip-192-168-1-113.eu-central-1.compute.internal" time="0.185">
  <properties/>
  <testcase name="testRevertLastWrittenOffsetFailed()" classname="org.apache.kafka.coordinator.group.runtime.SnapshottableCoordinatorTest" time="0.169"/>
  <testcase name="testUpdateLastCommittedOffsetFailed()" classname="org.apache.kafka.coordinator.group.runtime.SnapshottableCoordinatorTest" time="0.004"/>
  <testcase name="testUpdateLastWrittenOffsetFailed()" classname="org.apache.kafka.coordinator.group.runtime.SnapshottableCoordinatorTest" time="0.001"/>
  <testcase name="testUpdateLastCommittedOffset()" classname="org.apache.kafka.coordinator.group.runtime.SnapshottableCoordinatorTest" time="0.002"/>
  <testcase name="testRevertWrittenOffset()" classname="org.apache.kafka.coordinator.group.runtime.SnapshottableCoordinatorTest" time="0.004"/>
  <testcase name="testUpdateLastWrittenOffset()" classname="org.apache.kafka.coordinator.group.runtime.SnapshottableCoordinatorTest" time="0.001"/>
  <system-out><![CDATA[[2024-04-09 14:19:18,966] DEBUG Creating in-memory snapshot 0 (org.apache.kafka.timeline.SnapshotRegistry:203)
[2024-04-09 14:19:18,981] DEBUG Creating in-memory snapshot 0 (org.apache.kafka.timeline.SnapshotRegistry:203)
[2024-04-09 14:19:18,983] DEBUG Creating in-memory snapshot 100 (org.apache.kafka.timeline.SnapshotRegistry:203)
[2024-04-09 14:19:18,983] DEBUG Updated last written offset of test-topic-0 to 100. (org.apache.kafka.coordinator.group.runtime.SnapshottableCoordinator:146)
[2024-04-09 14:19:18,984] DEBUG Deleting in-memory snapshot 0 (org.apache.kafka.timeline.SnapshotRegistry:247)
[2024-04-09 14:19:18,985] DEBUG Updated committed offset of test-topic-0 to 100. (org.apache.kafka.coordinator.group.runtime.SnapshottableCoordinator:170)
[2024-04-09 14:19:18,986] DEBUG Creating in-memory snapshot 0 (org.apache.kafka.timeline.SnapshotRegistry:203)
[2024-04-09 14:19:18,989] DEBUG Creating in-memory snapshot 0 (org.apache.kafka.timeline.SnapshotRegistry:203)
[2024-04-09 14:19:18,989] DEBUG Creating in-memory snapshot 100 (org.apache.kafka.timeline.SnapshotRegistry:203)
[2024-04-09 14:19:18,990] DEBUG Updated last written offset of test-topic-0 to 100. (org.apache.kafka.coordinator.group.runtime.SnapshottableCoordinator:146)
[2024-04-09 14:19:18,990] DEBUG Deleting in-memory snapshot 0 (org.apache.kafka.timeline.SnapshotRegistry:247)
[2024-04-09 14:19:18,990] DEBUG Updated committed offset of test-topic-0 to 100. (org.apache.kafka.coordinator.group.runtime.SnapshottableCoordinator:170)
[2024-04-09 14:19:18,991] DEBUG Creating in-memory snapshot 0 (org.apache.kafka.timeline.SnapshotRegistry:203)
[2024-04-09 14:19:18,991] DEBUG Creating in-memory snapshot 100 (org.apache.kafka.timeline.SnapshotRegistry:203)
[2024-04-09 14:19:18,992] DEBUG Updated last written offset of test-topic-0 to 100. (org.apache.kafka.coordinator.group.runtime.SnapshottableCoordinator:146)
[2024-04-09 14:19:18,992] DEBUG Creating in-memory snapshot 200 (org.apache.kafka.timeline.SnapshotRegistry:203)
[2024-04-09 14:19:18,992] DEBUG Updated last written offset of test-topic-0 to 200. (org.apache.kafka.coordinator.group.runtime.SnapshottableCoordinator:146)
[2024-04-09 14:19:18,992] DEBUG Revert last written offset of test-topic-0 to 100. (org.apache.kafka.coordinator.group.runtime.SnapshottableCoordinator:94)
[2024-04-09 14:19:18,993] DEBUG Reverting to in-memory snapshot 100 (org.apache.kafka.timeline.SnapshotRegistry:213)
[2024-04-09 14:19:18,993] DEBUG Deleting in-memory snapshot 200 because we are reverting to 100 (org.apache.kafka.timeline.SnapshotRegistry:219)
[2024-04-09 14:19:18,993] DEBUG Deleting in-memory snapshot 200 (org.apache.kafka.timeline.SnapshotRegistry:247)
[2024-04-09 14:19:18,995] DEBUG Creating in-memory snapshot 0 (org.apache.kafka.timeline.SnapshotRegistry:203)
[2024-04-09 14:19:18,995] DEBUG Creating in-memory snapshot 100 (org.apache.kafka.timeline.SnapshotRegistry:203)
[2024-04-09 14:19:18,995] DEBUG Updated last written offset of test-topic-0 to 100. (org.apache.kafka.coordinator.group.runtime.SnapshottableCoordinator:146)
]]></system-out>
  <system-err><![CDATA[]]></system-err>
</testsuite>
