<?xml version="1.0" encoding="UTF-8"?>
<testsuite name="org.apache.kafka.coordinator.group.metrics.GroupCoordinatorMetricsTest" tests="3" skipped="0" failures="0" errors="0" timestamp="2024-04-09T11:20:06" hostname="ip-192-168-1-113.eu-central-1.compute.internal" time="0.285">
  <properties/>
  <testcase name="testGlobalSensors()" classname="org.apache.kafka.coordinator.group.metrics.GroupCoordinatorMetricsTest" time="0.073"/>
  <testcase name="aggregateShards()" classname="org.apache.kafka.coordinator.group.metrics.GroupCoordinatorMetricsTest" time="0.122"/>
  <testcase name="testMetricNames()" classname="org.apache.kafka.coordinator.group.metrics.GroupCoordinatorMetricsTest" time="0.026"/>
  <system-out><![CDATA[[2024-04-09 14:20:06,212] DEBUG Creating in-memory snapshot 1000 (org.apache.kafka.timeline.SnapshotRegistry:203)
[2024-04-09 14:20:06,212] DEBUG Creating in-memory snapshot 1500 (org.apache.kafka.timeline.SnapshotRegistry:203)
]]></system-out>
  <system-err><![CDATA[]]></system-err>
</testsuite>
