<?xml version="1.0" encoding="UTF-8"?>
<testsuite name="org.apache.kafka.coordinator.group.OffsetExpirationConditionImplTest" tests="1" skipped="0" failures="0" errors="0" timestamp="2024-04-09T11:20:08" hostname="ip-192-168-1-113.eu-central-1.compute.internal" time="0.211">
  <properties/>
  <testcase name="testIsOffsetExpired()" classname="org.apache.kafka.coordinator.group.OffsetExpirationConditionImplTest" time="0.211"/>
  <system-out><![CDATA[]]></system-out>
  <system-err><![CDATA[]]></system-err>
</testsuite>
