<?xml version="1.0" encoding="UTF-8"?>
<testsuite name="org.apache.kafka.coordinator.group.GroupCoordinatorShardTest" tests="29" skipped="0" failures="0" errors="0" timestamp="2024-04-09T11:19:40" hostname="ip-192-168-1-113.eu-central-1.compute.internal" time="12.222">
  <properties/>
  <testcase name="testReplayGroupMetadata()" classname="org.apache.kafka.coordinator.group.GroupCoordinatorShardTest" time="9.48"/>
  <testcase name="testReplayOffsetCommitWithNullValue()" classname="org.apache.kafka.coordinator.group.GroupCoordinatorShardTest" time="0.039"/>
  <testcase name="testReplayConsumerGroupTargetAssignmentMetadata()" classname="org.apache.kafka.coordinator.group.GroupCoordinatorShardTest" time="0.009"/>
  <testcase name="testReplayConsumerGroupMetadataWithNullValue()" classname="org.apache.kafka.coordinator.group.GroupCoordinatorShardTest" time="0.005"/>
  <testcase name="testReplayWithUnsupportedVersion()" classname="org.apache.kafka.coordinator.group.GroupCoordinatorShardTest" time="0.02"/>
  <testcase name="testDeleteGroupsInvalidGroupId()" classname="org.apache.kafka.coordinator.group.GroupCoordinatorShardTest" time="1.391"/>
  <testcase name="testReplayConsumerGroupTargetAssignmentMemberKeyWithNullValue()" classname="org.apache.kafka.coordinator.group.GroupCoordinatorShardTest" time="0.004"/>
  <testcase name="testReplayConsumerGroupPartitionMetadata()" classname="org.apache.kafka.coordinator.group.GroupCoordinatorShardTest" time="0.013"/>
  <testcase name="testReplayGroupMetadataWithNullValue()" classname="org.apache.kafka.coordinator.group.GroupCoordinatorShardTest" time="0.002"/>
  <testcase name="testReplayKeyCannotBeNull()" classname="org.apache.kafka.coordinator.group.GroupCoordinatorShardTest" time="0.017"/>
  <testcase name="testReplayOffsetCommit()" classname="org.apache.kafka.coordinator.group.GroupCoordinatorShardTest" time="0.025"/>
  <testcase name="testReplayConsumerGroupCurrentMemberAssignmentWithNullValue()" classname="org.apache.kafka.coordinator.group.GroupCoordinatorShardTest" time="0.006"/>
  <testcase name="testDeleteGroups()" classname="org.apache.kafka.coordinator.group.GroupCoordinatorShardTest" time="0.034"/>
  <testcase name="[1] result=ABORT" classname="org.apache.kafka.coordinator.group.GroupCoordinatorShardTest" time="0.081"/>
  <testcase name="[2] result=COMMIT" classname="org.apache.kafka.coordinator.group.GroupCoordinatorShardTest" time="0.004"/>
  <testcase name="testCommitOffset()" classname="org.apache.kafka.coordinator.group.GroupCoordinatorShardTest" time="0.027"/>
  <testcase name="testReplayConsumerGroupPartitionMetadataWithNullValue()" classname="org.apache.kafka.coordinator.group.GroupCoordinatorShardTest" time="0.001"/>
  <testcase name="testScheduleCleanupGroupMetadata()" classname="org.apache.kafka.coordinator.group.GroupCoordinatorShardTest" time="0.145"/>
  <testcase name="testReplayConsumerGroupTargetAssignmentMetadataWithNullValue()" classname="org.apache.kafka.coordinator.group.GroupCoordinatorShardTest" time="0.005"/>
  <testcase name="testReplayConsumerGroupMemberMetadataWithNullValue()" classname="org.apache.kafka.coordinator.group.GroupCoordinatorShardTest" time="0.003"/>
  <testcase name="testConsumerGroupHeartbeat()" classname="org.apache.kafka.coordinator.group.GroupCoordinatorShardTest" time="0.007"/>
  <testcase name="testReplayConsumerGroupMetadata()" classname="org.apache.kafka.coordinator.group.GroupCoordinatorShardTest" time="0.007"/>
  <testcase name="testCommitTransactionalOffset()" classname="org.apache.kafka.coordinator.group.GroupCoordinatorShardTest" time="0.003"/>
  <testcase name="testReplayConsumerGroupMemberMetadata()" classname="org.apache.kafka.coordinator.group.GroupCoordinatorShardTest" time="0.093"/>
  <testcase name="testReplayConsumerGroupTargetAssignmentMember()" classname="org.apache.kafka.coordinator.group.GroupCoordinatorShardTest" time="0.016"/>
  <testcase name="testReplayConsumerGroupCurrentMemberAssignment()" classname="org.apache.kafka.coordinator.group.GroupCoordinatorShardTest" time="0.004"/>
  <testcase name="testOnLoaded()" classname="org.apache.kafka.coordinator.group.GroupCoordinatorShardTest" time="0.007"/>
  <testcase name="testCleanupGroupMetadata()" classname="org.apache.kafka.coordinator.group.GroupCoordinatorShardTest" time="0.021"/>
  <testcase name="testReplayTransactionalOffsetCommit()" classname="org.apache.kafka.coordinator.group.GroupCoordinatorShardTest" time="0.006"/>
  <system-out><![CDATA[[2024-04-09 14:19:51,792] INFO The following groups were deleted: group-id-1, group-id-3. A total of 0 offsets were removed. (org.apache.kafka.coordinator.group.GroupCoordinatorShard:405)
[2024-04-09 14:19:51,930] INFO The following groups were deleted: group-id-1, group-id-2. A total of 2 offsets were removed. (org.apache.kafka.coordinator.group.GroupCoordinatorShard:405)
[2024-04-09 14:19:52,722] INFO Generated 0 tombstone records while cleaning up group metadata in 0 milliseconds. (org.apache.kafka.coordinator.group.GroupCoordinatorShard:571)
[2024-04-09 14:19:52,911] INFO Generated 2 tombstone records while cleaning up group metadata in 0 milliseconds. (org.apache.kafka.coordinator.group.GroupCoordinatorShard:571)
]]></system-out>
  <system-err><![CDATA[]]></system-err>
</testsuite>
