<?xml version="1.0" encoding="UTF-8"?>
<testsuite name="org.apache.kafka.coordinator.group.runtime.CoordinatorRuntimeTest" tests="34" skipped="0" failures="0" errors="0" timestamp="2024-04-09T11:19:22" hostname="ip-192-168-1-113.eu-central-1.compute.internal" time="15.674">
  <properties/>
  <testcase name="testScheduleUnloadingWithStalePartitionEpoch()" classname="org.apache.kafka.coordinator.group.runtime.CoordinatorRuntimeTest" time="7.967"/>
  <testcase name="testRetryableTimer()" classname="org.apache.kafka.coordinator.group.runtime.CoordinatorRuntimeTest" time="0.34"/>
  <testcase name="testScheduleLoadingAfterLoadingFailure()" classname="org.apache.kafka.coordinator.group.runtime.CoordinatorRuntimeTest" time="2.346"/>
  <testcase name="testScheduleTransactionCompletionWhenReplayFails()" classname="org.apache.kafka.coordinator.group.runtime.CoordinatorRuntimeTest" time="0.386"/>
  <testcase name="testScheduleWriteOp()" classname="org.apache.kafka.coordinator.group.runtime.CoordinatorRuntimeTest" time="0.279"/>
  <testcase name="testClose()" classname="org.apache.kafka.coordinator.group.runtime.CoordinatorRuntimeTest" time="0.034"/>
  <testcase name="testScheduleReadOp()" classname="org.apache.kafka.coordinator.group.runtime.CoordinatorRuntimeTest" time="0.023"/>
  <testcase name="testScheduleLoadingWithFailure()" classname="org.apache.kafka.coordinator.group.runtime.CoordinatorRuntimeTest" time="1.745"/>
  <testcase name="testScheduleWriteOpWhenWriteFails()" classname="org.apache.kafka.coordinator.group.runtime.CoordinatorRuntimeTest" time="0.549"/>
  <testcase name="testPartitionLoadGeneratesSnapshotAtHighWatermark()" classname="org.apache.kafka.coordinator.group.runtime.CoordinatorRuntimeTest" time="0.032"/>
  <testcase name="testScheduleTimer()" classname="org.apache.kafka.coordinator.group.runtime.CoordinatorRuntimeTest" time="0.265"/>
  <testcase name="testPartitionLoadGeneratesSnapshotAtHighWatermarkNoRecordsLoaded()" classname="org.apache.kafka.coordinator.group.runtime.CoordinatorRuntimeTest" time="0.226"/>
  <testcase name="testScheduleReadOpWhenOpsFails()" classname="org.apache.kafka.coordinator.group.runtime.CoordinatorRuntimeTest" time="0.032"/>
  <testcase name="testPartitionLoadSensor()" classname="org.apache.kafka.coordinator.group.runtime.CoordinatorRuntimeTest" time="0.026"/>
  <testcase name="testScheduleWriteOpWhenWriteTimesOut()" classname="org.apache.kafka.coordinator.group.runtime.CoordinatorRuntimeTest" time="0.009"/>
  <testcase name="testScheduleUnloadingWithEmptyEpoch()" classname="org.apache.kafka.coordinator.group.runtime.CoordinatorRuntimeTest" time="0.046"/>
  <testcase name="testScheduleTransactionCompletionWhenWriteTimesOut()" classname="org.apache.kafka.coordinator.group.runtime.CoordinatorRuntimeTest" time="0.017"/>
  <testcase name="testScheduleUnloadingWhenContextDoesntExist()" classname="org.apache.kafka.coordinator.group.runtime.CoordinatorRuntimeTest" time="0.015"/>
  <testcase name="[1] result=ABORT" classname="org.apache.kafka.coordinator.group.runtime.CoordinatorRuntimeTest" time="0.023"/>
  <testcase name="[2] result=COMMIT" classname="org.apache.kafka.coordinator.group.runtime.CoordinatorRuntimeTest" time="0.025"/>
  <testcase name="testScheduleReadOpWhenPartitionInactive()" classname="org.apache.kafka.coordinator.group.runtime.CoordinatorRuntimeTest" time="0.039"/>
  <testcase name="testScheduleTransactionalWriteOp()" classname="org.apache.kafka.coordinator.group.runtime.CoordinatorRuntimeTest" time="0.112"/>
  <testcase name="testNonRetryableTimer()" classname="org.apache.kafka.coordinator.group.runtime.CoordinatorRuntimeTest" time="0.011"/>
  <testcase name="testScheduleWriteOpWhenReplayFails()" classname="org.apache.kafka.coordinator.group.runtime.CoordinatorRuntimeTest" time="0.005"/>
  <testcase name="testScheduleUnloading()" classname="org.apache.kafka.coordinator.group.runtime.CoordinatorRuntimeTest" time="0.008"/>
  <testcase name="testScheduleTransactionCompletionWhenWriteFails()" classname="org.apache.kafka.coordinator.group.runtime.CoordinatorRuntimeTest" time="0.008"/>
  <testcase name="testOnNewMetadataImage()" classname="org.apache.kafka.coordinator.group.runtime.CoordinatorRuntimeTest" time="0.061"/>
  <testcase name="testScheduleWriteOpWhenOpFails()" classname="org.apache.kafka.coordinator.group.runtime.CoordinatorRuntimeTest" time="0.008"/>
  <testcase name="testScheduleLoading()" classname="org.apache.kafka.coordinator.group.runtime.CoordinatorRuntimeTest" time="0.026"/>
  <testcase name="testScheduleWriteOpWhenInactive()" classname="org.apache.kafka.coordinator.group.runtime.CoordinatorRuntimeTest" time="0.003"/>
  <testcase name="testScheduleLoadingWithStalePartitionEpoch()" classname="org.apache.kafka.coordinator.group.runtime.CoordinatorRuntimeTest" time="0.018"/>
  <testcase name="testStateChanges()" classname="org.apache.kafka.coordinator.group.runtime.CoordinatorRuntimeTest" time="0.235"/>
  <testcase name="testRescheduleTimer()" classname="org.apache.kafka.coordinator.group.runtime.CoordinatorRuntimeTest" time="0.014"/>
  <testcase name="testCancelTimer()" classname="org.apache.kafka.coordinator.group.runtime.CoordinatorRuntimeTest" time="0.007"/>
  <system-out><![CDATA[[2024-04-09 14:19:30,067] INFO Scheduling loading of metadata from __consumer_offsets-0 with epoch 10 (org.apache.kafka.coordinator.group.runtime.CoordinatorRuntime:1583)
[2024-04-09 14:19:30,403] DEBUG Scheduled execution of internal operation Load(tp=__consumer_offsets-0, epoch=10). (org.apache.kafka.coordinator.group.runtime.CoordinatorRuntime:1557)
[2024-04-09 14:19:30,415] DEBUG Transition from INITIAL to LOADING. (org.apache.kafka.coordinator.group.runtime.CoordinatorRuntime:474)
[2024-04-09 14:19:30,435] DEBUG [ topic=__consumer_offsets partition=0] Creating in-memory snapshot 0 (org.apache.kafka.timeline.SnapshotRegistry:203)
[2024-04-09 14:19:30,627] DEBUG Scheduled execution of internal operation CompleteLoad(tp=__consumer_offsets-0, epoch=10). (org.apache.kafka.coordinator.group.runtime.CoordinatorRuntime:1557)
[2024-04-09 14:19:30,645] DEBUG Transition from LOADING to ACTIVE. (org.apache.kafka.coordinator.group.runtime.CoordinatorRuntime:474)
[2024-04-09 14:19:30,825] INFO Finished loading of metadata from __consumer_offsets-0 with epoch 10 and LoadSummary=null. (org.apache.kafka.coordinator.group.runtime.CoordinatorRuntime:1615)
[2024-04-09 14:19:30,827] INFO Scheduling unloading of metadata for __consumer_offsets-0 with epoch OptionalInt[0] (org.apache.kafka.coordinator.group.runtime.CoordinatorRuntime:1662)
[2024-04-09 14:19:30,834] DEBUG Scheduled execution of internal operation UnloadCoordinator(tp=__consumer_offsets-0, epoch=OptionalInt[0]). (org.apache.kafka.coordinator.group.runtime.CoordinatorRuntime:1557)
[2024-04-09 14:19:30,836] INFO Ignored unloading metadata for __consumer_offsets-0 in epoch OptionalInt[0] since current epoch is 10. (org.apache.kafka.coordinator.group.runtime.CoordinatorRuntime:1675)
[2024-04-09 14:19:30,908] INFO Scheduling loading of metadata from __consumer_offsets-0 with epoch 10 (org.apache.kafka.coordinator.group.runtime.CoordinatorRuntime:1583)
[2024-04-09 14:19:30,913] DEBUG Scheduled execution of internal operation Load(tp=__consumer_offsets-0, epoch=10). (org.apache.kafka.coordinator.group.runtime.CoordinatorRuntime:1557)
[2024-04-09 14:19:30,913] DEBUG Transition from INITIAL to LOADING. (org.apache.kafka.coordinator.group.runtime.CoordinatorRuntime:474)
[2024-04-09 14:19:30,916] DEBUG [ topic=__consumer_offsets partition=0] Creating in-memory snapshot 0 (org.apache.kafka.timeline.SnapshotRegistry:203)
[2024-04-09 14:19:30,918] DEBUG Scheduled execution of internal operation CompleteLoad(tp=__consumer_offsets-0, epoch=10). (org.apache.kafka.coordinator.group.runtime.CoordinatorRuntime:1557)
[2024-04-09 14:19:30,918] DEBUG Transition from LOADING to ACTIVE. (org.apache.kafka.coordinator.group.runtime.CoordinatorRuntime:474)
[2024-04-09 14:19:30,919] INFO Finished loading of metadata from __consumer_offsets-0 with epoch 10 and LoadSummary=null. (org.apache.kafka.coordinator.group.runtime.CoordinatorRuntime:1615)
[2024-04-09 14:19:30,949] DEBUG [ topic=__consumer_offsets partition=0] Registering timer timer-1 with delay of 10ms. (org.apache.kafka.coordinator.group.runtime.CoordinatorRuntime$EventBasedCoordinatorTimer:366)
[2024-04-09 14:19:31,079] DEBUG [ topic=__consumer_offsets partition=0] Scheduling write event Timeout(tp=__consumer_offsets-0, key=timer-1) for timer timer-1. (org.apache.kafka.coordinator.group.runtime.CoordinatorRuntime$EventBasedCoordinatorTimer:356)
[2024-04-09 14:19:31,206] DEBUG [ topic=__consumer_offsets partition=0] Executing write event Timeout(tp=__consumer_offsets-0, key=timer-1) for timer timer-1. (org.apache.kafka.coordinator.group.runtime.CoordinatorRuntime$EventBasedCoordinatorTimer:317)
[2024-04-09 14:19:31,208] INFO [ topic=__consumer_offsets partition=0] The write event Timeout(tp=__consumer_offsets-0, key=timer-1) for the timer timer-1 failed due to error. Rescheduling it.  (org.apache.kafka.coordinator.group.runtime.CoordinatorRuntime$EventBasedCoordinatorTimer:345)
[2024-04-09 14:19:31,210] DEBUG [ topic=__consumer_offsets partition=0] Registering timer timer-1 with delay of 500ms. (org.apache.kafka.coordinator.group.runtime.CoordinatorRuntime$EventBasedCoordinatorTimer:366)
[2024-04-09 14:19:31,210] DEBUG [ topic=__consumer_offsets partition=0] Scheduling write event Timeout(tp=__consumer_offsets-0, key=timer-1) for timer timer-1. (org.apache.kafka.coordinator.group.runtime.CoordinatorRuntime$EventBasedCoordinatorTimer:356)
[2024-04-09 14:19:31,210] DEBUG [ topic=__consumer_offsets partition=0] Executing write event Timeout(tp=__consumer_offsets-0, key=timer-1) for timer timer-1. (org.apache.kafka.coordinator.group.runtime.CoordinatorRuntime$EventBasedCoordinatorTimer:317)
[2024-04-09 14:19:31,210] INFO [ topic=__consumer_offsets partition=0] The write event Timeout(tp=__consumer_offsets-0, key=timer-1) for the timer timer-1 failed due to error. Rescheduling it.  (org.apache.kafka.coordinator.group.runtime.CoordinatorRuntime$EventBasedCoordinatorTimer:345)
[2024-04-09 14:19:31,210] DEBUG [ topic=__consumer_offsets partition=0] Registering timer timer-1 with delay of 500ms. (org.apache.kafka.coordinator.group.runtime.CoordinatorRuntime$EventBasedCoordinatorTimer:366)
[2024-04-09 14:19:31,212] DEBUG [ topic=__consumer_offsets partition=0] Scheduling write event Timeout(tp=__consumer_offsets-0, key=timer-1) for timer timer-1. (org.apache.kafka.coordinator.group.runtime.CoordinatorRuntime$EventBasedCoordinatorTimer:356)
[2024-04-09 14:19:31,212] DEBUG [ topic=__consumer_offsets partition=0] Executing write event Timeout(tp=__consumer_offsets-0, key=timer-1) for timer timer-1. (org.apache.kafka.coordinator.group.runtime.CoordinatorRuntime$EventBasedCoordinatorTimer:317)
[2024-04-09 14:19:31,212] INFO [ topic=__consumer_offsets partition=0] The write event Timeout(tp=__consumer_offsets-0, key=timer-1) for the timer timer-1 failed due to error. Rescheduling it.  (org.apache.kafka.coordinator.group.runtime.CoordinatorRuntime$EventBasedCoordinatorTimer:345)
[2024-04-09 14:19:31,214] DEBUG [ topic=__consumer_offsets partition=0] Registering timer timer-1 with delay of 500ms. (org.apache.kafka.coordinator.group.runtime.CoordinatorRuntime$EventBasedCoordinatorTimer:366)
[2024-04-09 14:19:32,631] INFO Scheduling loading of metadata from __consumer_offsets-0 with epoch 10 (org.apache.kafka.coordinator.group.runtime.CoordinatorRuntime:1583)
[2024-04-09 14:19:32,664] DEBUG Scheduled execution of internal operation Load(tp=__consumer_offsets-0, epoch=10). (org.apache.kafka.coordinator.group.runtime.CoordinatorRuntime:1557)
[2024-04-09 14:19:32,666] DEBUG Transition from INITIAL to LOADING. (org.apache.kafka.coordinator.group.runtime.CoordinatorRuntime:474)
[2024-04-09 14:19:32,671] DEBUG [ topic=__consumer_offsets partition=0] Creating in-memory snapshot 0 (org.apache.kafka.timeline.SnapshotRegistry:203)
[2024-04-09 14:19:32,887] DEBUG Scheduled execution of internal operation CompleteLoad(tp=__consumer_offsets-0, epoch=10). (org.apache.kafka.coordinator.group.runtime.CoordinatorRuntime:1557)
[2024-04-09 14:19:32,888] ERROR Failed to load metadata from __consumer_offsets-0 with epoch 10 due to java.lang.Exception: failure. (org.apache.kafka.coordinator.group.runtime.CoordinatorRuntime:1619)
[2024-04-09 14:19:32,897] DEBUG Transition from LOADING to FAILED. (org.apache.kafka.coordinator.group.runtime.CoordinatorRuntime:474)
[2024-04-09 14:19:33,451] INFO Scheduling loading of metadata from __consumer_offsets-0 with epoch 11 (org.apache.kafka.coordinator.group.runtime.CoordinatorRuntime:1583)
[2024-04-09 14:19:33,452] DEBUG Scheduled execution of internal operation Load(tp=__consumer_offsets-0, epoch=11). (org.apache.kafka.coordinator.group.runtime.CoordinatorRuntime:1557)
[2024-04-09 14:19:33,452] DEBUG Transition from FAILED to LOADING. (org.apache.kafka.coordinator.group.runtime.CoordinatorRuntime:474)
[2024-04-09 14:19:33,454] DEBUG [ topic=__consumer_offsets partition=0] Creating in-memory snapshot 0 (org.apache.kafka.timeline.SnapshotRegistry:203)
[2024-04-09 14:19:33,455] DEBUG Scheduled execution of internal operation CompleteLoad(tp=__consumer_offsets-0, epoch=11). (org.apache.kafka.coordinator.group.runtime.CoordinatorRuntime:1557)
[2024-04-09 14:19:33,495] DEBUG Transition from LOADING to ACTIVE. (org.apache.kafka.coordinator.group.runtime.CoordinatorRuntime:474)
[2024-04-09 14:19:33,527] INFO Finished loading of metadata from __consumer_offsets-0 with epoch 11 and LoadSummary=null. (org.apache.kafka.coordinator.group.runtime.CoordinatorRuntime:1615)
[2024-04-09 14:19:33,692] INFO Scheduling loading of metadata from __consumer_offsets-0 with epoch 10 (org.apache.kafka.coordinator.group.runtime.CoordinatorRuntime:1583)
[2024-04-09 14:19:33,699] DEBUG Scheduled execution of internal operation Load(tp=__consumer_offsets-0, epoch=10). (org.apache.kafka.coordinator.group.runtime.CoordinatorRuntime:1557)
[2024-04-09 14:19:33,699] DEBUG Transition from INITIAL to LOADING. (org.apache.kafka.coordinator.group.runtime.CoordinatorRuntime:474)
[2024-04-09 14:19:33,700] DEBUG [ topic=__consumer_offsets partition=0] Creating in-memory snapshot 0 (org.apache.kafka.timeline.SnapshotRegistry:203)
[2024-04-09 14:19:33,725] DEBUG Scheduled execution of internal operation CompleteLoad(tp=__consumer_offsets-0, epoch=10). (org.apache.kafka.coordinator.group.runtime.CoordinatorRuntime:1557)
[2024-04-09 14:19:33,726] DEBUG Transition from LOADING to ACTIVE. (org.apache.kafka.coordinator.group.runtime.CoordinatorRuntime:474)
[2024-04-09 14:19:33,726] INFO Finished loading of metadata from __consumer_offsets-0 with epoch 10 and LoadSummary=null. (org.apache.kafka.coordinator.group.runtime.CoordinatorRuntime:1615)
[2024-04-09 14:19:33,774] DEBUG Scheduled execution of transactional write operation write#1. (org.apache.kafka.coordinator.group.runtime.CoordinatorRuntime:1469)
[2024-04-09 14:19:33,935] DEBUG [ topic=__consumer_offsets partition=0] Creating in-memory snapshot 2 (org.apache.kafka.timeline.SnapshotRegistry:203)
[2024-04-09 14:19:33,936] DEBUG Updated last written offset of __consumer_offsets-0 to 2. (org.apache.kafka.coordinator.group.runtime.SnapshottableCoordinator:146)
[2024-04-09 14:19:33,948] DEBUG Scheduled execution of transaction completion for __consumer_offsets-0 with producer id=100, producer epoch=5, coordinator epoch=10 and transaction result=COMMIT. (org.apache.kafka.coordinator.group.runtime.CoordinatorRuntime:1506)
[2024-04-09 14:19:33,976] DEBUG Revert last written offset of __consumer_offsets-0 to 2. (org.apache.kafka.coordinator.group.runtime.SnapshottableCoordinator:94)
[2024-04-09 14:19:33,977] DEBUG [ topic=__consumer_offsets partition=0] Reverting to in-memory snapshot 2 (org.apache.kafka.timeline.SnapshotRegistry:213)
[2024-04-09 14:19:34,059] INFO Scheduling loading of metadata from __consumer_offsets-0 with epoch 10 (org.apache.kafka.coordinator.group.runtime.CoordinatorRuntime:1583)
[2024-04-09 14:19:34,060] DEBUG Scheduled execution of internal operation Load(tp=__consumer_offsets-0, epoch=10). (org.apache.kafka.coordinator.group.runtime.CoordinatorRuntime:1557)
[2024-04-09 14:19:34,061] DEBUG Transition from INITIAL to LOADING. (org.apache.kafka.coordinator.group.runtime.CoordinatorRuntime:474)
[2024-04-09 14:19:34,061] DEBUG [ topic=__consumer_offsets partition=0] Creating in-memory snapshot 0 (org.apache.kafka.timeline.SnapshotRegistry:203)
[2024-04-09 14:19:34,062] DEBUG Scheduled execution of internal operation CompleteLoad(tp=__consumer_offsets-0, epoch=10). (org.apache.kafka.coordinator.group.runtime.CoordinatorRuntime:1557)
[2024-04-09 14:19:34,063] DEBUG Transition from LOADING to ACTIVE. (org.apache.kafka.coordinator.group.runtime.CoordinatorRuntime:474)
[2024-04-09 14:19:34,064] INFO Finished loading of metadata from __consumer_offsets-0 with epoch 10 and LoadSummary=null. (org.apache.kafka.coordinator.group.runtime.CoordinatorRuntime:1615)
[2024-04-09 14:19:34,066] DEBUG Scheduled execution of write operation write#1. (org.apache.kafka.coordinator.group.runtime.CoordinatorRuntime:1437)
[2024-04-09 14:19:34,067] DEBUG [ topic=__consumer_offsets partition=0] Creating in-memory snapshot 2 (org.apache.kafka.timeline.SnapshotRegistry:203)
[2024-04-09 14:19:34,067] DEBUG [ topic=__consumer_offsets partition=0] Updated last written offset of __consumer_offsets-0 to 2. (org.apache.kafka.coordinator.group.runtime.SnapshottableCoordinator:146)
[2024-04-09 14:19:34,070] DEBUG Scheduled execution of write operation write#2. (org.apache.kafka.coordinator.group.runtime.CoordinatorRuntime:1437)
[2024-04-09 14:19:34,070] DEBUG [ topic=__consumer_offsets partition=0] Creating in-memory snapshot 3 (org.apache.kafka.timeline.SnapshotRegistry:203)
[2024-04-09 14:19:34,070] DEBUG [ topic=__consumer_offsets partition=0] Updated last written offset of __consumer_offsets-0 to 3. (org.apache.kafka.coordinator.group.runtime.SnapshottableCoordinator:146)
[2024-04-09 14:19:34,075] DEBUG Scheduled execution of write operation write#3. (org.apache.kafka.coordinator.group.runtime.CoordinatorRuntime:1437)
[2024-04-09 14:19:34,078] DEBUG High watermark of __consumer_offsets-0 incremented to 2. (org.apache.kafka.coordinator.group.runtime.CoordinatorRuntime:1178)
[2024-04-09 14:19:34,102] DEBUG Scheduled execution of internal operation HighWatermarkUpdated(tp=__consumer_offsets-0, offset=2). (org.apache.kafka.coordinator.group.runtime.CoordinatorRuntime:1557)
[2024-04-09 14:19:34,120] DEBUG [ topic=__consumer_offsets partition=0] Deleting in-memory snapshot 0 (org.apache.kafka.timeline.SnapshotRegistry:247)
[2024-04-09 14:19:34,123] DEBUG [ topic=__consumer_offsets partition=0] Updated committed offset of __consumer_offsets-0 to 2. (org.apache.kafka.coordinator.group.runtime.SnapshottableCoordinator:170)
[2024-04-09 14:19:34,124] DEBUG [ topic=__consumer_offsets partition=0] completeUpTo(2): successfully completing CoordinatorWriteEvent(name=write#1) (org.apache.kafka.deferred.DeferredEventQueue:61)
[2024-04-09 14:19:34,244] DEBUG High watermark of __consumer_offsets-0 incremented to 3. (org.apache.kafka.coordinator.group.runtime.CoordinatorRuntime:1178)
[2024-04-09 14:19:34,251] DEBUG Scheduled execution of internal operation HighWatermarkUpdated(tp=__consumer_offsets-0, offset=3). (org.apache.kafka.coordinator.group.runtime.CoordinatorRuntime:1557)
[2024-04-09 14:19:34,252] DEBUG [ topic=__consumer_offsets partition=0] Deleting in-memory snapshot 2 (org.apache.kafka.timeline.SnapshotRegistry:247)
[2024-04-09 14:19:34,252] DEBUG [ topic=__consumer_offsets partition=0] Updated committed offset of __consumer_offsets-0 to 3. (org.apache.kafka.coordinator.group.runtime.SnapshottableCoordinator:170)
[2024-04-09 14:19:34,253] DEBUG [ topic=__consumer_offsets partition=0] completeUpTo(3): successfully completing CoordinatorWriteEvent(name=write#2) (org.apache.kafka.deferred.DeferredEventQueue:61)
[2024-04-09 14:19:34,253] DEBUG [ topic=__consumer_offsets partition=0] completeUpTo(3): successfully completing CoordinatorWriteEvent(name=write#3) (org.apache.kafka.deferred.DeferredEventQueue:61)
[2024-04-09 14:19:34,315] DEBUG Scheduled execution of write operation write#4. (org.apache.kafka.coordinator.group.runtime.CoordinatorRuntime:1437)
[2024-04-09 14:19:34,366] INFO Scheduling loading of metadata from __consumer_offsets-0 with epoch 10 (org.apache.kafka.coordinator.group.runtime.CoordinatorRuntime:1583)
[2024-04-09 14:19:34,368] DEBUG Scheduled execution of internal operation Load(tp=__consumer_offsets-0, epoch=10). (org.apache.kafka.coordinator.group.runtime.CoordinatorRuntime:1557)
[2024-04-09 14:19:34,368] DEBUG Transition from INITIAL to LOADING. (org.apache.kafka.coordinator.group.runtime.CoordinatorRuntime:474)
[2024-04-09 14:19:34,369] DEBUG [ topic=__consumer_offsets partition=0] Creating in-memory snapshot 0 (org.apache.kafka.timeline.SnapshotRegistry:203)
[2024-04-09 14:19:34,370] DEBUG Scheduled execution of internal operation CompleteLoad(tp=__consumer_offsets-0, epoch=10). (org.apache.kafka.coordinator.group.runtime.CoordinatorRuntime:1557)
[2024-04-09 14:19:34,371] DEBUG Transition from LOADING to ACTIVE. (org.apache.kafka.coordinator.group.runtime.CoordinatorRuntime:474)
[2024-04-09 14:19:34,371] INFO Finished loading of metadata from __consumer_offsets-0 with epoch 10 and LoadSummary=null. (org.apache.kafka.coordinator.group.runtime.CoordinatorRuntime:1615)
[2024-04-09 14:19:34,373] DEBUG Scheduled execution of write operation write#1. (org.apache.kafka.coordinator.group.runtime.CoordinatorRuntime:1437)
[2024-04-09 14:19:34,379] DEBUG [ topic=__consumer_offsets partition=0] Creating in-memory snapshot 2 (org.apache.kafka.timeline.SnapshotRegistry:203)
[2024-04-09 14:19:34,380] DEBUG [ topic=__consumer_offsets partition=0] Updated last written offset of __consumer_offsets-0 to 2. (org.apache.kafka.coordinator.group.runtime.SnapshottableCoordinator:146)
[2024-04-09 14:19:34,382] DEBUG Scheduled execution of write operation write#2. (org.apache.kafka.coordinator.group.runtime.CoordinatorRuntime:1437)
[2024-04-09 14:19:34,383] DEBUG [ topic=__consumer_offsets partition=0] Creating in-memory snapshot 4 (org.apache.kafka.timeline.SnapshotRegistry:203)
[2024-04-09 14:19:34,383] DEBUG [ topic=__consumer_offsets partition=0] Updated last written offset of __consumer_offsets-0 to 4. (org.apache.kafka.coordinator.group.runtime.SnapshottableCoordinator:146)
[2024-04-09 14:19:34,384] DEBUG [ topic=__consumer_offsets partition=0] Registering timer timer-1 with delay of 10000ms. (org.apache.kafka.coordinator.group.runtime.CoordinatorRuntime$EventBasedCoordinatorTimer:366)
[2024-04-09 14:19:34,384] INFO Closing coordinator runtime. (org.apache.kafka.coordinator.group.runtime.CoordinatorRuntime:1734)
[2024-04-09 14:19:34,385] DEBUG Transition from ACTIVE to CLOSED. (org.apache.kafka.coordinator.group.runtime.CoordinatorRuntime:474)
[2024-04-09 14:19:34,385] INFO [ topic=__consumer_offsets partition=0] failAll(NotCoordinatorException): failing CoordinatorWriteEvent(name=write#1). (org.apache.kafka.deferred.DeferredEventQueue:83)
[2024-04-09 14:19:34,386] INFO [ topic=__consumer_offsets partition=0] failAll(NotCoordinatorException): failing CoordinatorWriteEvent(name=write#2). (org.apache.kafka.deferred.DeferredEventQueue:83)
[2024-04-09 14:19:34,386] INFO Coordinator runtime closed. (org.apache.kafka.coordinator.group.runtime.CoordinatorRuntime:1746)
[2024-04-09 14:19:34,397] INFO Scheduling loading of metadata from __consumer_offsets-0 with epoch 10 (org.apache.kafka.coordinator.group.runtime.CoordinatorRuntime:1583)
[2024-04-09 14:19:34,397] DEBUG Scheduled execution of internal operation Load(tp=__consumer_offsets-0, epoch=10). (org.apache.kafka.coordinator.group.runtime.CoordinatorRuntime:1557)
[2024-04-09 14:19:34,398] DEBUG Transition from INITIAL to LOADING. (org.apache.kafka.coordinator.group.runtime.CoordinatorRuntime:474)
[2024-04-09 14:19:34,398] DEBUG [ topic=__consumer_offsets partition=0] Creating in-memory snapshot 0 (org.apache.kafka.timeline.SnapshotRegistry:203)
[2024-04-09 14:19:34,398] DEBUG Scheduled execution of internal operation CompleteLoad(tp=__consumer_offsets-0, epoch=10). (org.apache.kafka.coordinator.group.runtime.CoordinatorRuntime:1557)
[2024-04-09 14:19:34,399] DEBUG Transition from LOADING to ACTIVE. (org.apache.kafka.coordinator.group.runtime.CoordinatorRuntime:474)
[2024-04-09 14:19:34,399] INFO Finished loading of metadata from __consumer_offsets-0 with epoch 10 and LoadSummary=null. (org.apache.kafka.coordinator.group.runtime.CoordinatorRuntime:1615)
[2024-04-09 14:19:34,400] DEBUG Scheduled execution of write operation write#1. (org.apache.kafka.coordinator.group.runtime.CoordinatorRuntime:1437)
[2024-04-09 14:19:34,401] DEBUG [ topic=__consumer_offsets partition=0] Creating in-memory snapshot 2 (org.apache.kafka.timeline.SnapshotRegistry:203)
[2024-04-09 14:19:34,401] DEBUG [ topic=__consumer_offsets partition=0] Updated last written offset of __consumer_offsets-0 to 2. (org.apache.kafka.coordinator.group.runtime.SnapshottableCoordinator:146)
[2024-04-09 14:19:34,403] DEBUG Scheduled execution of write operation write#2. (org.apache.kafka.coordinator.group.runtime.CoordinatorRuntime:1437)
[2024-04-09 14:19:34,403] DEBUG [ topic=__consumer_offsets partition=0] Creating in-memory snapshot 4 (org.apache.kafka.timeline.SnapshotRegistry:203)
[2024-04-09 14:19:34,403] DEBUG [ topic=__consumer_offsets partition=0] Updated last written offset of __consumer_offsets-0 to 4. (org.apache.kafka.coordinator.group.runtime.SnapshottableCoordinator:146)
[2024-04-09 14:19:34,404] DEBUG High watermark of __consumer_offsets-0 incremented to 2. (org.apache.kafka.coordinator.group.runtime.CoordinatorRuntime:1178)
[2024-04-09 14:19:34,404] DEBUG Scheduled execution of internal operation HighWatermarkUpdated(tp=__consumer_offsets-0, offset=2). (org.apache.kafka.coordinator.group.runtime.CoordinatorRuntime:1557)
[2024-04-09 14:19:34,404] DEBUG [ topic=__consumer_offsets partition=0] Deleting in-memory snapshot 0 (org.apache.kafka.timeline.SnapshotRegistry:247)
[2024-04-09 14:19:34,404] DEBUG [ topic=__consumer_offsets partition=0] Updated committed offset of __consumer_offsets-0 to 2. (org.apache.kafka.coordinator.group.runtime.SnapshottableCoordinator:170)
[2024-04-09 14:19:34,404] DEBUG [ topic=__consumer_offsets partition=0] completeUpTo(2): successfully completing CoordinatorWriteEvent(name=write#1) (org.apache.kafka.deferred.DeferredEventQueue:61)
[2024-04-09 14:19:34,414] DEBUG Scheduled execution of read operation read. (org.apache.kafka.coordinator.group.runtime.CoordinatorRuntime:1539)
[2024-04-09 14:19:35,685] INFO Scheduling loading of metadata from __consumer_offsets-0 with epoch 0 (org.apache.kafka.coordinator.group.runtime.CoordinatorRuntime:1583)
[2024-04-09 14:19:35,820] DEBUG Scheduled execution of internal operation Load(tp=__consumer_offsets-0, epoch=0). (org.apache.kafka.coordinator.group.runtime.CoordinatorRuntime:1557)
[2024-04-09 14:19:35,832] DEBUG Transition from INITIAL to LOADING. (org.apache.kafka.coordinator.group.runtime.CoordinatorRuntime:474)
[2024-04-09 14:19:35,835] DEBUG [ topic=__consumer_offsets partition=0] Creating in-memory snapshot 0 (org.apache.kafka.timeline.SnapshotRegistry:203)
[2024-04-09 14:19:35,837] DEBUG Scheduled execution of internal operation CompleteLoad(tp=__consumer_offsets-0, epoch=0). (org.apache.kafka.coordinator.group.runtime.CoordinatorRuntime:1557)
[2024-04-09 14:19:35,838] ERROR Failed to load metadata from __consumer_offsets-0 with epoch 0 due to java.lang.Exception: failure. (org.apache.kafka.coordinator.group.runtime.CoordinatorRuntime:1619)
[2024-04-09 14:19:35,838] DEBUG Transition from LOADING to FAILED. (org.apache.kafka.coordinator.group.runtime.CoordinatorRuntime:474)
[2024-04-09 14:19:36,199] INFO Scheduling loading of metadata from __consumer_offsets-0 with epoch 10 (org.apache.kafka.coordinator.group.runtime.CoordinatorRuntime:1583)
[2024-04-09 14:19:36,205] DEBUG Scheduled execution of internal operation Load(tp=__consumer_offsets-0, epoch=10). (org.apache.kafka.coordinator.group.runtime.CoordinatorRuntime:1557)
[2024-04-09 14:19:36,258] DEBUG Transition from INITIAL to LOADING. (org.apache.kafka.coordinator.group.runtime.CoordinatorRuntime:474)
[2024-04-09 14:19:36,265] DEBUG [ topic=__consumer_offsets partition=0] Creating in-memory snapshot 0 (org.apache.kafka.timeline.SnapshotRegistry:203)
[2024-04-09 14:19:36,267] DEBUG Scheduled execution of internal operation CompleteLoad(tp=__consumer_offsets-0, epoch=10). (org.apache.kafka.coordinator.group.runtime.CoordinatorRuntime:1557)
[2024-04-09 14:19:36,278] DEBUG Transition from LOADING to ACTIVE. (org.apache.kafka.coordinator.group.runtime.CoordinatorRuntime:474)
[2024-04-09 14:19:36,624] INFO Finished loading of metadata from __consumer_offsets-0 with epoch 10 and LoadSummary=null. (org.apache.kafka.coordinator.group.runtime.CoordinatorRuntime:1615)
[2024-04-09 14:19:36,640] DEBUG Scheduled execution of write operation write#1. (org.apache.kafka.coordinator.group.runtime.CoordinatorRuntime:1437)
[2024-04-09 14:19:36,644] DEBUG [ topic=__consumer_offsets partition=0] Creating in-memory snapshot 2 (org.apache.kafka.timeline.SnapshotRegistry:203)
[2024-04-09 14:19:36,644] DEBUG [ topic=__consumer_offsets partition=0] Updated last written offset of __consumer_offsets-0 to 2. (org.apache.kafka.coordinator.group.runtime.SnapshottableCoordinator:146)
[2024-04-09 14:19:36,648] DEBUG Scheduled execution of write operation write#2. (org.apache.kafka.coordinator.group.runtime.CoordinatorRuntime:1437)
[2024-04-09 14:19:36,651] DEBUG [ topic=__consumer_offsets partition=0] Revert last written offset of __consumer_offsets-0 to 2. (org.apache.kafka.coordinator.group.runtime.SnapshottableCoordinator:94)
[2024-04-09 14:19:36,652] DEBUG [ topic=__consumer_offsets partition=0] Reverting to in-memory snapshot 2 (org.apache.kafka.timeline.SnapshotRegistry:213)
[2024-04-09 14:19:36,799] INFO Scheduling loading of metadata from __consumer_offsets-0 with epoch 0 (org.apache.kafka.coordinator.group.runtime.CoordinatorRuntime:1583)
[2024-04-09 14:19:36,800] DEBUG Scheduled execution of internal operation Load(tp=__consumer_offsets-0, epoch=0). (org.apache.kafka.coordinator.group.runtime.CoordinatorRuntime:1557)
[2024-04-09 14:19:36,801] DEBUG Transition from INITIAL to LOADING. (org.apache.kafka.coordinator.group.runtime.CoordinatorRuntime:474)
[2024-04-09 14:19:36,803] DEBUG [ topic=__consumer_offsets partition=0] Creating in-memory snapshot 0 (org.apache.kafka.timeline.SnapshotRegistry:203)
[2024-04-09 14:19:36,804] DEBUG [ topic=__consumer_offsets partition=0] Creating in-memory snapshot 5 (org.apache.kafka.timeline.SnapshotRegistry:203)
[2024-04-09 14:19:36,804] DEBUG [ topic=__consumer_offsets partition=0] Updated last written offset of __consumer_offsets-0 to 5. (org.apache.kafka.coordinator.group.runtime.SnapshottableCoordinator:146)
[2024-04-09 14:19:36,804] DEBUG [ topic=__consumer_offsets partition=0] Creating in-memory snapshot 15 (org.apache.kafka.timeline.SnapshotRegistry:203)
[2024-04-09 14:19:36,805] DEBUG [ topic=__consumer_offsets partition=0] Updated last written offset of __consumer_offsets-0 to 15. (org.apache.kafka.coordinator.group.runtime.SnapshottableCoordinator:146)
[2024-04-09 14:19:36,805] DEBUG [ topic=__consumer_offsets partition=0] Creating in-memory snapshot 27 (org.apache.kafka.timeline.SnapshotRegistry:203)
[2024-04-09 14:19:36,805] DEBUG [ topic=__consumer_offsets partition=0] Updated last written offset of __consumer_offsets-0 to 27. (org.apache.kafka.coordinator.group.runtime.SnapshottableCoordinator:146)
[2024-04-09 14:19:36,806] DEBUG [ topic=__consumer_offsets partition=0] Deleting in-memory snapshot 0 (org.apache.kafka.timeline.SnapshotRegistry:247)
[2024-04-09 14:19:36,806] DEBUG [ topic=__consumer_offsets partition=0] Updated committed offset of __consumer_offsets-0 to 5. (org.apache.kafka.coordinator.group.runtime.SnapshottableCoordinator:170)
[2024-04-09 14:19:36,807] DEBUG [ topic=__consumer_offsets partition=0] Deleting in-memory snapshot 5 (org.apache.kafka.timeline.SnapshotRegistry:247)
[2024-04-09 14:19:36,807] DEBUG [ topic=__consumer_offsets partition=0] Updated committed offset of __consumer_offsets-0 to 15. (org.apache.kafka.coordinator.group.runtime.SnapshottableCoordinator:170)
[2024-04-09 14:19:36,807] DEBUG Scheduled execution of internal operation CompleteLoad(tp=__consumer_offsets-0, epoch=0). (org.apache.kafka.coordinator.group.runtime.CoordinatorRuntime:1557)
[2024-04-09 14:19:36,808] DEBUG Transition from LOADING to ACTIVE. (org.apache.kafka.coordinator.group.runtime.CoordinatorRuntime:474)
[2024-04-09 14:19:36,809] INFO Finished loading of metadata from __consumer_offsets-0 with epoch 0 and LoadSummary=LoadSummary(startTimeMs=1000, endTimeMs=2000, numRecords=30, numBytes=3000). (org.apache.kafka.coordinator.group.runtime.CoordinatorRuntime:1615)
[2024-04-09 14:19:36,826] INFO Scheduling loading of metadata from __consumer_offsets-0 with epoch 10 (org.apache.kafka.coordinator.group.runtime.CoordinatorRuntime:1583)
[2024-04-09 14:19:36,827] DEBUG Scheduled execution of internal operation Load(tp=__consumer_offsets-0, epoch=10). (org.apache.kafka.coordinator.group.runtime.CoordinatorRuntime:1557)
[2024-04-09 14:19:36,827] DEBUG Transition from INITIAL to LOADING. (org.apache.kafka.coordinator.group.runtime.CoordinatorRuntime:474)
[2024-04-09 14:19:36,827] DEBUG [ topic=__consumer_offsets partition=0] Creating in-memory snapshot 0 (org.apache.kafka.timeline.SnapshotRegistry:203)
[2024-04-09 14:19:36,828] DEBUG Scheduled execution of internal operation CompleteLoad(tp=__consumer_offsets-0, epoch=10). (org.apache.kafka.coordinator.group.runtime.CoordinatorRuntime:1557)
[2024-04-09 14:19:36,828] DEBUG Transition from LOADING to ACTIVE. (org.apache.kafka.coordinator.group.runtime.CoordinatorRuntime:474)
[2024-04-09 14:19:36,828] INFO Finished loading of metadata from __consumer_offsets-0 with epoch 10 and LoadSummary=null. (org.apache.kafka.coordinator.group.runtime.CoordinatorRuntime:1615)
[2024-04-09 14:19:36,831] DEBUG [ topic=__consumer_offsets partition=0] Registering timer timer-1 with delay of 10ms. (org.apache.kafka.coordinator.group.runtime.CoordinatorRuntime$EventBasedCoordinatorTimer:366)
[2024-04-09 14:19:36,944] DEBUG [ topic=__consumer_offsets partition=0] Registering timer timer-2 with delay of 20ms. (org.apache.kafka.coordinator.group.runtime.CoordinatorRuntime$EventBasedCoordinatorTimer:366)
[2024-04-09 14:19:36,968] DEBUG [ topic=__consumer_offsets partition=0] Scheduling write event Timeout(tp=__consumer_offsets-0, key=timer-1) for timer timer-1. (org.apache.kafka.coordinator.group.runtime.CoordinatorRuntime$EventBasedCoordinatorTimer:356)
[2024-04-09 14:19:36,968] DEBUG [ topic=__consumer_offsets partition=0] Executing write event Timeout(tp=__consumer_offsets-0, key=timer-1) for timer timer-1. (org.apache.kafka.coordinator.group.runtime.CoordinatorRuntime$EventBasedCoordinatorTimer:317)
[2024-04-09 14:19:37,055] DEBUG [ topic=__consumer_offsets partition=0] Creating in-memory snapshot 2 (org.apache.kafka.timeline.SnapshotRegistry:203)
[2024-04-09 14:19:37,057] DEBUG [ topic=__consumer_offsets partition=0] Updated last written offset of __consumer_offsets-0 to 2. (org.apache.kafka.coordinator.group.runtime.SnapshottableCoordinator:146)
[2024-04-09 14:19:37,062] DEBUG [ topic=__consumer_offsets partition=0] Scheduling write event Timeout(tp=__consumer_offsets-0, key=timer-2) for timer timer-2. (org.apache.kafka.coordinator.group.runtime.CoordinatorRuntime$EventBasedCoordinatorTimer:356)
[2024-04-09 14:19:37,063] DEBUG [ topic=__consumer_offsets partition=0] Executing write event Timeout(tp=__consumer_offsets-0, key=timer-2) for timer timer-2. (org.apache.kafka.coordinator.group.runtime.CoordinatorRuntime$EventBasedCoordinatorTimer:317)
[2024-04-09 14:19:37,063] DEBUG [ topic=__consumer_offsets partition=0] Creating in-memory snapshot 4 (org.apache.kafka.timeline.SnapshotRegistry:203)
[2024-04-09 14:19:37,063] DEBUG [ topic=__consumer_offsets partition=0] Updated last written offset of __consumer_offsets-0 to 4. (org.apache.kafka.coordinator.group.runtime.SnapshottableCoordinator:146)
[2024-04-09 14:19:37,209] INFO Scheduling loading of metadata from __consumer_offsets-0 with epoch 0 (org.apache.kafka.coordinator.group.runtime.CoordinatorRuntime:1583)
[2024-04-09 14:19:37,256] DEBUG Scheduled execution of internal operation Load(tp=__consumer_offsets-0, epoch=0). (org.apache.kafka.coordinator.group.runtime.CoordinatorRuntime:1557)
[2024-04-09 14:19:37,323] DEBUG Transition from INITIAL to LOADING. (org.apache.kafka.coordinator.group.runtime.CoordinatorRuntime:474)
[2024-04-09 14:19:37,333] DEBUG [ topic=__consumer_offsets partition=0] Creating in-memory snapshot 0 (org.apache.kafka.timeline.SnapshotRegistry:203)
[2024-04-09 14:19:37,333] DEBUG Scheduled execution of internal operation CompleteLoad(tp=__consumer_offsets-0, epoch=0). (org.apache.kafka.coordinator.group.runtime.CoordinatorRuntime:1557)
[2024-04-09 14:19:37,334] DEBUG Transition from LOADING to ACTIVE. (org.apache.kafka.coordinator.group.runtime.CoordinatorRuntime:474)
[2024-04-09 14:19:37,334] INFO Finished loading of metadata from __consumer_offsets-0 with epoch 0 and LoadSummary=LoadSummary(startTimeMs=1000, endTimeMs=2000, numRecords=30, numBytes=3000). (org.apache.kafka.coordinator.group.runtime.CoordinatorRuntime:1615)
[2024-04-09 14:19:37,351] INFO Scheduling loading of metadata from __consumer_offsets-0 with epoch 10 (org.apache.kafka.coordinator.group.runtime.CoordinatorRuntime:1583)
[2024-04-09 14:19:37,356] DEBUG Scheduled execution of internal operation Load(tp=__consumer_offsets-0, epoch=10). (org.apache.kafka.coordinator.group.runtime.CoordinatorRuntime:1557)
[2024-04-09 14:19:37,359] DEBUG Transition from INITIAL to LOADING. (org.apache.kafka.coordinator.group.runtime.CoordinatorRuntime:474)
[2024-04-09 14:19:37,363] DEBUG [ topic=__consumer_offsets partition=0] Creating in-memory snapshot 0 (org.apache.kafka.timeline.SnapshotRegistry:203)
[2024-04-09 14:19:37,367] DEBUG Scheduled execution of internal operation CompleteLoad(tp=__consumer_offsets-0, epoch=10). (org.apache.kafka.coordinator.group.runtime.CoordinatorRuntime:1557)
[2024-04-09 14:19:37,368] DEBUG Transition from LOADING to ACTIVE. (org.apache.kafka.coordinator.group.runtime.CoordinatorRuntime:474)
[2024-04-09 14:19:37,369] INFO Finished loading of metadata from __consumer_offsets-0 with epoch 10 and LoadSummary=null. (org.apache.kafka.coordinator.group.runtime.CoordinatorRuntime:1615)
[2024-04-09 14:19:37,370] DEBUG Scheduled execution of write operation write#1. (org.apache.kafka.coordinator.group.runtime.CoordinatorRuntime:1437)
[2024-04-09 14:19:37,371] DEBUG [ topic=__consumer_offsets partition=0] Creating in-memory snapshot 2 (org.apache.kafka.timeline.SnapshotRegistry:203)
[2024-04-09 14:19:37,371] DEBUG [ topic=__consumer_offsets partition=0] Updated last written offset of __consumer_offsets-0 to 2. (org.apache.kafka.coordinator.group.runtime.SnapshottableCoordinator:146)
[2024-04-09 14:19:37,373] DEBUG Scheduled execution of write operation write#2. (org.apache.kafka.coordinator.group.runtime.CoordinatorRuntime:1437)
[2024-04-09 14:19:37,373] DEBUG [ topic=__consumer_offsets partition=0] Creating in-memory snapshot 4 (org.apache.kafka.timeline.SnapshotRegistry:203)
[2024-04-09 14:19:37,373] DEBUG [ topic=__consumer_offsets partition=0] Updated last written offset of __consumer_offsets-0 to 4. (org.apache.kafka.coordinator.group.runtime.SnapshottableCoordinator:146)
[2024-04-09 14:19:37,375] DEBUG High watermark of __consumer_offsets-0 incremented to 2. (org.apache.kafka.coordinator.group.runtime.CoordinatorRuntime:1178)
[2024-04-09 14:19:37,377] DEBUG Scheduled execution of internal operation HighWatermarkUpdated(tp=__consumer_offsets-0, offset=2). (org.apache.kafka.coordinator.group.runtime.CoordinatorRuntime:1557)
[2024-04-09 14:19:37,378] DEBUG [ topic=__consumer_offsets partition=0] Deleting in-memory snapshot 0 (org.apache.kafka.timeline.SnapshotRegistry:247)
[2024-04-09 14:19:37,378] DEBUG [ topic=__consumer_offsets partition=0] Updated committed offset of __consumer_offsets-0 to 2. (org.apache.kafka.coordinator.group.runtime.SnapshottableCoordinator:170)
[2024-04-09 14:19:37,379] DEBUG [ topic=__consumer_offsets partition=0] completeUpTo(2): successfully completing CoordinatorWriteEvent(name=write#1) (org.apache.kafka.deferred.DeferredEventQueue:61)
[2024-04-09 14:19:37,380] DEBUG Scheduled execution of read operation read. (org.apache.kafka.coordinator.group.runtime.CoordinatorRuntime:1539)
[2024-04-09 14:19:37,402] INFO Scheduling loading of metadata from __consumer_offsets-0 with epoch 0 (org.apache.kafka.coordinator.group.runtime.CoordinatorRuntime:1583)
[2024-04-09 14:19:37,403] DEBUG Scheduled execution of internal operation Load(tp=__consumer_offsets-0, epoch=0). (org.apache.kafka.coordinator.group.runtime.CoordinatorRuntime:1557)
[2024-04-09 14:19:37,404] DEBUG Transition from INITIAL to LOADING. (org.apache.kafka.coordinator.group.runtime.CoordinatorRuntime:474)
[2024-04-09 14:19:37,405] DEBUG [ topic=__consumer_offsets partition=0] Creating in-memory snapshot 0 (org.apache.kafka.timeline.SnapshotRegistry:203)
[2024-04-09 14:19:37,406] DEBUG Scheduled execution of internal operation CompleteLoad(tp=__consumer_offsets-0, epoch=0). (org.apache.kafka.coordinator.group.runtime.CoordinatorRuntime:1557)
[2024-04-09 14:19:37,406] DEBUG Transition from LOADING to ACTIVE. (org.apache.kafka.coordinator.group.runtime.CoordinatorRuntime:474)
[2024-04-09 14:19:37,407] INFO Finished loading of metadata from __consumer_offsets-0 with epoch 0 and LoadSummary=LoadSummary(startTimeMs=1712661577385, endTimeMs=1712661578385, numRecords=30, numBytes=3000). (org.apache.kafka.coordinator.group.runtime.CoordinatorRuntime:1615)
[2024-04-09 14:19:37,410] INFO Scheduling loading of metadata from __consumer_offsets-0 with epoch 10 (org.apache.kafka.coordinator.group.runtime.CoordinatorRuntime:1583)
[2024-04-09 14:19:37,411] DEBUG Scheduled execution of internal operation Load(tp=__consumer_offsets-0, epoch=10). (org.apache.kafka.coordinator.group.runtime.CoordinatorRuntime:1557)
[2024-04-09 14:19:37,411] DEBUG Transition from INITIAL to LOADING. (org.apache.kafka.coordinator.group.runtime.CoordinatorRuntime:474)
[2024-04-09 14:19:37,411] DEBUG [ topic=__consumer_offsets partition=0] Creating in-memory snapshot 0 (org.apache.kafka.timeline.SnapshotRegistry:203)
[2024-04-09 14:19:37,411] DEBUG Scheduled execution of internal operation CompleteLoad(tp=__consumer_offsets-0, epoch=10). (org.apache.kafka.coordinator.group.runtime.CoordinatorRuntime:1557)
[2024-04-09 14:19:37,412] DEBUG Transition from LOADING to ACTIVE. (org.apache.kafka.coordinator.group.runtime.CoordinatorRuntime:474)
[2024-04-09 14:19:37,412] INFO Finished loading of metadata from __consumer_offsets-0 with epoch 10 and LoadSummary=null. (org.apache.kafka.coordinator.group.runtime.CoordinatorRuntime:1615)
[2024-04-09 14:19:37,413] DEBUG Scheduled execution of write operation write#1. (org.apache.kafka.coordinator.group.runtime.CoordinatorRuntime:1437)
[2024-04-09 14:19:37,413] DEBUG [ topic=__consumer_offsets partition=0] Creating in-memory snapshot 2 (org.apache.kafka.timeline.SnapshotRegistry:203)
[2024-04-09 14:19:37,414] DEBUG [ topic=__consumer_offsets partition=0] Updated last written offset of __consumer_offsets-0 to 2. (org.apache.kafka.coordinator.group.runtime.SnapshottableCoordinator:146)
[2024-04-09 14:19:37,418] DEBUG Scheduled execution of internal operation WriteTimeout(name=write#1, tp=__consumer_offsets-0). (org.apache.kafka.coordinator.group.runtime.CoordinatorRuntime:1557)
[2024-04-09 14:19:37,438] INFO Scheduling loading of metadata from __consumer_offsets-0 with epoch 10 (org.apache.kafka.coordinator.group.runtime.CoordinatorRuntime:1583)
[2024-04-09 14:19:37,440] DEBUG Scheduled execution of internal operation Load(tp=__consumer_offsets-0, epoch=10). (org.apache.kafka.coordinator.group.runtime.CoordinatorRuntime:1557)
[2024-04-09 14:19:37,440] DEBUG Transition from INITIAL to LOADING. (org.apache.kafka.coordinator.group.runtime.CoordinatorRuntime:474)
[2024-04-09 14:19:37,445] DEBUG [ topic=__consumer_offsets partition=0] Creating in-memory snapshot 0 (org.apache.kafka.timeline.SnapshotRegistry:203)
[2024-04-09 14:19:37,445] DEBUG Scheduled execution of internal operation CompleteLoad(tp=__consumer_offsets-0, epoch=10). (org.apache.kafka.coordinator.group.runtime.CoordinatorRuntime:1557)
[2024-04-09 14:19:37,446] DEBUG Transition from LOADING to ACTIVE. (org.apache.kafka.coordinator.group.runtime.CoordinatorRuntime:474)
[2024-04-09 14:19:37,446] INFO Finished loading of metadata from __consumer_offsets-0 with epoch 10 and LoadSummary=null. (org.apache.kafka.coordinator.group.runtime.CoordinatorRuntime:1615)
[2024-04-09 14:19:37,447] INFO Scheduling unloading of metadata for __consumer_offsets-0 with epoch OptionalInt.empty (org.apache.kafka.coordinator.group.runtime.CoordinatorRuntime:1662)
[2024-04-09 14:19:37,447] DEBUG Scheduled execution of internal operation UnloadCoordinator(tp=__consumer_offsets-0, epoch=OptionalInt.empty). (org.apache.kafka.coordinator.group.runtime.CoordinatorRuntime:1557)
[2024-04-09 14:19:37,447] INFO Started unloading metadata for __consumer_offsets-0 with epoch OptionalInt.empty. (org.apache.kafka.coordinator.group.runtime.CoordinatorRuntime:1670)
[2024-04-09 14:19:37,448] DEBUG Transition from ACTIVE to CLOSED. (org.apache.kafka.coordinator.group.runtime.CoordinatorRuntime:474)
[2024-04-09 14:19:37,460] INFO Finished unloading metadata for __consumer_offsets-0 with epoch OptionalInt.empty. (org.apache.kafka.coordinator.group.runtime.CoordinatorRuntime:1673)
[2024-04-09 14:19:37,474] INFO Scheduling loading of metadata from __consumer_offsets-0 with epoch 10 (org.apache.kafka.coordinator.group.runtime.CoordinatorRuntime:1583)
[2024-04-09 14:19:37,476] DEBUG Scheduled execution of internal operation Load(tp=__consumer_offsets-0, epoch=10). (org.apache.kafka.coordinator.group.runtime.CoordinatorRuntime:1557)
[2024-04-09 14:19:37,477] DEBUG Transition from INITIAL to LOADING. (org.apache.kafka.coordinator.group.runtime.CoordinatorRuntime:474)
[2024-04-09 14:19:37,477] DEBUG [ topic=__consumer_offsets partition=0] Creating in-memory snapshot 0 (org.apache.kafka.timeline.SnapshotRegistry:203)
[2024-04-09 14:19:37,479] DEBUG Scheduled execution of internal operation CompleteLoad(tp=__consumer_offsets-0, epoch=10). (org.apache.kafka.coordinator.group.runtime.CoordinatorRuntime:1557)
[2024-04-09 14:19:37,479] DEBUG Transition from LOADING to ACTIVE. (org.apache.kafka.coordinator.group.runtime.CoordinatorRuntime:474)
[2024-04-09 14:19:37,480] INFO Finished loading of metadata from __consumer_offsets-0 with epoch 10 and LoadSummary=null. (org.apache.kafka.coordinator.group.runtime.CoordinatorRuntime:1615)
[2024-04-09 14:19:37,483] DEBUG Scheduled execution of transaction completion for __consumer_offsets-0 with producer id=100, producer epoch=5, coordinator epoch=10 and transaction result=COMMIT. (org.apache.kafka.coordinator.group.runtime.CoordinatorRuntime:1506)
[2024-04-09 14:19:37,484] DEBUG [ topic=__consumer_offsets partition=0] Creating in-memory snapshot 1 (org.apache.kafka.timeline.SnapshotRegistry:203)
[2024-04-09 14:19:37,484] DEBUG [ topic=__consumer_offsets partition=0] Updated last written offset of __consumer_offsets-0 to 1. (org.apache.kafka.coordinator.group.runtime.SnapshottableCoordinator:146)
[2024-04-09 14:19:37,486] DEBUG Scheduled execution of internal operation WriteTimeout(name=complete#1, tp=__consumer_offsets-0). (org.apache.kafka.coordinator.group.runtime.CoordinatorRuntime:1557)
[2024-04-09 14:19:37,502] INFO Scheduling unloading of metadata for __consumer_offsets-0 with epoch OptionalInt[11] (org.apache.kafka.coordinator.group.runtime.CoordinatorRuntime:1662)
[2024-04-09 14:19:37,503] DEBUG Scheduled execution of internal operation UnloadCoordinator(tp=__consumer_offsets-0, epoch=OptionalInt[11]). (org.apache.kafka.coordinator.group.runtime.CoordinatorRuntime:1557)
[2024-04-09 14:19:37,504] INFO Ignored unloading metadata for __consumer_offsets-0 in epoch OptionalInt[11] since metadata was never loaded. (org.apache.kafka.coordinator.group.runtime.CoordinatorRuntime:1683)
[2024-04-09 14:19:37,778] INFO Scheduling loading of metadata from __consumer_offsets-0 with epoch 10 (org.apache.kafka.coordinator.group.runtime.CoordinatorRuntime:1583)
[2024-04-09 14:19:37,779] DEBUG Scheduled execution of internal operation Load(tp=__consumer_offsets-0, epoch=10). (org.apache.kafka.coordinator.group.runtime.CoordinatorRuntime:1557)
[2024-04-09 14:19:37,779] DEBUG Transition from INITIAL to LOADING. (org.apache.kafka.coordinator.group.runtime.CoordinatorRuntime:474)
[2024-04-09 14:19:37,779] DEBUG [ topic=__consumer_offsets partition=0] Creating in-memory snapshot 0 (org.apache.kafka.timeline.SnapshotRegistry:203)
[2024-04-09 14:19:37,779] DEBUG Scheduled execution of internal operation CompleteLoad(tp=__consumer_offsets-0, epoch=10). (org.apache.kafka.coordinator.group.runtime.CoordinatorRuntime:1557)
[2024-04-09 14:19:37,780] DEBUG Transition from LOADING to ACTIVE. (org.apache.kafka.coordinator.group.runtime.CoordinatorRuntime:474)
[2024-04-09 14:19:37,780] INFO Finished loading of metadata from __consumer_offsets-0 with epoch 10 and LoadSummary=null. (org.apache.kafka.coordinator.group.runtime.CoordinatorRuntime:1615)
[2024-04-09 14:19:37,781] DEBUG Scheduled execution of transactional write operation write#1. (org.apache.kafka.coordinator.group.runtime.CoordinatorRuntime:1469)
[2024-04-09 14:19:37,781] DEBUG [ topic=__consumer_offsets partition=0] Creating in-memory snapshot 2 (org.apache.kafka.timeline.SnapshotRegistry:203)
[2024-04-09 14:19:37,782] DEBUG [ topic=__consumer_offsets partition=0] Updated last written offset of __consumer_offsets-0 to 2. (org.apache.kafka.coordinator.group.runtime.SnapshottableCoordinator:146)
[2024-04-09 14:19:37,785] DEBUG Scheduled execution of transaction completion for __consumer_offsets-0 with producer id=100, producer epoch=5, coordinator epoch=10 and transaction result=ABORT. (org.apache.kafka.coordinator.group.runtime.CoordinatorRuntime:1506)
[2024-04-09 14:19:37,786] DEBUG [ topic=__consumer_offsets partition=0] Creating in-memory snapshot 3 (org.apache.kafka.timeline.SnapshotRegistry:203)
[2024-04-09 14:19:37,786] DEBUG [ topic=__consumer_offsets partition=0] Updated last written offset of __consumer_offsets-0 to 3. (org.apache.kafka.coordinator.group.runtime.SnapshottableCoordinator:146)
[2024-04-09 14:19:37,786] DEBUG High watermark of __consumer_offsets-0 incremented to 2. (org.apache.kafka.coordinator.group.runtime.CoordinatorRuntime:1178)
[2024-04-09 14:19:37,787] DEBUG Scheduled execution of internal operation HighWatermarkUpdated(tp=__consumer_offsets-0, offset=2). (org.apache.kafka.coordinator.group.runtime.CoordinatorRuntime:1557)
[2024-04-09 14:19:37,787] DEBUG [ topic=__consumer_offsets partition=0] Deleting in-memory snapshot 0 (org.apache.kafka.timeline.SnapshotRegistry:247)
[2024-04-09 14:19:37,789] DEBUG [ topic=__consumer_offsets partition=0] Updated committed offset of __consumer_offsets-0 to 2. (org.apache.kafka.coordinator.group.runtime.SnapshottableCoordinator:170)
[2024-04-09 14:19:37,789] DEBUG [ topic=__consumer_offsets partition=0] completeUpTo(2): successfully completing CoordinatorWriteEvent(name=write#1) (org.apache.kafka.deferred.DeferredEventQueue:61)
[2024-04-09 14:19:37,792] DEBUG High watermark of __consumer_offsets-0 incremented to 3. (org.apache.kafka.coordinator.group.runtime.CoordinatorRuntime:1178)
[2024-04-09 14:19:37,792] DEBUG Scheduled execution of internal operation HighWatermarkUpdated(tp=__consumer_offsets-0, offset=3). (org.apache.kafka.coordinator.group.runtime.CoordinatorRuntime:1557)
[2024-04-09 14:19:37,792] DEBUG [ topic=__consumer_offsets partition=0] Deleting in-memory snapshot 2 (org.apache.kafka.timeline.SnapshotRegistry:247)
[2024-04-09 14:19:37,793] DEBUG [ topic=__consumer_offsets partition=0] Updated committed offset of __consumer_offsets-0 to 3. (org.apache.kafka.coordinator.group.runtime.SnapshottableCoordinator:170)
[2024-04-09 14:19:37,793] DEBUG [ topic=__consumer_offsets partition=0] completeUpTo(3): successfully completing CoordinatorCompleteTransactionEvent(name=complete#1) (org.apache.kafka.deferred.DeferredEventQueue:61)
[2024-04-09 14:19:37,806] INFO Scheduling loading of metadata from __consumer_offsets-0 with epoch 10 (org.apache.kafka.coordinator.group.runtime.CoordinatorRuntime:1583)
[2024-04-09 14:19:37,807] DEBUG Scheduled execution of internal operation Load(tp=__consumer_offsets-0, epoch=10). (org.apache.kafka.coordinator.group.runtime.CoordinatorRuntime:1557)
[2024-04-09 14:19:37,808] DEBUG Transition from INITIAL to LOADING. (org.apache.kafka.coordinator.group.runtime.CoordinatorRuntime:474)
[2024-04-09 14:19:37,809] DEBUG [ topic=__consumer_offsets partition=0] Creating in-memory snapshot 0 (org.apache.kafka.timeline.SnapshotRegistry:203)
[2024-04-09 14:19:37,811] DEBUG Scheduled execution of internal operation CompleteLoad(tp=__consumer_offsets-0, epoch=10). (org.apache.kafka.coordinator.group.runtime.CoordinatorRuntime:1557)
[2024-04-09 14:19:37,812] DEBUG Transition from LOADING to ACTIVE. (org.apache.kafka.coordinator.group.runtime.CoordinatorRuntime:474)
[2024-04-09 14:19:37,818] INFO Finished loading of metadata from __consumer_offsets-0 with epoch 10 and LoadSummary=null. (org.apache.kafka.coordinator.group.runtime.CoordinatorRuntime:1615)
[2024-04-09 14:19:37,819] DEBUG Scheduled execution of transactional write operation write#1. (org.apache.kafka.coordinator.group.runtime.CoordinatorRuntime:1469)
[2024-04-09 14:19:37,821] DEBUG [ topic=__consumer_offsets partition=0] Creating in-memory snapshot 2 (org.apache.kafka.timeline.SnapshotRegistry:203)
[2024-04-09 14:19:37,821] DEBUG [ topic=__consumer_offsets partition=0] Updated last written offset of __consumer_offsets-0 to 2. (org.apache.kafka.coordinator.group.runtime.SnapshottableCoordinator:146)
[2024-04-09 14:19:37,822] DEBUG Scheduled execution of transaction completion for __consumer_offsets-0 with producer id=100, producer epoch=5, coordinator epoch=10 and transaction result=COMMIT. (org.apache.kafka.coordinator.group.runtime.CoordinatorRuntime:1506)
[2024-04-09 14:19:37,822] DEBUG [ topic=__consumer_offsets partition=0] Creating in-memory snapshot 3 (org.apache.kafka.timeline.SnapshotRegistry:203)
[2024-04-09 14:19:37,822] DEBUG [ topic=__consumer_offsets partition=0] Updated last written offset of __consumer_offsets-0 to 3. (org.apache.kafka.coordinator.group.runtime.SnapshottableCoordinator:146)
[2024-04-09 14:19:37,822] DEBUG High watermark of __consumer_offsets-0 incremented to 2. (org.apache.kafka.coordinator.group.runtime.CoordinatorRuntime:1178)
[2024-04-09 14:19:37,823] DEBUG Scheduled execution of internal operation HighWatermarkUpdated(tp=__consumer_offsets-0, offset=2). (org.apache.kafka.coordinator.group.runtime.CoordinatorRuntime:1557)
[2024-04-09 14:19:37,823] DEBUG [ topic=__consumer_offsets partition=0] Deleting in-memory snapshot 0 (org.apache.kafka.timeline.SnapshotRegistry:247)
[2024-04-09 14:19:37,824] DEBUG [ topic=__consumer_offsets partition=0] Updated committed offset of __consumer_offsets-0 to 2. (org.apache.kafka.coordinator.group.runtime.SnapshottableCoordinator:170)
[2024-04-09 14:19:37,824] DEBUG [ topic=__consumer_offsets partition=0] completeUpTo(2): successfully completing CoordinatorWriteEvent(name=write#1) (org.apache.kafka.deferred.DeferredEventQueue:61)
[2024-04-09 14:19:37,824] DEBUG High watermark of __consumer_offsets-0 incremented to 3. (org.apache.kafka.coordinator.group.runtime.CoordinatorRuntime:1178)
[2024-04-09 14:19:37,825] DEBUG Scheduled execution of internal operation HighWatermarkUpdated(tp=__consumer_offsets-0, offset=3). (org.apache.kafka.coordinator.group.runtime.CoordinatorRuntime:1557)
[2024-04-09 14:19:37,825] DEBUG [ topic=__consumer_offsets partition=0] Deleting in-memory snapshot 2 (org.apache.kafka.timeline.SnapshotRegistry:247)
[2024-04-09 14:19:37,825] DEBUG [ topic=__consumer_offsets partition=0] Updated committed offset of __consumer_offsets-0 to 3. (org.apache.kafka.coordinator.group.runtime.SnapshottableCoordinator:170)
[2024-04-09 14:19:37,825] DEBUG [ topic=__consumer_offsets partition=0] completeUpTo(3): successfully completing CoordinatorCompleteTransactionEvent(name=complete#1) (org.apache.kafka.deferred.DeferredEventQueue:61)
[2024-04-09 14:19:37,995] DEBUG Scheduled execution of read operation read. (org.apache.kafka.coordinator.group.runtime.CoordinatorRuntime:1539)
[2024-04-09 14:19:38,095] INFO Scheduling loading of metadata from __consumer_offsets-0 with epoch 10 (org.apache.kafka.coordinator.group.runtime.CoordinatorRuntime:1583)
[2024-04-09 14:19:38,098] DEBUG Scheduled execution of internal operation Load(tp=__consumer_offsets-0, epoch=10). (org.apache.kafka.coordinator.group.runtime.CoordinatorRuntime:1557)
[2024-04-09 14:19:38,099] DEBUG Transition from INITIAL to LOADING. (org.apache.kafka.coordinator.group.runtime.CoordinatorRuntime:474)
[2024-04-09 14:19:38,099] DEBUG [ topic=__consumer_offsets partition=0] Creating in-memory snapshot 0 (org.apache.kafka.timeline.SnapshotRegistry:203)
[2024-04-09 14:19:38,100] DEBUG Scheduled execution of internal operation CompleteLoad(tp=__consumer_offsets-0, epoch=10). (org.apache.kafka.coordinator.group.runtime.CoordinatorRuntime:1557)
[2024-04-09 14:19:38,100] DEBUG Transition from LOADING to ACTIVE. (org.apache.kafka.coordinator.group.runtime.CoordinatorRuntime:474)
[2024-04-09 14:19:38,100] INFO Finished loading of metadata from __consumer_offsets-0 with epoch 10 and LoadSummary=null. (org.apache.kafka.coordinator.group.runtime.CoordinatorRuntime:1615)
[2024-04-09 14:19:38,107] DEBUG Scheduled execution of transactional write operation tnx-write. (org.apache.kafka.coordinator.group.runtime.CoordinatorRuntime:1469)
[2024-04-09 14:19:38,108] DEBUG [ topic=__consumer_offsets partition=0] Revert last written offset of __consumer_offsets-0 to 0. (org.apache.kafka.coordinator.group.runtime.SnapshottableCoordinator:94)
[2024-04-09 14:19:38,108] DEBUG [ topic=__consumer_offsets partition=0] Reverting to in-memory snapshot 0 (org.apache.kafka.timeline.SnapshotRegistry:213)
[2024-04-09 14:19:38,130] INFO Scheduling loading of metadata from __consumer_offsets-0 with epoch 10 (org.apache.kafka.coordinator.group.runtime.CoordinatorRuntime:1583)
[2024-04-09 14:19:38,132] DEBUG Scheduled execution of internal operation Load(tp=__consumer_offsets-0, epoch=10). (org.apache.kafka.coordinator.group.runtime.CoordinatorRuntime:1557)
[2024-04-09 14:19:38,132] DEBUG Transition from INITIAL to LOADING. (org.apache.kafka.coordinator.group.runtime.CoordinatorRuntime:474)
[2024-04-09 14:19:38,132] DEBUG [ topic=__consumer_offsets partition=0] Creating in-memory snapshot 0 (org.apache.kafka.timeline.SnapshotRegistry:203)
[2024-04-09 14:19:38,133] DEBUG Scheduled execution of internal operation CompleteLoad(tp=__consumer_offsets-0, epoch=10). (org.apache.kafka.coordinator.group.runtime.CoordinatorRuntime:1557)
[2024-04-09 14:19:38,134] DEBUG Transition from LOADING to ACTIVE. (org.apache.kafka.coordinator.group.runtime.CoordinatorRuntime:474)
[2024-04-09 14:19:38,134] INFO Finished loading of metadata from __consumer_offsets-0 with epoch 10 and LoadSummary=null. (org.apache.kafka.coordinator.group.runtime.CoordinatorRuntime:1615)
[2024-04-09 14:19:38,135] DEBUG [ topic=__consumer_offsets partition=0] Registering timer timer-1 with delay of 10ms. (org.apache.kafka.coordinator.group.runtime.CoordinatorRuntime$EventBasedCoordinatorTimer:366)
[2024-04-09 14:19:38,135] DEBUG [ topic=__consumer_offsets partition=0] Scheduling write event Timeout(tp=__consumer_offsets-0, key=timer-1) for timer timer-1. (org.apache.kafka.coordinator.group.runtime.CoordinatorRuntime$EventBasedCoordinatorTimer:356)
[2024-04-09 14:19:38,135] DEBUG [ topic=__consumer_offsets partition=0] Executing write event Timeout(tp=__consumer_offsets-0, key=timer-1) for timer timer-1. (org.apache.kafka.coordinator.group.runtime.CoordinatorRuntime$EventBasedCoordinatorTimer:317)
[2024-04-09 14:19:38,135] ERROR [ topic=__consumer_offsets partition=0] The write event Timeout(tp=__consumer_offsets-0, key=timer-1) for the timer timer-1 failed due to error. Ignoring it.  (org.apache.kafka.coordinator.group.runtime.CoordinatorRuntime$EventBasedCoordinatorTimer:349)
[2024-04-09 14:19:38,139] INFO Scheduling loading of metadata from __consumer_offsets-0 with epoch 10 (org.apache.kafka.coordinator.group.runtime.CoordinatorRuntime:1583)
[2024-04-09 14:19:38,140] DEBUG Scheduled execution of internal operation Load(tp=__consumer_offsets-0, epoch=10). (org.apache.kafka.coordinator.group.runtime.CoordinatorRuntime:1557)
[2024-04-09 14:19:38,140] DEBUG Transition from INITIAL to LOADING. (org.apache.kafka.coordinator.group.runtime.CoordinatorRuntime:474)
[2024-04-09 14:19:38,141] DEBUG [ topic=__consumer_offsets partition=0] Creating in-memory snapshot 0 (org.apache.kafka.timeline.SnapshotRegistry:203)
[2024-04-09 14:19:38,141] DEBUG Scheduled execution of internal operation CompleteLoad(tp=__consumer_offsets-0, epoch=10). (org.apache.kafka.coordinator.group.runtime.CoordinatorRuntime:1557)
[2024-04-09 14:19:38,141] DEBUG Transition from LOADING to ACTIVE. (org.apache.kafka.coordinator.group.runtime.CoordinatorRuntime:474)
[2024-04-09 14:19:38,141] INFO Finished loading of metadata from __consumer_offsets-0 with epoch 10 and LoadSummary=null. (org.apache.kafka.coordinator.group.runtime.CoordinatorRuntime:1615)
[2024-04-09 14:19:38,142] DEBUG Scheduled execution of write operation write. (org.apache.kafka.coordinator.group.runtime.CoordinatorRuntime:1437)
[2024-04-09 14:19:38,142] DEBUG Revert last written offset of __consumer_offsets-0 to 0. (org.apache.kafka.coordinator.group.runtime.SnapshottableCoordinator:94)
[2024-04-09 14:19:38,142] DEBUG [ topic=__consumer_offsets partition=0] Reverting to in-memory snapshot 0 (org.apache.kafka.timeline.SnapshotRegistry:213)
[2024-04-09 14:19:38,145] INFO Scheduling loading of metadata from __consumer_offsets-0 with epoch 10 (org.apache.kafka.coordinator.group.runtime.CoordinatorRuntime:1583)
[2024-04-09 14:19:38,145] DEBUG Scheduled execution of internal operation Load(tp=__consumer_offsets-0, epoch=10). (org.apache.kafka.coordinator.group.runtime.CoordinatorRuntime:1557)
[2024-04-09 14:19:38,145] DEBUG Transition from INITIAL to LOADING. (org.apache.kafka.coordinator.group.runtime.CoordinatorRuntime:474)
[2024-04-09 14:19:38,146] DEBUG [ topic=__consumer_offsets partition=0] Creating in-memory snapshot 0 (org.apache.kafka.timeline.SnapshotRegistry:203)
[2024-04-09 14:19:38,146] DEBUG Scheduled execution of internal operation CompleteLoad(tp=__consumer_offsets-0, epoch=10). (org.apache.kafka.coordinator.group.runtime.CoordinatorRuntime:1557)
[2024-04-09 14:19:38,146] DEBUG Transition from LOADING to ACTIVE. (org.apache.kafka.coordinator.group.runtime.CoordinatorRuntime:474)
[2024-04-09 14:19:38,146] INFO Finished loading of metadata from __consumer_offsets-0 with epoch 10 and LoadSummary=null. (org.apache.kafka.coordinator.group.runtime.CoordinatorRuntime:1615)
[2024-04-09 14:19:38,147] INFO Scheduling unloading of metadata for __consumer_offsets-0 with epoch OptionalInt[11] (org.apache.kafka.coordinator.group.runtime.CoordinatorRuntime:1662)
[2024-04-09 14:19:38,147] DEBUG Scheduled execution of internal operation UnloadCoordinator(tp=__consumer_offsets-0, epoch=OptionalInt[11]). (org.apache.kafka.coordinator.group.runtime.CoordinatorRuntime:1557)
[2024-04-09 14:19:38,147] INFO Started unloading metadata for __consumer_offsets-0 with epoch OptionalInt[11]. (org.apache.kafka.coordinator.group.runtime.CoordinatorRuntime:1670)
[2024-04-09 14:19:38,148] DEBUG Transition from ACTIVE to CLOSED. (org.apache.kafka.coordinator.group.runtime.CoordinatorRuntime:474)
[2024-04-09 14:19:38,150] INFO Finished unloading metadata for __consumer_offsets-0 with epoch OptionalInt[11]. (org.apache.kafka.coordinator.group.runtime.CoordinatorRuntime:1673)
[2024-04-09 14:19:38,158] INFO Scheduling loading of metadata from __consumer_offsets-0 with epoch 10 (org.apache.kafka.coordinator.group.runtime.CoordinatorRuntime:1583)
[2024-04-09 14:19:38,158] DEBUG Scheduled execution of internal operation Load(tp=__consumer_offsets-0, epoch=10). (org.apache.kafka.coordinator.group.runtime.CoordinatorRuntime:1557)
[2024-04-09 14:19:38,159] DEBUG Transition from INITIAL to LOADING. (org.apache.kafka.coordinator.group.runtime.CoordinatorRuntime:474)
[2024-04-09 14:19:38,159] DEBUG [ topic=__consumer_offsets partition=0] Creating in-memory snapshot 0 (org.apache.kafka.timeline.SnapshotRegistry:203)
[2024-04-09 14:19:38,160] DEBUG Scheduled execution of internal operation CompleteLoad(tp=__consumer_offsets-0, epoch=10). (org.apache.kafka.coordinator.group.runtime.CoordinatorRuntime:1557)
[2024-04-09 14:19:38,161] DEBUG Transition from LOADING to ACTIVE. (org.apache.kafka.coordinator.group.runtime.CoordinatorRuntime:474)
[2024-04-09 14:19:38,162] INFO Finished loading of metadata from __consumer_offsets-0 with epoch 10 and LoadSummary=null. (org.apache.kafka.coordinator.group.runtime.CoordinatorRuntime:1615)
[2024-04-09 14:19:38,163] DEBUG Scheduled execution of transactional write operation write#1. (org.apache.kafka.coordinator.group.runtime.CoordinatorRuntime:1469)
[2024-04-09 14:19:38,163] DEBUG [ topic=__consumer_offsets partition=0] Creating in-memory snapshot 2 (org.apache.kafka.timeline.SnapshotRegistry:203)
[2024-04-09 14:19:38,164] DEBUG [ topic=__consumer_offsets partition=0] Updated last written offset of __consumer_offsets-0 to 2. (org.apache.kafka.coordinator.group.runtime.SnapshottableCoordinator:146)
[2024-04-09 14:19:38,164] DEBUG Scheduled execution of transaction completion for __consumer_offsets-0 with producer id=100, producer epoch=5, coordinator epoch=10 and transaction result=COMMIT. (org.apache.kafka.coordinator.group.runtime.CoordinatorRuntime:1506)
[2024-04-09 14:19:38,164] DEBUG [ topic=__consumer_offsets partition=0] Revert last written offset of __consumer_offsets-0 to 2. (org.apache.kafka.coordinator.group.runtime.SnapshottableCoordinator:94)
[2024-04-09 14:19:38,165] DEBUG [ topic=__consumer_offsets partition=0] Reverting to in-memory snapshot 2 (org.apache.kafka.timeline.SnapshotRegistry:213)
[2024-04-09 14:19:38,172] INFO Scheduling loading of metadata from __consumer_offsets-0 with epoch 0 (org.apache.kafka.coordinator.group.runtime.CoordinatorRuntime:1583)
[2024-04-09 14:19:38,175] DEBUG Scheduled execution of internal operation Load(tp=__consumer_offsets-0, epoch=0). (org.apache.kafka.coordinator.group.runtime.CoordinatorRuntime:1557)
[2024-04-09 14:19:38,175] DEBUG Transition from INITIAL to LOADING. (org.apache.kafka.coordinator.group.runtime.CoordinatorRuntime:474)
[2024-04-09 14:19:38,177] DEBUG [ topic=__consumer_offsets partition=0] Creating in-memory snapshot 0 (org.apache.kafka.timeline.SnapshotRegistry:203)
[2024-04-09 14:19:38,177] INFO Scheduling loading of metadata from __consumer_offsets-1 with epoch 0 (org.apache.kafka.coordinator.group.runtime.CoordinatorRuntime:1583)
[2024-04-09 14:19:38,179] DEBUG Scheduled execution of internal operation Load(tp=__consumer_offsets-1, epoch=0). (org.apache.kafka.coordinator.group.runtime.CoordinatorRuntime:1557)
[2024-04-09 14:19:38,179] DEBUG Transition from INITIAL to LOADING. (org.apache.kafka.coordinator.group.runtime.CoordinatorRuntime:474)
[2024-04-09 14:19:38,181] DEBUG [ topic=__consumer_offsets partition=1] Creating in-memory snapshot 0 (org.apache.kafka.timeline.SnapshotRegistry:203)
[2024-04-09 14:19:38,185] DEBUG Scheduled execution of internal operation CompleteLoad(tp=__consumer_offsets-0, epoch=0). (org.apache.kafka.coordinator.group.runtime.CoordinatorRuntime:1557)
[2024-04-09 14:19:38,186] DEBUG Transition from LOADING to ACTIVE. (org.apache.kafka.coordinator.group.runtime.CoordinatorRuntime:474)
[2024-04-09 14:19:38,186] INFO Finished loading of metadata from __consumer_offsets-0 with epoch 0 and LoadSummary=null. (org.apache.kafka.coordinator.group.runtime.CoordinatorRuntime:1615)
[2024-04-09 14:19:38,187] DEBUG Scheduling applying of a new metadata image with offset -1. (org.apache.kafka.coordinator.group.runtime.CoordinatorRuntime:1701)
[2024-04-09 14:19:38,191] DEBUG Scheduled execution of internal operation UpdateImage(tp=__consumer_offsets-0, offset=-1). (org.apache.kafka.coordinator.group.runtime.CoordinatorRuntime:1557)
[2024-04-09 14:19:38,199] DEBUG Applying new metadata image with offset -1 to __consumer_offsets-0. (org.apache.kafka.coordinator.group.runtime.CoordinatorRuntime:1711)
[2024-04-09 14:19:38,200] DEBUG Scheduled execution of internal operation UpdateImage(tp=__consumer_offsets-1, offset=-1). (org.apache.kafka.coordinator.group.runtime.CoordinatorRuntime:1557)
[2024-04-09 14:19:38,201] DEBUG Ignoring new metadata image with offset -1 for __consumer_offsets-1 because the coordinator is not active. (org.apache.kafka.coordinator.group.runtime.CoordinatorRuntime:1714)
[2024-04-09 14:19:38,202] DEBUG Scheduled execution of internal operation CompleteLoad(tp=__consumer_offsets-1, epoch=0). (org.apache.kafka.coordinator.group.runtime.CoordinatorRuntime:1557)
[2024-04-09 14:19:38,219] DEBUG Transition from LOADING to ACTIVE. (org.apache.kafka.coordinator.group.runtime.CoordinatorRuntime:474)
[2024-04-09 14:19:38,224] INFO Finished loading of metadata from __consumer_offsets-1 with epoch 0 and LoadSummary=null. (org.apache.kafka.coordinator.group.runtime.CoordinatorRuntime:1615)
[2024-04-09 14:19:38,233] INFO Scheduling loading of metadata from __consumer_offsets-0 with epoch 10 (org.apache.kafka.coordinator.group.runtime.CoordinatorRuntime:1583)
[2024-04-09 14:19:38,236] DEBUG Scheduled execution of internal operation Load(tp=__consumer_offsets-0, epoch=10). (org.apache.kafka.coordinator.group.runtime.CoordinatorRuntime:1557)
[2024-04-09 14:19:38,237] DEBUG Transition from INITIAL to LOADING. (org.apache.kafka.coordinator.group.runtime.CoordinatorRuntime:474)
[2024-04-09 14:19:38,237] DEBUG [ topic=__consumer_offsets partition=0] Creating in-memory snapshot 0 (org.apache.kafka.timeline.SnapshotRegistry:203)
[2024-04-09 14:19:38,237] DEBUG Scheduled execution of internal operation CompleteLoad(tp=__consumer_offsets-0, epoch=10). (org.apache.kafka.coordinator.group.runtime.CoordinatorRuntime:1557)
[2024-04-09 14:19:38,238] DEBUG Transition from LOADING to ACTIVE. (org.apache.kafka.coordinator.group.runtime.CoordinatorRuntime:474)
[2024-04-09 14:19:38,238] INFO Finished loading of metadata from __consumer_offsets-0 with epoch 10 and LoadSummary=null. (org.apache.kafka.coordinator.group.runtime.CoordinatorRuntime:1615)
[2024-04-09 14:19:38,239] DEBUG Scheduled execution of write operation write. (org.apache.kafka.coordinator.group.runtime.CoordinatorRuntime:1437)
[2024-04-09 14:19:38,252] INFO Scheduling loading of metadata from __consumer_offsets-0 with epoch 0 (org.apache.kafka.coordinator.group.runtime.CoordinatorRuntime:1583)
[2024-04-09 14:19:38,254] DEBUG Scheduled execution of internal operation Load(tp=__consumer_offsets-0, epoch=0). (org.apache.kafka.coordinator.group.runtime.CoordinatorRuntime:1557)
[2024-04-09 14:19:38,255] DEBUG Transition from INITIAL to LOADING. (org.apache.kafka.coordinator.group.runtime.CoordinatorRuntime:474)
[2024-04-09 14:19:38,261] DEBUG [ topic=__consumer_offsets partition=0] Creating in-memory snapshot 0 (org.apache.kafka.timeline.SnapshotRegistry:203)
[2024-04-09 14:19:38,263] DEBUG Scheduled execution of internal operation CompleteLoad(tp=__consumer_offsets-0, epoch=0). (org.apache.kafka.coordinator.group.runtime.CoordinatorRuntime:1557)
[2024-04-09 14:19:38,263] DEBUG Transition from LOADING to ACTIVE. (org.apache.kafka.coordinator.group.runtime.CoordinatorRuntime:474)
[2024-04-09 14:19:38,264] INFO Finished loading of metadata from __consumer_offsets-0 with epoch 0 and LoadSummary=null. (org.apache.kafka.coordinator.group.runtime.CoordinatorRuntime:1615)
[2024-04-09 14:19:38,271] DEBUG Scheduled execution of write operation write. (org.apache.kafka.coordinator.group.runtime.CoordinatorRuntime:1437)
[2024-04-09 14:19:38,277] INFO Scheduling loading of metadata from __consumer_offsets-0 with epoch 10 (org.apache.kafka.coordinator.group.runtime.CoordinatorRuntime:1583)
[2024-04-09 14:19:38,279] DEBUG Scheduled execution of internal operation Load(tp=__consumer_offsets-0, epoch=10). (org.apache.kafka.coordinator.group.runtime.CoordinatorRuntime:1557)
[2024-04-09 14:19:38,279] DEBUG Transition from INITIAL to LOADING. (org.apache.kafka.coordinator.group.runtime.CoordinatorRuntime:474)
[2024-04-09 14:19:38,284] DEBUG [ topic=__consumer_offsets partition=0] Creating in-memory snapshot 0 (org.apache.kafka.timeline.SnapshotRegistry:203)
[2024-04-09 14:19:38,285] DEBUG Scheduled execution of internal operation CompleteLoad(tp=__consumer_offsets-0, epoch=10). (org.apache.kafka.coordinator.group.runtime.CoordinatorRuntime:1557)
[2024-04-09 14:19:38,285] DEBUG Transition from LOADING to ACTIVE. (org.apache.kafka.coordinator.group.runtime.CoordinatorRuntime:474)
[2024-04-09 14:19:38,287] INFO Finished loading of metadata from __consumer_offsets-0 with epoch 10 and LoadSummary=null. (org.apache.kafka.coordinator.group.runtime.CoordinatorRuntime:1615)
[2024-04-09 14:19:38,288] INFO Scheduling loading of metadata from __consumer_offsets-0 with epoch 0 (org.apache.kafka.coordinator.group.runtime.CoordinatorRuntime:1583)
[2024-04-09 14:19:38,288] DEBUG Scheduled execution of internal operation Load(tp=__consumer_offsets-0, epoch=0). (org.apache.kafka.coordinator.group.runtime.CoordinatorRuntime:1557)
[2024-04-09 14:19:38,288] INFO Ignoring loading metadata from __consumer_offsets-0 since current epoch 10 is larger than or equals to 0. (org.apache.kafka.coordinator.group.runtime.CoordinatorRuntime:1641)
[2024-04-09 14:19:38,307] INFO Scheduling loading of metadata from __consumer_offsets-0 with epoch 0 (org.apache.kafka.coordinator.group.runtime.CoordinatorRuntime:1583)
[2024-04-09 14:19:38,308] DEBUG Scheduled execution of internal operation Load(tp=__consumer_offsets-0, epoch=0). (org.apache.kafka.coordinator.group.runtime.CoordinatorRuntime:1557)
[2024-04-09 14:19:38,308] DEBUG Transition from INITIAL to LOADING. (org.apache.kafka.coordinator.group.runtime.CoordinatorRuntime:474)
[2024-04-09 14:19:38,308] DEBUG [ topic=__consumer_offsets partition=0] Creating in-memory snapshot 0 (org.apache.kafka.timeline.SnapshotRegistry:203)
[2024-04-09 14:19:38,309] DEBUG Scheduled execution of internal operation CompleteLoad(tp=__consumer_offsets-0, epoch=0). (org.apache.kafka.coordinator.group.runtime.CoordinatorRuntime:1557)
[2024-04-09 14:19:38,309] ERROR Failed to load metadata from __consumer_offsets-0 with epoch 0 due to java.lang.Exception: failure. (org.apache.kafka.coordinator.group.runtime.CoordinatorRuntime:1619)
[2024-04-09 14:19:38,309] DEBUG Transition from LOADING to FAILED. (org.apache.kafka.coordinator.group.runtime.CoordinatorRuntime:474)
[2024-04-09 14:19:38,310] INFO Scheduling loading of metadata from __consumer_offsets-1 with epoch 0 (org.apache.kafka.coordinator.group.runtime.CoordinatorRuntime:1583)
[2024-04-09 14:19:38,310] DEBUG Scheduled execution of internal operation Load(tp=__consumer_offsets-1, epoch=0). (org.apache.kafka.coordinator.group.runtime.CoordinatorRuntime:1557)
[2024-04-09 14:19:38,310] DEBUG Transition from INITIAL to LOADING. (org.apache.kafka.coordinator.group.runtime.CoordinatorRuntime:474)
[2024-04-09 14:19:38,311] DEBUG [ topic=__consumer_offsets partition=1] Creating in-memory snapshot 0 (org.apache.kafka.timeline.SnapshotRegistry:203)
[2024-04-09 14:19:38,311] DEBUG Scheduled execution of internal operation CompleteLoad(tp=__consumer_offsets-1, epoch=0). (org.apache.kafka.coordinator.group.runtime.CoordinatorRuntime:1557)
[2024-04-09 14:19:38,312] DEBUG Transition from LOADING to ACTIVE. (org.apache.kafka.coordinator.group.runtime.CoordinatorRuntime:474)
[2024-04-09 14:19:38,313] INFO Finished loading of metadata from __consumer_offsets-1 with epoch 0 and LoadSummary=null. (org.apache.kafka.coordinator.group.runtime.CoordinatorRuntime:1615)
[2024-04-09 14:19:38,321] INFO Closing coordinator runtime. (org.apache.kafka.coordinator.group.runtime.CoordinatorRuntime:1734)
[2024-04-09 14:19:38,322] DEBUG Transition from FAILED to CLOSED. (org.apache.kafka.coordinator.group.runtime.CoordinatorRuntime:474)
[2024-04-09 14:19:38,519] DEBUG Transition from ACTIVE to CLOSED. (org.apache.kafka.coordinator.group.runtime.CoordinatorRuntime:474)
[2024-04-09 14:19:38,522] INFO Coordinator runtime closed. (org.apache.kafka.coordinator.group.runtime.CoordinatorRuntime:1746)
[2024-04-09 14:19:38,535] INFO Scheduling loading of metadata from __consumer_offsets-0 with epoch 10 (org.apache.kafka.coordinator.group.runtime.CoordinatorRuntime:1583)
[2024-04-09 14:19:38,536] DEBUG Scheduled execution of internal operation Load(tp=__consumer_offsets-0, epoch=10). (org.apache.kafka.coordinator.group.runtime.CoordinatorRuntime:1557)
[2024-04-09 14:19:38,537] DEBUG Transition from INITIAL to LOADING. (org.apache.kafka.coordinator.group.runtime.CoordinatorRuntime:474)
[2024-04-09 14:19:38,537] DEBUG [ topic=__consumer_offsets partition=0] Creating in-memory snapshot 0 (org.apache.kafka.timeline.SnapshotRegistry:203)
[2024-04-09 14:19:38,538] DEBUG Scheduled execution of internal operation CompleteLoad(tp=__consumer_offsets-0, epoch=10). (org.apache.kafka.coordinator.group.runtime.CoordinatorRuntime:1557)
[2024-04-09 14:19:38,538] DEBUG Transition from LOADING to ACTIVE. (org.apache.kafka.coordinator.group.runtime.CoordinatorRuntime:474)
[2024-04-09 14:19:38,538] INFO Finished loading of metadata from __consumer_offsets-0 with epoch 10 and LoadSummary=null. (org.apache.kafka.coordinator.group.runtime.CoordinatorRuntime:1615)
[2024-04-09 14:19:38,541] DEBUG [ topic=__consumer_offsets partition=0] Registering timer timer-1 with delay of 10ms. (org.apache.kafka.coordinator.group.runtime.CoordinatorRuntime$EventBasedCoordinatorTimer:366)
[2024-04-09 14:19:38,541] DEBUG [ topic=__consumer_offsets partition=0] Scheduling write event Timeout(tp=__consumer_offsets-0, key=timer-1) for timer timer-1. (org.apache.kafka.coordinator.group.runtime.CoordinatorRuntime$EventBasedCoordinatorTimer:356)
[2024-04-09 14:19:38,542] DEBUG [ topic=__consumer_offsets partition=0] Registering timer timer-1 with delay of 10ms. (org.apache.kafka.coordinator.group.runtime.CoordinatorRuntime$EventBasedCoordinatorTimer:366)
[2024-04-09 14:19:38,542] DEBUG [ topic=__consumer_offsets partition=0] Registering timer timer-1 with delay of 10ms. (org.apache.kafka.coordinator.group.runtime.CoordinatorRuntime$EventBasedCoordinatorTimer:366)
[2024-04-09 14:19:38,542] DEBUG [ topic=__consumer_offsets partition=0] Scheduling write event Timeout(tp=__consumer_offsets-0, key=timer-1) for timer timer-1. (org.apache.kafka.coordinator.group.runtime.CoordinatorRuntime$EventBasedCoordinatorTimer:356)
[2024-04-09 14:19:38,542] DEBUG [ topic=__consumer_offsets partition=0] Executing write event Timeout(tp=__consumer_offsets-0, key=timer-1) for timer timer-1. (org.apache.kafka.coordinator.group.runtime.CoordinatorRuntime$EventBasedCoordinatorTimer:317)
[2024-04-09 14:19:38,544] DEBUG [ topic=__consumer_offsets partition=0] The write event Timeout(tp=__consumer_offsets-0, key=timer-1) for the timer timer-1 was not executed because it was cancelled or overridden. (org.apache.kafka.coordinator.group.runtime.CoordinatorRuntime$EventBasedCoordinatorTimer:333)
[2024-04-09 14:19:38,544] DEBUG [ topic=__consumer_offsets partition=0] Executing write event Timeout(tp=__consumer_offsets-0, key=timer-1) for timer timer-1. (org.apache.kafka.coordinator.group.runtime.CoordinatorRuntime$EventBasedCoordinatorTimer:317)
[2024-04-09 14:19:38,545] DEBUG [ topic=__consumer_offsets partition=0] Creating in-memory snapshot 1 (org.apache.kafka.timeline.SnapshotRegistry:203)
[2024-04-09 14:19:38,545] DEBUG [ topic=__consumer_offsets partition=0] Updated last written offset of __consumer_offsets-0 to 1. (org.apache.kafka.coordinator.group.runtime.SnapshottableCoordinator:146)
[2024-04-09 14:19:38,547] INFO Scheduling loading of metadata from __consumer_offsets-0 with epoch 10 (org.apache.kafka.coordinator.group.runtime.CoordinatorRuntime:1583)
[2024-04-09 14:19:38,548] DEBUG Scheduled execution of internal operation Load(tp=__consumer_offsets-0, epoch=10). (org.apache.kafka.coordinator.group.runtime.CoordinatorRuntime:1557)
[2024-04-09 14:19:38,548] DEBUG Transition from INITIAL to LOADING. (org.apache.kafka.coordinator.group.runtime.CoordinatorRuntime:474)
[2024-04-09 14:19:38,548] DEBUG [ topic=__consumer_offsets partition=0] Creating in-memory snapshot 0 (org.apache.kafka.timeline.SnapshotRegistry:203)
[2024-04-09 14:19:38,549] DEBUG Scheduled execution of internal operation CompleteLoad(tp=__consumer_offsets-0, epoch=10). (org.apache.kafka.coordinator.group.runtime.CoordinatorRuntime:1557)
[2024-04-09 14:19:38,549] DEBUG Transition from LOADING to ACTIVE. (org.apache.kafka.coordinator.group.runtime.CoordinatorRuntime:474)
[2024-04-09 14:19:38,550] INFO Finished loading of metadata from __consumer_offsets-0 with epoch 10 and LoadSummary=null. (org.apache.kafka.coordinator.group.runtime.CoordinatorRuntime:1615)
[2024-04-09 14:19:38,551] DEBUG [ topic=__consumer_offsets partition=0] Registering timer timer-1 with delay of 10ms. (org.apache.kafka.coordinator.group.runtime.CoordinatorRuntime$EventBasedCoordinatorTimer:366)
[2024-04-09 14:19:38,551] DEBUG [ topic=__consumer_offsets partition=0] Scheduling write event Timeout(tp=__consumer_offsets-0, key=timer-1) for timer timer-1. (org.apache.kafka.coordinator.group.runtime.CoordinatorRuntime$EventBasedCoordinatorTimer:356)
[2024-04-09 14:19:38,552] DEBUG [ topic=__consumer_offsets partition=0] Registering timer timer-1 with delay of 10ms. (org.apache.kafka.coordinator.group.runtime.CoordinatorRuntime$EventBasedCoordinatorTimer:366)
[2024-04-09 14:19:38,553] DEBUG [ topic=__consumer_offsets partition=0] Executing write event Timeout(tp=__consumer_offsets-0, key=timer-1) for timer timer-1. (org.apache.kafka.coordinator.group.runtime.CoordinatorRuntime$EventBasedCoordinatorTimer:317)
[2024-04-09 14:19:38,553] DEBUG [ topic=__consumer_offsets partition=0] The write event Timeout(tp=__consumer_offsets-0, key=timer-1) for the timer timer-1 was not executed because it was cancelled or overridden. (org.apache.kafka.coordinator.group.runtime.CoordinatorRuntime$EventBasedCoordinatorTimer:333)
]]></system-out>
  <system-err><![CDATA[]]></system-err>
</testsuite>
