<?xml version="1.0" encoding="UTF-8"?>
<testsuite name="org.apache.kafka.coordinator.group.consumer.ConsumerGroupTest" tests="21" skipped="0" failures="0" errors="0" timestamp="2024-04-09T11:20:10" hostname="ip-192-168-1-113.eu-central-1.compute.internal" time="10.073">
  <properties/>
  <testcase name="testUpdateSubscriptionMetadata()" classname="org.apache.kafka.coordinator.group.consumer.ConsumerGroupTest" time="6.683"/>
  <testcase name="testAsDescribedGroup()" classname="org.apache.kafka.coordinator.group.consumer.ConsumerGroupTest" time="0.475"/>
  <testcase name="testUpdatingMemberUpdatesPartitionEpoch()" classname="org.apache.kafka.coordinator.group.consumer.ConsumerGroupTest" time="0.093"/>
  <testcase name="testIsSubscribedToTopic()" classname="org.apache.kafka.coordinator.group.consumer.ConsumerGroupTest" time="0.023"/>
  <testcase name="testDeletingMemberRemovesPartitionEpoch()" classname="org.apache.kafka.coordinator.group.consumer.ConsumerGroupTest" time="0.272"/>
  <testcase name="testAsListedGroup()" classname="org.apache.kafka.coordinator.group.consumer.ConsumerGroupTest" time="0.126"/>
  <testcase name="testGetOrCreateMember()" classname="org.apache.kafka.coordinator.group.consumer.ConsumerGroupTest" time="0.027"/>
  <testcase name="testValidateOffsetFetch()" classname="org.apache.kafka.coordinator.group.consumer.ConsumerGroupTest" time="0.024"/>
  <testcase name="testUpdateMember()" classname="org.apache.kafka.coordinator.group.consumer.ConsumerGroupTest" time="0.009"/>
  <testcase name="testRemoveMember()" classname="org.apache.kafka.coordinator.group.consumer.ConsumerGroupTest" time="0.004"/>
  <testcase name="[1] isTransactional=false" classname="org.apache.kafka.coordinator.group.consumer.ConsumerGroupTest" time="0.543"/>
  <testcase name="[2] isTransactional=true" classname="org.apache.kafka.coordinator.group.consumer.ConsumerGroupTest" time="0.001"/>
  <testcase name="testPreferredServerAssignor()" classname="org.apache.kafka.coordinator.group.consumer.ConsumerGroupTest" time="0.007"/>
  <testcase name="testGroupState()" classname="org.apache.kafka.coordinator.group.consumer.ConsumerGroupTest" time="0.009"/>
  <testcase name="testStateTransitionMetrics()" classname="org.apache.kafka.coordinator.group.consumer.ConsumerGroupTest" time="0.028"/>
  <testcase name="testMetadataRefreshDeadline()" classname="org.apache.kafka.coordinator.group.consumer.ConsumerGroupTest" time="0.123"/>
  <testcase name="testGetStaticMemberByInstanceId()" classname="org.apache.kafka.coordinator.group.consumer.ConsumerGroupTest" time="0.11"/>
  <testcase name="testValidateDeleteGroup()" classname="org.apache.kafka.coordinator.group.consumer.ConsumerGroupTest" time="0.337"/>
  <testcase name="testOffsetExpirationCondition()" classname="org.apache.kafka.coordinator.group.consumer.ConsumerGroupTest" time="0.005"/>
  <testcase name="testRemoveStaticMember()" classname="org.apache.kafka.coordinator.group.consumer.ConsumerGroupTest" time="0.003"/>
  <testcase name="testNoStaticMember()" classname="org.apache.kafka.coordinator.group.consumer.ConsumerGroupTest" time="0.001"/>
  <system-out><![CDATA[[2024-04-09 14:20:17,142] DEBUG Creating in-memory snapshot 0 (org.apache.kafka.timeline.SnapshotRegistry:203)
[2024-04-09 14:20:17,184] DEBUG Creating in-memory snapshot 1 (org.apache.kafka.timeline.SnapshotRegistry:203)
[2024-04-09 14:20:18,000] DEBUG Creating in-memory snapshot 0 (org.apache.kafka.timeline.SnapshotRegistry:203)
[2024-04-09 14:20:18,081] DEBUG Creating in-memory snapshot 1 (org.apache.kafka.timeline.SnapshotRegistry:203)
[2024-04-09 14:20:18,276] DEBUG Creating in-memory snapshot 0 (org.apache.kafka.timeline.SnapshotRegistry:203)
]]></system-out>
  <system-err><![CDATA[]]></system-err>
</testsuite>
