<?xml version="1.0" encoding="UTF-8"?>
<testsuite name="org.apache.kafka.coordinator.group.assignor.GeneralUniformAssignmentBuilderTest" tests="16" skipped="0" failures="0" errors="0" timestamp="2024-04-09T11:20:09" hostname="ip-192-168-1-113.eu-central-1.compute.internal" time="1.019">
  <properties/>
  <testcase name="testReassignmentWhenOneSubscriptionRemovedAfterInitialAssignmentWithTwoMembersTwoTopics()" classname="org.apache.kafka.coordinator.group.assignor.GeneralUniformAssignmentBuilderTest" time="0.098"/>
  <testcase name="testReassignmentWhenOneMemberRemovedAfterInitialAssignmentWithThreeMembersThreeTopics()" classname="org.apache.kafka.coordinator.group.assignor.GeneralUniformAssignmentBuilderTest" time="0.002"/>
  <testcase name="testReassignmentOnAddingPartitionsWithMemberAndPartitionRacks()" classname="org.apache.kafka.coordinator.group.assignor.GeneralUniformAssignmentBuilderTest" time="0.171"/>
  <testcase name="testReassignmentOnRackChangesWithMemberAndPartitionRacks()" classname="org.apache.kafka.coordinator.group.assignor.GeneralUniformAssignmentBuilderTest" time="0.028"/>
  <testcase name="testFirstAssignmentThreeMembersThreeTopicsNoPartitionRacks()" classname="org.apache.kafka.coordinator.group.assignor.GeneralUniformAssignmentBuilderTest" time="0.016"/>
  <testcase name="testFirstAssignmentTwoMembersTwoTopicsNoMemberRacks()" classname="org.apache.kafka.coordinator.group.assignor.GeneralUniformAssignmentBuilderTest" time="0.011"/>
  <testcase name="testReassignmentWhenOneMemberAddedAndPartitionsAddedTwoMembersTwoTopics()" classname="org.apache.kafka.coordinator.group.assignor.GeneralUniformAssignmentBuilderTest" time="0.243"/>
  <testcase name="testReassignmentWhenPartitionsAreAddedForTwoMembersNoMemberRack()" classname="org.apache.kafka.coordinator.group.assignor.GeneralUniformAssignmentBuilderTest" time="0.002"/>
  <testcase name="testReassignmentForTwoMembersThreeTopicsGivenUnbalancedPrevAssignment()" classname="org.apache.kafka.coordinator.group.assignor.GeneralUniformAssignmentBuilderTest" time="0.019"/>
  <testcase name="testReassignmentWhenOneSubscriptionRemovedWithMemberAndPartitionRacks()" classname="org.apache.kafka.coordinator.group.assignor.GeneralUniformAssignmentBuilderTest" time="0.016"/>
  <testcase name="testTwoMembersSubscribedToNonexistentTopics()" classname="org.apache.kafka.coordinator.group.assignor.GeneralUniformAssignmentBuilderTest" time="0.042"/>
  <testcase name="testFirstAssignmentNumMembersGreaterThanTotalNumPartitions()" classname="org.apache.kafka.coordinator.group.assignor.GeneralUniformAssignmentBuilderTest" time="0.006"/>
  <testcase name="testFirstAssignmentThreeMembersThreeTopicsWithSomeMemberAndPartitionRacks()" classname="org.apache.kafka.coordinator.group.assignor.GeneralUniformAssignmentBuilderTest" time="0.014"/>
  <testcase name="testFirstAssignmentThreeMembersThreeTopicsWithMemberAndPartitionRacks()" classname="org.apache.kafka.coordinator.group.assignor.GeneralUniformAssignmentBuilderTest" time="0.002"/>
  <testcase name="testTwoMembersNoTopicSubscription()" classname="org.apache.kafka.coordinator.group.assignor.GeneralUniformAssignmentBuilderTest" time="0.002"/>
  <testcase name="testReassignmentOnAddingMemberWithRackAndPartitionRacks()" classname="org.apache.kafka.coordinator.group.assignor.GeneralUniformAssignmentBuilderTest" time="0.188"/>
  <system-out><![CDATA[[2024-04-09 14:20:09,354] DEBUG Detected that the members are subscribed to different sets of topics, invoking the general assignment algorithm (org.apache.kafka.coordinator.group.assignor.UniformAssignor:81)
[2024-04-09 14:20:09,408] DEBUG The topic T2-B4s3VTwiI5YHbPp6YUQ is no longer present in the subscribed topics list (org.apache.kafka.coordinator.group.assignor.GeneralUniformAssignmentBuilder:231)
[2024-04-09 14:20:09,445] DEBUG Detected that the members are subscribed to different sets of topics, invoking the general assignment algorithm (org.apache.kafka.coordinator.group.assignor.UniformAssignor:81)
[2024-04-09 14:20:09,448] DEBUG Detected that the members are subscribed to different sets of topics, invoking the general assignment algorithm (org.apache.kafka.coordinator.group.assignor.UniformAssignor:81)
[2024-04-09 14:20:09,656] DEBUG Detected that the members are subscribed to different sets of topics, invoking the general assignment algorithm (org.apache.kafka.coordinator.group.assignor.UniformAssignor:81)
[2024-04-09 14:20:09,669] DEBUG Detected that the members are subscribed to different sets of topics, invoking the general assignment algorithm (org.apache.kafka.coordinator.group.assignor.UniformAssignor:81)
[2024-04-09 14:20:09,682] DEBUG T2-B4s3VTwiI5YHbPp6YUQ:0 can be moved from member A to member B for a more balanced assignment. (org.apache.kafka.coordinator.group.assignor.GeneralUniformAssignmentBuilder:362)
[2024-04-09 14:20:09,700] DEBUG Detected that the members are subscribed to different sets of topics, invoking the general assignment algorithm (org.apache.kafka.coordinator.group.assignor.UniformAssignor:81)
[2024-04-09 14:20:09,713] DEBUG Detected that the members are subscribed to different sets of topics, invoking the general assignment algorithm (org.apache.kafka.coordinator.group.assignor.UniformAssignor:81)
[2024-04-09 14:20:09,860] DEBUG The topic T2-B4s3VTwiI5YHbPp6YUQ is no longer present in the subscribed topics list (org.apache.kafka.coordinator.group.assignor.GeneralUniformAssignmentBuilder:231)
[2024-04-09 14:20:09,968] DEBUG Detected that the members are subscribed to different sets of topics, invoking the general assignment algorithm (org.apache.kafka.coordinator.group.assignor.UniformAssignor:81)
[2024-04-09 14:20:09,979] DEBUG Detected that the members are subscribed to different sets of topics, invoking the general assignment algorithm (org.apache.kafka.coordinator.group.assignor.UniformAssignor:81)
[2024-04-09 14:20:09,989] DEBUG T1-A4s3VTwiI5CTbEp6POw:2 can be moved from member C to member A for a more balanced assignment. (org.apache.kafka.coordinator.group.assignor.GeneralUniformAssignmentBuilder:362)
[2024-04-09 14:20:09,991] DEBUG T1-A4s3VTwiI5CTbEp6POw:2 can be moved from member C to member A for a more balanced assignment. (org.apache.kafka.coordinator.group.assignor.GeneralUniformAssignmentBuilder:362)
[2024-04-09 14:20:09,991] DEBUG T1-A4s3VTwiI5CTbEp6POw:1 can be moved from member B to member A for a more balanced assignment. (org.apache.kafka.coordinator.group.assignor.GeneralUniformAssignmentBuilder:362)
[2024-04-09 14:20:09,991] DEBUG T1-A4s3VTwiI5CTbEp6POw:2 can be moved from member C to member A for a more balanced assignment. (org.apache.kafka.coordinator.group.assignor.GeneralUniformAssignmentBuilder:362)
[2024-04-09 14:20:10,012] DEBUG Detected that the members are subscribed to different sets of topics, invoking the general assignment algorithm (org.apache.kafka.coordinator.group.assignor.UniformAssignor:81)
[2024-04-09 14:20:10,016] DEBUG The topic T1-A4s3VTwiI5CTbEp6POw is no longer present in the subscribed topics list (org.apache.kafka.coordinator.group.assignor.GeneralUniformAssignmentBuilder:231)
[2024-04-09 14:20:10,114] DEBUG Detected that the members are subscribed to different sets of topics, invoking the general assignment algorithm (org.apache.kafka.coordinator.group.assignor.UniformAssignor:81)
[2024-04-09 14:20:10,118] DEBUG Detected that the members are subscribed to different sets of topics, invoking the general assignment algorithm (org.apache.kafka.coordinator.group.assignor.UniformAssignor:81)
[2024-04-09 14:20:10,144] DEBUG Detected that the members are subscribed to different sets of topics, invoking the general assignment algorithm (org.apache.kafka.coordinator.group.assignor.UniformAssignor:81)
[2024-04-09 14:20:10,156] DEBUG Detected that the members are subscribed to different sets of topics, invoking the general assignment algorithm (org.apache.kafka.coordinator.group.assignor.UniformAssignor:81)
[2024-04-09 14:20:10,157] DEBUG T1-A4s3VTwiI5CTbEp6POw:2 can be moved from member B to member A for a more balanced assignment. (org.apache.kafka.coordinator.group.assignor.GeneralUniformAssignmentBuilder:362)
[2024-04-09 14:20:10,159] DEBUG Detected that all members are subscribed to the same set of topics, invoking the optimized assignment algorithm (org.apache.kafka.coordinator.group.assignor.UniformAssignor:77)
[2024-04-09 14:20:10,159] DEBUG The subscription list is empty, returning an empty assignment (org.apache.kafka.coordinator.group.assignor.OptimizedUniformAssignmentBuilder:143)
[2024-04-09 14:20:10,167] DEBUG Detected that the members are subscribed to different sets of topics, invoking the general assignment algorithm (org.apache.kafka.coordinator.group.assignor.UniformAssignor:81)
]]></system-out>
  <system-err><![CDATA[]]></system-err>
</testsuite>
