<?xml version="1.0" encoding="UTF-8"?>
<testsuite name="org.apache.kafka.coordinator.group.GroupCoordinatorConfigTest" tests="1" skipped="0" failures="0" errors="0" timestamp="2024-04-09T11:19:46" hostname="ip-192-168-1-113.eu-central-1.compute.internal" time="0.156">
  <properties/>
  <testcase name="testConfigs()" classname="org.apache.kafka.coordinator.group.GroupCoordinatorConfigTest" time="0.156"/>
  <system-out><![CDATA[]]></system-out>
  <system-err><![CDATA[]]></system-err>
</testsuite>
