<?xml version="1.0" encoding="UTF-8"?>
<testsuite name="org.apache.kafka.coordinator.group.runtime.EventAccumulatorTest" tests="4" skipped="0" failures="0" errors="0" timestamp="2024-04-09T11:19:37" hostname="ip-192-168-1-113.eu-central-1.compute.internal" time="0.026">
  <properties/>
  <testcase name="testBasicOperations()" classname="org.apache.kafka.coordinator.group.runtime.EventAccumulatorTest" time="0.01"/>
  <testcase name="testDoneUnblockWaitingThreads()" classname="org.apache.kafka.coordinator.group.runtime.EventAccumulatorTest" time="0.011"/>
  <testcase name="testKeyConcurrentAndOrderingGuarantees()" classname="org.apache.kafka.coordinator.group.runtime.EventAccumulatorTest" time="0.001"/>
  <testcase name="testCloseUnblockWaitingThreads()" classname="org.apache.kafka.coordinator.group.runtime.EventAccumulatorTest" time="0.001"/>
  <system-out><![CDATA[]]></system-out>
  <system-err><![CDATA[]]></system-err>
</testsuite>
