<?xml version="1.0" encoding="UTF-8"?>
<testsuite name="org.apache.kafka.coordinator.group.consumer.ClientAssignorTest" tests="4" skipped="0" failures="0" errors="0" timestamp="2024-04-09T11:20:05" hostname="ip-192-168-1-113.eu-central-1.compute.internal" time="0.148">
  <properties/>
  <testcase name="testNameAndMetadataCannotBeNull()" classname="org.apache.kafka.coordinator.group.consumer.ClientAssignorTest" time="0.085"/>
  <testcase name="testAttributes()" classname="org.apache.kafka.coordinator.group.consumer.ClientAssignorTest" time="0.0"/>
  <testcase name="testEquals()" classname="org.apache.kafka.coordinator.group.consumer.ClientAssignorTest" time="0.012"/>
  <testcase name="testFromRecord()" classname="org.apache.kafka.coordinator.group.consumer.ClientAssignorTest" time="0.043"/>
  <system-out><![CDATA[]]></system-out>
  <system-err><![CDATA[]]></system-err>
</testsuite>
