<?xml version="1.0" encoding="UTF-8"?>
<testsuite name="org.apache.kafka.coordinator.group.consumer.AssignmentTest" tests="4" skipped="0" failures="0" errors="0" timestamp="2024-04-09T11:19:46" hostname="ip-192-168-1-113.eu-central-1.compute.internal" time="0.218">
  <properties/>
  <testcase name="testFromTargetAssignmentRecord()" classname="org.apache.kafka.coordinator.group.consumer.AssignmentTest" time="0.209"/>
  <testcase name="testAttributes()" classname="org.apache.kafka.coordinator.group.consumer.AssignmentTest" time="0.001"/>
  <testcase name="testPartitionsAndMetadataCannotBeNull()" classname="org.apache.kafka.coordinator.group.consumer.AssignmentTest" time="0.001"/>
  <testcase name="testEquals()" classname="org.apache.kafka.coordinator.group.consumer.AssignmentTest" time="0.004"/>
  <system-out><![CDATA[]]></system-out>
  <system-err><![CDATA[]]></system-err>
</testsuite>
