<?xml version="1.0" encoding="UTF-8"?>
<testsuite name="org.apache.kafka.coordinator.group.RecordTest" tests="4" skipped="0" failures="0" errors="0" timestamp="2024-04-09T11:20:05" hostname="ip-192-168-1-113.eu-central-1.compute.internal" time="0.151">
  <properties/>
  <testcase name="testAttributes()" classname="org.apache.kafka.coordinator.group.RecordTest" time="0.105"/>
  <testcase name="testKeyCannotBeNull()" classname="org.apache.kafka.coordinator.group.RecordTest" time="0.018"/>
  <testcase name="testValueCanBeNull()" classname="org.apache.kafka.coordinator.group.RecordTest" time="0.009"/>
  <testcase name="testEquals()" classname="org.apache.kafka.coordinator.group.RecordTest" time="0.005"/>
  <system-out><![CDATA[]]></system-out>
  <system-err><![CDATA[]]></system-err>
</testsuite>
