<?xml version="1.0" encoding="UTF-8"?>
<testsuite name="org.apache.kafka.coordinator.group.util.SystemTimerReaperTest" tests="1" skipped="0" failures="0" errors="0" timestamp="2024-04-09T11:20:06" hostname="ip-192-168-1-113.eu-central-1.compute.internal" time="0.538">
  <properties/>
  <testcase name="testReaper()" classname="org.apache.kafka.coordinator.group.util.SystemTimerReaperTest" time="0.538"/>
  <system-out><![CDATA[[2024-04-09 14:20:06,524] INFO [reaper]: Starting (org.apache.kafka.coordinator.group.util.SystemTimerReaper$Reaper:132)
[2024-04-09 14:20:06,825] INFO [reaper]: Shutting down (org.apache.kafka.coordinator.group.util.SystemTimerReaper$Reaper:90)
[2024-04-09 14:20:06,828] INFO [reaper]: Stopped (org.apache.kafka.coordinator.group.util.SystemTimerReaper$Reaper:147)
[2024-04-09 14:20:06,829] INFO [reaper]: Shutdown completed (org.apache.kafka.coordinator.group.util.SystemTimerReaper$Reaper:109)
]]></system-out>
  <system-err><![CDATA[]]></system-err>
</testsuite>
