<?xml version="1.0" encoding="UTF-8"?>
<testsuite name="org.apache.kafka.coordinator.group.consumer.CurrentAssignmentBuilderTest" tests="12" skipped="0" failures="0" errors="0" timestamp="2024-04-09T11:19:22" hostname="ip-192-168-1-113.eu-central-1.compute.internal" time="0.405">
  <properties/>
  <testcase name="testTransitionFromNewTargetToAssigning()" classname="org.apache.kafka.coordinator.group.consumer.CurrentAssignmentBuilderTest" time="0.014"/>
  <testcase name="testTransitionFromStableToStable()" classname="org.apache.kafka.coordinator.group.consumer.CurrentAssignmentBuilderTest" time="0.008"/>
  <testcase name="testTransitionFromNewTargetToRevoke()" classname="org.apache.kafka.coordinator.group.consumer.CurrentAssignmentBuilderTest" time="0.004"/>
  <testcase name="testTransitionFromNewTargetToStable()" classname="org.apache.kafka.coordinator.group.consumer.CurrentAssignmentBuilderTest" time="0.005"/>
  <testcase name="testTransitionFromAssigningToStable()" classname="org.apache.kafka.coordinator.group.consumer.CurrentAssignmentBuilderTest" time="0.001"/>
  <testcase name="testTransitionFromRevokeToAssigning()" classname="org.apache.kafka.coordinator.group.consumer.CurrentAssignmentBuilderTest" time="0.023"/>
  <testcase name="testTransitionFromRevokeToStableWhenPartitionsPendingRevocationAreReassignedBeforeBeingRevoked()" classname="org.apache.kafka.coordinator.group.consumer.CurrentAssignmentBuilderTest" time="0.003"/>
  <testcase name="testNewTargetRestartReconciliation()" classname="org.apache.kafka.coordinator.group.consumer.CurrentAssignmentBuilderTest" time="0.003"/>
  <testcase name="[1] ownedTopicPartitions=null" classname="org.apache.kafka.coordinator.group.consumer.CurrentAssignmentBuilderTest" time="0.044"/>
  <testcase name="[2] ownedTopicPartitions=[]" classname="org.apache.kafka.coordinator.group.consumer.CurrentAssignmentBuilderTest" time="0.001"/>
  <testcase name="testTransitionFromRevokeToStable()" classname="org.apache.kafka.coordinator.group.consumer.CurrentAssignmentBuilderTest" time="0.011"/>
  <testcase name="testTransitionFromAssigningToAssigning()" classname="org.apache.kafka.coordinator.group.consumer.CurrentAssignmentBuilderTest" time="0.014"/>
  <system-out><![CDATA[]]></system-out>
  <system-err><![CDATA[]]></system-err>
</testsuite>
