<?xml version="1.0" encoding="UTF-8"?>
<testsuite name="org.apache.kafka.message.VersionsTest" tests="5" skipped="0" failures="0" errors="0" timestamp="2024-04-10T09:02:19" hostname="ip-192-168-1-113.eu-central-1.compute.internal" time="0.423">
  <properties/>
  <testcase name="testIntersections()" classname="org.apache.kafka.message.VersionsTest" time="0.412"/>
  <testcase name="testSubtract()" classname="org.apache.kafka.message.VersionsTest" time="0.001"/>
  <testcase name="testRoundTrips()" classname="org.apache.kafka.message.VersionsTest" time="0.001"/>
  <testcase name="testVersionsParse()" classname="org.apache.kafka.message.VersionsTest" time="0.0"/>
  <testcase name="testContains()" classname="org.apache.kafka.message.VersionsTest" time="0.001"/>
  <system-out><![CDATA[]]></system-out>
  <system-err><![CDATA[]]></system-err>
</testsuite>
