<?xml version="1.0" encoding="UTF-8"?>
<testsuite name="org.apache.kafka.message.StructRegistryTest" tests="4" skipped="0" failures="0" errors="0" timestamp="2024-04-10T09:02:18" hostname="ip-192-168-1-113.eu-central-1.compute.internal" time="0.506">
  <properties/>
  <testcase name="testDuplicateCommonStructError()" classname="org.apache.kafka.message.StructRegistryTest" time="0.5"/>
  <testcase name="testSingleStruct()" classname="org.apache.kafka.message.StructRegistryTest" time="0.002"/>
  <testcase name="testReSpecifiedCommonStructError()" classname="org.apache.kafka.message.StructRegistryTest" time="0.001"/>
  <testcase name="testCommonStructs()" classname="org.apache.kafka.message.StructRegistryTest" time="0.001"/>
  <system-out><![CDATA[]]></system-out>
  <system-err><![CDATA[]]></system-err>
</testsuite>
