<?xml version="1.0" encoding="UTF-8"?>
<testsuite name="org.apache.kafka.message.VersionConditionalTest" tests="12" skipped="0" failures="0" errors="0" timestamp="2024-04-10T09:02:17" hostname="ip-192-168-1-113.eu-central-1.compute.internal" time="0.054">
  <properties/>
  <testcase name="testAlwaysTrueConditionalWithAlwaysEmitBlockScope()" classname="org.apache.kafka.message.VersionConditionalTest" time="0.019"/>
  <testcase name="testLowerRangeCheckWithElse()" classname="org.apache.kafka.message.VersionConditionalTest" time="0.005"/>
  <testcase name="testFullRangeCheck()" classname="org.apache.kafka.message.VersionConditionalTest" time="0.002"/>
  <testcase name="testAlwaysTrueConditional()" classname="org.apache.kafka.message.VersionConditionalTest" time="0.001"/>
  <testcase name="testAlwaysFalseConditional()" classname="org.apache.kafka.message.VersionConditionalTest" time="0.002"/>
  <testcase name="testLowerRangeCheckWithIfMember()" classname="org.apache.kafka.message.VersionConditionalTest" time="0.002"/>
  <testcase name="testUpperRangeCheckWithIfNotMember()" classname="org.apache.kafka.message.VersionConditionalTest" time="0.001"/>
  <testcase name="testUpperRangeCheckWithIfMember()" classname="org.apache.kafka.message.VersionConditionalTest" time="0.001"/>
  <testcase name="testAnotherAlwaysFalseConditional()" classname="org.apache.kafka.message.VersionConditionalTest" time="0.002"/>
  <testcase name="testAllowMembershipCheckAlwaysFalseFails()" classname="org.apache.kafka.message.VersionConditionalTest" time="0.002"/>
  <testcase name="testLowerRangeCheckWithIfNotMember()" classname="org.apache.kafka.message.VersionConditionalTest" time="0.0"/>
  <testcase name="testUpperRangeCheckWithElse()" classname="org.apache.kafka.message.VersionConditionalTest" time="0.009"/>
  <system-out><![CDATA[]]></system-out>
  <system-err><![CDATA[]]></system-err>
</testsuite>
