<?xml version="1.0" encoding="UTF-8"?>
<testsuite name="org.apache.kafka.message.MessageGeneratorTest" tests="6" skipped="0" failures="0" errors="0" timestamp="2024-04-10T09:02:18" hostname="ip-192-168-1-113.eu-central-1.compute.internal" time="0.359">
  <properties/>
  <testcase name="testToSnakeCase()" classname="org.apache.kafka.message.MessageGeneratorTest" time="0.34"/>
  <testcase name="testCapitalizeFirst()" classname="org.apache.kafka.message.MessageGeneratorTest" time="0.004"/>
  <testcase name="testConstants()" classname="org.apache.kafka.message.MessageGeneratorTest" time="0.001"/>
  <testcase name="testLowerCaseFirst()" classname="org.apache.kafka.message.MessageGeneratorTest" time="0.001"/>
  <testcase name="testFirstIsCapitalized()" classname="org.apache.kafka.message.MessageGeneratorTest" time="0.001"/>
  <testcase name="stripSuffixTest()" classname="org.apache.kafka.message.MessageGeneratorTest" time="0.0"/>
  <system-out><![CDATA[]]></system-out>
  <system-err><![CDATA[]]></system-err>
</testsuite>
