<?xml version="1.0" encoding="UTF-8"?>
<testsuite name="org.apache.kafka.message.IsNullConditionalTest" tests="5" skipped="0" failures="0" errors="0" timestamp="2024-04-10T09:02:17" hostname="ip-192-168-1-113.eu-central-1.compute.internal" time="0.164">
  <properties/>
  <testcase name="testNotNullCheck()" classname="org.apache.kafka.message.IsNullConditionalTest" time="0.149"/>
  <testcase name="testNeverNullWithBlockScope()" classname="org.apache.kafka.message.IsNullConditionalTest" time="0.003"/>
  <testcase name="testNeverNull()" classname="org.apache.kafka.message.IsNullConditionalTest" time="0.001"/>
  <testcase name="testAnotherNullCheck()" classname="org.apache.kafka.message.IsNullConditionalTest" time="0.001"/>
  <testcase name="testNullCheck()" classname="org.apache.kafka.message.IsNullConditionalTest" time="0.005"/>
  <system-out><![CDATA[]]></system-out>
  <system-err><![CDATA[]]></system-err>
</testsuite>
